>> ParameterBinding(Trace-SteroidsOutput): name="InputObject"; value="@{Id=8233; Version=0; Qualifiers=16384; Level=3; Task=0; Opcode=0; Keywords=36028797018963968; RecordId=457; ProviderName=Microsoft-Windows-Security-SPP; ProviderId=e23b33b0-c8c9-472c-a5f9-f2bdfea0f156; LogName=Application; ProcessId=0; ThreadId=0; MachineName=mica; UserId=; TimeCreated=05/10/2017 19:25:14; ActivityId=; RelatedActivityId=; ContainerLog=application; MatchedQueryIds=; Bookmark=System.Diagnostics.Eventing.Reader.EventBookmark; LevelDisplayName=Warning; OpcodeDisplayName=; TaskDisplayName=; KeywordsDisplayNames=Classic; Properties=System.Diagnostics.Eventing.Reader.EventProperty System.Diagnostics.Eventing.Reader.EventProperty System.Diagnostics.Eventing.Reader.EventProperty System.Diagnostics.Eventing.Reader.EventProperty; Message=The rules engine reported a failed VL activation attempt.
Reason:0x8007232B
AppId = 0ff1ce15-a989-479d-af46-f275c6370663, SkuId = aa2a7821-1827-4c2c-8f1d-4513a34dda97
Trigger=UserLogon(1)}"
Id                   : 8233
Version              : 0
Qualifiers           : 16384
Level                : 3
Task                 : 0
Opcode               : 0
Keywords             : 36028797018963968
RecordId             : 457
ProviderName         : Microsoft-Windows-Security-SPP
ProviderId           : e23b33b0-c8c9-472c-a5f9-f2bdfea0f156
LogName              : Application
ProcessId            : 0
ThreadId             : 0
MachineName          : mica
UserId               :
TimeCreated          : 05/10/2017 19:25:14
ActivityId           :
RelatedActivityId    :
ContainerLog         : application
MatchedQueryIds      :
Bookmark             : System.Diagnostics.Eventing.Reader.EventBookmark
LevelDisplayName     : Warning
OpcodeDisplayName    :
TaskDisplayName      :
KeywordsDisplayNames : Classic
Properties           : System.Diagnostics.Eventing.Reader.EventProperty System.Diagnostics.Eventing.Reader.EventProperty System.Diagnostics.Eventing.Reader.EventProperty
                       System.Diagnostics.Eventing.Reader.EventProperty
Message              : The rules engine reported a failed VL activation attempt.
                       Reason:0x8007232B
                       AppId = 0ff1ce15-a989-479d-af46-f275c6370663, SkuId = aa2a7821-1827-4c2c-8f1d-4513a34dda97
                       Trigger=UserLogon(1)

>> ParameterBinding(Trace-SteroidsOutput): name="InputObject"; value="@{Id=63; Version=2; Qualifiers=; Level=3; Task=0; Opcode=0; Keywords=-9223372036854775808; RecordId=423; ProviderName=Microsoft-Windows-WMI; ProviderId=1edeee53-0afe-4609-b846-d8c0b2075b1f; LogName=Application; ProcessId=3812; ThreadId=5252; MachineName=mica; UserId=S-1-5-18; TimeCreated=05/10/2017 19:24:40; ActivityId=; RelatedActivityId=; ContainerLog=application; MatchedQueryIds=; Bookmark=System.Diagnostics.Eventing.Reader.EventBookmark; LevelDisplayName=Warning; OpcodeDisplayName=Info; TaskDisplayName=; KeywordsDisplayNames=; Properties=System.Diagnostics.Eventing.Reader.EventProperty System.Diagnostics.Eventing.Reader.EventProperty; Message=A provider, mspsservice, has been registered in the Windows Management Instrumentation namespace root\MSPS to use the LocalSystem account. This account is privileged and the provider may cause a security violation if it does not correctly impersonate user requests.}"
Id                   : 63
Version              : 2
Qualifiers           :
Level                : 3
Task                 : 0
Opcode               : 0
Keywords             : -9223372036854775808
RecordId             : 423
ProviderName         : Microsoft-Windows-WMI
ProviderId           : 1edeee53-0afe-4609-b846-d8c0b2075b1f
LogName              : Application
ProcessId            : 3812
ThreadId             : 5252
MachineName          : mica
UserId               : S-1-5-18
TimeCreated          : 05/10/2017 19:24:40
ActivityId           :
RelatedActivityId    :
ContainerLog         : application
MatchedQueryIds      :
Bookmark             : System.Diagnostics.Eventing.Reader.EventBookmark
LevelDisplayName     : Warning
OpcodeDisplayName    : Info
TaskDisplayName      :
KeywordsDisplayNames :
Properties           : System.Diagnostics.Eventing.Reader.EventProperty System.Diagnostics.Eventing.Reader.EventProperty
Message              : A provider, mspsservice, has been registered in the Windows Management Instrumentation namespace root\MSPS to use the LocalSystem account. This account is privileged
                       and the provider may cause a security violation if it does not correctly impersonate user requests.

>> ParameterBinding(Trace-SteroidsOutput): name="InputObject"; value="@{Id=63; Version=2; Qualifiers=; Level=3; Task=0; Opcode=0; Keywords=-9223372036854775808; RecordId=422; ProviderName=Microsoft-Windows-WMI; ProviderId=1edeee53-0afe-4609-b846-d8c0b2075b1f; LogName=Application; ProcessId=3812; ThreadId=5252; MachineName=mica; UserId=S-1-5-18; TimeCreated=05/10/2017 19:24:40; ActivityId=; RelatedActivityId=; ContainerLog=application; MatchedQueryIds=; Bookmark=System.Diagnostics.Eventing.Reader.EventBookmark; LevelDisplayName=Warning; OpcodeDisplayName=Info; TaskDisplayName=; KeywordsDisplayNames=; Properties=System.Diagnostics.Eventing.Reader.EventProperty System.Diagnostics.Eventing.Reader.EventProperty; Message=A provider, mspsservice, has been registered in the Windows Management Instrumentation namespace root\MSPS to use the LocalSystem account. This account is privileged and the provider may cause a security violation if it does not correctly impersonate user requests.}"
Id                   : 63
Version              : 2
Qualifiers           :
Level                : 3
Task                 : 0
Opcode               : 0
Keywords             : -9223372036854775808
RecordId             : 422
ProviderName         : Microsoft-Windows-WMI
ProviderId           : 1edeee53-0afe-4609-b846-d8c0b2075b1f
LogName              : Application
ProcessId            : 3812
ThreadId             : 5252
MachineName          : mica
UserId               : S-1-5-18
TimeCreated          : 05/10/2017 19:24:40
ActivityId           :
RelatedActivityId    :
ContainerLog         : application
MatchedQueryIds      :
Bookmark             : System.Diagnostics.Eventing.Reader.EventBookmark
LevelDisplayName     : Warning
OpcodeDisplayName    : Info
TaskDisplayName      :
KeywordsDisplayNames :
Properties           : System.Diagnostics.Eventing.Reader.EventProperty System.Diagnostics.Eventing.Reader.EventProperty
Message              : A provider, mspsservice, has been registered in the Windows Management Instrumentation namespace root\MSPS to use the LocalSystem account. This account is privileged
                       and the provider may cause a security violation if it does not correctly impersonate user requests.

>> ParameterBinding(Trace-SteroidsOutput): name="InputObject"; value="@{Id=63; Version=2; Qualifiers=; Level=3; Task=0; Opcode=0; Keywords=-9223372036854775808; RecordId=421; ProviderName=Microsoft-Windows-WMI; ProviderId=1edeee53-0afe-4609-b846-d8c0b2075b1f; LogName=Application; ProcessId=3812; ThreadId=3448; MachineName=mica; UserId=S-1-5-18; TimeCreated=05/10/2017 19:24:40; ActivityId=; RelatedActivityId=; ContainerLog=application; MatchedQueryIds=; Bookmark=System.Diagnostics.Eventing.Reader.EventBookmark; LevelDisplayName=Warning; OpcodeDisplayName=Info; TaskDisplayName=; KeywordsDisplayNames=; Properties=System.Diagnostics.Eventing.Reader.EventProperty System.Diagnostics.Eventing.Reader.EventProperty; Message=A provider, mspsservice, has been registered in the Windows Management Instrumentation namespace root\MSPS to use the LocalSystem account. This account is privileged and the provider may cause a security violation if it does not correctly impersonate user requests.}"
Id                   : 63
Version              : 2
Qualifiers           :
Level                : 3
Task                 : 0
Opcode               : 0
Keywords             : -9223372036854775808
RecordId             : 421
ProviderName         : Microsoft-Windows-WMI
ProviderId           : 1edeee53-0afe-4609-b846-d8c0b2075b1f
LogName              : Application
ProcessId            : 3812
ThreadId             : 3448
MachineName          : mica
UserId               : S-1-5-18
TimeCreated          : 05/10/2017 19:24:40
ActivityId           :
RelatedActivityId    :
ContainerLog         : application
MatchedQueryIds      :
Bookmark             : System.Diagnostics.Eventing.Reader.EventBookmark
LevelDisplayName     : Warning
OpcodeDisplayName    : Info
TaskDisplayName      :
KeywordsDisplayNames :
Properties           : System.Diagnostics.Eventing.Reader.EventProperty System.Diagnostics.Eventing.Reader.EventProperty
Message              : A provider, mspsservice, has been registered in the Windows Management Instrumentation namespace root\MSPS to use the LocalSystem account. This account is privileged
                       and the provider may cause a security violation if it does not correctly impersonate user requests.

>> ParameterBinding(Trace-SteroidsOutput): name="InputObject"; value="@{Id=8233; Version=0; Qualifiers=16384; Level=3; Task=0; Opcode=0; Keywords=36028797018963968; RecordId=396; ProviderName=Microsoft-Windows-Security-SPP; ProviderId=e23b33b0-c8c9-472c-a5f9-f2bdfea0f156; LogName=Application; ProcessId=0; ThreadId=0; MachineName=mica; UserId=; TimeCreated=05/10/2017 18:06:06; ActivityId=; RelatedActivityId=; ContainerLog=application; MatchedQueryIds=; Bookmark=System.Diagnostics.Eventing.Reader.EventBookmark; LevelDisplayName=Warning; OpcodeDisplayName=; TaskDisplayName=; KeywordsDisplayNames=Classic; Properties=System.Diagnostics.Eventing.Reader.EventProperty System.Diagnostics.Eventing.Reader.EventProperty System.Diagnostics.Eventing.Reader.EventProperty System.Diagnostics.Eventing.Reader.EventProperty; Message=The rules engine reported a failed VL activation attempt.
Reason:0x8007232B
AppId = 0ff1ce15-a989-479d-af46-f275c6370663, SkuId = aa2a7821-1827-4c2c-8f1d-4513a34dda97
Trigger=NetworkQuarantineRetry}"
Id                   : 8233
Version              : 0
Qualifiers           : 16384
Level                : 3
Task                 : 0
Opcode               : 0
Keywords             : 36028797018963968
RecordId             : 396
ProviderName         : Microsoft-Windows-Security-SPP
ProviderId           : e23b33b0-c8c9-472c-a5f9-f2bdfea0f156
LogName              : Application
ProcessId            : 0
ThreadId             : 0
MachineName          : mica
UserId               :
TimeCreated          : 05/10/2017 18:06:06
ActivityId           :
RelatedActivityId    :
ContainerLog         : application
MatchedQueryIds      :
Bookmark             : System.Diagnostics.Eventing.Reader.EventBookmark
LevelDisplayName     : Warning
OpcodeDisplayName    :
TaskDisplayName      :
KeywordsDisplayNames : Classic
Properties           : System.Diagnostics.Eventing.Reader.EventProperty System.Diagnostics.Eventing.Reader.EventProperty System.Diagnostics.Eventing.Reader.EventProperty
                       System.Diagnostics.Eventing.Reader.EventProperty
Message              : The rules engine reported a failed VL activation attempt.
                       Reason:0x8007232B
                       AppId = 0ff1ce15-a989-479d-af46-f275c6370663, SkuId = aa2a7821-1827-4c2c-8f1d-4513a34dda97
                       Trigger=NetworkQuarantineRetry

>> ParameterBinding(Trace-SteroidsOutput): name="InputObject"; value="@{Id=8233; Version=0; Qualifiers=16384; Level=3; Task=0; Opcode=0; Keywords=36028797018963968; RecordId=393; ProviderName=Microsoft-Windows-Security-SPP; ProviderId=e23b33b0-c8c9-472c-a5f9-f2bdfea0f156; LogName=Application; ProcessId=0; ThreadId=0; MachineName=mica; UserId=; TimeCreated=05/10/2017 18:01:12; ActivityId=; RelatedActivityId=; ContainerLog=application; MatchedQueryIds=; Bookmark=System.Diagnostics.Eventing.Reader.EventBookmark; LevelDisplayName=Warning; OpcodeDisplayName=; TaskDisplayName=; KeywordsDisplayNames=Classic; Properties=System.Diagnostics.Eventing.Reader.EventProperty System.Diagnostics.Eventing.Reader.EventProperty System.Diagnostics.Eventing.Reader.EventProperty System.Diagnostics.Eventing.Reader.EventProperty; Message=The rules engine reported a failed VL activation attempt.
Reason:0x8007232B
AppId = 0ff1ce15-a989-479d-af46-f275c6370663, SkuId = aa2a7821-1827-4c2c-8f1d-4513a34dda97
Trigger=NetworkAvailable}"
Id                   : 8233
Version              : 0
Qualifiers           : 16384
Level                : 3
Task                 : 0
Opcode               : 0
Keywords             : 36028797018963968
RecordId             : 393
ProviderName         : Microsoft-Windows-Security-SPP
ProviderId           : e23b33b0-c8c9-472c-a5f9-f2bdfea0f156
LogName              : Application
ProcessId            : 0
ThreadId             : 0
MachineName          : mica
UserId               :
TimeCreated          : 05/10/2017 18:01:12
ActivityId           :
RelatedActivityId    :
ContainerLog         : application
MatchedQueryIds      :
Bookmark             : System.Diagnostics.Eventing.Reader.EventBookmark
LevelDisplayName     : Warning
OpcodeDisplayName    :
TaskDisplayName      :
KeywordsDisplayNames : Classic
Properties           : System.Diagnostics.Eventing.Reader.EventProperty System.Diagnostics.Eventing.Reader.EventProperty System.Diagnostics.Eventing.Reader.EventProperty
                       System.Diagnostics.Eventing.Reader.EventProperty
Message              : The rules engine reported a failed VL activation attempt.
                       Reason:0x8007232B
                       AppId = 0ff1ce15-a989-479d-af46-f275c6370663, SkuId = aa2a7821-1827-4c2c-8f1d-4513a34dda97
                       Trigger=NetworkAvailable

>> ParameterBinding(Trace-SteroidsOutput): name="InputObject"; value="@{Id=1000; Version=; Qualifiers=0; Level=2; Task=100; Opcode=; Keywords=36028797018963968; RecordId=392; ProviderName=Application Error; ProviderId=; LogName=Application; ProcessId=; ThreadId=; MachineName=mica; UserId=; TimeCreated=05/10/2017 18:01:12; ActivityId=; RelatedActivityId=; ContainerLog=application; MatchedQueryIds=; Bookmark=System.Diagnostics.Eventing.Reader.EventBookmark; LevelDisplayName=Error; OpcodeDisplayName=Info; TaskDisplayName=Application Crashing Events; KeywordsDisplayNames=Classic; Properties=System.Diagnostics.Eventing.Reader.EventProperty System.Diagnostics.Eventing.Reader.EventProperty System.Diagnostics.Eventing.Reader.EventProperty System.Diagnostics.Eventing.Reader.EventProperty System.Diagnostics.Eventing.Reader.EventProperty System.Diagnostics.Eventing.Reader.EventProperty System.Diagnostics.Eventing.Reader.EventProperty System.Diagnostics.Eventing.Reader.EventProperty System.Diagnostics.Eventing.Reader.EventProperty System.Diagnostics.Eventing.Reader.EventProperty System.Diagnostics.Eventing.Reader.EventProperty System.Diagnostics.Eventing.Reader.EventProperty System.Diagnostics.Eventing.Reader.EventProperty System.Diagnostics.Eventing.Reader.EventProperty System.Diagnostics.Eventing.Reader.EventProperty; Message=Faulting application name: vmware-vmrc.exe, version: 9.0.1.35768, time stamp: 0x56f5fd4f
Faulting module name: MSVCR90.dll, version: 9.0.30729.9317, time stamp: 0x5997638d
Exception code: 0x40000015
Fault offset: 0x0005beae
Faulting process id: 0x31b4
Faulting application start time: 0x01d33dae8314e53b
Faulting application path: C:\Program Files (x86)\Common Files\VMware\VMware Remote Console Plug-in 5.5\Internet Explorer\vmware-vmrc.exe
Faulting module path: C:\WINDOWS\WinSxS\x86_microsoft.vc90.crt_1fc8b3b9a1e18e3b_9.0.30729.9317_none_508dca76bcbcfe81\MSVCR90.dll
Report Id: 13c0b228-9ee5-4236-93c7-41cabf0de3ca
Faulting package full name: 
Faulting package-relative application ID: }"
Id                   : 1000
Version              :
Qualifiers           : 0
Level                : 2
Task                 : 100
Opcode               :
Keywords             : 36028797018963968
RecordId             : 392
ProviderName         : Application Error
ProviderId           :
LogName              : Application
ProcessId            :
ThreadId             :
MachineName          : mica
UserId               :
TimeCreated          : 05/10/2017 18:01:12
ActivityId           :
RelatedActivityId    :
ContainerLog         : application
MatchedQueryIds      :
Bookmark             : System.Diagnostics.Eventing.Reader.EventBookmark
LevelDisplayName     : Error
OpcodeDisplayName    : Info
TaskDisplayName      : Application Crashing Events
KeywordsDisplayNames : Classic
Properties           : System.Diagnostics.Eventing.Reader.EventProperty System.Diagnostics.Eventing.Reader.EventProperty System.Diagnostics.Eventing.Reader.EventProperty
                       System.Diagnostics.Eventing.Reader.EventProperty System.Diagnostics.Eventing.Reader.EventProperty System.Diagnostics.Eventing.Reader.EventProperty
                       System.Diagnostics.Eventing.Reader.EventProperty System.Diagnostics.Eventing.Reader.EventProperty System.Diagnostics.Eventing.Reader.EventProperty
                       System.Diagnostics.Eventing.Reader.EventProperty System.Diagnostics.Eventing.Reader.EventProperty System.Diagnostics.Eventing.Reader.EventProperty
                       System.Diagnostics.Eventing.Reader.EventProperty System.Diagnostics.Eventing.Reader.EventProperty System.Diagnostics.Eventing.Reader.EventProperty
Message              : Faulting application name: vmware-vmrc.exe, version: 9.0.1.35768, time stamp: 0x56f5fd4f
                       Faulting module name: MSVCR90.dll, version: 9.0.30729.9317, time stamp: 0x5997638d
                       Exception code: 0x40000015
                       Fault offset: 0x0005beae
                       Faulting process id: 0x31b4
                       Faulting application start time: 0x01d33dae8314e53b
                       Faulting application path: C:\Program Files (x86)\Common Files\VMware\VMware Remote Console Plug-in 5.5\Internet Explorer\vmware-vmrc.exe
                       Faulting module path: C:\WINDOWS\WinSxS\x86_microsoft.vc90.crt_1fc8b3b9a1e18e3b_9.0.30729.9317_none_508dca76bcbcfe81\MSVCR90.dll
                       Report Id: 13c0b228-9ee5-4236-93c7-41cabf0de3ca
                       Faulting package full name:
                       Faulting package-relative application ID:

>> ParameterBinding(Trace-SteroidsOutput): name="InputObject"; value="@{Id=1000; Version=; Qualifiers=0; Level=2; Task=100; Opcode=; Keywords=36028797018963968; RecordId=390; ProviderName=Application Error; ProviderId=; LogName=Application; ProcessId=; ThreadId=; MachineName=mica; UserId=; TimeCreated=05/10/2017 18:01:03; ActivityId=; RelatedActivityId=; ContainerLog=application; MatchedQueryIds=; Bookmark=System.Diagnostics.Eventing.Reader.EventBookmark; LevelDisplayName=Error; OpcodeDisplayName=Info; TaskDisplayName=Application Crashing Events; KeywordsDisplayNames=Classic; Properties=System.Diagnostics.Eventing.Reader.EventProperty System.Diagnostics.Eventing.Reader.EventProperty System.Diagnostics.Eventing.Reader.EventProperty System.Diagnostics.Eventing.Reader.EventProperty System.Diagnostics.Eventing.Reader.EventProperty System.Diagnostics.Eventing.Reader.EventProperty System.Diagnostics.Eventing.Reader.EventProperty System.Diagnostics.Eventing.Reader.EventProperty System.Diagnostics.Eventing.Reader.EventProperty System.Diagnostics.Eventing.Reader.EventProperty System.Diagnostics.Eventing.Reader.EventProperty System.Diagnostics.Eventing.Reader.EventProperty System.Diagnostics.Eventing.Reader.EventProperty System.Diagnostics.Eventing.Reader.EventProperty System.Diagnostics.Eventing.Reader.EventProperty; Message=Faulting application name: vmware-vmrc.exe, version: 9.0.1.35768, time stamp: 0x56f5fd4f
Faulting module name: MSVCR90.dll, version: 9.0.30729.9317, time stamp: 0x5997638d
Exception code: 0x40000015
Fault offset: 0x0005beae
Faulting process id: 0x13f4
Faulting application start time: 0x01d33debacbb95ab
Faulting application path: C:\Program Files (x86)\Common Files\VMware\VMware Remote Console Plug-in 5.5\Internet Explorer\vmware-vmrc.exe
Faulting module path: C:\WINDOWS\WinSxS\x86_microsoft.vc90.crt_1fc8b3b9a1e18e3b_9.0.30729.9317_none_508dca76bcbcfe81\MSVCR90.dll
Report Id: 45876ca5-51b4-4cc1-87ea-bfa23f4bc8f0
Faulting package full name: 
Faulting package-relative application ID: }"
Id                   : 1000
Version              :
Qualifiers           : 0
Level                : 2
Task                 : 100
Opcode               :
Keywords             : 36028797018963968
RecordId             : 390
ProviderName         : Application Error
ProviderId           :
LogName              : Application
ProcessId            :
ThreadId             :
MachineName          : mica
UserId               :
TimeCreated          : 05/10/2017 18:01:03
ActivityId           :
RelatedActivityId    :
ContainerLog         : application
MatchedQueryIds      :
Bookmark             : System.Diagnostics.Eventing.Reader.EventBookmark
LevelDisplayName     : Error
OpcodeDisplayName    : Info
TaskDisplayName      : Application Crashing Events
KeywordsDisplayNames : Classic
Properties           : System.Diagnostics.Eventing.Reader.EventProperty System.Diagnostics.Eventing.Reader.EventProperty System.Diagnostics.Eventing.Reader.EventProperty
                       System.Diagnostics.Eventing.Reader.EventProperty System.Diagnostics.Eventing.Reader.EventProperty System.Diagnostics.Eventing.Reader.EventProperty
                       System.Diagnostics.Eventing.Reader.EventProperty System.Diagnostics.Eventing.Reader.EventProperty System.Diagnostics.Eventing.Reader.EventProperty
                       System.Diagnostics.Eventing.Reader.EventProperty System.Diagnostics.Eventing.Reader.EventProperty System.Diagnostics.Eventing.Reader.EventProperty
                       System.Diagnostics.Eventing.Reader.EventProperty System.Diagnostics.Eventing.Reader.EventProperty System.Diagnostics.Eventing.Reader.EventProperty
Message              : Faulting application name: vmware-vmrc.exe, version: 9.0.1.35768, time stamp: 0x56f5fd4f
                       Faulting module name: MSVCR90.dll, version: 9.0.30729.9317, time stamp: 0x5997638d
                       Exception code: 0x40000015
                       Fault offset: 0x0005beae
                       Faulting process id: 0x13f4
                       Faulting application start time: 0x01d33debacbb95ab
                       Faulting application path: C:\Program Files (x86)\Common Files\VMware\VMware Remote Console Plug-in 5.5\Internet Explorer\vmware-vmrc.exe
                       Faulting module path: C:\WINDOWS\WinSxS\x86_microsoft.vc90.crt_1fc8b3b9a1e18e3b_9.0.30729.9317_none_508dca76bcbcfe81\MSVCR90.dll
                       Report Id: 45876ca5-51b4-4cc1-87ea-bfa23f4bc8f0
                       Faulting package full name:
                       Faulting package-relative application ID:

>> ParameterBinding(Trace-SteroidsOutput): name="InputObject"; value="@{Id=8233; Version=0; Qualifiers=16384; Level=3; Task=0; Opcode=0; Keywords=36028797018963968; RecordId=380; ProviderName=Microsoft-Windows-Security-SPP; ProviderId=e23b33b0-c8c9-472c-a5f9-f2bdfea0f156; LogName=Application; ProcessId=0; ThreadId=0; MachineName=mica; UserId=; TimeCreated=05/10/2017 13:49:41; ActivityId=; RelatedActivityId=; ContainerLog=application; MatchedQueryIds=; Bookmark=System.Diagnostics.Eventing.Reader.EventBookmark; LevelDisplayName=Warning; OpcodeDisplayName=; TaskDisplayName=; KeywordsDisplayNames=Classic; Properties=System.Diagnostics.Eventing.Reader.EventProperty System.Diagnostics.Eventing.Reader.EventProperty System.Diagnostics.Eventing.Reader.EventProperty System.Diagnostics.Eventing.Reader.EventProperty; Message=The rules engine reported a failed VL activation attempt.
Reason:0x8007232B
AppId = 0ff1ce15-a989-479d-af46-f275c6370663, SkuId = aa2a7821-1827-4c2c-8f1d-4513a34dda97
Trigger=TimerEvent}"
Id                   : 8233
Version              : 0
Qualifiers           : 16384
Level                : 3
Task                 : 0
Opcode               : 0
Keywords             : 36028797018963968
RecordId             : 380
ProviderName         : Microsoft-Windows-Security-SPP
ProviderId           : e23b33b0-c8c9-472c-a5f9-f2bdfea0f156
LogName              : Application
ProcessId            : 0
ThreadId             : 0
MachineName          : mica
UserId               :
TimeCreated          : 05/10/2017 13:49:41
ActivityId           :
RelatedActivityId    :
ContainerLog         : application
MatchedQueryIds      :
Bookmark             : System.Diagnostics.Eventing.Reader.EventBookmark
LevelDisplayName     : Warning
OpcodeDisplayName    :
TaskDisplayName      :
KeywordsDisplayNames : Classic
Properties           : System.Diagnostics.Eventing.Reader.EventProperty System.Diagnostics.Eventing.Reader.EventProperty System.Diagnostics.Eventing.Reader.EventProperty
                       System.Diagnostics.Eventing.Reader.EventProperty
Message              : The rules engine reported a failed VL activation attempt.
                       Reason:0x8007232B
                       AppId = 0ff1ce15-a989-479d-af46-f275c6370663, SkuId = aa2a7821-1827-4c2c-8f1d-4513a34dda97
                       Trigger=TimerEvent

>> ParameterBinding(Trace-SteroidsOutput): name="InputObject"; value="@{Id=8233; Version=0; Qualifiers=16384; Level=3; Task=0; Opcode=0; Keywords=36028797018963968; RecordId=369; ProviderName=Microsoft-Windows-Security-SPP; ProviderId=e23b33b0-c8c9-472c-a5f9-f2bdfea0f156; LogName=Application; ProcessId=0; ThreadId=0; MachineName=mica; UserId=; TimeCreated=05/10/2017 11:49:41; ActivityId=; RelatedActivityId=; ContainerLog=application; MatchedQueryIds=; Bookmark=System.Diagnostics.Eventing.Reader.EventBookmark; LevelDisplayName=Warning; OpcodeDisplayName=; TaskDisplayName=; KeywordsDisplayNames=Classic; Properties=System.Diagnostics.Eventing.Reader.EventProperty System.Diagnostics.Eventing.Reader.EventProperty System.Diagnostics.Eventing.Reader.EventProperty System.Diagnostics.Eventing.Reader.EventProperty; Message=The rules engine reported a failed VL activation attempt.
Reason:0x8007232B
AppId = 0ff1ce15-a989-479d-af46-f275c6370663, SkuId = aa2a7821-1827-4c2c-8f1d-4513a34dda97
Trigger=TimerEvent}"
Id                   : 8233
Version              : 0
Qualifiers           : 16384
Level                : 3
Task                 : 0
Opcode               : 0
Keywords             : 36028797018963968
RecordId             : 369
ProviderName         : Microsoft-Windows-Security-SPP
ProviderId           : e23b33b0-c8c9-472c-a5f9-f2bdfea0f156
LogName              : Application
ProcessId            : 0
ThreadId             : 0
MachineName          : mica
UserId               :
TimeCreated          : 05/10/2017 11:49:41
ActivityId           :
RelatedActivityId    :
ContainerLog         : application
MatchedQueryIds      :
Bookmark             : System.Diagnostics.Eventing.Reader.EventBookmark
LevelDisplayName     : Warning
OpcodeDisplayName    :
TaskDisplayName      :
KeywordsDisplayNames : Classic
Properties           : System.Diagnostics.Eventing.Reader.EventProperty System.Diagnostics.Eventing.Reader.EventProperty System.Diagnostics.Eventing.Reader.EventProperty
                       System.Diagnostics.Eventing.Reader.EventProperty
Message              : The rules engine reported a failed VL activation attempt.
                       Reason:0x8007232B
                       AppId = 0ff1ce15-a989-479d-af46-f275c6370663, SkuId = aa2a7821-1827-4c2c-8f1d-4513a34dda97
                       Trigger=TimerEvent

>> ParameterBinding(Trace-SteroidsOutput): name="InputObject"; value="@{Id=3036; Version=0; Qualifiers=32768; Level=3; Task=3; Opcode=0; Keywords=36028797018963968; RecordId=365; ProviderName=Microsoft-Windows-Search; ProviderId=ca4e628d-8567-4896-ab6b-835b221f373f; LogName=Application; ProcessId=0; ThreadId=0; MachineName=mica; UserId=; TimeCreated=05/10/2017 10:02:14; ActivityId=; RelatedActivityId=; ContainerLog=application; MatchedQueryIds=; Bookmark=System.Diagnostics.Eventing.Reader.EventBookmark; LevelDisplayName=Warning; OpcodeDisplayName=; TaskDisplayName=Gatherer; KeywordsDisplayNames=Classic; Properties=System.Diagnostics.Eventing.Reader.EventProperty System.Diagnostics.Eventing.Reader.EventProperty; Message=Crawl could not be completed on content source <ONEINDEX16://{S-1-5-21-3406102236-820951214-3755595023-1001}/>.

Context: Windows Application, SystemIndex Catalog

Details:
	(HRESULT : 0x80004005) (0x80004005)
}"
Id                   : 3036
Version              : 0
Qualifiers           : 32768
Level                : 3
Task                 : 3
Opcode               : 0
Keywords             : 36028797018963968
RecordId             : 365
ProviderName         : Microsoft-Windows-Search
ProviderId           : ca4e628d-8567-4896-ab6b-835b221f373f
LogName              : Application
ProcessId            : 0
ThreadId             : 0
MachineName          : mica
UserId               :
TimeCreated          : 05/10/2017 10:02:14
ActivityId           :
RelatedActivityId    :
ContainerLog         : application
MatchedQueryIds      :
Bookmark             : System.Diagnostics.Eventing.Reader.EventBookmark
LevelDisplayName     : Warning
OpcodeDisplayName    :
TaskDisplayName      : Gatherer
KeywordsDisplayNames : Classic
Properties           : System.Diagnostics.Eventing.Reader.EventProperty System.Diagnostics.Eventing.Reader.EventProperty
Message              : Crawl could not be completed on content source <ONEINDEX16://{S-1-5-21-3406102236-820951214-3755595023-1001}/>.

                       Context: Windows Application, SystemIndex Catalog

                       Details:
                       	(HRESULT : 0x80004005) (0x80004005)


>> ParameterBinding(Trace-SteroidsOutput): name="InputObject"; value="@{Id=8233; Version=0; Qualifiers=16384; Level=3; Task=0; Opcode=0; Keywords=36028797018963968; RecordId=363; ProviderName=Microsoft-Windows-Security-SPP; ProviderId=e23b33b0-c8c9-472c-a5f9-f2bdfea0f156; LogName=Application; ProcessId=0; ThreadId=0; MachineName=mica; UserId=; TimeCreated=05/10/2017 09:49:41; ActivityId=; RelatedActivityId=; ContainerLog=application; MatchedQueryIds=; Bookmark=System.Diagnostics.Eventing.Reader.EventBookmark; LevelDisplayName=Warning; OpcodeDisplayName=; TaskDisplayName=; KeywordsDisplayNames=Classic; Properties=System.Diagnostics.Eventing.Reader.EventProperty System.Diagnostics.Eventing.Reader.EventProperty System.Diagnostics.Eventing.Reader.EventProperty System.Diagnostics.Eventing.Reader.EventProperty; Message=The rules engine reported a failed VL activation attempt.
Reason:0x8007232B
AppId = 0ff1ce15-a989-479d-af46-f275c6370663, SkuId = aa2a7821-1827-4c2c-8f1d-4513a34dda97
Trigger=TimerEvent}"
Id                   : 8233
Version              : 0
Qualifiers           : 16384
Level                : 3
Task                 : 0
Opcode               : 0
Keywords             : 36028797018963968
RecordId             : 363
ProviderName         : Microsoft-Windows-Security-SPP
ProviderId           : e23b33b0-c8c9-472c-a5f9-f2bdfea0f156
LogName              : Application
ProcessId            : 0
ThreadId             : 0
MachineName          : mica
UserId               :
TimeCreated          : 05/10/2017 09:49:41
ActivityId           :
RelatedActivityId    :
ContainerLog         : application
MatchedQueryIds      :
Bookmark             : System.Diagnostics.Eventing.Reader.EventBookmark
LevelDisplayName     : Warning
OpcodeDisplayName    :
TaskDisplayName      :
KeywordsDisplayNames : Classic
Properties           : System.Diagnostics.Eventing.Reader.EventProperty System.Diagnostics.Eventing.Reader.EventProperty System.Diagnostics.Eventing.Reader.EventProperty
                       System.Diagnostics.Eventing.Reader.EventProperty
Message              : The rules engine reported a failed VL activation attempt.
                       Reason:0x8007232B
                       AppId = 0ff1ce15-a989-479d-af46-f275c6370663, SkuId = aa2a7821-1827-4c2c-8f1d-4513a34dda97
                       Trigger=TimerEvent

>> ParameterBinding(Trace-SteroidsOutput): name="InputObject"; value="@{Id=8233; Version=0; Qualifiers=16384; Level=3; Task=0; Opcode=0; Keywords=36028797018963968; RecordId=340; ProviderName=Microsoft-Windows-Security-SPP; ProviderId=e23b33b0-c8c9-472c-a5f9-f2bdfea0f156; LogName=Application; ProcessId=0; ThreadId=0; MachineName=mica; UserId=; TimeCreated=05/10/2017 07:49:41; ActivityId=; RelatedActivityId=; ContainerLog=application; MatchedQueryIds=; Bookmark=System.Diagnostics.Eventing.Reader.EventBookmark; LevelDisplayName=Warning; OpcodeDisplayName=; TaskDisplayName=; KeywordsDisplayNames=Classic; Properties=System.Diagnostics.Eventing.Reader.EventProperty System.Diagnostics.Eventing.Reader.EventProperty System.Diagnostics.Eventing.Reader.EventProperty System.Diagnostics.Eventing.Reader.EventProperty; Message=The rules engine reported a failed VL activation attempt.
Reason:0x8007232B
AppId = 0ff1ce15-a989-479d-af46-f275c6370663, SkuId = aa2a7821-1827-4c2c-8f1d-4513a34dda97
Trigger=NetworkQuarantineRetry}"
Id                   : 8233
Version              : 0
Qualifiers           : 16384
Level                : 3
Task                 : 0
Opcode               : 0
Keywords             : 36028797018963968
RecordId             : 340
ProviderName         : Microsoft-Windows-Security-SPP
ProviderId           : e23b33b0-c8c9-472c-a5f9-f2bdfea0f156
LogName              : Application
ProcessId            : 0
ThreadId             : 0
MachineName          : mica
UserId               :
TimeCreated          : 05/10/2017 07:49:41
ActivityId           :
RelatedActivityId    :
ContainerLog         : application
MatchedQueryIds      :
Bookmark             : System.Diagnostics.Eventing.Reader.EventBookmark
LevelDisplayName     : Warning
OpcodeDisplayName    :
TaskDisplayName      :
KeywordsDisplayNames : Classic
Properties           : System.Diagnostics.Eventing.Reader.EventProperty System.Diagnostics.Eventing.Reader.EventProperty System.Diagnostics.Eventing.Reader.EventProperty
                       System.Diagnostics.Eventing.Reader.EventProperty
Message              : The rules engine reported a failed VL activation attempt.
                       Reason:0x8007232B
                       AppId = 0ff1ce15-a989-479d-af46-f275c6370663, SkuId = aa2a7821-1827-4c2c-8f1d-4513a34dda97
                       Trigger=NetworkQuarantineRetry

>> ParameterBinding(Trace-SteroidsOutput): name="InputObject"; value="@{Id=8233; Version=0; Qualifiers=16384; Level=3; Task=0; Opcode=0; Keywords=36028797018963968; RecordId=333; ProviderName=Microsoft-Windows-Security-SPP; ProviderId=e23b33b0-c8c9-472c-a5f9-f2bdfea0f156; LogName=Application; ProcessId=0; ThreadId=0; MachineName=mica; UserId=; TimeCreated=05/10/2017 07:44:39; ActivityId=; RelatedActivityId=; ContainerLog=application; MatchedQueryIds=; Bookmark=System.Diagnostics.Eventing.Reader.EventBookmark; LevelDisplayName=Warning; OpcodeDisplayName=; TaskDisplayName=; KeywordsDisplayNames=Classic; Properties=System.Diagnostics.Eventing.Reader.EventProperty System.Diagnostics.Eventing.Reader.EventProperty System.Diagnostics.Eventing.Reader.EventProperty System.Diagnostics.Eventing.Reader.EventProperty; Message=The rules engine reported a failed VL activation attempt.
Reason:0x8007232B
AppId = 0ff1ce15-a989-479d-af46-f275c6370663, SkuId = aa2a7821-1827-4c2c-8f1d-4513a34dda97
Trigger=NetworkAvailable}"
Id                   : 8233
Version              : 0
Qualifiers           : 16384
Level                : 3
Task                 : 0
Opcode               : 0
Keywords             : 36028797018963968
RecordId             : 333
ProviderName         : Microsoft-Windows-Security-SPP
ProviderId           : e23b33b0-c8c9-472c-a5f9-f2bdfea0f156
LogName              : Application
ProcessId            : 0
ThreadId             : 0
MachineName          : mica
UserId               :
TimeCreated          : 05/10/2017 07:44:39
ActivityId           :
RelatedActivityId    :
ContainerLog         : application
MatchedQueryIds      :
Bookmark             : System.Diagnostics.Eventing.Reader.EventBookmark
LevelDisplayName     : Warning
OpcodeDisplayName    :
TaskDisplayName      :
KeywordsDisplayNames : Classic
Properties           : System.Diagnostics.Eventing.Reader.EventProperty System.Diagnostics.Eventing.Reader.EventProperty System.Diagnostics.Eventing.Reader.EventProperty
                       System.Diagnostics.Eventing.Reader.EventProperty
Message              : The rules engine reported a failed VL activation attempt.
                       Reason:0x8007232B
                       AppId = 0ff1ce15-a989-479d-af46-f275c6370663, SkuId = aa2a7821-1827-4c2c-8f1d-4513a34dda97
                       Trigger=NetworkAvailable

>> ParameterBinding(Trace-SteroidsOutput): name="InputObject"; value="@{Id=1002; Version=; Qualifiers=0; Level=2; Task=101; Opcode=; Keywords=36028797018963968; RecordId=325; ProviderName=Application Hang; ProviderId=; LogName=Application; ProcessId=; ThreadId=; MachineName=mica; UserId=; TimeCreated=05/10/2017 07:34:00; ActivityId=; RelatedActivityId=; ContainerLog=application; MatchedQueryIds=; Bookmark=System.Diagnostics.Eventing.Reader.EventBookmark; LevelDisplayName=Error; OpcodeDisplayName=Info; TaskDisplayName=; KeywordsDisplayNames=Classic; Properties=System.Diagnostics.Eventing.Reader.EventProperty System.Diagnostics.Eventing.Reader.EventProperty System.Diagnostics.Eventing.Reader.EventProperty System.Diagnostics.Eventing.Reader.EventProperty System.Diagnostics.Eventing.Reader.EventProperty System.Diagnostics.Eventing.Reader.EventProperty System.Diagnostics.Eventing.Reader.EventProperty System.Diagnostics.Eventing.Reader.EventProperty System.Diagnostics.Eventing.Reader.EventProperty System.Diagnostics.Eventing.Reader.EventProperty; Message=The program PeopleExperienceHost.exe version 10.0.16299.15 stopped interacting with Windows and was closed. To see if more information about the problem is available, check the problem history in the Security and Maintenance control panel.
 Process ID: 27c4
 Start Time: 01d33da8c5abe8c6
 Termination Time: 4294967295
 Application Path: C:\Windows\SystemApps\Microsoft.Windows.PeopleExperienceHost_cw5n1h2txyewy\PeopleExperienceHost.exe
 Report Id: 8101ffe4-e6fb-4eef-9a0d-de47cf2435d4
 Faulting package full name: Microsoft.Windows.PeopleExperienceHost_10.0.16299.15_neutral_neutral_cw5n1h2txyewy
 Faulting package-relative application ID: App
}"
Id                   : 1002
Version              :
Qualifiers           : 0
Level                : 2
Task                 : 101
Opcode               :
Keywords             : 36028797018963968
RecordId             : 325
ProviderName         : Application Hang
ProviderId           :
LogName              : Application
ProcessId            :
ThreadId             :
MachineName          : mica
UserId               :
TimeCreated          : 05/10/2017 07:34:00
ActivityId           :
RelatedActivityId    :
ContainerLog         : application
MatchedQueryIds      :
Bookmark             : System.Diagnostics.Eventing.Reader.EventBookmark
LevelDisplayName     : Error
OpcodeDisplayName    : Info
TaskDisplayName      :
KeywordsDisplayNames : Classic
Properties           : System.Diagnostics.Eventing.Reader.EventProperty System.Diagnostics.Eventing.Reader.EventProperty System.Diagnostics.Eventing.Reader.EventProperty
                       System.Diagnostics.Eventing.Reader.EventProperty System.Diagnostics.Eventing.Reader.EventProperty System.Diagnostics.Eventing.Reader.EventProperty
                       System.Diagnostics.Eventing.Reader.EventProperty System.Diagnostics.Eventing.Reader.EventProperty System.Diagnostics.Eventing.Reader.EventProperty
                       System.Diagnostics.Eventing.Reader.EventProperty
Message              : The program PeopleExperienceHost.exe version 10.0.16299.15 stopped interacting with Windows and was closed. To see if more information about the problem is available,
                       check the problem history in the Security and Maintenance control panel.
                        Process ID: 27c4
                        Start Time: 01d33da8c5abe8c6
                        Termination Time: 4294967295
                        Application Path: C:\Windows\SystemApps\Microsoft.Windows.PeopleExperienceHost_cw5n1h2txyewy\PeopleExperienceHost.exe
                        Report Id: 8101ffe4-e6fb-4eef-9a0d-de47cf2435d4
                        Faulting package full name: Microsoft.Windows.PeopleExperienceHost_10.0.16299.15_neutral_neutral_cw5n1h2txyewy
                        Faulting package-relative application ID: App


>> ParameterBinding(Trace-SteroidsOutput): name="InputObject"; value="@{Id=1002; Version=; Qualifiers=0; Level=2; Task=101; Opcode=; Keywords=36028797018963968; RecordId=317; ProviderName=Application Hang; ProviderId=; LogName=Application; ProcessId=; ThreadId=; MachineName=mica; UserId=; TimeCreated=05/10/2017 07:08:38; ActivityId=; RelatedActivityId=; ContainerLog=application; MatchedQueryIds=; Bookmark=System.Diagnostics.Eventing.Reader.EventBookmark; LevelDisplayName=Error; OpcodeDisplayName=Info; TaskDisplayName=; KeywordsDisplayNames=Classic; Properties=System.Diagnostics.Eventing.Reader.EventProperty System.Diagnostics.Eventing.Reader.EventProperty System.Diagnostics.Eventing.Reader.EventProperty System.Diagnostics.Eventing.Reader.EventProperty System.Diagnostics.Eventing.Reader.EventProperty System.Diagnostics.Eventing.Reader.EventProperty System.Diagnostics.Eventing.Reader.EventProperty System.Diagnostics.Eventing.Reader.EventProperty System.Diagnostics.Eventing.Reader.EventProperty System.Diagnostics.Eventing.Reader.EventProperty; Message=The program PeopleExperienceHost.exe version 10.0.16299.15 stopped interacting with Windows and was closed. To see if more information about the problem is available, check the problem history in the Security and Maintenance control panel.
 Process ID: 1e0c
 Start Time: 01d33d4b30a7118a
 Termination Time: 4294967295
 Application Path: C:\Windows\SystemApps\Microsoft.Windows.PeopleExperienceHost_cw5n1h2txyewy\PeopleExperienceHost.exe
 Report Id: 296424c7-24b3-4590-b254-a9945292a019
 Faulting package full name: Microsoft.Windows.PeopleExperienceHost_10.0.16299.15_neutral_neutral_cw5n1h2txyewy
 Faulting package-relative application ID: App
}"
Id                   : 1002
Version              :
Qualifiers           : 0
Level                : 2
Task                 : 101
Opcode               :
Keywords             : 36028797018963968
RecordId             : 317
ProviderName         : Application Hang
ProviderId           :
LogName              : Application
ProcessId            :
ThreadId             :
MachineName          : mica
UserId               :
TimeCreated          : 05/10/2017 07:08:38
ActivityId           :
RelatedActivityId    :
ContainerLog         : application
MatchedQueryIds      :
Bookmark             : System.Diagnostics.Eventing.Reader.EventBookmark
LevelDisplayName     : Error
OpcodeDisplayName    : Info
TaskDisplayName      :
KeywordsDisplayNames : Classic
Properties           : System.Diagnostics.Eventing.Reader.EventProperty System.Diagnostics.Eventing.Reader.EventProperty System.Diagnostics.Eventing.Reader.EventProperty
                       System.Diagnostics.Eventing.Reader.EventProperty System.Diagnostics.Eventing.Reader.EventProperty System.Diagnostics.Eventing.Reader.EventProperty
                       System.Diagnostics.Eventing.Reader.EventProperty System.Diagnostics.Eventing.Reader.EventProperty System.Diagnostics.Eventing.Reader.EventProperty
                       System.Diagnostics.Eventing.Reader.EventProperty
Message              : The program PeopleExperienceHost.exe version 10.0.16299.15 stopped interacting with Windows and was closed. To see if more information about the problem is available,
                       check the problem history in the Security and Maintenance control panel.
                        Process ID: 1e0c
                        Start Time: 01d33d4b30a7118a
                        Termination Time: 4294967295
                        Application Path: C:\Windows\SystemApps\Microsoft.Windows.PeopleExperienceHost_cw5n1h2txyewy\PeopleExperienceHost.exe
                        Report Id: 296424c7-24b3-4590-b254-a9945292a019
                        Faulting package full name: Microsoft.Windows.PeopleExperienceHost_10.0.16299.15_neutral_neutral_cw5n1h2txyewy
                        Faulting package-relative application ID: App


>> ParameterBinding(Trace-SteroidsOutput): name="InputObject"; value="@{Id=8233; Version=0; Qualifiers=16384; Level=3; Task=0; Opcode=0; Keywords=36028797018963968; RecordId=316; ProviderName=Microsoft-Windows-Security-SPP; ProviderId=e23b33b0-c8c9-472c-a5f9-f2bdfea0f156; LogName=Application; ProcessId=0; ThreadId=0; MachineName=mica; UserId=; TimeCreated=05/10/2017 07:07:02; ActivityId=; RelatedActivityId=; ContainerLog=application; MatchedQueryIds=; Bookmark=System.Diagnostics.Eventing.Reader.EventBookmark; LevelDisplayName=Warning; OpcodeDisplayName=; TaskDisplayName=; KeywordsDisplayNames=Classic; Properties=System.Diagnostics.Eventing.Reader.EventProperty System.Diagnostics.Eventing.Reader.EventProperty System.Diagnostics.Eventing.Reader.EventProperty System.Diagnostics.Eventing.Reader.EventProperty; Message=The rules engine reported a failed VL activation attempt.
Reason:0x8007232B
AppId = 0ff1ce15-a989-479d-af46-f275c6370663, SkuId = aa2a7821-1827-4c2c-8f1d-4513a34dda97
Trigger=NetworkQuarantineRetry}"
Id                   : 8233
Version              : 0
Qualifiers           : 16384
Level                : 3
Task                 : 0
Opcode               : 0
Keywords             : 36028797018963968
RecordId             : 316
ProviderName         : Microsoft-Windows-Security-SPP
ProviderId           : e23b33b0-c8c9-472c-a5f9-f2bdfea0f156
LogName              : Application
ProcessId            : 0
ThreadId             : 0
MachineName          : mica
UserId               :
TimeCreated          : 05/10/2017 07:07:02
ActivityId           :
RelatedActivityId    :
ContainerLog         : application
MatchedQueryIds      :
Bookmark             : System.Diagnostics.Eventing.Reader.EventBookmark
LevelDisplayName     : Warning
OpcodeDisplayName    :
TaskDisplayName      :
KeywordsDisplayNames : Classic
Properties           : System.Diagnostics.Eventing.Reader.EventProperty System.Diagnostics.Eventing.Reader.EventProperty System.Diagnostics.Eventing.Reader.EventProperty
                       System.Diagnostics.Eventing.Reader.EventProperty
Message              : The rules engine reported a failed VL activation attempt.
                       Reason:0x8007232B
                       AppId = 0ff1ce15-a989-479d-af46-f275c6370663, SkuId = aa2a7821-1827-4c2c-8f1d-4513a34dda97
                       Trigger=NetworkQuarantineRetry

