>> ParameterBinding(Trace-SteroidsOutput): name="InputObject"; value="@{Id=63; Version=2; Qualifiers=; Level=3; Task=0; Opcode=0; Keywords=-9223372036854775808; RecordId=131; ProviderName=Microsoft-Windows-WMI; ProviderId=1edeee53-0afe-4609-b846-d8c0b2075b1f; LogName=Application; ProcessId=3404; ThreadId=4256; MachineName=mica; UserId=S-1-5-18; TimeCreated=04/10/2017 19:51:54; ActivityId=; RelatedActivityId=; ContainerLog=application; MatchedQueryIds=; Bookmark=System.Diagnostics.Eventing.Reader.EventBookmark; LevelDisplayName=Warning; OpcodeDisplayName=Info; TaskDisplayName=; KeywordsDisplayNames=; Properties=System.Diagnostics.Eventing.Reader.EventProperty System.Diagnostics.Eventing.Reader.EventProperty; Message=A provider, DMWmiBridgeProv, has been registered in the Windows Management Instrumentation namespace ROOT\CIMV2\mdm\dmmap to use the LocalSystem account. This account is privileged and the provider may cause a security violation if it does not correctly impersonate user requests.}"
Id                   : 63
Version              : 2
Qualifiers           :
Level                : 3
Task                 : 0
Opcode               : 0
Keywords             : -9223372036854775808
RecordId             : 131
ProviderName         : Microsoft-Windows-WMI
ProviderId           : 1edeee53-0afe-4609-b846-d8c0b2075b1f
LogName              : Application
ProcessId            : 3404
ThreadId             : 4256
MachineName          : mica
UserId               : S-1-5-18
TimeCreated          : 04/10/2017 19:51:54
ActivityId           :
RelatedActivityId    :
ContainerLog         : application
MatchedQueryIds      :
Bookmark             : System.Diagnostics.Eventing.Reader.EventBookmark
LevelDisplayName     : Warning
OpcodeDisplayName    : Info
TaskDisplayName      :
KeywordsDisplayNames :
Properties           : System.Diagnostics.Eventing.Reader.EventProperty System.Diagnostics.Eventing.Reader.EventProperty
Message              : A provider, DMWmiBridgeProv, has been registered in the Windows Management Instrumentation namespace ROOT\CIMV2\mdm\dmmap to use the LocalSystem account. This account
                       is privileged and the provider may cause a security violation if it does not correctly impersonate user requests.

>> ParameterBinding(Trace-SteroidsOutput): name="InputObject"; value="@{Id=63; Version=2; Qualifiers=; Level=3; Task=0; Opcode=0; Keywords=-9223372036854775808; RecordId=130; ProviderName=Microsoft-Windows-WMI; ProviderId=1edeee53-0afe-4609-b846-d8c0b2075b1f; LogName=Application; ProcessId=3404; ThreadId=4256; MachineName=mica; UserId=S-1-5-18; TimeCreated=04/10/2017 19:51:54; ActivityId=; RelatedActivityId=; ContainerLog=application; MatchedQueryIds=; Bookmark=System.Diagnostics.Eventing.Reader.EventBookmark; LevelDisplayName=Warning; OpcodeDisplayName=Info; TaskDisplayName=; KeywordsDisplayNames=; Properties=System.Diagnostics.Eventing.Reader.EventProperty System.Diagnostics.Eventing.Reader.EventProperty; Message=A provider, DMWmiBridgeProv1, has been registered in the Windows Management Instrumentation namespace ROOT\CIMV2\mdm\dmmap to use the LocalSystem account. This account is privileged and the provider may cause a security violation if it does not correctly impersonate user requests.}"
Id                   : 63
Version              : 2
Qualifiers           :
Level                : 3
Task                 : 0
Opcode               : 0
Keywords             : -9223372036854775808
RecordId             : 130
ProviderName         : Microsoft-Windows-WMI
ProviderId           : 1edeee53-0afe-4609-b846-d8c0b2075b1f
LogName              : Application
ProcessId            : 3404
ThreadId             : 4256
MachineName          : mica
UserId               : S-1-5-18
TimeCreated          : 04/10/2017 19:51:54
ActivityId           :
RelatedActivityId    :
ContainerLog         : application
MatchedQueryIds      :
Bookmark             : System.Diagnostics.Eventing.Reader.EventBookmark
LevelDisplayName     : Warning
OpcodeDisplayName    : Info
TaskDisplayName      :
KeywordsDisplayNames :
Properties           : System.Diagnostics.Eventing.Reader.EventProperty System.Diagnostics.Eventing.Reader.EventProperty
Message              : A provider, DMWmiBridgeProv1, has been registered in the Windows Management Instrumentation namespace ROOT\CIMV2\mdm\dmmap to use the LocalSystem account. This
                       account is privileged and the provider may cause a security violation if it does not correctly impersonate user requests.

>> ParameterBinding(Trace-SteroidsOutput): name="InputObject"; value="@{Id=63; Version=2; Qualifiers=; Level=3; Task=0; Opcode=0; Keywords=-9223372036854775808; RecordId=129; ProviderName=Microsoft-Windows-WMI; ProviderId=1edeee53-0afe-4609-b846-d8c0b2075b1f; LogName=Application; ProcessId=3404; ThreadId=4256; MachineName=mica; UserId=S-1-5-18; TimeCreated=04/10/2017 19:51:54; ActivityId=; RelatedActivityId=; ContainerLog=application; MatchedQueryIds=; Bookmark=System.Diagnostics.Eventing.Reader.EventBookmark; LevelDisplayName=Warning; OpcodeDisplayName=Info; TaskDisplayName=; KeywordsDisplayNames=; Properties=System.Diagnostics.Eventing.Reader.EventProperty System.Diagnostics.Eventing.Reader.EventProperty; Message=A provider, DMWmiBridgeProv, has been registered in the Windows Management Instrumentation namespace ROOT\CIMV2\mdm\dmmap to use the LocalSystem account. This account is privileged and the provider may cause a security violation if it does not correctly impersonate user requests.}"
Id                   : 63
Version              : 2
Qualifiers           :
Level                : 3
Task                 : 0
Opcode               : 0
Keywords             : -9223372036854775808
RecordId             : 129
ProviderName         : Microsoft-Windows-WMI
ProviderId           : 1edeee53-0afe-4609-b846-d8c0b2075b1f
LogName              : Application
ProcessId            : 3404
ThreadId             : 4256
MachineName          : mica
UserId               : S-1-5-18
TimeCreated          : 04/10/2017 19:51:54
ActivityId           :
RelatedActivityId    :
ContainerLog         : application
MatchedQueryIds      :
Bookmark             : System.Diagnostics.Eventing.Reader.EventBookmark
LevelDisplayName     : Warning
OpcodeDisplayName    : Info
TaskDisplayName      :
KeywordsDisplayNames :
Properties           : System.Diagnostics.Eventing.Reader.EventProperty System.Diagnostics.Eventing.Reader.EventProperty
Message              : A provider, DMWmiBridgeProv, has been registered in the Windows Management Instrumentation namespace ROOT\CIMV2\mdm\dmmap to use the LocalSystem account. This account
                       is privileged and the provider may cause a security violation if it does not correctly impersonate user requests.

>> ParameterBinding(Trace-SteroidsOutput): name="InputObject"; value="@{Id=63; Version=2; Qualifiers=; Level=3; Task=0; Opcode=0; Keywords=-9223372036854775808; RecordId=128; ProviderName=Microsoft-Windows-WMI; ProviderId=1edeee53-0afe-4609-b846-d8c0b2075b1f; LogName=Application; ProcessId=3404; ThreadId=4256; MachineName=mica; UserId=S-1-5-18; TimeCreated=04/10/2017 19:51:54; ActivityId=; RelatedActivityId=; ContainerLog=application; MatchedQueryIds=; Bookmark=System.Diagnostics.Eventing.Reader.EventBookmark; LevelDisplayName=Warning; OpcodeDisplayName=Info; TaskDisplayName=; KeywordsDisplayNames=; Properties=System.Diagnostics.Eventing.Reader.EventProperty System.Diagnostics.Eventing.Reader.EventProperty; Message=A provider, DMWmiBridgeProv1, has been registered in the Windows Management Instrumentation namespace ROOT\CIMV2\mdm\dmmap to use the LocalSystem account. This account is privileged and the provider may cause a security violation if it does not correctly impersonate user requests.}"
Id                   : 63
Version              : 2
Qualifiers           :
Level                : 3
Task                 : 0
Opcode               : 0
Keywords             : -9223372036854775808
RecordId             : 128
ProviderName         : Microsoft-Windows-WMI
ProviderId           : 1edeee53-0afe-4609-b846-d8c0b2075b1f
LogName              : Application
ProcessId            : 3404
ThreadId             : 4256
MachineName          : mica
UserId               : S-1-5-18
TimeCreated          : 04/10/2017 19:51:54
ActivityId           :
RelatedActivityId    :
ContainerLog         : application
MatchedQueryIds      :
Bookmark             : System.Diagnostics.Eventing.Reader.EventBookmark
LevelDisplayName     : Warning
OpcodeDisplayName    : Info
TaskDisplayName      :
KeywordsDisplayNames :
Properties           : System.Diagnostics.Eventing.Reader.EventProperty System.Diagnostics.Eventing.Reader.EventProperty
Message              : A provider, DMWmiBridgeProv1, has been registered in the Windows Management Instrumentation namespace ROOT\CIMV2\mdm\dmmap to use the LocalSystem account. This
                       account is privileged and the provider may cause a security violation if it does not correctly impersonate user requests.

>> ParameterBinding(Trace-SteroidsOutput): name="InputObject"; value="@{Id=63; Version=2; Qualifiers=; Level=3; Task=0; Opcode=0; Keywords=-9223372036854775808; RecordId=127; ProviderName=Microsoft-Windows-WMI; ProviderId=1edeee53-0afe-4609-b846-d8c0b2075b1f; LogName=Application; ProcessId=3404; ThreadId=4256; MachineName=mica; UserId=S-1-5-18; TimeCreated=04/10/2017 19:51:54; ActivityId=; RelatedActivityId=; ContainerLog=application; MatchedQueryIds=; Bookmark=System.Diagnostics.Eventing.Reader.EventBookmark; LevelDisplayName=Warning; OpcodeDisplayName=Info; TaskDisplayName=; KeywordsDisplayNames=; Properties=System.Diagnostics.Eventing.Reader.EventProperty System.Diagnostics.Eventing.Reader.EventProperty; Message=A provider, DMWmiBridgeProv, has been registered in the Windows Management Instrumentation namespace ROOT\CIMV2\mdm\dmmap to use the LocalSystem account. This account is privileged and the provider may cause a security violation if it does not correctly impersonate user requests.}"
Id                   : 63
Version              : 2
Qualifiers           :
Level                : 3
Task                 : 0
Opcode               : 0
Keywords             : -9223372036854775808
RecordId             : 127
ProviderName         : Microsoft-Windows-WMI
ProviderId           : 1edeee53-0afe-4609-b846-d8c0b2075b1f
LogName              : Application
ProcessId            : 3404
ThreadId             : 4256
MachineName          : mica
UserId               : S-1-5-18
TimeCreated          : 04/10/2017 19:51:54
ActivityId           :
RelatedActivityId    :
ContainerLog         : application
MatchedQueryIds      :
Bookmark             : System.Diagnostics.Eventing.Reader.EventBookmark
LevelDisplayName     : Warning
OpcodeDisplayName    : Info
TaskDisplayName      :
KeywordsDisplayNames :
Properties           : System.Diagnostics.Eventing.Reader.EventProperty System.Diagnostics.Eventing.Reader.EventProperty
Message              : A provider, DMWmiBridgeProv, has been registered in the Windows Management Instrumentation namespace ROOT\CIMV2\mdm\dmmap to use the LocalSystem account. This account
                       is privileged and the provider may cause a security violation if it does not correctly impersonate user requests.

>> ParameterBinding(Trace-SteroidsOutput): name="InputObject"; value="@{Id=63; Version=2; Qualifiers=; Level=3; Task=0; Opcode=0; Keywords=-9223372036854775808; RecordId=126; ProviderName=Microsoft-Windows-WMI; ProviderId=1edeee53-0afe-4609-b846-d8c0b2075b1f; LogName=Application; ProcessId=3404; ThreadId=4256; MachineName=mica; UserId=S-1-5-18; TimeCreated=04/10/2017 19:51:54; ActivityId=111b1dbd-3d4a-0000-4520-1b114a3dd301; RelatedActivityId=; ContainerLog=application; MatchedQueryIds=; Bookmark=System.Diagnostics.Eventing.Reader.EventBookmark; LevelDisplayName=Warning; OpcodeDisplayName=Info; TaskDisplayName=; KeywordsDisplayNames=; Properties=System.Diagnostics.Eventing.Reader.EventProperty System.Diagnostics.Eventing.Reader.EventProperty; Message=A provider, DMWmiBridgeProv1, has been registered in the Windows Management Instrumentation namespace ROOT\CIMV2\mdm\dmmap to use the LocalSystem account. This account is privileged and the provider may cause a security violation if it does not correctly impersonate user requests.}"
Id                   : 63
Version              : 2
Qualifiers           :
Level                : 3
Task                 : 0
Opcode               : 0
Keywords             : -9223372036854775808
RecordId             : 126
ProviderName         : Microsoft-Windows-WMI
ProviderId           : 1edeee53-0afe-4609-b846-d8c0b2075b1f
LogName              : Application
ProcessId            : 3404
ThreadId             : 4256
MachineName          : mica
UserId               : S-1-5-18
TimeCreated          : 04/10/2017 19:51:54
ActivityId           : 111b1dbd-3d4a-0000-4520-1b114a3dd301
RelatedActivityId    :
ContainerLog         : application
MatchedQueryIds      :
Bookmark             : System.Diagnostics.Eventing.Reader.EventBookmark
LevelDisplayName     : Warning
OpcodeDisplayName    : Info
TaskDisplayName      :
KeywordsDisplayNames :
Properties           : System.Diagnostics.Eventing.Reader.EventProperty System.Diagnostics.Eventing.Reader.EventProperty
Message              : A provider, DMWmiBridgeProv1, has been registered in the Windows Management Instrumentation namespace ROOT\CIMV2\mdm\dmmap to use the LocalSystem account. This
                       account is privileged and the provider may cause a security violation if it does not correctly impersonate user requests.

>> ParameterBinding(Trace-SteroidsOutput): name="InputObject"; value="@{Id=63; Version=2; Qualifiers=; Level=3; Task=0; Opcode=0; Keywords=-9223372036854775808; RecordId=125; ProviderName=Microsoft-Windows-WMI; ProviderId=1edeee53-0afe-4609-b846-d8c0b2075b1f; LogName=Application; ProcessId=3404; ThreadId=4256; MachineName=mica; UserId=S-1-5-18; TimeCreated=04/10/2017 19:51:54; ActivityId=; RelatedActivityId=; ContainerLog=application; MatchedQueryIds=; Bookmark=System.Diagnostics.Eventing.Reader.EventBookmark; LevelDisplayName=Warning; OpcodeDisplayName=Info; TaskDisplayName=; KeywordsDisplayNames=; Properties=System.Diagnostics.Eventing.Reader.EventProperty System.Diagnostics.Eventing.Reader.EventProperty; Message=A provider, MDMSettingsProv, has been registered in the Windows Management Instrumentation namespace ROOT\CIMV2\mdm to use the LocalSystem account. This account is privileged and the provider may cause a security violation if it does not correctly impersonate user requests.}"
Id                   : 63
Version              : 2
Qualifiers           :
Level                : 3
Task                 : 0
Opcode               : 0
Keywords             : -9223372036854775808
RecordId             : 125
ProviderName         : Microsoft-Windows-WMI
ProviderId           : 1edeee53-0afe-4609-b846-d8c0b2075b1f
LogName              : Application
ProcessId            : 3404
ThreadId             : 4256
MachineName          : mica
UserId               : S-1-5-18
TimeCreated          : 04/10/2017 19:51:54
ActivityId           :
RelatedActivityId    :
ContainerLog         : application
MatchedQueryIds      :
Bookmark             : System.Diagnostics.Eventing.Reader.EventBookmark
LevelDisplayName     : Warning
OpcodeDisplayName    : Info
TaskDisplayName      :
KeywordsDisplayNames :
Properties           : System.Diagnostics.Eventing.Reader.EventProperty System.Diagnostics.Eventing.Reader.EventProperty
Message              : A provider, MDMSettingsProv, has been registered in the Windows Management Instrumentation namespace ROOT\CIMV2\mdm to use the LocalSystem account. This account is
                       privileged and the provider may cause a security violation if it does not correctly impersonate user requests.

>> ParameterBinding(Trace-SteroidsOutput): name="InputObject"; value="@{Id=63; Version=2; Qualifiers=; Level=3; Task=0; Opcode=0; Keywords=-9223372036854775808; RecordId=124; ProviderName=Microsoft-Windows-WMI; ProviderId=1edeee53-0afe-4609-b846-d8c0b2075b1f; LogName=Application; ProcessId=3404; ThreadId=4256; MachineName=mica; UserId=S-1-5-18; TimeCreated=04/10/2017 19:51:54; ActivityId=; RelatedActivityId=; ContainerLog=application; MatchedQueryIds=; Bookmark=System.Diagnostics.Eventing.Reader.EventBookmark; LevelDisplayName=Warning; OpcodeDisplayName=Info; TaskDisplayName=; KeywordsDisplayNames=; Properties=System.Diagnostics.Eventing.Reader.EventProperty System.Diagnostics.Eventing.Reader.EventProperty; Message=A provider, MDMSettingsProv, has been registered in the Windows Management Instrumentation namespace ROOT\CIMV2\mdm to use the LocalSystem account. This account is privileged and the provider may cause a security violation if it does not correctly impersonate user requests.}"
Id                   : 63
Version              : 2
Qualifiers           :
Level                : 3
Task                 : 0
Opcode               : 0
Keywords             : -9223372036854775808
RecordId             : 124
ProviderName         : Microsoft-Windows-WMI
ProviderId           : 1edeee53-0afe-4609-b846-d8c0b2075b1f
LogName              : Application
ProcessId            : 3404
ThreadId             : 4256
MachineName          : mica
UserId               : S-1-5-18
TimeCreated          : 04/10/2017 19:51:54
ActivityId           :
RelatedActivityId    :
ContainerLog         : application
MatchedQueryIds      :
Bookmark             : System.Diagnostics.Eventing.Reader.EventBookmark
LevelDisplayName     : Warning
OpcodeDisplayName    : Info
TaskDisplayName      :
KeywordsDisplayNames :
Properties           : System.Diagnostics.Eventing.Reader.EventProperty System.Diagnostics.Eventing.Reader.EventProperty
Message              : A provider, MDMSettingsProv, has been registered in the Windows Management Instrumentation namespace ROOT\CIMV2\mdm to use the LocalSystem account. This account is
                       privileged and the provider may cause a security violation if it does not correctly impersonate user requests.

>> ParameterBinding(Trace-SteroidsOutput): name="InputObject"; value="@{Id=63; Version=2; Qualifiers=; Level=3; Task=0; Opcode=0; Keywords=-9223372036854775808; RecordId=123; ProviderName=Microsoft-Windows-WMI; ProviderId=1edeee53-0afe-4609-b846-d8c0b2075b1f; LogName=Application; ProcessId=3404; ThreadId=4256; MachineName=mica; UserId=S-1-5-18; TimeCreated=04/10/2017 19:51:54; ActivityId=; RelatedActivityId=; ContainerLog=application; MatchedQueryIds=; Bookmark=System.Diagnostics.Eventing.Reader.EventBookmark; LevelDisplayName=Warning; OpcodeDisplayName=Info; TaskDisplayName=; KeywordsDisplayNames=; Properties=System.Diagnostics.Eventing.Reader.EventProperty System.Diagnostics.Eventing.Reader.EventProperty; Message=A provider, UserProfileConfigurationProvider, has been registered in the Windows Management Instrumentation namespace ROOT\CIMV2 to use the LocalSystem account. This account is privileged and the provider may cause a security violation if it does not correctly impersonate user requests.}"
Id                   : 63
Version              : 2
Qualifiers           :
Level                : 3
Task                 : 0
Opcode               : 0
Keywords             : -9223372036854775808
RecordId             : 123
ProviderName         : Microsoft-Windows-WMI
ProviderId           : 1edeee53-0afe-4609-b846-d8c0b2075b1f
LogName              : Application
ProcessId            : 3404
ThreadId             : 4256
MachineName          : mica
UserId               : S-1-5-18
TimeCreated          : 04/10/2017 19:51:54
ActivityId           :
RelatedActivityId    :
ContainerLog         : application
MatchedQueryIds      :
Bookmark             : System.Diagnostics.Eventing.Reader.EventBookmark
LevelDisplayName     : Warning
OpcodeDisplayName    : Info
TaskDisplayName      :
KeywordsDisplayNames :
Properties           : System.Diagnostics.Eventing.Reader.EventProperty System.Diagnostics.Eventing.Reader.EventProperty
Message              : A provider, UserProfileConfigurationProvider, has been registered in the Windows Management Instrumentation namespace ROOT\CIMV2 to use the LocalSystem account. This
                       account is privileged and the provider may cause a security violation if it does not correctly impersonate user requests.

>> ParameterBinding(Trace-SteroidsOutput): name="InputObject"; value="@{Id=63; Version=2; Qualifiers=; Level=3; Task=0; Opcode=0; Keywords=-9223372036854775808; RecordId=122; ProviderName=Microsoft-Windows-WMI; ProviderId=1edeee53-0afe-4609-b846-d8c0b2075b1f; LogName=Application; ProcessId=3404; ThreadId=4256; MachineName=mica; UserId=S-1-5-18; TimeCreated=04/10/2017 19:51:54; ActivityId=; RelatedActivityId=; ContainerLog=application; MatchedQueryIds=; Bookmark=System.Diagnostics.Eventing.Reader.EventBookmark; LevelDisplayName=Warning; OpcodeDisplayName=Info; TaskDisplayName=; KeywordsDisplayNames=; Properties=System.Diagnostics.Eventing.Reader.EventProperty System.Diagnostics.Eventing.Reader.EventProperty; Message=A provider, Win32_OfflineFilesConfigurationProvider, has been registered in the Windows Management Instrumentation namespace ROOT\CIMV2 to use the LocalSystem account. This account is privileged and the provider may cause a security violation if it does not correctly impersonate user requests.}"
Id                   : 63
Version              : 2
Qualifiers           :
Level                : 3
Task                 : 0
Opcode               : 0
Keywords             : -9223372036854775808
RecordId             : 122
ProviderName         : Microsoft-Windows-WMI
ProviderId           : 1edeee53-0afe-4609-b846-d8c0b2075b1f
LogName              : Application
ProcessId            : 3404
ThreadId             : 4256
MachineName          : mica
UserId               : S-1-5-18
TimeCreated          : 04/10/2017 19:51:54
ActivityId           :
RelatedActivityId    :
ContainerLog         : application
MatchedQueryIds      :
Bookmark             : System.Diagnostics.Eventing.Reader.EventBookmark
LevelDisplayName     : Warning
OpcodeDisplayName    : Info
TaskDisplayName      :
KeywordsDisplayNames :
Properties           : System.Diagnostics.Eventing.Reader.EventProperty System.Diagnostics.Eventing.Reader.EventProperty
Message              : A provider, Win32_OfflineFilesConfigurationProvider, has been registered in the Windows Management Instrumentation namespace ROOT\CIMV2 to use the LocalSystem
                       account. This account is privileged and the provider may cause a security violation if it does not correctly impersonate user requests.

>> ParameterBinding(Trace-SteroidsOutput): name="InputObject"; value="@{Id=63; Version=2; Qualifiers=; Level=3; Task=0; Opcode=0; Keywords=-9223372036854775808; RecordId=121; ProviderName=Microsoft-Windows-WMI; ProviderId=1edeee53-0afe-4609-b846-d8c0b2075b1f; LogName=Application; ProcessId=3404; ThreadId=4256; MachineName=mica; UserId=S-1-5-18; TimeCreated=04/10/2017 19:51:54; ActivityId=; RelatedActivityId=; ContainerLog=application; MatchedQueryIds=; Bookmark=System.Diagnostics.Eventing.Reader.EventBookmark; LevelDisplayName=Warning; OpcodeDisplayName=Info; TaskDisplayName=; KeywordsDisplayNames=; Properties=System.Diagnostics.Eventing.Reader.EventProperty System.Diagnostics.Eventing.Reader.EventProperty; Message=A provider, Win32_FolderRedirectionConfiguration, has been registered in the Windows Management Instrumentation namespace ROOT\CIMV2 to use the LocalSystem account. This account is privileged and the provider may cause a security violation if it does not correctly impersonate user requests.}"
Id                   : 63
Version              : 2
Qualifiers           :
Level                : 3
Task                 : 0
Opcode               : 0
Keywords             : -9223372036854775808
RecordId             : 121
ProviderName         : Microsoft-Windows-WMI
ProviderId           : 1edeee53-0afe-4609-b846-d8c0b2075b1f
LogName              : Application
ProcessId            : 3404
ThreadId             : 4256
MachineName          : mica
UserId               : S-1-5-18
TimeCreated          : 04/10/2017 19:51:54
ActivityId           :
RelatedActivityId    :
ContainerLog         : application
MatchedQueryIds      :
Bookmark             : System.Diagnostics.Eventing.Reader.EventBookmark
LevelDisplayName     : Warning
OpcodeDisplayName    : Info
TaskDisplayName      :
KeywordsDisplayNames :
Properties           : System.Diagnostics.Eventing.Reader.EventProperty System.Diagnostics.Eventing.Reader.EventProperty
Message              : A provider, Win32_FolderRedirectionConfiguration, has been registered in the Windows Management Instrumentation namespace ROOT\CIMV2 to use the LocalSystem account.
                       This account is privileged and the provider may cause a security violation if it does not correctly impersonate user requests.

>> ParameterBinding(Trace-SteroidsOutput): name="InputObject"; value="@{Id=63; Version=2; Qualifiers=; Level=3; Task=0; Opcode=0; Keywords=-9223372036854775808; RecordId=120; ProviderName=Microsoft-Windows-WMI; ProviderId=1edeee53-0afe-4609-b846-d8c0b2075b1f; LogName=Application; ProcessId=3404; ThreadId=4256; MachineName=mica; UserId=S-1-5-18; TimeCreated=04/10/2017 19:51:54; ActivityId=; RelatedActivityId=; ContainerLog=application; MatchedQueryIds=; Bookmark=System.Diagnostics.Eventing.Reader.EventBookmark; LevelDisplayName=Warning; OpcodeDisplayName=Info; TaskDisplayName=; KeywordsDisplayNames=; Properties=System.Diagnostics.Eventing.Reader.EventProperty System.Diagnostics.Eventing.Reader.EventProperty; Message=A provider, InvProv, has been registered in the Windows Management Instrumentation namespace ROOT\CIMV2 to use the LocalSystem account. This account is privileged and the provider may cause a security violation if it does not correctly impersonate user requests.}"
Id                   : 63
Version              : 2
Qualifiers           :
Level                : 3
Task                 : 0
Opcode               : 0
Keywords             : -9223372036854775808
RecordId             : 120
ProviderName         : Microsoft-Windows-WMI
ProviderId           : 1edeee53-0afe-4609-b846-d8c0b2075b1f
LogName              : Application
ProcessId            : 3404
ThreadId             : 4256
MachineName          : mica
UserId               : S-1-5-18
TimeCreated          : 04/10/2017 19:51:54
ActivityId           :
RelatedActivityId    :
ContainerLog         : application
MatchedQueryIds      :
Bookmark             : System.Diagnostics.Eventing.Reader.EventBookmark
LevelDisplayName     : Warning
OpcodeDisplayName    : Info
TaskDisplayName      :
KeywordsDisplayNames :
Properties           : System.Diagnostics.Eventing.Reader.EventProperty System.Diagnostics.Eventing.Reader.EventProperty
Message              : A provider, InvProv, has been registered in the Windows Management Instrumentation namespace ROOT\CIMV2 to use the LocalSystem account. This account is privileged and
                       the provider may cause a security violation if it does not correctly impersonate user requests.

>> ParameterBinding(Trace-SteroidsOutput): name="InputObject"; value="@{Id=63; Version=2; Qualifiers=; Level=3; Task=0; Opcode=0; Keywords=-9223372036854775808; RecordId=119; ProviderName=Microsoft-Windows-WMI; ProviderId=1edeee53-0afe-4609-b846-d8c0b2075b1f; LogName=Application; ProcessId=3404; ThreadId=4256; MachineName=mica; UserId=S-1-5-18; TimeCreated=04/10/2017 19:51:54; ActivityId=; RelatedActivityId=; ContainerLog=application; MatchedQueryIds=; Bookmark=System.Diagnostics.Eventing.Reader.EventBookmark; LevelDisplayName=Warning; OpcodeDisplayName=Info; TaskDisplayName=; KeywordsDisplayNames=; Properties=System.Diagnostics.Eventing.Reader.EventProperty System.Diagnostics.Eventing.Reader.EventProperty; Message=A provider, UserProfileConfigurationProvider, has been registered in the Windows Management Instrumentation namespace ROOT\CIMV2 to use the LocalSystem account. This account is privileged and the provider may cause a security violation if it does not correctly impersonate user requests.}"
Id                   : 63
Version              : 2
Qualifiers           :
Level                : 3
Task                 : 0
Opcode               : 0
Keywords             : -9223372036854775808
RecordId             : 119
ProviderName         : Microsoft-Windows-WMI
ProviderId           : 1edeee53-0afe-4609-b846-d8c0b2075b1f
LogName              : Application
ProcessId            : 3404
ThreadId             : 4256
MachineName          : mica
UserId               : S-1-5-18
TimeCreated          : 04/10/2017 19:51:54
ActivityId           :
RelatedActivityId    :
ContainerLog         : application
MatchedQueryIds      :
Bookmark             : System.Diagnostics.Eventing.Reader.EventBookmark
LevelDisplayName     : Warning
OpcodeDisplayName    : Info
TaskDisplayName      :
KeywordsDisplayNames :
Properties           : System.Diagnostics.Eventing.Reader.EventProperty System.Diagnostics.Eventing.Reader.EventProperty
Message              : A provider, UserProfileConfigurationProvider, has been registered in the Windows Management Instrumentation namespace ROOT\CIMV2 to use the LocalSystem account. This
                       account is privileged and the provider may cause a security violation if it does not correctly impersonate user requests.

>> ParameterBinding(Trace-SteroidsOutput): name="InputObject"; value="@{Id=63; Version=2; Qualifiers=; Level=3; Task=0; Opcode=0; Keywords=-9223372036854775808; RecordId=118; ProviderName=Microsoft-Windows-WMI; ProviderId=1edeee53-0afe-4609-b846-d8c0b2075b1f; LogName=Application; ProcessId=3404; ThreadId=4256; MachineName=mica; UserId=S-1-5-18; TimeCreated=04/10/2017 19:51:54; ActivityId=; RelatedActivityId=; ContainerLog=application; MatchedQueryIds=; Bookmark=System.Diagnostics.Eventing.Reader.EventBookmark; LevelDisplayName=Warning; OpcodeDisplayName=Info; TaskDisplayName=; KeywordsDisplayNames=; Properties=System.Diagnostics.Eventing.Reader.EventProperty System.Diagnostics.Eventing.Reader.EventProperty; Message=A provider, Win32_UserStateConfigurationProvider, has been registered in the Windows Management Instrumentation namespace ROOT\CIMV2 to use the LocalSystem account. This account is privileged and the provider may cause a security violation if it does not correctly impersonate user requests.}"
Id                   : 63
Version              : 2
Qualifiers           :
Level                : 3
Task                 : 0
Opcode               : 0
Keywords             : -9223372036854775808
RecordId             : 118
ProviderName         : Microsoft-Windows-WMI
ProviderId           : 1edeee53-0afe-4609-b846-d8c0b2075b1f
LogName              : Application
ProcessId            : 3404
ThreadId             : 4256
MachineName          : mica
UserId               : S-1-5-18
TimeCreated          : 04/10/2017 19:51:54
ActivityId           :
RelatedActivityId    :
ContainerLog         : application
MatchedQueryIds      :
Bookmark             : System.Diagnostics.Eventing.Reader.EventBookmark
LevelDisplayName     : Warning
OpcodeDisplayName    : Info
TaskDisplayName      :
KeywordsDisplayNames :
Properties           : System.Diagnostics.Eventing.Reader.EventProperty System.Diagnostics.Eventing.Reader.EventProperty
Message              : A provider, Win32_UserStateConfigurationProvider, has been registered in the Windows Management Instrumentation namespace ROOT\CIMV2 to use the LocalSystem account.
                       This account is privileged and the provider may cause a security violation if it does not correctly impersonate user requests.

>> ParameterBinding(Trace-SteroidsOutput): name="InputObject"; value="@{Id=63; Version=2; Qualifiers=; Level=3; Task=0; Opcode=0; Keywords=-9223372036854775808; RecordId=117; ProviderName=Microsoft-Windows-WMI; ProviderId=1edeee53-0afe-4609-b846-d8c0b2075b1f; LogName=Application; ProcessId=3404; ThreadId=4256; MachineName=mica; UserId=S-1-5-18; TimeCreated=04/10/2017 19:51:54; ActivityId=; RelatedActivityId=; ContainerLog=application; MatchedQueryIds=; Bookmark=System.Diagnostics.Eventing.Reader.EventBookmark; LevelDisplayName=Warning; OpcodeDisplayName=Info; TaskDisplayName=; KeywordsDisplayNames=; Properties=System.Diagnostics.Eventing.Reader.EventProperty System.Diagnostics.Eventing.Reader.EventProperty; Message=A provider, Win32_OfflineFilesConfigurationProvider, has been registered in the Windows Management Instrumentation namespace ROOT\CIMV2 to use the LocalSystem account. This account is privileged and the provider may cause a security violation if it does not correctly impersonate user requests.}"
Id                   : 63
Version              : 2
Qualifiers           :
Level                : 3
Task                 : 0
Opcode               : 0
Keywords             : -9223372036854775808
RecordId             : 117
ProviderName         : Microsoft-Windows-WMI
ProviderId           : 1edeee53-0afe-4609-b846-d8c0b2075b1f
LogName              : Application
ProcessId            : 3404
ThreadId             : 4256
MachineName          : mica
UserId               : S-1-5-18
TimeCreated          : 04/10/2017 19:51:54
ActivityId           :
RelatedActivityId    :
ContainerLog         : application
MatchedQueryIds      :
Bookmark             : System.Diagnostics.Eventing.Reader.EventBookmark
LevelDisplayName     : Warning
OpcodeDisplayName    : Info
TaskDisplayName      :
KeywordsDisplayNames :
Properties           : System.Diagnostics.Eventing.Reader.EventProperty System.Diagnostics.Eventing.Reader.EventProperty
Message              : A provider, Win32_OfflineFilesConfigurationProvider, has been registered in the Windows Management Instrumentation namespace ROOT\CIMV2 to use the LocalSystem
                       account. This account is privileged and the provider may cause a security violation if it does not correctly impersonate user requests.

>> ParameterBinding(Trace-SteroidsOutput): name="InputObject"; value="@{Id=63; Version=2; Qualifiers=; Level=3; Task=0; Opcode=0; Keywords=-9223372036854775808; RecordId=116; ProviderName=Microsoft-Windows-WMI; ProviderId=1edeee53-0afe-4609-b846-d8c0b2075b1f; LogName=Application; ProcessId=3404; ThreadId=4256; MachineName=mica; UserId=S-1-5-18; TimeCreated=04/10/2017 19:51:54; ActivityId=111b1dbd-3d4a-0002-691f-1b114a3dd301; RelatedActivityId=; ContainerLog=application; MatchedQueryIds=; Bookmark=System.Diagnostics.Eventing.Reader.EventBookmark; LevelDisplayName=Warning; OpcodeDisplayName=Info; TaskDisplayName=; KeywordsDisplayNames=; Properties=System.Diagnostics.Eventing.Reader.EventProperty System.Diagnostics.Eventing.Reader.EventProperty; Message=A provider, Win32_FolderRedirectionConfiguration, has been registered in the Windows Management Instrumentation namespace ROOT\CIMV2 to use the LocalSystem account. This account is privileged and the provider may cause a security violation if it does not correctly impersonate user requests.}"
Id                   : 63
Version              : 2
Qualifiers           :
Level                : 3
Task                 : 0
Opcode               : 0
Keywords             : -9223372036854775808
RecordId             : 116
ProviderName         : Microsoft-Windows-WMI
ProviderId           : 1edeee53-0afe-4609-b846-d8c0b2075b1f
LogName              : Application
ProcessId            : 3404
ThreadId             : 4256
MachineName          : mica
UserId               : S-1-5-18
TimeCreated          : 04/10/2017 19:51:54
ActivityId           : 111b1dbd-3d4a-0002-691f-1b114a3dd301
RelatedActivityId    :
ContainerLog         : application
MatchedQueryIds      :
Bookmark             : System.Diagnostics.Eventing.Reader.EventBookmark
LevelDisplayName     : Warning
OpcodeDisplayName    : Info
TaskDisplayName      :
KeywordsDisplayNames :
Properties           : System.Diagnostics.Eventing.Reader.EventProperty System.Diagnostics.Eventing.Reader.EventProperty
Message              : A provider, Win32_FolderRedirectionConfiguration, has been registered in the Windows Management Instrumentation namespace ROOT\CIMV2 to use the LocalSystem account.
                       This account is privileged and the provider may cause a security violation if it does not correctly impersonate user requests.

>> ParameterBinding(Trace-SteroidsOutput): name="InputObject"; value="@{Id=63; Version=2; Qualifiers=; Level=3; Task=0; Opcode=0; Keywords=-9223372036854775808; RecordId=115; ProviderName=Microsoft-Windows-WMI; ProviderId=1edeee53-0afe-4609-b846-d8c0b2075b1f; LogName=Application; ProcessId=3404; ThreadId=4256; MachineName=mica; UserId=S-1-5-18; TimeCreated=04/10/2017 19:51:54; ActivityId=111b1dbd-3d4a-0002-681f-1b114a3dd301; RelatedActivityId=; ContainerLog=application; MatchedQueryIds=; Bookmark=System.Diagnostics.Eventing.Reader.EventBookmark; LevelDisplayName=Warning; OpcodeDisplayName=Info; TaskDisplayName=; KeywordsDisplayNames=; Properties=System.Diagnostics.Eventing.Reader.EventProperty System.Diagnostics.Eventing.Reader.EventProperty; Message=A provider, Win32_UserStateConfigurationProvider, has been registered in the Windows Management Instrumentation namespace ROOT\CIMV2 to use the LocalSystem account. This account is privileged and the provider may cause a security violation if it does not correctly impersonate user requests.}"
Id                   : 63
Version              : 2
Qualifiers           :
Level                : 3
Task                 : 0
Opcode               : 0
Keywords             : -9223372036854775808
RecordId             : 115
ProviderName         : Microsoft-Windows-WMI
ProviderId           : 1edeee53-0afe-4609-b846-d8c0b2075b1f
LogName              : Application
ProcessId            : 3404
ThreadId             : 4256
MachineName          : mica
UserId               : S-1-5-18
TimeCreated          : 04/10/2017 19:51:54
ActivityId           : 111b1dbd-3d4a-0002-681f-1b114a3dd301
RelatedActivityId    :
ContainerLog         : application
MatchedQueryIds      :
Bookmark             : System.Diagnostics.Eventing.Reader.EventBookmark
LevelDisplayName     : Warning
OpcodeDisplayName    : Info
TaskDisplayName      :
KeywordsDisplayNames :
Properties           : System.Diagnostics.Eventing.Reader.EventProperty System.Diagnostics.Eventing.Reader.EventProperty
Message              : A provider, Win32_UserStateConfigurationProvider, has been registered in the Windows Management Instrumentation namespace ROOT\CIMV2 to use the LocalSystem account.
                       This account is privileged and the provider may cause a security violation if it does not correctly impersonate user requests.

>> ParameterBinding(Trace-SteroidsOutput): name="InputObject"; value="@{Id=63; Version=2; Qualifiers=; Level=3; Task=0; Opcode=0; Keywords=-9223372036854775808; RecordId=114; ProviderName=Microsoft-Windows-WMI; ProviderId=1edeee53-0afe-4609-b846-d8c0b2075b1f; LogName=Application; ProcessId=3404; ThreadId=4256; MachineName=mica; UserId=S-1-5-18; TimeCreated=04/10/2017 19:51:54; ActivityId=111b1dbd-3d4a-0000-4320-1b114a3dd301; RelatedActivityId=; ContainerLog=application; MatchedQueryIds=; Bookmark=System.Diagnostics.Eventing.Reader.EventBookmark; LevelDisplayName=Warning; OpcodeDisplayName=Info; TaskDisplayName=; KeywordsDisplayNames=; Properties=System.Diagnostics.Eventing.Reader.EventProperty System.Diagnostics.Eventing.Reader.EventProperty; Message=A provider, UserProfileConfigurationProvider, has been registered in the Windows Management Instrumentation namespace ROOT\CIMV2 to use the LocalSystem account. This account is privileged and the provider may cause a security violation if it does not correctly impersonate user requests.}"
Id                   : 63
Version              : 2
Qualifiers           :
Level                : 3
Task                 : 0
Opcode               : 0
Keywords             : -9223372036854775808
RecordId             : 114
ProviderName         : Microsoft-Windows-WMI
ProviderId           : 1edeee53-0afe-4609-b846-d8c0b2075b1f
LogName              : Application
ProcessId            : 3404
ThreadId             : 4256
MachineName          : mica
UserId               : S-1-5-18
TimeCreated          : 04/10/2017 19:51:54
ActivityId           : 111b1dbd-3d4a-0000-4320-1b114a3dd301
RelatedActivityId    :
ContainerLog         : application
MatchedQueryIds      :
Bookmark             : System.Diagnostics.Eventing.Reader.EventBookmark
LevelDisplayName     : Warning
OpcodeDisplayName    : Info
TaskDisplayName      :
KeywordsDisplayNames :
Properties           : System.Diagnostics.Eventing.Reader.EventProperty System.Diagnostics.Eventing.Reader.EventProperty
Message              : A provider, UserProfileConfigurationProvider, has been registered in the Windows Management Instrumentation namespace ROOT\CIMV2 to use the LocalSystem account. This
                       account is privileged and the provider may cause a security violation if it does not correctly impersonate user requests.

>> ParameterBinding(Trace-SteroidsOutput): name="InputObject"; value="@{Id=63; Version=2; Qualifiers=; Level=3; Task=0; Opcode=0; Keywords=-9223372036854775808; RecordId=113; ProviderName=Microsoft-Windows-WMI; ProviderId=1edeee53-0afe-4609-b846-d8c0b2075b1f; LogName=Application; ProcessId=3404; ThreadId=4256; MachineName=mica; UserId=S-1-5-18; TimeCreated=04/10/2017 19:51:54; ActivityId=111b1dbd-3d4a-0000-4120-1b114a3dd301; RelatedActivityId=; ContainerLog=application; MatchedQueryIds=; Bookmark=System.Diagnostics.Eventing.Reader.EventBookmark; LevelDisplayName=Warning; OpcodeDisplayName=Info; TaskDisplayName=; KeywordsDisplayNames=; Properties=System.Diagnostics.Eventing.Reader.EventProperty System.Diagnostics.Eventing.Reader.EventProperty; Message=A provider, InvProv, has been registered in the Windows Management Instrumentation namespace ROOT\CIMV2 to use the LocalSystem account. This account is privileged and the provider may cause a security violation if it does not correctly impersonate user requests.}"
Id                   : 63
Version              : 2
Qualifiers           :
Level                : 3
Task                 : 0
Opcode               : 0
Keywords             : -9223372036854775808
RecordId             : 113
ProviderName         : Microsoft-Windows-WMI
ProviderId           : 1edeee53-0afe-4609-b846-d8c0b2075b1f
LogName              : Application
ProcessId            : 3404
ThreadId             : 4256
MachineName          : mica
UserId               : S-1-5-18
TimeCreated          : 04/10/2017 19:51:54
ActivityId           : 111b1dbd-3d4a-0000-4120-1b114a3dd301
RelatedActivityId    :
ContainerLog         : application
MatchedQueryIds      :
Bookmark             : System.Diagnostics.Eventing.Reader.EventBookmark
LevelDisplayName     : Warning
OpcodeDisplayName    : Info
TaskDisplayName      :
KeywordsDisplayNames :
Properties           : System.Diagnostics.Eventing.Reader.EventProperty System.Diagnostics.Eventing.Reader.EventProperty
Message              : A provider, InvProv, has been registered in the Windows Management Instrumentation namespace ROOT\CIMV2 to use the LocalSystem account. This account is privileged and
                       the provider may cause a security violation if it does not correctly impersonate user requests.

>> ParameterBinding(Trace-SteroidsOutput): name="InputObject"; value="@{Id=63; Version=2; Qualifiers=; Level=3; Task=0; Opcode=0; Keywords=-9223372036854775808; RecordId=112; ProviderName=Microsoft-Windows-WMI; ProviderId=1edeee53-0afe-4609-b846-d8c0b2075b1f; LogName=Application; ProcessId=3404; ThreadId=4256; MachineName=mica; UserId=S-1-5-18; TimeCreated=04/10/2017 19:51:54; ActivityId=111b1dbd-3d4a-0000-4020-1b114a3dd301; RelatedActivityId=; ContainerLog=application; MatchedQueryIds=; Bookmark=System.Diagnostics.Eventing.Reader.EventBookmark; LevelDisplayName=Warning; OpcodeDisplayName=Info; TaskDisplayName=; KeywordsDisplayNames=; Properties=System.Diagnostics.Eventing.Reader.EventProperty System.Diagnostics.Eventing.Reader.EventProperty; Message=A provider, Win32_OfflineFilesConfigurationProvider, has been registered in the Windows Management Instrumentation namespace ROOT\CIMV2 to use the LocalSystem account. This account is privileged and the provider may cause a security violation if it does not correctly impersonate user requests.}"
Id                   : 63
Version              : 2
Qualifiers           :
Level                : 3
Task                 : 0
Opcode               : 0
Keywords             : -9223372036854775808
RecordId             : 112
ProviderName         : Microsoft-Windows-WMI
ProviderId           : 1edeee53-0afe-4609-b846-d8c0b2075b1f
LogName              : Application
ProcessId            : 3404
ThreadId             : 4256
MachineName          : mica
UserId               : S-1-5-18
TimeCreated          : 04/10/2017 19:51:54
ActivityId           : 111b1dbd-3d4a-0000-4020-1b114a3dd301
RelatedActivityId    :
ContainerLog         : application
MatchedQueryIds      :
Bookmark             : System.Diagnostics.Eventing.Reader.EventBookmark
LevelDisplayName     : Warning
OpcodeDisplayName    : Info
TaskDisplayName      :
KeywordsDisplayNames :
Properties           : System.Diagnostics.Eventing.Reader.EventProperty System.Diagnostics.Eventing.Reader.EventProperty
Message              : A provider, Win32_OfflineFilesConfigurationProvider, has been registered in the Windows Management Instrumentation namespace ROOT\CIMV2 to use the LocalSystem
                       account. This account is privileged and the provider may cause a security violation if it does not correctly impersonate user requests.

>> ParameterBinding(Trace-SteroidsOutput): name="InputObject"; value="@{Id=4104; Version=0; Qualifiers=16384; Level=3; Task=14; Opcode=0; Keywords=36028797018963968; RecordId=64; ProviderName=Microsoft-Windows-MSDTC Client 2; ProviderId=155cb334-3d7f-4ff1-b107-df8afc3c0363; LogName=Application; ProcessId=0; ThreadId=0; MachineName=mica; UserId=; TimeCreated=04/10/2017 19:51:49; ActivityId=; RelatedActivityId=; ContainerLog=application; MatchedQueryIds=; Bookmark=System.Diagnostics.Eventing.Reader.EventBookmark; LevelDisplayName=Warning; OpcodeDisplayName=; TaskDisplayName=Cluster; KeywordsDisplayNames=Classic; Properties=System.Diagnostics.Eventing.Reader.EventProperty System.Diagnostics.Eventing.Reader.EventProperty; Message=Failed trying to get the state of the cluster node: MICA.The error code returned: 0x8007085A}"
Id                   : 4104
Version              : 0
Qualifiers           : 16384
Level                : 3
Task                 : 14
Opcode               : 0
Keywords             : 36028797018963968
RecordId             : 64
ProviderName         : Microsoft-Windows-MSDTC Client 2
ProviderId           : 155cb334-3d7f-4ff1-b107-df8afc3c0363
LogName              : Application
ProcessId            : 0
ThreadId             : 0
MachineName          : mica
UserId               :
TimeCreated          : 04/10/2017 19:51:49
ActivityId           :
RelatedActivityId    :
ContainerLog         : application
MatchedQueryIds      :
Bookmark             : System.Diagnostics.Eventing.Reader.EventBookmark
LevelDisplayName     : Warning
OpcodeDisplayName    :
TaskDisplayName      : Cluster
KeywordsDisplayNames : Classic
Properties           : System.Diagnostics.Eventing.Reader.EventProperty System.Diagnostics.Eventing.Reader.EventProperty
Message              : Failed trying to get the state of the cluster node: MICA.The error code returned: 0x8007085A

>> ParameterBinding(Trace-SteroidsOutput): name="InputObject"; value="@{Id=4104; Version=0; Qualifiers=16384; Level=2; Task=14; Opcode=0; Keywords=36028797018963968; RecordId=63; ProviderName=Microsoft-Windows-MSDTC Client 2; ProviderId=155cb334-3d7f-4ff1-b107-df8afc3c0363; LogName=Application; ProcessId=0; ThreadId=0; MachineName=mica; UserId=; TimeCreated=04/10/2017 19:51:49; ActivityId=; RelatedActivityId=; ContainerLog=application; MatchedQueryIds=; Bookmark=System.Diagnostics.Eventing.Reader.EventBookmark; LevelDisplayName=Error; OpcodeDisplayName=; TaskDisplayName=Cluster; KeywordsDisplayNames=Classic; Properties=System.Diagnostics.Eventing.Reader.EventProperty System.Diagnostics.Eventing.Reader.EventProperty; Message=Failed trying to get the state of the cluster node: .The error code returned: 0x8007085A}"
Id                   : 4104
Version              : 0
Qualifiers           : 16384
Level                : 2
Task                 : 14
Opcode               : 0
Keywords             : 36028797018963968
RecordId             : 63
ProviderName         : Microsoft-Windows-MSDTC Client 2
ProviderId           : 155cb334-3d7f-4ff1-b107-df8afc3c0363
LogName              : Application
ProcessId            : 0
ThreadId             : 0
MachineName          : mica
UserId               :
TimeCreated          : 04/10/2017 19:51:49
ActivityId           :
RelatedActivityId    :
ContainerLog         : application
MatchedQueryIds      :
Bookmark             : System.Diagnostics.Eventing.Reader.EventBookmark
LevelDisplayName     : Error
OpcodeDisplayName    :
TaskDisplayName      : Cluster
KeywordsDisplayNames : Classic
Properties           : System.Diagnostics.Eventing.Reader.EventProperty System.Diagnostics.Eventing.Reader.EventProperty
Message              : Failed trying to get the state of the cluster node: .The error code returned: 0x8007085A

