Id                   : 10031
Version              : 0
Qualifiers           : 0
Level                : 2
Task                 : 0
Opcode               : 0
Keywords             : -9187343239835811840
RecordId             : 2057
ProviderName         : Microsoft-Windows-COMRuntime
ProviderId           : bf406804-6afa-46e7-8a48-6c357e1d6d61
LogName              : Application
ProcessId            : 3420
ThreadId             : 11292
MachineName          : DESKTOP-SOQV869
UserId               :
TimeCreated          : 10/19/2017 5:36:20 PM
ActivityId           : 91efdeb6-48f5-0000-da59-f791f548d301
RelatedActivityId    :
ContainerLog         : application
MatchedQueryIds      :
Bookmark             : System.Diagnostics.Eventing.Reader.EventBookmark
LevelDisplayName     : Error
OpcodeDisplayName    : Info
TaskDisplayName      :
KeywordsDisplayNames : Classic
Properties           : System.Diagnostics.Eventing.Reader.EventProperty
Message              : An unmarshaling policy check was performed when unmarshaling
                       a custom marshaled object and the class
                       {41FD88F7-F295-4D39-91AC-A85F3149A05B} was rejected

Id                   : 10031
Version              : 0
Qualifiers           : 0
Level                : 2
Task                 : 0
Opcode               : 0
Keywords             : -9187343239835811840
RecordId             : 2056
ProviderName         : Microsoft-Windows-COMRuntime
ProviderId           : bf406804-6afa-46e7-8a48-6c357e1d6d61
LogName              : Application
ProcessId            : 3420
ThreadId             : 11292
MachineName          : DESKTOP-SOQV869
UserId               :
TimeCreated          : 10/19/2017 5:36:20 PM
ActivityId           : 91efdeb6-48f5-0003-bd1e-f891f548d301
RelatedActivityId    :
ContainerLog         : application
MatchedQueryIds      :
Bookmark             : System.Diagnostics.Eventing.Reader.EventBookmark
LevelDisplayName     : Error
OpcodeDisplayName    : Info
TaskDisplayName      :
KeywordsDisplayNames : Classic
Properties           : System.Diagnostics.Eventing.Reader.EventProperty
Message              : An unmarshaling policy check was performed when unmarshaling
                       a custom marshaled object and the class
                       {95CABCC9-BC57-4C12-B8DF-BA193232AA01} was rejected

Id                   : 10031
Version              : 0
Qualifiers           : 0
Level                : 2
Task                 : 0
Opcode               : 0
Keywords             : -9187343239835811840
RecordId             : 2055
ProviderName         : Microsoft-Windows-COMRuntime
ProviderId           : bf406804-6afa-46e7-8a48-6c357e1d6d61
LogName              : Application
ProcessId            : 3420
ThreadId             : 10944
MachineName          : DESKTOP-SOQV869
UserId               :
TimeCreated          : 10/19/2017 5:36:13 PM
ActivityId           : 91efdeb6-48f5-0000-da59-f791f548d301
RelatedActivityId    :
ContainerLog         : application
MatchedQueryIds      :
Bookmark             : System.Diagnostics.Eventing.Reader.EventBookmark
LevelDisplayName     : Error
OpcodeDisplayName    : Info
TaskDisplayName      :
KeywordsDisplayNames : Classic
Properties           : System.Diagnostics.Eventing.Reader.EventProperty
Message              : An unmarshaling policy check was performed when unmarshaling
                       a custom marshaled object and the class
                       {95CABCC9-BC57-4C12-B8DF-BA193232AA01} was rejected

Id                   : 10031
Version              : 0
Qualifiers           : 0
Level                : 2
Task                 : 0
Opcode               : 0
Keywords             : -9187343239835811840
RecordId             : 2054
ProviderName         : Microsoft-Windows-COMRuntime
ProviderId           : bf406804-6afa-46e7-8a48-6c357e1d6d61
LogName              : Application
ProcessId            : 3420
ThreadId             : 10080
MachineName          : DESKTOP-SOQV869
UserId               :
TimeCreated          : 10/19/2017 5:36:12 PM
ActivityId           : 91efdeb6-48f5-0003-031c-f891f548d301
RelatedActivityId    :
ContainerLog         : application
MatchedQueryIds      :
Bookmark             : System.Diagnostics.Eventing.Reader.EventBookmark
LevelDisplayName     : Error
OpcodeDisplayName    : Info
TaskDisplayName      :
KeywordsDisplayNames : Classic
Properties           : System.Diagnostics.Eventing.Reader.EventProperty
Message              : An unmarshaling policy check was performed when unmarshaling
                       a custom marshaled object and the class
                       {41FD88F7-F295-4D39-91AC-A85F3149A05B} was rejected

Id                   : 10031
Version              : 0
Qualifiers           : 0
Level                : 2
Task                 : 0
Opcode               : 0
Keywords             : -9187343239835811840
RecordId             : 2053
ProviderName         : Microsoft-Windows-COMRuntime
ProviderId           : bf406804-6afa-46e7-8a48-6c357e1d6d61
LogName              : Application
ProcessId            : 3420
ThreadId             : 11292
MachineName          : DESKTOP-SOQV869
UserId               :
TimeCreated          : 10/19/2017 5:36:12 PM
ActivityId           : 91efdeb6-48f5-0002-9085-f991f548d301
RelatedActivityId    :
ContainerLog         : application
MatchedQueryIds      :
Bookmark             : System.Diagnostics.Eventing.Reader.EventBookmark
LevelDisplayName     : Error
OpcodeDisplayName    : Info
TaskDisplayName      :
KeywordsDisplayNames : Classic
Properties           : System.Diagnostics.Eventing.Reader.EventProperty
Message              : An unmarshaling policy check was performed when unmarshaling
                       a custom marshaled object and the class
                       {95CABCC9-BC57-4C12-B8DF-BA193232AA01} was rejected

Id                   : 10031
Version              : 0
Qualifiers           : 0
Level                : 2
Task                 : 0
Opcode               : 0
Keywords             : -9187343239835811840
RecordId             : 2052
ProviderName         : Microsoft-Windows-COMRuntime
ProviderId           : bf406804-6afa-46e7-8a48-6c357e1d6d61
LogName              : Application
ProcessId            : 3420
ThreadId             : 10944
MachineName          : DESKTOP-SOQV869
UserId               :
TimeCreated          : 10/19/2017 5:36:11 PM
ActivityId           : 91efdeb6-48f5-0000-da59-f791f548d301
RelatedActivityId    :
ContainerLog         : application
MatchedQueryIds      :
Bookmark             : System.Diagnostics.Eventing.Reader.EventBookmark
LevelDisplayName     : Error
OpcodeDisplayName    : Info
TaskDisplayName      :
KeywordsDisplayNames : Classic
Properties           : System.Diagnostics.Eventing.Reader.EventProperty
Message              : An unmarshaling policy check was performed when unmarshaling
                       a custom marshaled object and the class
                       {95CABCC9-BC57-4C12-B8DF-BA193232AA01} was rejected

Id                   : 10031
Version              : 0
Qualifiers           : 0
Level                : 2
Task                 : 0
Opcode               : 0
Keywords             : -9187343239835811840
RecordId             : 2051
ProviderName         : Microsoft-Windows-COMRuntime
ProviderId           : bf406804-6afa-46e7-8a48-6c357e1d6d61
LogName              : Application
ProcessId            : 3420
ThreadId             : 11292
MachineName          : DESKTOP-SOQV869
UserId               :
TimeCreated          : 10/19/2017 5:35:55 PM
ActivityId           : 91efdeb6-48f5-0000-0159-f791f548d301
RelatedActivityId    :
ContainerLog         : application
MatchedQueryIds      :
Bookmark             : System.Diagnostics.Eventing.Reader.EventBookmark
LevelDisplayName     : Error
OpcodeDisplayName    : Info
TaskDisplayName      :
KeywordsDisplayNames : Classic
Properties           : System.Diagnostics.Eventing.Reader.EventProperty
Message              : An unmarshaling policy check was performed when unmarshaling
                       a custom marshaled object and the class
                       {95CABCC9-BC57-4C12-B8DF-BA193232AA01} was rejected

Id                   : 10031
Version              : 0
Qualifiers           : 0
Level                : 2
Task                 : 0
Opcode               : 0
Keywords             : -9187343239835811840
RecordId             : 2050
ProviderName         : Microsoft-Windows-COMRuntime
ProviderId           : bf406804-6afa-46e7-8a48-6c357e1d6d61
LogName              : Application
ProcessId            : 3420
ThreadId             : 7380
MachineName          : DESKTOP-SOQV869
UserId               :
TimeCreated          : 10/19/2017 5:35:39 PM
ActivityId           : 91efdeb6-48f5-0003-031c-f891f548d301
RelatedActivityId    :
ContainerLog         : application
MatchedQueryIds      :
Bookmark             : System.Diagnostics.Eventing.Reader.EventBookmark
LevelDisplayName     : Error
OpcodeDisplayName    : Info
TaskDisplayName      :
KeywordsDisplayNames : Classic
Properties           : System.Diagnostics.Eventing.Reader.EventProperty
Message              : An unmarshaling policy check was performed when unmarshaling
                       a custom marshaled object and the class
                       {95CABCC9-BC57-4C12-B8DF-BA193232AA01} was rejected

Id                   : 8233
Version              : 0
Qualifiers           : 16384
Level                : 3
Task                 : 0
Opcode               : 0
Keywords             : 36028797018963968
RecordId             : 2001
ProviderName         : Microsoft-Windows-Security-SPP
ProviderId           : e23b33b0-c8c9-472c-a5f9-f2bdfea0f156
LogName              : Application
ProcessId            : 0
ThreadId             : 0
MachineName          : DESKTOP-SOQV869
UserId               :
TimeCreated          : 10/19/2017 4:20:50 PM
ActivityId           :
RelatedActivityId    :
ContainerLog         : application
MatchedQueryIds      :
Bookmark             : System.Diagnostics.Eventing.Reader.EventBookmark
LevelDisplayName     : Warning
OpcodeDisplayName    :
TaskDisplayName      :
KeywordsDisplayNames : Classic
Properties           : System.Diagnostics.Eventing.Reader.EventProperty
                       System.Diagnostics.Eventing.Reader.EventProperty
                       System.Diagnostics.Eventing.Reader.EventProperty
                       System.Diagnostics.Eventing.Reader.EventProperty
Message              : The rules engine reported a failed VL activation attempt.
                       Reason:0x8007232B
                       AppId = 0ff1ce15-a989-479d-af46-f275c6370663, SkuId =
                       d450596f-894d-49e0-966a-fd39ed4c4c64
                       Trigger=NetworkAvailable

Id                   : 8233
Version              : 0
Qualifiers           : 16384
Level                : 3
Task                 : 0
Opcode               : 0
Keywords             : 36028797018963968
RecordId             : 1999
ProviderName         : Microsoft-Windows-Security-SPP
ProviderId           : e23b33b0-c8c9-472c-a5f9-f2bdfea0f156
LogName              : Application
ProcessId            : 0
ThreadId             : 0
MachineName          : DESKTOP-SOQV869
UserId               :
TimeCreated          : 10/19/2017 4:20:21 PM
ActivityId           :
RelatedActivityId    :
ContainerLog         : application
MatchedQueryIds      :
Bookmark             : System.Diagnostics.Eventing.Reader.EventBookmark
LevelDisplayName     : Warning
OpcodeDisplayName    :
TaskDisplayName      :
KeywordsDisplayNames : Classic
Properties           : System.Diagnostics.Eventing.Reader.EventProperty
                       System.Diagnostics.Eventing.Reader.EventProperty
                       System.Diagnostics.Eventing.Reader.EventProperty
                       System.Diagnostics.Eventing.Reader.EventProperty
Message              : The rules engine reported a failed VL activation attempt.
                       Reason:0x8007232B
                       AppId = 0ff1ce15-a989-479d-af46-f275c6370663, SkuId =
                       d450596f-894d-49e0-966a-fd39ed4c4c64
                       Trigger=NetworkAvailable

Id                   : 20227
Version              :
Qualifiers           : 0
Level                : 2
Task                 : 0
Opcode               :
Keywords             : 36028797018963968
RecordId             : 1994
ProviderName         : RasClient
ProviderId           :
LogName              : Application
ProcessId            :
ThreadId             :
MachineName          : DESKTOP-SOQV869
UserId               :
TimeCreated          : 10/19/2017 4:20:19 PM
ActivityId           :
RelatedActivityId    :
ContainerLog         : application
MatchedQueryIds      :
Bookmark             : System.Diagnostics.Eventing.Reader.EventBookmark
LevelDisplayName     : Error
OpcodeDisplayName    : Info
TaskDisplayName      :
KeywordsDisplayNames : Classic
Properties           : System.Diagnostics.Eventing.Reader.EventProperty
                       System.Diagnostics.Eventing.Reader.EventProperty
                       System.Diagnostics.Eventing.Reader.EventProperty
                       System.Diagnostics.Eventing.Reader.EventProperty
Message              : CoId={D12379FA-C174-4200-A85D-6D3DCE7C5D66}: The user SYSTEM
                       dialed a connection named icz which has failed. The error
                       code returned on failure is 0.

Id                   : 8233
Version              : 0
Qualifiers           : 16384
Level                : 3
Task                 : 0
Opcode               : 0
Keywords             : 36028797018963968
RecordId             : 1977
ProviderName         : Microsoft-Windows-Security-SPP
ProviderId           : e23b33b0-c8c9-472c-a5f9-f2bdfea0f156
LogName              : Application
ProcessId            : 0
ThreadId             : 0
MachineName          : DESKTOP-SOQV869
UserId               :
TimeCreated          : 10/19/2017 4:17:31 PM
ActivityId           :
RelatedActivityId    :
ContainerLog         : application
MatchedQueryIds      :
Bookmark             : System.Diagnostics.Eventing.Reader.EventBookmark
LevelDisplayName     : Warning
OpcodeDisplayName    :
TaskDisplayName      :
KeywordsDisplayNames : Classic
Properties           : System.Diagnostics.Eventing.Reader.EventProperty
                       System.Diagnostics.Eventing.Reader.EventProperty
                       System.Diagnostics.Eventing.Reader.EventProperty
                       System.Diagnostics.Eventing.Reader.EventProperty
Message              : The rules engine reported a failed VL activation attempt.
                       Reason:0x8007007B
                       AppId = 0ff1ce15-a989-479d-af46-f275c6370663, SkuId =
                       d450596f-894d-49e0-966a-fd39ed4c4c64
                       Trigger=NetworkAvailable

Id                   : 8233
Version              : 0
Qualifiers           : 16384
Level                : 3
Task                 : 0
Opcode               : 0
Keywords             : 36028797018963968
RecordId             : 1976
ProviderName         : Microsoft-Windows-Security-SPP
ProviderId           : e23b33b0-c8c9-472c-a5f9-f2bdfea0f156
LogName              : Application
ProcessId            : 0
ThreadId             : 0
MachineName          : DESKTOP-SOQV869
UserId               :
TimeCreated          : 10/19/2017 4:17:21 PM
ActivityId           :
RelatedActivityId    :
ContainerLog         : application
MatchedQueryIds      :
Bookmark             : System.Diagnostics.Eventing.Reader.EventBookmark
LevelDisplayName     : Warning
OpcodeDisplayName    :
TaskDisplayName      :
KeywordsDisplayNames : Classic
Properties           : System.Diagnostics.Eventing.Reader.EventProperty
                       System.Diagnostics.Eventing.Reader.EventProperty
                       System.Diagnostics.Eventing.Reader.EventProperty
                       System.Diagnostics.Eventing.Reader.EventProperty
Message              : The rules engine reported a failed VL activation attempt.
                       Reason:0x8007007B
                       AppId = 0ff1ce15-a989-479d-af46-f275c6370663, SkuId =
                       d450596f-894d-49e0-966a-fd39ed4c4c64
                       Trigger=NetworkAvailable

Id                   : 8233
Version              : 0
Qualifiers           : 16384
Level                : 3
Task                 : 0
Opcode               : 0
Keywords             : 36028797018963968
RecordId             : 1973
ProviderName         : Microsoft-Windows-Security-SPP
ProviderId           : e23b33b0-c8c9-472c-a5f9-f2bdfea0f156
LogName              : Application
ProcessId            : 0
ThreadId             : 0
MachineName          : DESKTOP-SOQV869
UserId               :
TimeCreated          : 10/19/2017 4:17:01 PM
ActivityId           :
RelatedActivityId    :
ContainerLog         : application
MatchedQueryIds      :
Bookmark             : System.Diagnostics.Eventing.Reader.EventBookmark
LevelDisplayName     : Warning
OpcodeDisplayName    :
TaskDisplayName      :
KeywordsDisplayNames : Classic
Properties           : System.Diagnostics.Eventing.Reader.EventProperty
                       System.Diagnostics.Eventing.Reader.EventProperty
                       System.Diagnostics.Eventing.Reader.EventProperty
                       System.Diagnostics.Eventing.Reader.EventProperty
Message              : The rules engine reported a failed VL activation attempt.
                       Reason:0x8007232B
                       AppId = 0ff1ce15-a989-479d-af46-f275c6370663, SkuId =
                       d450596f-894d-49e0-966a-fd39ed4c4c64
                       Trigger=NetworkAvailable

Id                   : 8233
Version              : 0
Qualifiers           : 16384
Level                : 3
Task                 : 0
Opcode               : 0
Keywords             : 36028797018963968
RecordId             : 1972
ProviderName         : Microsoft-Windows-Security-SPP
ProviderId           : e23b33b0-c8c9-472c-a5f9-f2bdfea0f156
LogName              : Application
ProcessId            : 0
ThreadId             : 0
MachineName          : DESKTOP-SOQV869
UserId               :
TimeCreated          : 10/19/2017 4:16:44 PM
ActivityId           :
RelatedActivityId    :
ContainerLog         : application
MatchedQueryIds      :
Bookmark             : System.Diagnostics.Eventing.Reader.EventBookmark
LevelDisplayName     : Warning
OpcodeDisplayName    :
TaskDisplayName      :
KeywordsDisplayNames : Classic
Properties           : System.Diagnostics.Eventing.Reader.EventProperty
                       System.Diagnostics.Eventing.Reader.EventProperty
                       System.Diagnostics.Eventing.Reader.EventProperty
                       System.Diagnostics.Eventing.Reader.EventProperty
Message              : The rules engine reported a failed VL activation attempt.
                       Reason:0x8007232B
                       AppId = 0ff1ce15-a989-479d-af46-f275c6370663, SkuId =
                       d450596f-894d-49e0-966a-fd39ed4c4c64
                       Trigger=NetworkAvailable

Id                   : 8233
Version              : 0
Qualifiers           : 16384
Level                : 3
Task                 : 0
Opcode               : 0
Keywords             : 36028797018963968
RecordId             : 1969
ProviderName         : Microsoft-Windows-Security-SPP
ProviderId           : e23b33b0-c8c9-472c-a5f9-f2bdfea0f156
LogName              : Application
ProcessId            : 0
ThreadId             : 0
MachineName          : DESKTOP-SOQV869
UserId               :
TimeCreated          : 10/19/2017 4:16:36 PM
ActivityId           :
RelatedActivityId    :
ContainerLog         : application
MatchedQueryIds      :
Bookmark             : System.Diagnostics.Eventing.Reader.EventBookmark
LevelDisplayName     : Warning
OpcodeDisplayName    :
TaskDisplayName      :
KeywordsDisplayNames : Classic
Properties           : System.Diagnostics.Eventing.Reader.EventProperty
                       System.Diagnostics.Eventing.Reader.EventProperty
                       System.Diagnostics.Eventing.Reader.EventProperty
                       System.Diagnostics.Eventing.Reader.EventProperty
Message              : The rules engine reported a failed VL activation attempt.
                       Reason:0x8007232B
                       AppId = 0ff1ce15-a989-479d-af46-f275c6370663, SkuId =
                       d450596f-894d-49e0-966a-fd39ed4c4c64
                       Trigger=UserLogon(1)

Id                   : 8233
Version              : 0
Qualifiers           : 16384
Level                : 3
Task                 : 0
Opcode               : 0
Keywords             : 36028797018963968
RecordId             : 1932
ProviderName         : Microsoft-Windows-Security-SPP
ProviderId           : e23b33b0-c8c9-472c-a5f9-f2bdfea0f156
LogName              : Application
ProcessId            : 0
ThreadId             : 0
MachineName          : DESKTOP-SOQV869
UserId               :
TimeCreated          : 10/19/2017 4:13:47 PM
ActivityId           :
RelatedActivityId    :
ContainerLog         : application
MatchedQueryIds      :
Bookmark             : System.Diagnostics.Eventing.Reader.EventBookmark
LevelDisplayName     : Warning
OpcodeDisplayName    :
TaskDisplayName      :
KeywordsDisplayNames : Classic
Properties           : System.Diagnostics.Eventing.Reader.EventProperty
                       System.Diagnostics.Eventing.Reader.EventProperty
                       System.Diagnostics.Eventing.Reader.EventProperty
                       System.Diagnostics.Eventing.Reader.EventProperty
Message              : The rules engine reported a failed VL activation attempt.
                       Reason:0x800705B4
                       AppId = 0ff1ce15-a989-479d-af46-f275c6370663, SkuId =
                       d450596f-894d-49e0-966a-fd39ed4c4c64
                       Trigger=NetworkAvailable

Id                   : 8233
Version              : 0
Qualifiers           : 16384
Level                : 3
Task                 : 0
Opcode               : 0
Keywords             : 36028797018963968
RecordId             : 1931
ProviderName         : Microsoft-Windows-Security-SPP
ProviderId           : e23b33b0-c8c9-472c-a5f9-f2bdfea0f156
LogName              : Application
ProcessId            : 0
ThreadId             : 0
MachineName          : DESKTOP-SOQV869
UserId               :
TimeCreated          : 10/19/2017 4:13:26 PM
ActivityId           :
RelatedActivityId    :
ContainerLog         : application
MatchedQueryIds      :
Bookmark             : System.Diagnostics.Eventing.Reader.EventBookmark
LevelDisplayName     : Warning
OpcodeDisplayName    :
TaskDisplayName      :
KeywordsDisplayNames : Classic
Properties           : System.Diagnostics.Eventing.Reader.EventProperty
                       System.Diagnostics.Eventing.Reader.EventProperty
                       System.Diagnostics.Eventing.Reader.EventProperty
                       System.Diagnostics.Eventing.Reader.EventProperty
Message              : The rules engine reported a failed VL activation attempt.
                       Reason:0x800705B4
                       AppId = 0ff1ce15-a989-479d-af46-f275c6370663, SkuId =
                       d450596f-894d-49e0-966a-fd39ed4c4c64
                       Trigger=NetworkAvailable

Id                   : 8233
Version              : 0
Qualifiers           : 16384
Level                : 3
Task                 : 0
Opcode               : 0
Keywords             : 36028797018963968
RecordId             : 1930
ProviderName         : Microsoft-Windows-Security-SPP
ProviderId           : e23b33b0-c8c9-472c-a5f9-f2bdfea0f156
LogName              : Application
ProcessId            : 0
ThreadId             : 0
MachineName          : DESKTOP-SOQV869
UserId               :
TimeCreated          : 10/19/2017 4:13:09 PM
ActivityId           :
RelatedActivityId    :
ContainerLog         : application
MatchedQueryIds      :
Bookmark             : System.Diagnostics.Eventing.Reader.EventBookmark
LevelDisplayName     : Warning
OpcodeDisplayName    :
TaskDisplayName      :
KeywordsDisplayNames : Classic
Properties           : System.Diagnostics.Eventing.Reader.EventProperty
                       System.Diagnostics.Eventing.Reader.EventProperty
                       System.Diagnostics.Eventing.Reader.EventProperty
                       System.Diagnostics.Eventing.Reader.EventProperty
Message              : The rules engine reported a failed VL activation attempt.
                       Reason:0x8007007B
                       AppId = 0ff1ce15-a989-479d-af46-f275c6370663, SkuId =
                       d450596f-894d-49e0-966a-fd39ed4c4c64
                       Trigger=TimerEvent

Id                   : 3036
Version              : 0
Qualifiers           : 32768
Level                : 3
Task                 : 3
Opcode               : 0
Keywords             : 36028797018963968
RecordId             : 1928
ProviderName         : Microsoft-Windows-Search
ProviderId           : ca4e628d-8567-4896-ab6b-835b221f373f
LogName              : Application
ProcessId            : 0
ThreadId             : 0
MachineName          : DESKTOP-SOQV869
UserId               :
TimeCreated          : 10/19/2017 4:12:55 PM
ActivityId           :
RelatedActivityId    :
ContainerLog         : application
MatchedQueryIds      :
Bookmark             : System.Diagnostics.Eventing.Reader.EventBookmark
LevelDisplayName     : Warning
OpcodeDisplayName    :
TaskDisplayName      : Gatherer
KeywordsDisplayNames : Classic
Properties           : System.Diagnostics.Eventing.Reader.EventProperty
                       System.Diagnostics.Eventing.Reader.EventProperty
Message              : Crawl could not be completed on content source <ONEINDEX16://{
                       S-1-5-21-1705390226-3867770828-1987023929-1001}/>.

                       Context:  Application, SystemIndex Catalog

                       Details:
                       	(HRESULT : 0x80004005) (0x80004005)


Id                   : 8233
Version              : 0
Qualifiers           : 16384
Level                : 3
Task                 : 0
Opcode               : 0
Keywords             : 36028797018963968
RecordId             : 1927
ProviderName         : Microsoft-Windows-Security-SPP
ProviderId           : e23b33b0-c8c9-472c-a5f9-f2bdfea0f156
LogName              : Application
ProcessId            : 0
ThreadId             : 0
MachineName          : DESKTOP-SOQV869
UserId               :
TimeCreated          : 10/19/2017 4:12:55 PM
ActivityId           :
RelatedActivityId    :
ContainerLog         : application
MatchedQueryIds      :
Bookmark             : System.Diagnostics.Eventing.Reader.EventBookmark
LevelDisplayName     : Warning
OpcodeDisplayName    :
TaskDisplayName      :
KeywordsDisplayNames : Classic
Properties           : System.Diagnostics.Eventing.Reader.EventProperty
                       System.Diagnostics.Eventing.Reader.EventProperty
                       System.Diagnostics.Eventing.Reader.EventProperty
                       System.Diagnostics.Eventing.Reader.EventProperty
Message              : The rules engine reported a failed VL activation attempt.
                       Reason:0x8007007B
                       AppId = 0ff1ce15-a989-479d-af46-f275c6370663, SkuId =
                       d450596f-894d-49e0-966a-fd39ed4c4c64
                       Trigger=NetworkAvailable

Id                   : 8233
Version              : 0
Qualifiers           : 16384
Level                : 3
Task                 : 0
Opcode               : 0
Keywords             : 36028797018963968
RecordId             : 1925
ProviderName         : Microsoft-Windows-Security-SPP
ProviderId           : e23b33b0-c8c9-472c-a5f9-f2bdfea0f156
LogName              : Application
ProcessId            : 0
ThreadId             : 0
MachineName          : DESKTOP-SOQV869
UserId               :
TimeCreated          : 10/19/2017 10:47:54 AM
ActivityId           :
RelatedActivityId    :
ContainerLog         : application
MatchedQueryIds      :
Bookmark             : System.Diagnostics.Eventing.Reader.EventBookmark
LevelDisplayName     : Warning
OpcodeDisplayName    :
TaskDisplayName      :
KeywordsDisplayNames : Classic
Properties           : System.Diagnostics.Eventing.Reader.EventProperty
                       System.Diagnostics.Eventing.Reader.EventProperty
                       System.Diagnostics.Eventing.Reader.EventProperty
                       System.Diagnostics.Eventing.Reader.EventProperty
Message              : The rules engine reported a failed VL activation attempt.
                       Reason:0x8007007B
                       AppId = 0ff1ce15-a989-479d-af46-f275c6370663, SkuId =
                       d450596f-894d-49e0-966a-fd39ed4c4c64
                       Trigger=TimerEvent

Id                   : 3036
Version              : 0
Qualifiers           : 32768
Level                : 3
Task                 : 3
Opcode               : 0
Keywords             : 36028797018963968
RecordId             : 1919
ProviderName         : Microsoft-Windows-Search
ProviderId           : ca4e628d-8567-4896-ab6b-835b221f373f
LogName              : Application
ProcessId            : 0
ThreadId             : 0
MachineName          : DESKTOP-SOQV869
UserId               :
TimeCreated          : 10/19/2017 7:39:38 AM
ActivityId           :
RelatedActivityId    :
ContainerLog         : application
MatchedQueryIds      :
Bookmark             : System.Diagnostics.Eventing.Reader.EventBookmark
LevelDisplayName     : Warning
OpcodeDisplayName    :
TaskDisplayName      : Gatherer
KeywordsDisplayNames : Classic
Properties           : System.Diagnostics.Eventing.Reader.EventProperty
                       System.Diagnostics.Eventing.Reader.EventProperty
Message              : Crawl could not be completed on content source <ONEINDEX16://{
                       S-1-5-21-1705390226-3867770828-1987023929-1001}/>.

                       Context:  Application, SystemIndex Catalog

                       Details:
                       	(HRESULT : 0x80004005) (0x80004005)


Id                   : 8233
Version              : 0
Qualifiers           : 16384
Level                : 3
Task                 : 0
Opcode               : 0
Keywords             : 36028797018963968
RecordId             : 1912
ProviderName         : Microsoft-Windows-Security-SPP
ProviderId           : e23b33b0-c8c9-472c-a5f9-f2bdfea0f156
LogName              : Application
ProcessId            : 0
ThreadId             : 0
MachineName          : DESKTOP-SOQV869
UserId               :
TimeCreated          : 10/19/2017 6:57:02 AM
ActivityId           :
RelatedActivityId    :
ContainerLog         : application
MatchedQueryIds      :
Bookmark             : System.Diagnostics.Eventing.Reader.EventBookmark
LevelDisplayName     : Warning
OpcodeDisplayName    :
TaskDisplayName      :
KeywordsDisplayNames : Classic
Properties           : System.Diagnostics.Eventing.Reader.EventProperty
                       System.Diagnostics.Eventing.Reader.EventProperty
                       System.Diagnostics.Eventing.Reader.EventProperty
                       System.Diagnostics.Eventing.Reader.EventProperty
Message              : The rules engine reported a failed VL activation attempt.
                       Reason:0x8007007B
                       AppId = 0ff1ce15-a989-479d-af46-f275c6370663, SkuId =
                       d450596f-894d-49e0-966a-fd39ed4c4c64
                       Trigger=TimerEvent

Id                   : 3036
Version              : 0
Qualifiers           : 32768
Level                : 3
Task                 : 3
Opcode               : 0
Keywords             : 36028797018963968
RecordId             : 1908
ProviderName         : Microsoft-Windows-Search
ProviderId           : ca4e628d-8567-4896-ab6b-835b221f373f
LogName              : Application
ProcessId            : 0
ThreadId             : 0
MachineName          : DESKTOP-SOQV869
UserId               :
TimeCreated          : 10/19/2017 6:39:22 AM
ActivityId           :
RelatedActivityId    :
ContainerLog         : application
MatchedQueryIds      :
Bookmark             : System.Diagnostics.Eventing.Reader.EventBookmark
LevelDisplayName     : Warning
OpcodeDisplayName    :
TaskDisplayName      : Gatherer
KeywordsDisplayNames : Classic
Properties           : System.Diagnostics.Eventing.Reader.EventProperty
                       System.Diagnostics.Eventing.Reader.EventProperty
Message              : Crawl could not be completed on content source <ONEINDEX16://{
                       S-1-5-21-1705390226-3867770828-1987023929-1001}/>.

                       Context:  Application, SystemIndex Catalog

                       Details:
                       	(HRESULT : 0x80004005) (0x80004005)


Id                   : 8233
Version              : 0
Qualifiers           : 16384
Level                : 3
Task                 : 0
Opcode               : 0
Keywords             : 36028797018963968
RecordId             : 1891
ProviderName         : Microsoft-Windows-Security-SPP
ProviderId           : e23b33b0-c8c9-472c-a5f9-f2bdfea0f156
LogName              : Application
ProcessId            : 0
ThreadId             : 0
MachineName          : DESKTOP-SOQV869
UserId               :
TimeCreated          : 10/19/2017 4:57:05 AM
ActivityId           :
RelatedActivityId    :
ContainerLog         : application
MatchedQueryIds      :
Bookmark             : System.Diagnostics.Eventing.Reader.EventBookmark
LevelDisplayName     : Warning
OpcodeDisplayName    :
TaskDisplayName      :
KeywordsDisplayNames : Classic
Properties           : System.Diagnostics.Eventing.Reader.EventProperty
                       System.Diagnostics.Eventing.Reader.EventProperty
                       System.Diagnostics.Eventing.Reader.EventProperty
                       System.Diagnostics.Eventing.Reader.EventProperty
Message              : The rules engine reported a failed VL activation attempt.
                       Reason:0x8007007B
                       AppId = 0ff1ce15-a989-479d-af46-f275c6370663, SkuId =
                       d450596f-894d-49e0-966a-fd39ed4c4c64
                       Trigger=NetworkAvailable

Id                   : 8233
Version              : 0
Qualifiers           : 16384
Level                : 3
Task                 : 0
Opcode               : 0
Keywords             : 36028797018963968
RecordId             : 1885
ProviderName         : Microsoft-Windows-Security-SPP
ProviderId           : e23b33b0-c8c9-472c-a5f9-f2bdfea0f156
LogName              : Application
ProcessId            : 0
ThreadId             : 0
MachineName          : DESKTOP-SOQV869
UserId               :
TimeCreated          : 10/19/2017 3:32:30 AM
ActivityId           :
RelatedActivityId    :
ContainerLog         : application
MatchedQueryIds      :
Bookmark             : System.Diagnostics.Eventing.Reader.EventBookmark
LevelDisplayName     : Warning
OpcodeDisplayName    :
TaskDisplayName      :
KeywordsDisplayNames : Classic
Properties           : System.Diagnostics.Eventing.Reader.EventProperty
                       System.Diagnostics.Eventing.Reader.EventProperty
                       System.Diagnostics.Eventing.Reader.EventProperty
                       System.Diagnostics.Eventing.Reader.EventProperty
Message              : The rules engine reported a failed VL activation attempt.
                       Reason:0x8007007B
                       AppId = 0ff1ce15-a989-479d-af46-f275c6370663, SkuId =
                       d450596f-894d-49e0-966a-fd39ed4c4c64
                       Trigger=NetworkAvailable

Id                   : 8233
Version              : 0
Qualifiers           : 16384
Level                : 3
Task                 : 0
Opcode               : 0
Keywords             : 36028797018963968
RecordId             : 1884
ProviderName         : Microsoft-Windows-Security-SPP
ProviderId           : e23b33b0-c8c9-472c-a5f9-f2bdfea0f156
LogName              : Application
ProcessId            : 0
ThreadId             : 0
MachineName          : DESKTOP-SOQV869
UserId               :
TimeCreated          : 10/19/2017 3:32:16 AM
ActivityId           :
RelatedActivityId    :
ContainerLog         : application
MatchedQueryIds      :
Bookmark             : System.Diagnostics.Eventing.Reader.EventBookmark
LevelDisplayName     : Warning
OpcodeDisplayName    :
TaskDisplayName      :
KeywordsDisplayNames : Classic
Properties           : System.Diagnostics.Eventing.Reader.EventProperty
                       System.Diagnostics.Eventing.Reader.EventProperty
                       System.Diagnostics.Eventing.Reader.EventProperty
                       System.Diagnostics.Eventing.Reader.EventProperty
Message              : The rules engine reported a failed VL activation attempt.
                       Reason:0x8007007B
                       AppId = 0ff1ce15-a989-479d-af46-f275c6370663, SkuId =
                       d450596f-894d-49e0-966a-fd39ed4c4c64
                       Trigger=NetworkAvailable

Id                   : 8233
Version              : 0
Qualifiers           : 16384
Level                : 3
Task                 : 0
Opcode               : 0
Keywords             : 36028797018963968
RecordId             : 1883
ProviderName         : Microsoft-Windows-Security-SPP
ProviderId           : e23b33b0-c8c9-472c-a5f9-f2bdfea0f156
LogName              : Application
ProcessId            : 0
ThreadId             : 0
MachineName          : DESKTOP-SOQV869
UserId               :
TimeCreated          : 10/19/2017 3:32:04 AM
ActivityId           :
RelatedActivityId    :
ContainerLog         : application
MatchedQueryIds      :
Bookmark             : System.Diagnostics.Eventing.Reader.EventBookmark
LevelDisplayName     : Warning
OpcodeDisplayName    :
TaskDisplayName      :
KeywordsDisplayNames : Classic
Properties           : System.Diagnostics.Eventing.Reader.EventProperty
                       System.Diagnostics.Eventing.Reader.EventProperty
                       System.Diagnostics.Eventing.Reader.EventProperty
                       System.Diagnostics.Eventing.Reader.EventProperty
Message              : The rules engine reported a failed VL activation attempt.
                       Reason:0x8007007B
                       AppId = 0ff1ce15-a989-479d-af46-f275c6370663, SkuId =
                       d450596f-894d-49e0-966a-fd39ed4c4c64
                       Trigger=TimerEvent

Id                   : 1000
Version              :
Qualifiers           : 0
Level                : 2
Task                 : 100
Opcode               :
Keywords             : 36028797018963968
RecordId             : 1874
ProviderName         : Application Error
ProviderId           :
LogName              : Application
ProcessId            :
ThreadId             :
MachineName          : DESKTOP-SOQV869
UserId               :
TimeCreated          : 10/18/2017 11:49:57 PM
ActivityId           :
RelatedActivityId    :
ContainerLog         : application
MatchedQueryIds      :
Bookmark             : System.Diagnostics.Eventing.Reader.EventBookmark
LevelDisplayName     : Error
OpcodeDisplayName    : Info
TaskDisplayName      : Application Crashing Events
KeywordsDisplayNames : Classic
Properties           : System.Diagnostics.Eventing.Reader.EventProperty
                       System.Diagnostics.Eventing.Reader.EventProperty
                       System.Diagnostics.Eventing.Reader.EventProperty
                       System.Diagnostics.Eventing.Reader.EventProperty
                       System.Diagnostics.Eventing.Reader.EventProperty
                       System.Diagnostics.Eventing.Reader.EventProperty
                       System.Diagnostics.Eventing.Reader.EventProperty
                       System.Diagnostics.Eventing.Reader.EventProperty
                       System.Diagnostics.Eventing.Reader.EventProperty
                       System.Diagnostics.Eventing.Reader.EventProperty
                       System.Diagnostics.Eventing.Reader.EventProperty
                       System.Diagnostics.Eventing.Reader.EventProperty
                       System.Diagnostics.Eventing.Reader.EventProperty
                       System.Diagnostics.Eventing.Reader.EventProperty
                       System.Diagnostics.Eventing.Reader.EventProperty
Message              : Faulting application name: svchost.exe_UserDataSvc, version:
                       10.0.16299.15, time stamp: 0x9c786b9a
                       Faulting module name: unistore.dll, version: 10.0.16299.15,
                       time stamp: 0x73eeb83f
                       Exception code: 0xc0000420
                       Fault offset: 0x0000000000042a1a
                       Faulting process id: 0x23ec
                       Faulting application start time: 0x01d34855a9c0b461
                       Faulting application path: c:\windows\system32\svchost.exe
                       Faulting module path: c:\windows\system32\unistore.dll
                       Report Id: 6ca77794-d19d-4e6d-99b3-16910df5d627
                       Faulting package full name:
                       Faulting package-relative application ID:

Id                   : 630
Version              :
Qualifiers           : 0
Level                : 2
Task                 : 14
Opcode               :
Keywords             : 36028797018963968
RecordId             : 1873
ProviderName         : ESENT
ProviderId           :
LogName              : Application
ProcessId            :
ThreadId             :
MachineName          : DESKTOP-SOQV869
UserId               :
TimeCreated          : 10/18/2017 11:49:46 PM
ActivityId           :
RelatedActivityId    :
ContainerLog         : application
MatchedQueryIds      :
Bookmark             : System.Diagnostics.Eventing.Reader.EventBookmark
LevelDisplayName     : Error
OpcodeDisplayName    : Info
TaskDisplayName      : Transaction Manager
KeywordsDisplayNames : Classic
Properties           : System.Diagnostics.Eventing.Reader.EventProperty
                       System.Diagnostics.Eventing.Reader.EventProperty
                       System.Diagnostics.Eventing.Reader.EventProperty
                       System.Diagnostics.Eventing.Reader.EventProperty
                       System.Diagnostics.Eventing.Reader.EventProperty
                       System.Diagnostics.Eventing.Reader.EventProperty
                       System.Diagnostics.Eventing.Reader.EventProperty
                       System.Diagnostics.Eventing.Reader.EventProperty
                       System.Diagnostics.Eventing.Reader.EventProperty
                       System.Diagnostics.Eventing.Reader.EventProperty
                       System.Diagnostics.Eventing.Reader.EventProperty
                       System.Diagnostics.Eventing.Reader.EventProperty
Message              : svchost (9196,D,22) Unistore: The version store for this
                       instance (0) has a long-running transaction that exceeds the
                       maximum transaction size.
                       Current version store size for this instance: 25Mb
                       Maximum transaction size for this instance: 25Mb
                       Maximum version store size for this instance: 31Mb
                       Long-running transaction:
                       	SessionId: 0x000001E8FCF15AE0
                       	Session-context: 0x0000000000001EF8
                       	Session-context ThreadId: 0x0000000000001EF8
                       	Cleanup: 1
                       	Session-trace:
                       52005@16:49:46
                       57573@16:49:16


Id                   : 8233
Version              : 0
Qualifiers           : 16384
Level                : 3
Task                 : 0
Opcode               : 0
Keywords             : 36028797018963968
RecordId             : 1870
ProviderName         : Microsoft-Windows-Security-SPP
ProviderId           : e23b33b0-c8c9-472c-a5f9-f2bdfea0f156
LogName              : Application
ProcessId            : 0
ThreadId             : 0
MachineName          : DESKTOP-SOQV869
UserId               :
TimeCreated          : 10/18/2017 11:41:25 PM
ActivityId           :
RelatedActivityId    :
ContainerLog         : application
MatchedQueryIds      :
Bookmark             : System.Diagnostics.Eventing.Reader.EventBookmark
LevelDisplayName     : Warning
OpcodeDisplayName    :
TaskDisplayName      :
KeywordsDisplayNames : Classic
Properties           : System.Diagnostics.Eventing.Reader.EventProperty
                       System.Diagnostics.Eventing.Reader.EventProperty
                       System.Diagnostics.Eventing.Reader.EventProperty
                       System.Diagnostics.Eventing.Reader.EventProperty
Message              : The rules engine reported a failed VL activation attempt.
                       Reason:0x8007007B
                       AppId = 0ff1ce15-a989-479d-af46-f275c6370663, SkuId =
                       d450596f-894d-49e0-966a-fd39ed4c4c64
                       Trigger=TimerEvent

Id                   : 8233
Version              : 0
Qualifiers           : 16384
Level                : 3
Task                 : 0
Opcode               : 0
Keywords             : 36028797018963968
RecordId             : 1848
ProviderName         : Microsoft-Windows-Security-SPP
ProviderId           : e23b33b0-c8c9-472c-a5f9-f2bdfea0f156
LogName              : Application
ProcessId            : 0
ThreadId             : 0
MachineName          : DESKTOP-SOQV869
UserId               :
TimeCreated          : 10/18/2017 9:41:28 PM
ActivityId           :
RelatedActivityId    :
ContainerLog         : application
MatchedQueryIds      :
Bookmark             : System.Diagnostics.Eventing.Reader.EventBookmark
LevelDisplayName     : Warning
OpcodeDisplayName    :
TaskDisplayName      :
KeywordsDisplayNames : Classic
Properties           : System.Diagnostics.Eventing.Reader.EventProperty
                       System.Diagnostics.Eventing.Reader.EventProperty
                       System.Diagnostics.Eventing.Reader.EventProperty
                       System.Diagnostics.Eventing.Reader.EventProperty
Message              : The rules engine reported a failed VL activation attempt.
                       Reason:0x8007007B
                       AppId = 0ff1ce15-a989-479d-af46-f275c6370663, SkuId =
                       d450596f-894d-49e0-966a-fd39ed4c4c64
                       Trigger=NetworkAvailable

Id                   : 8233
Version              : 0
Qualifiers           : 16384
Level                : 3
Task                 : 0
Opcode               : 0
Keywords             : 36028797018963968
RecordId             : 1817
ProviderName         : Microsoft-Windows-Security-SPP
ProviderId           : e23b33b0-c8c9-472c-a5f9-f2bdfea0f156
LogName              : Application
ProcessId            : 0
ThreadId             : 0
MachineName          : DESKTOP-SOQV869
UserId               :
TimeCreated          : 10/18/2017 9:11:31 PM
ActivityId           :
RelatedActivityId    :
ContainerLog         : application
MatchedQueryIds      :
Bookmark             : System.Diagnostics.Eventing.Reader.EventBookmark
LevelDisplayName     : Warning
OpcodeDisplayName    :
TaskDisplayName      :
KeywordsDisplayNames : Classic
Properties           : System.Diagnostics.Eventing.Reader.EventProperty
                       System.Diagnostics.Eventing.Reader.EventProperty
                       System.Diagnostics.Eventing.Reader.EventProperty
                       System.Diagnostics.Eventing.Reader.EventProperty
Message              : The rules engine reported a failed VL activation attempt.
                       Reason:0x8007232B
                       AppId = 0ff1ce15-a989-479d-af46-f275c6370663, SkuId =
                       d450596f-894d-49e0-966a-fd39ed4c4c64
                       Trigger=UserLogon(1)

Id                   : 8233
Version              : 0
Qualifiers           : 16384
Level                : 3
Task                 : 0
Opcode               : 0
Keywords             : 36028797018963968
RecordId             : 1813
ProviderName         : Microsoft-Windows-Security-SPP
ProviderId           : e23b33b0-c8c9-472c-a5f9-f2bdfea0f156
LogName              : Application
ProcessId            : 0
ThreadId             : 0
MachineName          : DESKTOP-SOQV869
UserId               :
TimeCreated          : 10/18/2017 9:11:19 PM
ActivityId           :
RelatedActivityId    :
ContainerLog         : application
MatchedQueryIds      :
Bookmark             : System.Diagnostics.Eventing.Reader.EventBookmark
LevelDisplayName     : Warning
OpcodeDisplayName    :
TaskDisplayName      :
KeywordsDisplayNames : Classic
Properties           : System.Diagnostics.Eventing.Reader.EventProperty
                       System.Diagnostics.Eventing.Reader.EventProperty
                       System.Diagnostics.Eventing.Reader.EventProperty
                       System.Diagnostics.Eventing.Reader.EventProperty
Message              : The rules engine reported a failed VL activation attempt.
                       Reason:0x8007232B
                       AppId = 0ff1ce15-a989-479d-af46-f275c6370663, SkuId =
                       d450596f-894d-49e0-966a-fd39ed4c4c64
                       Trigger=NetworkAvailable

