>> ParameterBinding(Trace-SteroidsOutput): name="InputObject"; value="@{Id=24; Version=2; Qualifiers=; Level=2; Task=0; Opcode=0; Keywords=-9223372036854775808; RecordId=152; ProviderName=Microsoft-Windows-WMI; ProviderId=1edeee53-0afe-4609-b846-d8c0b2075b1f; LogName=Application; ProcessId=3404; ThreadId=4256; MachineName=mica; UserId=S-1-5-18; TimeCreated=04/10/2017 19:51:56; ActivityId=111b1dbd-3d4a-0001-611f-1b114a3dd301; RelatedActivityId=; ContainerLog=application; MatchedQueryIds=; Bookmark=System.Diagnostics.Eventing.Reader.EventBookmark; LevelDisplayName=Error; OpcodeDisplayName=Info; TaskDisplayName=; KeywordsDisplayNames=; Properties=System.Diagnostics.Eventing.Reader.EventProperty System.Diagnostics.Eventing.Reader.EventProperty System.Diagnostics.Eventing.Reader.EventProperty System.Diagnostics.Eventing.Reader.EventProperty; Message=Event provider  attempted to register query "select * from RemoteAccessError" whose target class "RemoteAccessError" in //./root/Microsoft/Windows/RemoteAccess namespace does not exist. The query will be ignored.}"
Id                   : 24
Version              : 2
Qualifiers           :
Level                : 2
Task                 : 0
Opcode               : 0
Keywords             : -9223372036854775808
RecordId             : 152
ProviderName         : Microsoft-Windows-WMI
ProviderId           : 1edeee53-0afe-4609-b846-d8c0b2075b1f
LogName              : Application
ProcessId            : 3404
ThreadId             : 4256
MachineName          : mica
UserId               : S-1-5-18
TimeCreated          : 04/10/2017 19:51:56
ActivityId           : 111b1dbd-3d4a-0001-611f-1b114a3dd301
RelatedActivityId    :
ContainerLog         : application
MatchedQueryIds      :
Bookmark             : System.Diagnostics.Eventing.Reader.EventBookmark
LevelDisplayName     : Error
OpcodeDisplayName    : Info
TaskDisplayName      :
KeywordsDisplayNames :
Properties           : System.Diagnostics.Eventing.Reader.EventProperty System.Diagnostics.Eventing.Reader.EventProperty System.Diagnostics.Eventing.Reader.EventProperty
                       System.Diagnostics.Eventing.Reader.EventProperty
Message              : Event provider  attempted to register query "select * from RemoteAccessError" whose target class "RemoteAccessError" in //./root/Microsoft/Windows/RemoteAccess
                       namespace does not exist. The query will be ignored.

>> ParameterBinding(Trace-SteroidsOutput): name="InputObject"; value="@{Id=63; Version=2; Qualifiers=; Level=3; Task=0; Opcode=0; Keywords=-9223372036854775808; RecordId=151; ProviderName=Microsoft-Windows-WMI; ProviderId=1edeee53-0afe-4609-b846-d8c0b2075b1f; LogName=Application; ProcessId=3404; ThreadId=4256; MachineName=mica; UserId=S-1-5-18; TimeCreated=04/10/2017 19:51:55; ActivityId=; RelatedActivityId=; ContainerLog=application; MatchedQueryIds=; Bookmark=System.Diagnostics.Eventing.Reader.EventBookmark; LevelDisplayName=Warning; OpcodeDisplayName=Info; TaskDisplayName=; KeywordsDisplayNames=; Properties=System.Diagnostics.Eventing.Reader.EventProperty System.Diagnostics.Eventing.Reader.EventProperty; Message=A provider, ProfileAssociationProviderInterop, has been registered in the Windows Management Instrumentation namespace ROOT\Interop to use the LocalSystem account. This account is privileged and the provider may cause a security violation if it does not correctly impersonate user requests.}"
Id                   : 63
Version              : 2
Qualifiers           :
Level                : 3
Task                 : 0
Opcode               : 0
Keywords             : -9223372036854775808
RecordId             : 151
ProviderName         : Microsoft-Windows-WMI
ProviderId           : 1edeee53-0afe-4609-b846-d8c0b2075b1f
LogName              : Application
ProcessId            : 3404
ThreadId             : 4256
MachineName          : mica
UserId               : S-1-5-18
TimeCreated          : 04/10/2017 19:51:55
ActivityId           :
RelatedActivityId    :
ContainerLog         : application
MatchedQueryIds      :
Bookmark             : System.Diagnostics.Eventing.Reader.EventBookmark
LevelDisplayName     : Warning
OpcodeDisplayName    : Info
TaskDisplayName      :
KeywordsDisplayNames :
Properties           : System.Diagnostics.Eventing.Reader.EventProperty System.Diagnostics.Eventing.Reader.EventProperty
Message              : A provider, ProfileAssociationProviderInterop, has been registered in the Windows Management Instrumentation namespace ROOT\Interop to use the LocalSystem account.
                       This account is privileged and the provider may cause a security violation if it does not correctly impersonate user requests.

>> ParameterBinding(Trace-SteroidsOutput): name="InputObject"; value="@{Id=63; Version=2; Qualifiers=; Level=3; Task=0; Opcode=0; Keywords=-9223372036854775808; RecordId=150; ProviderName=Microsoft-Windows-WMI; ProviderId=1edeee53-0afe-4609-b846-d8c0b2075b1f; LogName=Application; ProcessId=3404; ThreadId=4256; MachineName=mica; UserId=S-1-5-18; TimeCreated=04/10/2017 19:51:55; ActivityId=111b1dbd-3d4a-0001-5c1f-1b114a3dd301; RelatedActivityId=; ContainerLog=application; MatchedQueryIds=; Bookmark=System.Diagnostics.Eventing.Reader.EventBookmark; LevelDisplayName=Warning; OpcodeDisplayName=Info; TaskDisplayName=; KeywordsDisplayNames=; Properties=System.Diagnostics.Eventing.Reader.EventProperty System.Diagnostics.Eventing.Reader.EventProperty; Message=A provider, ProfileAssociationProviderInterop, has been registered in the Windows Management Instrumentation namespace ROOT\Interop to use the LocalSystem account. This account is privileged and the provider may cause a security violation if it does not correctly impersonate user requests.}"
Id                   : 63
Version              : 2
Qualifiers           :
Level                : 3
Task                 : 0
Opcode               : 0
Keywords             : -9223372036854775808
RecordId             : 150
ProviderName         : Microsoft-Windows-WMI
ProviderId           : 1edeee53-0afe-4609-b846-d8c0b2075b1f
LogName              : Application
ProcessId            : 3404
ThreadId             : 4256
MachineName          : mica
UserId               : S-1-5-18
TimeCreated          : 04/10/2017 19:51:55
ActivityId           : 111b1dbd-3d4a-0001-5c1f-1b114a3dd301
RelatedActivityId    :
ContainerLog         : application
MatchedQueryIds      :
Bookmark             : System.Diagnostics.Eventing.Reader.EventBookmark
LevelDisplayName     : Warning
OpcodeDisplayName    : Info
TaskDisplayName      :
KeywordsDisplayNames :
Properties           : System.Diagnostics.Eventing.Reader.EventProperty System.Diagnostics.Eventing.Reader.EventProperty
Message              : A provider, ProfileAssociationProviderInterop, has been registered in the Windows Management Instrumentation namespace ROOT\Interop to use the LocalSystem account.
                       This account is privileged and the provider may cause a security violation if it does not correctly impersonate user requests.

>> ParameterBinding(Trace-SteroidsOutput): name="InputObject"; value="@{Id=63; Version=2; Qualifiers=; Level=3; Task=0; Opcode=0; Keywords=-9223372036854775808; RecordId=149; ProviderName=Microsoft-Windows-WMI; ProviderId=1edeee53-0afe-4609-b846-d8c0b2075b1f; LogName=Application; ProcessId=3404; ThreadId=4256; MachineName=mica; UserId=S-1-5-18; TimeCreated=04/10/2017 19:51:55; ActivityId=111b1dbd-3d4a-0001-5a1f-1b114a3dd301; RelatedActivityId=; ContainerLog=application; MatchedQueryIds=; Bookmark=System.Diagnostics.Eventing.Reader.EventBookmark; LevelDisplayName=Warning; OpcodeDisplayName=Info; TaskDisplayName=; KeywordsDisplayNames=; Properties=System.Diagnostics.Eventing.Reader.EventProperty System.Diagnostics.Eventing.Reader.EventProperty; Message=A provider, NetEventPacketCapture, has been registered in the Windows Management Instrumentation namespace ROOT\StandardCimv2 to use the LocalSystem account. This account is privileged and the provider may cause a security violation if it does not correctly impersonate user requests.}"
Id                   : 63
Version              : 2
Qualifiers           :
Level                : 3
Task                 : 0
Opcode               : 0
Keywords             : -9223372036854775808
RecordId             : 149
ProviderName         : Microsoft-Windows-WMI
ProviderId           : 1edeee53-0afe-4609-b846-d8c0b2075b1f
LogName              : Application
ProcessId            : 3404
ThreadId             : 4256
MachineName          : mica
UserId               : S-1-5-18
TimeCreated          : 04/10/2017 19:51:55
ActivityId           : 111b1dbd-3d4a-0001-5a1f-1b114a3dd301
RelatedActivityId    :
ContainerLog         : application
MatchedQueryIds      :
Bookmark             : System.Diagnostics.Eventing.Reader.EventBookmark
LevelDisplayName     : Warning
OpcodeDisplayName    : Info
TaskDisplayName      :
KeywordsDisplayNames :
Properties           : System.Diagnostics.Eventing.Reader.EventProperty System.Diagnostics.Eventing.Reader.EventProperty
Message              : A provider, NetEventPacketCapture, has been registered in the Windows Management Instrumentation namespace ROOT\StandardCimv2 to use the LocalSystem account. This
                       account is privileged and the provider may cause a security violation if it does not correctly impersonate user requests.

>> ParameterBinding(Trace-SteroidsOutput): name="InputObject"; value="@{Id=63; Version=2; Qualifiers=; Level=3; Task=0; Opcode=0; Keywords=-9223372036854775808; RecordId=148; ProviderName=Microsoft-Windows-WMI; ProviderId=1edeee53-0afe-4609-b846-d8c0b2075b1f; LogName=Application; ProcessId=3404; ThreadId=4256; MachineName=mica; UserId=S-1-5-18; TimeCreated=04/10/2017 19:51:55; ActivityId=; RelatedActivityId=; ContainerLog=application; MatchedQueryIds=; Bookmark=System.Diagnostics.Eventing.Reader.EventBookmark; LevelDisplayName=Warning; OpcodeDisplayName=Info; TaskDisplayName=; KeywordsDisplayNames=; Properties=System.Diagnostics.Eventing.Reader.EventProperty System.Diagnostics.Eventing.Reader.EventProperty; Message=A provider, UWF, has been registered in the Windows Management Instrumentation namespace ROOT\StandardCimv2\embedded to use the LocalSystem account. This account is privileged and the provider may cause a security violation if it does not correctly impersonate user requests.}"
Id                   : 63
Version              : 2
Qualifiers           :
Level                : 3
Task                 : 0
Opcode               : 0
Keywords             : -9223372036854775808
RecordId             : 148
ProviderName         : Microsoft-Windows-WMI
ProviderId           : 1edeee53-0afe-4609-b846-d8c0b2075b1f
LogName              : Application
ProcessId            : 3404
ThreadId             : 4256
MachineName          : mica
UserId               : S-1-5-18
TimeCreated          : 04/10/2017 19:51:55
ActivityId           :
RelatedActivityId    :
ContainerLog         : application
MatchedQueryIds      :
Bookmark             : System.Diagnostics.Eventing.Reader.EventBookmark
LevelDisplayName     : Warning
OpcodeDisplayName    : Info
TaskDisplayName      :
KeywordsDisplayNames :
Properties           : System.Diagnostics.Eventing.Reader.EventProperty System.Diagnostics.Eventing.Reader.EventProperty
Message              : A provider, UWF, has been registered in the Windows Management Instrumentation namespace ROOT\StandardCimv2\embedded to use the LocalSystem account. This account is
                       privileged and the provider may cause a security violation if it does not correctly impersonate user requests.

>> ParameterBinding(Trace-SteroidsOutput): name="InputObject"; value="@{Id=63; Version=2; Qualifiers=; Level=3; Task=0; Opcode=0; Keywords=-9223372036854775808; RecordId=147; ProviderName=Microsoft-Windows-WMI; ProviderId=1edeee53-0afe-4609-b846-d8c0b2075b1f; LogName=Application; ProcessId=3404; ThreadId=4256; MachineName=mica; UserId=S-1-5-18; TimeCreated=04/10/2017 19:51:55; ActivityId=; RelatedActivityId=; ContainerLog=application; MatchedQueryIds=; Bookmark=System.Diagnostics.Eventing.Reader.EventBookmark; LevelDisplayName=Warning; OpcodeDisplayName=Info; TaskDisplayName=; KeywordsDisplayNames=; Properties=System.Diagnostics.Eventing.Reader.EventProperty System.Diagnostics.Eventing.Reader.EventProperty; Message=A provider, UWF, has been registered in the Windows Management Instrumentation namespace ROOT\StandardCimv2\embedded to use the LocalSystem account. This account is privileged and the provider may cause a security violation if it does not correctly impersonate user requests.}"
Id                   : 63
Version              : 2
Qualifiers           :
Level                : 3
Task                 : 0
Opcode               : 0
Keywords             : -9223372036854775808
RecordId             : 147
ProviderName         : Microsoft-Windows-WMI
ProviderId           : 1edeee53-0afe-4609-b846-d8c0b2075b1f
LogName              : Application
ProcessId            : 3404
ThreadId             : 4256
MachineName          : mica
UserId               : S-1-5-18
TimeCreated          : 04/10/2017 19:51:55
ActivityId           :
RelatedActivityId    :
ContainerLog         : application
MatchedQueryIds      :
Bookmark             : System.Diagnostics.Eventing.Reader.EventBookmark
LevelDisplayName     : Warning
OpcodeDisplayName    : Info
TaskDisplayName      :
KeywordsDisplayNames :
Properties           : System.Diagnostics.Eventing.Reader.EventProperty System.Diagnostics.Eventing.Reader.EventProperty
Message              : A provider, UWF, has been registered in the Windows Management Instrumentation namespace ROOT\StandardCimv2\embedded to use the LocalSystem account. This account is
                       privileged and the provider may cause a security violation if it does not correctly impersonate user requests.

>> ParameterBinding(Trace-SteroidsOutput): name="InputObject"; value="@{Id=63; Version=2; Qualifiers=; Level=3; Task=0; Opcode=0; Keywords=-9223372036854775808; RecordId=146; ProviderName=Microsoft-Windows-WMI; ProviderId=1edeee53-0afe-4609-b846-d8c0b2075b1f; LogName=Application; ProcessId=3404; ThreadId=4256; MachineName=mica; UserId=S-1-5-18; TimeCreated=04/10/2017 19:51:55; ActivityId=; RelatedActivityId=; ContainerLog=application; MatchedQueryIds=; Bookmark=System.Diagnostics.Eventing.Reader.EventBookmark; LevelDisplayName=Warning; OpcodeDisplayName=Info; TaskDisplayName=; KeywordsDisplayNames=; Properties=System.Diagnostics.Eventing.Reader.EventProperty System.Diagnostics.Eventing.Reader.EventProperty; Message=A provider, UWF, has been registered in the Windows Management Instrumentation namespace ROOT\StandardCimv2\embedded to use the LocalSystem account. This account is privileged and the provider may cause a security violation if it does not correctly impersonate user requests.}"
Id                   : 63
Version              : 2
Qualifiers           :
Level                : 3
Task                 : 0
Opcode               : 0
Keywords             : -9223372036854775808
RecordId             : 146
ProviderName         : Microsoft-Windows-WMI
ProviderId           : 1edeee53-0afe-4609-b846-d8c0b2075b1f
LogName              : Application
ProcessId            : 3404
ThreadId             : 4256
MachineName          : mica
UserId               : S-1-5-18
TimeCreated          : 04/10/2017 19:51:55
ActivityId           :
RelatedActivityId    :
ContainerLog         : application
MatchedQueryIds      :
Bookmark             : System.Diagnostics.Eventing.Reader.EventBookmark
LevelDisplayName     : Warning
OpcodeDisplayName    : Info
TaskDisplayName      :
KeywordsDisplayNames :
Properties           : System.Diagnostics.Eventing.Reader.EventProperty System.Diagnostics.Eventing.Reader.EventProperty
Message              : A provider, UWF, has been registered in the Windows Management Instrumentation namespace ROOT\StandardCimv2\embedded to use the LocalSystem account. This account is
                       privileged and the provider may cause a security violation if it does not correctly impersonate user requests.

>> ParameterBinding(Trace-SteroidsOutput): name="InputObject"; value="@{Id=63; Version=2; Qualifiers=; Level=3; Task=0; Opcode=0; Keywords=-9223372036854775808; RecordId=145; ProviderName=Microsoft-Windows-WMI; ProviderId=1edeee53-0afe-4609-b846-d8c0b2075b1f; LogName=Application; ProcessId=3404; ThreadId=4256; MachineName=mica; UserId=S-1-5-18; TimeCreated=04/10/2017 19:51:55; ActivityId=111b1dbd-3d4a-0002-6f1f-1b114a3dd301; RelatedActivityId=; ContainerLog=application; MatchedQueryIds=; Bookmark=System.Diagnostics.Eventing.Reader.EventBookmark; LevelDisplayName=Warning; OpcodeDisplayName=Info; TaskDisplayName=; KeywordsDisplayNames=; Properties=System.Diagnostics.Eventing.Reader.EventProperty System.Diagnostics.Eventing.Reader.EventProperty; Message=A provider, AssignedAccess, has been registered in the Windows Management Instrumentation namespace ROOT\StandardCimv2\embedded to use the LocalSystem account. This account is privileged and the provider may cause a security violation if it does not correctly impersonate user requests.}"
Id                   : 63
Version              : 2
Qualifiers           :
Level                : 3
Task                 : 0
Opcode               : 0
Keywords             : -9223372036854775808
RecordId             : 145
ProviderName         : Microsoft-Windows-WMI
ProviderId           : 1edeee53-0afe-4609-b846-d8c0b2075b1f
LogName              : Application
ProcessId            : 3404
ThreadId             : 4256
MachineName          : mica
UserId               : S-1-5-18
TimeCreated          : 04/10/2017 19:51:55
ActivityId           : 111b1dbd-3d4a-0002-6f1f-1b114a3dd301
RelatedActivityId    :
ContainerLog         : application
MatchedQueryIds      :
Bookmark             : System.Diagnostics.Eventing.Reader.EventBookmark
LevelDisplayName     : Warning
OpcodeDisplayName    : Info
TaskDisplayName      :
KeywordsDisplayNames :
Properties           : System.Diagnostics.Eventing.Reader.EventProperty System.Diagnostics.Eventing.Reader.EventProperty
Message              : A provider, AssignedAccess, has been registered in the Windows Management Instrumentation namespace ROOT\StandardCimv2\embedded to use the LocalSystem account. This
                       account is privileged and the provider may cause a security violation if it does not correctly impersonate user requests.

>> ParameterBinding(Trace-SteroidsOutput): name="InputObject"; value="@{Id=63; Version=2; Qualifiers=; Level=3; Task=0; Opcode=0; Keywords=-9223372036854775808; RecordId=144; ProviderName=Microsoft-Windows-WMI; ProviderId=1edeee53-0afe-4609-b846-d8c0b2075b1f; LogName=Application; ProcessId=3404; ThreadId=4256; MachineName=mica; UserId=S-1-5-18; TimeCreated=04/10/2017 19:51:55; ActivityId=; RelatedActivityId=; ContainerLog=application; MatchedQueryIds=; Bookmark=System.Diagnostics.Eventing.Reader.EventBookmark; LevelDisplayName=Warning; OpcodeDisplayName=Info; TaskDisplayName=; KeywordsDisplayNames=; Properties=System.Diagnostics.Eventing.Reader.EventProperty System.Diagnostics.Eventing.Reader.EventProperty; Message=A provider, NetEventPacketCapture, has been registered in the Windows Management Instrumentation namespace ROOT\StandardCimv2 to use the LocalSystem account. This account is privileged and the provider may cause a security violation if it does not correctly impersonate user requests.}"
Id                   : 63
Version              : 2
Qualifiers           :
Level                : 3
Task                 : 0
Opcode               : 0
Keywords             : -9223372036854775808
RecordId             : 144
ProviderName         : Microsoft-Windows-WMI
ProviderId           : 1edeee53-0afe-4609-b846-d8c0b2075b1f
LogName              : Application
ProcessId            : 3404
ThreadId             : 4256
MachineName          : mica
UserId               : S-1-5-18
TimeCreated          : 04/10/2017 19:51:55
ActivityId           :
RelatedActivityId    :
ContainerLog         : application
MatchedQueryIds      :
Bookmark             : System.Diagnostics.Eventing.Reader.EventBookmark
LevelDisplayName     : Warning
OpcodeDisplayName    : Info
TaskDisplayName      :
KeywordsDisplayNames :
Properties           : System.Diagnostics.Eventing.Reader.EventProperty System.Diagnostics.Eventing.Reader.EventProperty
Message              : A provider, NetEventPacketCapture, has been registered in the Windows Management Instrumentation namespace ROOT\StandardCimv2 to use the LocalSystem account. This
                       account is privileged and the provider may cause a security violation if it does not correctly impersonate user requests.

>> ParameterBinding(Trace-SteroidsOutput): name="InputObject"; value="@{Id=63; Version=2; Qualifiers=; Level=3; Task=0; Opcode=0; Keywords=-9223372036854775808; RecordId=143; ProviderName=Microsoft-Windows-WMI; ProviderId=1edeee53-0afe-4609-b846-d8c0b2075b1f; LogName=Application; ProcessId=3404; ThreadId=4256; MachineName=mica; UserId=S-1-5-18; TimeCreated=04/10/2017 19:51:55; ActivityId=; RelatedActivityId=; ContainerLog=application; MatchedQueryIds=; Bookmark=System.Diagnostics.Eventing.Reader.EventBookmark; LevelDisplayName=Warning; OpcodeDisplayName=Info; TaskDisplayName=; KeywordsDisplayNames=; Properties=System.Diagnostics.Eventing.Reader.EventProperty System.Diagnostics.Eventing.Reader.EventProperty; Message=A provider, NetEventPacketCapture, has been registered in the Windows Management Instrumentation namespace ROOT\StandardCimv2 to use the LocalSystem account. This account is privileged and the provider may cause a security violation if it does not correctly impersonate user requests.}"
Id                   : 63
Version              : 2
Qualifiers           :
Level                : 3
Task                 : 0
Opcode               : 0
Keywords             : -9223372036854775808
RecordId             : 143
ProviderName         : Microsoft-Windows-WMI
ProviderId           : 1edeee53-0afe-4609-b846-d8c0b2075b1f
LogName              : Application
ProcessId            : 3404
ThreadId             : 4256
MachineName          : mica
UserId               : S-1-5-18
TimeCreated          : 04/10/2017 19:51:55
ActivityId           :
RelatedActivityId    :
ContainerLog         : application
MatchedQueryIds      :
Bookmark             : System.Diagnostics.Eventing.Reader.EventBookmark
LevelDisplayName     : Warning
OpcodeDisplayName    : Info
TaskDisplayName      :
KeywordsDisplayNames :
Properties           : System.Diagnostics.Eventing.Reader.EventProperty System.Diagnostics.Eventing.Reader.EventProperty
Message              : A provider, NetEventPacketCapture, has been registered in the Windows Management Instrumentation namespace ROOT\StandardCimv2 to use the LocalSystem account. This
                       account is privileged and the provider may cause a security violation if it does not correctly impersonate user requests.

>> ParameterBinding(Trace-SteroidsOutput): name="InputObject"; value="@{Id=63; Version=2; Qualifiers=; Level=3; Task=0; Opcode=0; Keywords=-9223372036854775808; RecordId=142; ProviderName=Microsoft-Windows-WMI; ProviderId=1edeee53-0afe-4609-b846-d8c0b2075b1f; LogName=Application; ProcessId=3404; ThreadId=4256; MachineName=mica; UserId=S-1-5-18; TimeCreated=04/10/2017 19:51:55; ActivityId=; RelatedActivityId=; ContainerLog=application; MatchedQueryIds=; Bookmark=System.Diagnostics.Eventing.Reader.EventBookmark; LevelDisplayName=Warning; OpcodeDisplayName=Info; TaskDisplayName=; KeywordsDisplayNames=; Properties=System.Diagnostics.Eventing.Reader.EventProperty System.Diagnostics.Eventing.Reader.EventProperty; Message=A provider, MINT, has been registered in the Windows Management Instrumentation namespace ROOT\PEH to use the LocalSystem account. This account is privileged and the provider may cause a security violation if it does not correctly impersonate user requests.}"
Id                   : 63
Version              : 2
Qualifiers           :
Level                : 3
Task                 : 0
Opcode               : 0
Keywords             : -9223372036854775808
RecordId             : 142
ProviderName         : Microsoft-Windows-WMI
ProviderId           : 1edeee53-0afe-4609-b846-d8c0b2075b1f
LogName              : Application
ProcessId            : 3404
ThreadId             : 4256
MachineName          : mica
UserId               : S-1-5-18
TimeCreated          : 04/10/2017 19:51:55
ActivityId           :
RelatedActivityId    :
ContainerLog         : application
MatchedQueryIds      :
Bookmark             : System.Diagnostics.Eventing.Reader.EventBookmark
LevelDisplayName     : Warning
OpcodeDisplayName    : Info
TaskDisplayName      :
KeywordsDisplayNames :
Properties           : System.Diagnostics.Eventing.Reader.EventProperty System.Diagnostics.Eventing.Reader.EventProperty
Message              : A provider, MINT, has been registered in the Windows Management Instrumentation namespace ROOT\PEH to use the LocalSystem account. This account is privileged and the
                       provider may cause a security violation if it does not correctly impersonate user requests.

>> ParameterBinding(Trace-SteroidsOutput): name="InputObject"; value="@{Id=63; Version=2; Qualifiers=; Level=3; Task=0; Opcode=0; Keywords=-9223372036854775808; RecordId=141; ProviderName=Microsoft-Windows-WMI; ProviderId=1edeee53-0afe-4609-b846-d8c0b2075b1f; LogName=Application; ProcessId=3404; ThreadId=4256; MachineName=mica; UserId=S-1-5-18; TimeCreated=04/10/2017 19:51:55; ActivityId=; RelatedActivityId=; ContainerLog=application; MatchedQueryIds=; Bookmark=System.Diagnostics.Eventing.Reader.EventBookmark; LevelDisplayName=Warning; OpcodeDisplayName=Info; TaskDisplayName=; KeywordsDisplayNames=; Properties=System.Diagnostics.Eventing.Reader.EventProperty System.Diagnostics.Eventing.Reader.EventProperty; Message=A provider, MINT, has been registered in the Windows Management Instrumentation namespace ROOT\PEH to use the LocalSystem account. This account is privileged and the provider may cause a security violation if it does not correctly impersonate user requests.}"
Id                   : 63
Version              : 2
Qualifiers           :
Level                : 3
Task                 : 0
Opcode               : 0
Keywords             : -9223372036854775808
RecordId             : 141
ProviderName         : Microsoft-Windows-WMI
ProviderId           : 1edeee53-0afe-4609-b846-d8c0b2075b1f
LogName              : Application
ProcessId            : 3404
ThreadId             : 4256
MachineName          : mica
UserId               : S-1-5-18
TimeCreated          : 04/10/2017 19:51:55
ActivityId           :
RelatedActivityId    :
ContainerLog         : application
MatchedQueryIds      :
Bookmark             : System.Diagnostics.Eventing.Reader.EventBookmark
LevelDisplayName     : Warning
OpcodeDisplayName    : Info
TaskDisplayName      :
KeywordsDisplayNames :
Properties           : System.Diagnostics.Eventing.Reader.EventProperty System.Diagnostics.Eventing.Reader.EventProperty
Message              : A provider, MINT, has been registered in the Windows Management Instrumentation namespace ROOT\PEH to use the LocalSystem account. This account is privileged and the
                       provider may cause a security violation if it does not correctly impersonate user requests.

>> ParameterBinding(Trace-SteroidsOutput): name="InputObject"; value="@{Id=63; Version=2; Qualifiers=; Level=3; Task=0; Opcode=0; Keywords=-9223372036854775808; RecordId=140; ProviderName=Microsoft-Windows-WMI; ProviderId=1edeee53-0afe-4609-b846-d8c0b2075b1f; LogName=Application; ProcessId=3404; ThreadId=4256; MachineName=mica; UserId=S-1-5-18; TimeCreated=04/10/2017 19:51:55; ActivityId=111b1dbd-3d4a-0001-581f-1b114a3dd301; RelatedActivityId=; ContainerLog=application; MatchedQueryIds=; Bookmark=System.Diagnostics.Eventing.Reader.EventBookmark; LevelDisplayName=Warning; OpcodeDisplayName=Info; TaskDisplayName=; KeywordsDisplayNames=; Properties=System.Diagnostics.Eventing.Reader.EventProperty System.Diagnostics.Eventing.Reader.EventProperty; Message=A provider, MINT, has been registered in the Windows Management Instrumentation namespace ROOT\PEH to use the LocalSystem account. This account is privileged and the provider may cause a security violation if it does not correctly impersonate user requests.}"
Id                   : 63
Version              : 2
Qualifiers           :
Level                : 3
Task                 : 0
Opcode               : 0
Keywords             : -9223372036854775808
RecordId             : 140
ProviderName         : Microsoft-Windows-WMI
ProviderId           : 1edeee53-0afe-4609-b846-d8c0b2075b1f
LogName              : Application
ProcessId            : 3404
ThreadId             : 4256
MachineName          : mica
UserId               : S-1-5-18
TimeCreated          : 04/10/2017 19:51:55
ActivityId           : 111b1dbd-3d4a-0001-581f-1b114a3dd301
RelatedActivityId    :
ContainerLog         : application
MatchedQueryIds      :
Bookmark             : System.Diagnostics.Eventing.Reader.EventBookmark
LevelDisplayName     : Warning
OpcodeDisplayName    : Info
TaskDisplayName      :
KeywordsDisplayNames :
Properties           : System.Diagnostics.Eventing.Reader.EventProperty System.Diagnostics.Eventing.Reader.EventProperty
Message              : A provider, MINT, has been registered in the Windows Management Instrumentation namespace ROOT\PEH to use the LocalSystem account. This account is privileged and the
                       provider may cause a security violation if it does not correctly impersonate user requests.

>> ParameterBinding(Trace-SteroidsOutput): name="InputObject"; value="@{Id=63; Version=2; Qualifiers=; Level=3; Task=0; Opcode=0; Keywords=-9223372036854775808; RecordId=139; ProviderName=Microsoft-Windows-WMI; ProviderId=1edeee53-0afe-4609-b846-d8c0b2075b1f; LogName=Application; ProcessId=3404; ThreadId=4256; MachineName=mica; UserId=S-1-5-18; TimeCreated=04/10/2017 19:51:55; ActivityId=111b1dbd-3d4a-0002-6c1f-1b114a3dd301; RelatedActivityId=; ContainerLog=application; MatchedQueryIds=; Bookmark=System.Diagnostics.Eventing.Reader.EventBookmark; LevelDisplayName=Warning; OpcodeDisplayName=Info; TaskDisplayName=; KeywordsDisplayNames=; Properties=System.Diagnostics.Eventing.Reader.EventProperty System.Diagnostics.Eventing.Reader.EventProperty; Message=A provider, IntelMEProv, has been registered in the Windows Management Instrumentation namespace ROOT\Intel_ME to use the LocalSystem account. This account is privileged and the provider may cause a security violation if it does not correctly impersonate user requests.}"
Id                   : 63
Version              : 2
Qualifiers           :
Level                : 3
Task                 : 0
Opcode               : 0
Keywords             : -9223372036854775808
RecordId             : 139
ProviderName         : Microsoft-Windows-WMI
ProviderId           : 1edeee53-0afe-4609-b846-d8c0b2075b1f
LogName              : Application
ProcessId            : 3404
ThreadId             : 4256
MachineName          : mica
UserId               : S-1-5-18
TimeCreated          : 04/10/2017 19:51:55
ActivityId           : 111b1dbd-3d4a-0002-6c1f-1b114a3dd301
RelatedActivityId    :
ContainerLog         : application
MatchedQueryIds      :
Bookmark             : System.Diagnostics.Eventing.Reader.EventBookmark
LevelDisplayName     : Warning
OpcodeDisplayName    : Info
TaskDisplayName      :
KeywordsDisplayNames :
Properties           : System.Diagnostics.Eventing.Reader.EventProperty System.Diagnostics.Eventing.Reader.EventProperty
Message              : A provider, IntelMEProv, has been registered in the Windows Management Instrumentation namespace ROOT\Intel_ME to use the LocalSystem account. This account is
                       privileged and the provider may cause a security violation if it does not correctly impersonate user requests.

>> ParameterBinding(Trace-SteroidsOutput): name="InputObject"; value="@{Id=63; Version=2; Qualifiers=; Level=3; Task=0; Opcode=0; Keywords=-9223372036854775808; RecordId=138; ProviderName=Microsoft-Windows-WMI; ProviderId=1edeee53-0afe-4609-b846-d8c0b2075b1f; LogName=Application; ProcessId=3404; ThreadId=4256; MachineName=mica; UserId=S-1-5-18; TimeCreated=04/10/2017 19:51:54; ActivityId=; RelatedActivityId=; ContainerLog=application; MatchedQueryIds=; Bookmark=System.Diagnostics.Eventing.Reader.EventBookmark; LevelDisplayName=Warning; OpcodeDisplayName=Info; TaskDisplayName=; KeywordsDisplayNames=; Properties=System.Diagnostics.Eventing.Reader.EventProperty System.Diagnostics.Eventing.Reader.EventProperty; Message=A provider, ProfileAssociationProviderCimV2, has been registered in the Windows Management Instrumentation namespace ROOT\CIMV2\power to use the LocalSystem account. This account is privileged and the provider may cause a security violation if it does not correctly impersonate user requests.}"
Id                   : 63
Version              : 2
Qualifiers           :
Level                : 3
Task                 : 0
Opcode               : 0
Keywords             : -9223372036854775808
RecordId             : 138
ProviderName         : Microsoft-Windows-WMI
ProviderId           : 1edeee53-0afe-4609-b846-d8c0b2075b1f
LogName              : Application
ProcessId            : 3404
ThreadId             : 4256
MachineName          : mica
UserId               : S-1-5-18
TimeCreated          : 04/10/2017 19:51:54
ActivityId           :
RelatedActivityId    :
ContainerLog         : application
MatchedQueryIds      :
Bookmark             : System.Diagnostics.Eventing.Reader.EventBookmark
LevelDisplayName     : Warning
OpcodeDisplayName    : Info
TaskDisplayName      :
KeywordsDisplayNames :
Properties           : System.Diagnostics.Eventing.Reader.EventProperty System.Diagnostics.Eventing.Reader.EventProperty
Message              : A provider, ProfileAssociationProviderCimV2, has been registered in the Windows Management Instrumentation namespace ROOT\CIMV2\power to use the LocalSystem account.
                       This account is privileged and the provider may cause a security violation if it does not correctly impersonate user requests.

>> ParameterBinding(Trace-SteroidsOutput): name="InputObject"; value="@{Id=63; Version=2; Qualifiers=; Level=3; Task=0; Opcode=0; Keywords=-9223372036854775808; RecordId=137; ProviderName=Microsoft-Windows-WMI; ProviderId=1edeee53-0afe-4609-b846-d8c0b2075b1f; LogName=Application; ProcessId=3404; ThreadId=4256; MachineName=mica; UserId=S-1-5-18; TimeCreated=04/10/2017 19:51:54; ActivityId=111b1dbd-3d4a-0001-541f-1b114a3dd301; RelatedActivityId=; ContainerLog=application; MatchedQueryIds=; Bookmark=System.Diagnostics.Eventing.Reader.EventBookmark; LevelDisplayName=Warning; OpcodeDisplayName=Info; TaskDisplayName=; KeywordsDisplayNames=; Properties=System.Diagnostics.Eventing.Reader.EventProperty System.Diagnostics.Eventing.Reader.EventProperty; Message=A provider, PowerMeterProvider, has been registered in the Windows Management Instrumentation namespace ROOT\CIMV2\power to use the LocalSystem account. This account is privileged and the provider may cause a security violation if it does not correctly impersonate user requests.}"
Id                   : 63
Version              : 2
Qualifiers           :
Level                : 3
Task                 : 0
Opcode               : 0
Keywords             : -9223372036854775808
RecordId             : 137
ProviderName         : Microsoft-Windows-WMI
ProviderId           : 1edeee53-0afe-4609-b846-d8c0b2075b1f
LogName              : Application
ProcessId            : 3404
ThreadId             : 4256
MachineName          : mica
UserId               : S-1-5-18
TimeCreated          : 04/10/2017 19:51:54
ActivityId           : 111b1dbd-3d4a-0001-541f-1b114a3dd301
RelatedActivityId    :
ContainerLog         : application
MatchedQueryIds      :
Bookmark             : System.Diagnostics.Eventing.Reader.EventBookmark
LevelDisplayName     : Warning
OpcodeDisplayName    : Info
TaskDisplayName      :
KeywordsDisplayNames :
Properties           : System.Diagnostics.Eventing.Reader.EventProperty System.Diagnostics.Eventing.Reader.EventProperty
Message              : A provider, PowerMeterProvider, has been registered in the Windows Management Instrumentation namespace ROOT\CIMV2\power to use the LocalSystem account. This account
                       is privileged and the provider may cause a security violation if it does not correctly impersonate user requests.

>> ParameterBinding(Trace-SteroidsOutput): name="InputObject"; value="@{Id=63; Version=2; Qualifiers=; Level=3; Task=0; Opcode=0; Keywords=-9223372036854775808; RecordId=136; ProviderName=Microsoft-Windows-WMI; ProviderId=1edeee53-0afe-4609-b846-d8c0b2075b1f; LogName=Application; ProcessId=3404; ThreadId=4256; MachineName=mica; UserId=S-1-5-18; TimeCreated=04/10/2017 19:51:54; ActivityId=; RelatedActivityId=; ContainerLog=application; MatchedQueryIds=; Bookmark=System.Diagnostics.Eventing.Reader.EventBookmark; LevelDisplayName=Warning; OpcodeDisplayName=Info; TaskDisplayName=; KeywordsDisplayNames=; Properties=System.Diagnostics.Eventing.Reader.EventProperty System.Diagnostics.Eventing.Reader.EventProperty; Message=A provider, PowerWmiProvider, has been registered in the Windows Management Instrumentation namespace ROOT\CIMV2\power to use the LocalSystem account. This account is privileged and the provider may cause a security violation if it does not correctly impersonate user requests.}"
Id                   : 63
Version              : 2
Qualifiers           :
Level                : 3
Task                 : 0
Opcode               : 0
Keywords             : -9223372036854775808
RecordId             : 136
ProviderName         : Microsoft-Windows-WMI
ProviderId           : 1edeee53-0afe-4609-b846-d8c0b2075b1f
LogName              : Application
ProcessId            : 3404
ThreadId             : 4256
MachineName          : mica
UserId               : S-1-5-18
TimeCreated          : 04/10/2017 19:51:54
ActivityId           :
RelatedActivityId    :
ContainerLog         : application
MatchedQueryIds      :
Bookmark             : System.Diagnostics.Eventing.Reader.EventBookmark
LevelDisplayName     : Warning
OpcodeDisplayName    : Info
TaskDisplayName      :
KeywordsDisplayNames :
Properties           : System.Diagnostics.Eventing.Reader.EventProperty System.Diagnostics.Eventing.Reader.EventProperty
Message              : A provider, PowerWmiProvider, has been registered in the Windows Management Instrumentation namespace ROOT\CIMV2\power to use the LocalSystem account. This account is
                       privileged and the provider may cause a security violation if it does not correctly impersonate user requests.

>> ParameterBinding(Trace-SteroidsOutput): name="InputObject"; value="@{Id=63; Version=2; Qualifiers=; Level=3; Task=0; Opcode=0; Keywords=-9223372036854775808; RecordId=135; ProviderName=Microsoft-Windows-WMI; ProviderId=1edeee53-0afe-4609-b846-d8c0b2075b1f; LogName=Application; ProcessId=3404; ThreadId=4256; MachineName=mica; UserId=S-1-5-18; TimeCreated=04/10/2017 19:51:54; ActivityId=; RelatedActivityId=; ContainerLog=application; MatchedQueryIds=; Bookmark=System.Diagnostics.Eventing.Reader.EventBookmark; LevelDisplayName=Warning; OpcodeDisplayName=Info; TaskDisplayName=; KeywordsDisplayNames=; Properties=System.Diagnostics.Eventing.Reader.EventProperty System.Diagnostics.Eventing.Reader.EventProperty; Message=A provider, ProfileAssociationProviderCimV2, has been registered in the Windows Management Instrumentation namespace ROOT\CIMV2\power to use the LocalSystem account. This account is privileged and the provider may cause a security violation if it does not correctly impersonate user requests.}"
Id                   : 63
Version              : 2
Qualifiers           :
Level                : 3
Task                 : 0
Opcode               : 0
Keywords             : -9223372036854775808
RecordId             : 135
ProviderName         : Microsoft-Windows-WMI
ProviderId           : 1edeee53-0afe-4609-b846-d8c0b2075b1f
LogName              : Application
ProcessId            : 3404
ThreadId             : 4256
MachineName          : mica
UserId               : S-1-5-18
TimeCreated          : 04/10/2017 19:51:54
ActivityId           :
RelatedActivityId    :
ContainerLog         : application
MatchedQueryIds      :
Bookmark             : System.Diagnostics.Eventing.Reader.EventBookmark
LevelDisplayName     : Warning
OpcodeDisplayName    : Info
TaskDisplayName      :
KeywordsDisplayNames :
Properties           : System.Diagnostics.Eventing.Reader.EventProperty System.Diagnostics.Eventing.Reader.EventProperty
Message              : A provider, ProfileAssociationProviderCimV2, has been registered in the Windows Management Instrumentation namespace ROOT\CIMV2\power to use the LocalSystem account.
                       This account is privileged and the provider may cause a security violation if it does not correctly impersonate user requests.

>> ParameterBinding(Trace-SteroidsOutput): name="InputObject"; value="@{Id=63; Version=2; Qualifiers=; Level=3; Task=0; Opcode=0; Keywords=-9223372036854775808; RecordId=134; ProviderName=Microsoft-Windows-WMI; ProviderId=1edeee53-0afe-4609-b846-d8c0b2075b1f; LogName=Application; ProcessId=3404; ThreadId=4256; MachineName=mica; UserId=S-1-5-18; TimeCreated=04/10/2017 19:51:54; ActivityId=; RelatedActivityId=; ContainerLog=application; MatchedQueryIds=; Bookmark=System.Diagnostics.Eventing.Reader.EventBookmark; LevelDisplayName=Warning; OpcodeDisplayName=Info; TaskDisplayName=; KeywordsDisplayNames=; Properties=System.Diagnostics.Eventing.Reader.EventProperty System.Diagnostics.Eventing.Reader.EventProperty; Message=A provider, PowerMeterProvider, has been registered in the Windows Management Instrumentation namespace ROOT\CIMV2\power to use the LocalSystem account. This account is privileged and the provider may cause a security violation if it does not correctly impersonate user requests.}"
Id                   : 63
Version              : 2
Qualifiers           :
Level                : 3
Task                 : 0
Opcode               : 0
Keywords             : -9223372036854775808
RecordId             : 134
ProviderName         : Microsoft-Windows-WMI
ProviderId           : 1edeee53-0afe-4609-b846-d8c0b2075b1f
LogName              : Application
ProcessId            : 3404
ThreadId             : 4256
MachineName          : mica
UserId               : S-1-5-18
TimeCreated          : 04/10/2017 19:51:54
ActivityId           :
RelatedActivityId    :
ContainerLog         : application
MatchedQueryIds      :
Bookmark             : System.Diagnostics.Eventing.Reader.EventBookmark
LevelDisplayName     : Warning
OpcodeDisplayName    : Info
TaskDisplayName      :
KeywordsDisplayNames :
Properties           : System.Diagnostics.Eventing.Reader.EventProperty System.Diagnostics.Eventing.Reader.EventProperty
Message              : A provider, PowerMeterProvider, has been registered in the Windows Management Instrumentation namespace ROOT\CIMV2\power to use the LocalSystem account. This account
                       is privileged and the provider may cause a security violation if it does not correctly impersonate user requests.

>> ParameterBinding(Trace-SteroidsOutput): name="InputObject"; value="@{Id=63; Version=2; Qualifiers=; Level=3; Task=0; Opcode=0; Keywords=-9223372036854775808; RecordId=133; ProviderName=Microsoft-Windows-WMI; ProviderId=1edeee53-0afe-4609-b846-d8c0b2075b1f; LogName=Application; ProcessId=3404; ThreadId=4256; MachineName=mica; UserId=S-1-5-18; TimeCreated=04/10/2017 19:51:54; ActivityId=111b1dbd-3d4a-0002-6a1f-1b114a3dd301; RelatedActivityId=; ContainerLog=application; MatchedQueryIds=; Bookmark=System.Diagnostics.Eventing.Reader.EventBookmark; LevelDisplayName=Warning; OpcodeDisplayName=Info; TaskDisplayName=; KeywordsDisplayNames=; Properties=System.Diagnostics.Eventing.Reader.EventProperty System.Diagnostics.Eventing.Reader.EventProperty; Message=A provider, PowerMeterProvider, has been registered in the Windows Management Instrumentation namespace ROOT\CIMV2\power to use the LocalSystem account. This account is privileged and the provider may cause a security violation if it does not correctly impersonate user requests.}"
Id                   : 63
Version              : 2
Qualifiers           :
Level                : 3
Task                 : 0
Opcode               : 0
Keywords             : -9223372036854775808
RecordId             : 133
ProviderName         : Microsoft-Windows-WMI
ProviderId           : 1edeee53-0afe-4609-b846-d8c0b2075b1f
LogName              : Application
ProcessId            : 3404
ThreadId             : 4256
MachineName          : mica
UserId               : S-1-5-18
TimeCreated          : 04/10/2017 19:51:54
ActivityId           : 111b1dbd-3d4a-0002-6a1f-1b114a3dd301
RelatedActivityId    :
ContainerLog         : application
MatchedQueryIds      :
Bookmark             : System.Diagnostics.Eventing.Reader.EventBookmark
LevelDisplayName     : Warning
OpcodeDisplayName    : Info
TaskDisplayName      :
KeywordsDisplayNames :
Properties           : System.Diagnostics.Eventing.Reader.EventProperty System.Diagnostics.Eventing.Reader.EventProperty
Message              : A provider, PowerMeterProvider, has been registered in the Windows Management Instrumentation namespace ROOT\CIMV2\power to use the LocalSystem account. This account
                       is privileged and the provider may cause a security violation if it does not correctly impersonate user requests.

>> ParameterBinding(Trace-SteroidsOutput): name="InputObject"; value="@{Id=63; Version=2; Qualifiers=; Level=3; Task=0; Opcode=0; Keywords=-9223372036854775808; RecordId=132; ProviderName=Microsoft-Windows-WMI; ProviderId=1edeee53-0afe-4609-b846-d8c0b2075b1f; LogName=Application; ProcessId=3404; ThreadId=4256; MachineName=mica; UserId=S-1-5-18; TimeCreated=04/10/2017 19:51:54; ActivityId=; RelatedActivityId=; ContainerLog=application; MatchedQueryIds=; Bookmark=System.Diagnostics.Eventing.Reader.EventBookmark; LevelDisplayName=Warning; OpcodeDisplayName=Info; TaskDisplayName=; KeywordsDisplayNames=; Properties=System.Diagnostics.Eventing.Reader.EventProperty System.Diagnostics.Eventing.Reader.EventProperty; Message=A provider, MDMSettingsProv, has been registered in the Windows Management Instrumentation namespace ROOT\CIMV2\mdm to use the LocalSystem account. This account is privileged and the provider may cause a security violation if it does not correctly impersonate user requests.}"
Id                   : 63
Version              : 2
Qualifiers           :
Level                : 3
Task                 : 0
Opcode               : 0
Keywords             : -9223372036854775808
RecordId             : 132
ProviderName         : Microsoft-Windows-WMI
ProviderId           : 1edeee53-0afe-4609-b846-d8c0b2075b1f
LogName              : Application
ProcessId            : 3404
ThreadId             : 4256
MachineName          : mica
UserId               : S-1-5-18
TimeCreated          : 04/10/2017 19:51:54
ActivityId           :
RelatedActivityId    :
ContainerLog         : application
MatchedQueryIds      :
Bookmark             : System.Diagnostics.Eventing.Reader.EventBookmark
LevelDisplayName     : Warning
OpcodeDisplayName    : Info
TaskDisplayName      :
KeywordsDisplayNames :
Properties           : System.Diagnostics.Eventing.Reader.EventProperty System.Diagnostics.Eventing.Reader.EventProperty
Message              : A provider, MDMSettingsProv, has been registered in the Windows Management Instrumentation namespace ROOT\CIMV2\mdm to use the LocalSystem account. This account is
                       privileged and the provider may cause a security violation if it does not correctly impersonate user requests.

