>> ParameterBinding(Trace-SteroidsOutput): name="InputObject"; value="@{Id=6008; Version=; Qualifiers=32768; Level=2; Task=0; Opcode=; Keywords=36028797018963968; RecordId=3489; ProviderName=EventLog; ProviderId=; LogName=System; ProcessId=; ThreadId=; MachineName=DESKTOP-TBE27PS; UserId=; TimeCreated=09.10.2017 7:06:01; ActivityId=; RelatedActivityId=; ContainerLog=system; MatchedQueryIds=; Bookmark=System.Diagnostics.Eventing.Reader.EventBookmark; LevelDisplayName=Error; OpcodeDisplayName=; TaskDisplayName=; KeywordsDisplayNames=Classic; Properties=System.Diagnostics.Eventing.Reader.EventProperty System.Diagnostics.Eventing.Reader.EventProperty System.Diagnostics.Eventing.Reader.EventProperty System.Diagnostics.Eventing.Reader.EventProperty System.Diagnostics.Eventing.Reader.EventProperty System.Diagnostics.Eventing.Reader.EventProperty System.Diagnostics.Eventing.Reader.EventProperty System.Diagnostics.Eventing.Reader.EventProperty; Message=The previous system shutdown at 1:48:25 AM on ‎10/‎9/‎2017 was unexpected.}"
Id                   : 6008
Version              :
Qualifiers           : 32768
Level                : 2
Task                 : 0
Opcode               :
Keywords             : 36028797018963968
RecordId             : 3489
ProviderName         : EventLog
ProviderId           :
LogName              : System
ProcessId            :
ThreadId             :
MachineName          : DESKTOP-TBE27PS
UserId               :
TimeCreated          : 09.10.2017 7:06:01
ActivityId           :
RelatedActivityId    :
ContainerLog         : system
MatchedQueryIds      :
Bookmark             : System.Diagnostics.Eventing.Reader.EventBookmark
LevelDisplayName     : Error
OpcodeDisplayName    :
TaskDisplayName      :
KeywordsDisplayNames : Classic
Properties           : System.Diagnostics.Eventing.Reader.EventProperty System.Diagnostics.Eventing.Reader.EventProperty System.Diagnostics.Eventing.Reader.EventProperty System.Diagnostics.Eventing.Reader.E
                       ventProperty System.Diagnostics.Eventing.Reader.EventProperty System.Diagnostics.Eventing.Reader.EventProperty System.Diagnostics.Eventing.Reader.EventProperty System.Diagnostics.Even
                       ting.Reader.EventProperty
Message              : The previous system shutdown at 1:48:25 AM on ‎10/‎9/‎2017 was unexpected.

>> ParameterBinding(Trace-SteroidsOutput): name="InputObject"; value="@{Id=29; Version=1; Qualifiers=; Level=2; Task=0; Opcode=0; Keywords=-9223363240761753600; RecordId=3480; ProviderName=Microsoft-Windows-Kernel-Boot; ProviderId=15ca44ff-4d7a-4baa-bba5-0998955e531e; LogName=System; ProcessId=4; ThreadId=8; MachineName=DESKTOP-TBE27PS; UserId=S-1-5-18; TimeCreated=09.10.2017 7:05:52; ActivityId=; RelatedActivityId=; ContainerLog=system; MatchedQueryIds=; Bookmark=System.Diagnostics.Eventing.Reader.EventBookmark; LevelDisplayName=Error; OpcodeDisplayName=Info; TaskDisplayName=; KeywordsDisplayNames=; Properties=System.Diagnostics.Eventing.Reader.EventProperty System.Diagnostics.Eventing.Reader.EventProperty; Message=Windows failed fast startup with error status 0xC00000D4.}"
Id                   : 29
Version              : 1
Qualifiers           :
Level                : 2
Task                 : 0
Opcode               : 0
Keywords             : -9223363240761753600
RecordId             : 3480
ProviderName         : Microsoft-Windows-Kernel-Boot
ProviderId           : 15ca44ff-4d7a-4baa-bba5-0998955e531e
LogName              : System
ProcessId            : 4
ThreadId             : 8
MachineName          : DESKTOP-TBE27PS
UserId               : S-1-5-18
TimeCreated          : 09.10.2017 7:05:52
ActivityId           :
RelatedActivityId    :
ContainerLog         : system
MatchedQueryIds      :
Bookmark             : System.Diagnostics.Eventing.Reader.EventBookmark
LevelDisplayName     : Error
OpcodeDisplayName    : Info
TaskDisplayName      :
KeywordsDisplayNames :
Properties           : System.Diagnostics.Eventing.Reader.EventProperty System.Diagnostics.Eventing.Reader.EventProperty
Message              : Windows failed fast startup with error status 0xC00000D4.

>> ParameterBinding(Trace-SteroidsOutput): name="InputObject"; value="@{Id=7023; Version=0; Qualifiers=49152; Level=2; Task=0; Opcode=0; Keywords=-9187343239835811840; RecordId=3473; ProviderName=Service Control Manager; ProviderId=555908d1-a6d7-4695-8e1e-26931d2012f4; LogName=System; ProcessId=888; ThreadId=948; MachineName=DESKTOP-TBE27PS; UserId=; TimeCreated=08.10.2017 23:03:07; ActivityId=; RelatedActivityId=; ContainerLog=system; MatchedQueryIds=; Bookmark=System.Diagnostics.Eventing.Reader.EventBookmark; LevelDisplayName=Error; OpcodeDisplayName=; TaskDisplayName=; KeywordsDisplayNames=Classic; Properties=System.Diagnostics.Eventing.Reader.EventProperty System.Diagnostics.Eventing.Reader.EventProperty System.Diagnostics.Eventing.Reader.EventProperty; Message=The Interactive Services Detection service terminated with the following error: 
Incorrect function.}"
Id                   : 7023
Version              : 0
Qualifiers           : 49152
Level                : 2
Task                 : 0
Opcode               : 0
Keywords             : -9187343239835811840
RecordId             : 3473
ProviderName         : Service Control Manager
ProviderId           : 555908d1-a6d7-4695-8e1e-26931d2012f4
LogName              : System
ProcessId            : 888
ThreadId             : 948
MachineName          : DESKTOP-TBE27PS
UserId               :
TimeCreated          : 08.10.2017 23:03:07
ActivityId           :
RelatedActivityId    :
ContainerLog         : system
MatchedQueryIds      :
Bookmark             : System.Diagnostics.Eventing.Reader.EventBookmark
LevelDisplayName     : Error
OpcodeDisplayName    :
TaskDisplayName      :
KeywordsDisplayNames : Classic
Properties           : System.Diagnostics.Eventing.Reader.EventProperty System.Diagnostics.Eventing.Reader.EventProperty System.Diagnostics.Eventing.Reader.EventProperty
Message              : The Interactive Services Detection service terminated with the following error:
                       Incorrect function.

>> ParameterBinding(Trace-SteroidsOutput): name="InputObject"; value="@{Id=1538; Version=0; Qualifiers=; Level=3; Task=0; Opcode=0; Keywords=-9223372036854775808; RecordId=3469; ProviderName=Microsoft-Windows-TPM-WMI; ProviderId=7d5387b0-cbe0-11da-a94d-0800200c9a66; LogName=System; ProcessId=1844; ThreadId=4268; MachineName=DESKTOP-TBE27PS; UserId=S-1-5-18; TimeCreated=08.10.2017 22:58:35; ActivityId=154502b5-406d-0001-aca7-46156d40d301; RelatedActivityId=; ContainerLog=system; MatchedQueryIds=; Bookmark=System.Diagnostics.Eventing.Reader.EventBookmark; LevelDisplayName=Warning; OpcodeDisplayName=Info; TaskDisplayName=; KeywordsDisplayNames=; Properties=System.Diagnostics.Eventing.Reader.EventProperty System.Diagnostics.Eventing.Reader.EventProperty; Message=The Device Health Certificate provisioning could not connect to has.spserv.microsoft.com. Unknown HResult Error code: 0x80072ee7}"
Id                   : 1538
Version              : 0
Qualifiers           :
Level                : 3
Task                 : 0
Opcode               : 0
Keywords             : -9223372036854775808
RecordId             : 3469
ProviderName         : Microsoft-Windows-TPM-WMI
ProviderId           : 7d5387b0-cbe0-11da-a94d-0800200c9a66
LogName              : System
ProcessId            : 1844
ThreadId             : 4268
MachineName          : DESKTOP-TBE27PS
UserId               : S-1-5-18
TimeCreated          : 08.10.2017 22:58:35
ActivityId           : 154502b5-406d-0001-aca7-46156d40d301
RelatedActivityId    :
ContainerLog         : system
MatchedQueryIds      :
Bookmark             : System.Diagnostics.Eventing.Reader.EventBookmark
LevelDisplayName     : Warning
OpcodeDisplayName    : Info
TaskDisplayName      :
KeywordsDisplayNames :
Properties           : System.Diagnostics.Eventing.Reader.EventProperty System.Diagnostics.Eventing.Reader.EventProperty
Message              : The Device Health Certificate provisioning could not connect to has.spserv.microsoft.com. Unknown HResult Error code: 0x80072ee7

>> ParameterBinding(Trace-SteroidsOutput): name="InputObject"; value="@{Id=1014; Version=0; Qualifiers=; Level=3; Task=1014; Opcode=0; Keywords=4611686018695823360; RecordId=3466; ProviderName=Microsoft-Windows-DNS-Client; ProviderId=1c95126e-7eea-49a9-a3fe-a378b03ddb4d; LogName=System; ProcessId=3032; ThreadId=5216; MachineName=DESKTOP-TBE27PS; UserId=S-1-5-20; TimeCreated=08.10.2017 22:58:18; ActivityId=; RelatedActivityId=; ContainerLog=system; MatchedQueryIds=; Bookmark=System.Diagnostics.Eventing.Reader.EventBookmark; LevelDisplayName=Warning; OpcodeDisplayName=Info; TaskDisplayName=; KeywordsDisplayNames=; Properties=System.Diagnostics.Eventing.Reader.EventProperty System.Diagnostics.Eventing.Reader.EventProperty System.Diagnostics.Eventing.Reader.EventProperty; Message=Name resolution for the name www.blacksunsoftware.com timed out after none of the configured DNS servers responded.}"
Id                   : 1014
Version              : 0
Qualifiers           :
Level                : 3
Task                 : 1014
Opcode               : 0
Keywords             : 4611686018695823360
RecordId             : 3466
ProviderName         : Microsoft-Windows-DNS-Client
ProviderId           : 1c95126e-7eea-49a9-a3fe-a378b03ddb4d
LogName              : System
ProcessId            : 3032
ThreadId             : 5216
MachineName          : DESKTOP-TBE27PS
UserId               : S-1-5-20
TimeCreated          : 08.10.2017 22:58:18
ActivityId           :
RelatedActivityId    :
ContainerLog         : system
MatchedQueryIds      :
Bookmark             : System.Diagnostics.Eventing.Reader.EventBookmark
LevelDisplayName     : Warning
OpcodeDisplayName    : Info
TaskDisplayName      :
KeywordsDisplayNames :
Properties           : System.Diagnostics.Eventing.Reader.EventProperty System.Diagnostics.Eventing.Reader.EventProperty System.Diagnostics.Eventing.Reader.EventProperty
Message              : Name resolution for the name www.blacksunsoftware.com timed out after none of the configured DNS servers responded.

>> ParameterBinding(Trace-SteroidsOutput): name="InputObject"; value="@{Id=7023; Version=0; Qualifiers=49152; Level=2; Task=0; Opcode=0; Keywords=-9187343239835811840; RecordId=3451; ProviderName=Service Control Manager; ProviderId=555908d1-a6d7-4695-8e1e-26931d2012f4; LogName=System; ProcessId=888; ThreadId=3928; MachineName=DESKTOP-TBE27PS; UserId=; TimeCreated=08.10.2017 19:39:15; ActivityId=; RelatedActivityId=; ContainerLog=system; MatchedQueryIds=; Bookmark=System.Diagnostics.Eventing.Reader.EventBookmark; LevelDisplayName=Error; OpcodeDisplayName=; TaskDisplayName=; KeywordsDisplayNames=Classic; Properties=System.Diagnostics.Eventing.Reader.EventProperty System.Diagnostics.Eventing.Reader.EventProperty System.Diagnostics.Eventing.Reader.EventProperty; Message=The Connected Devices Platform Service service terminated with the following error: 
Unspecified error}"
Id                   : 7023
Version              : 0
Qualifiers           : 49152
Level                : 2
Task                 : 0
Opcode               : 0
Keywords             : -9187343239835811840
RecordId             : 3451
ProviderName         : Service Control Manager
ProviderId           : 555908d1-a6d7-4695-8e1e-26931d2012f4
LogName              : System
ProcessId            : 888
ThreadId             : 3928
MachineName          : DESKTOP-TBE27PS
UserId               :
TimeCreated          : 08.10.2017 19:39:15
ActivityId           :
RelatedActivityId    :
ContainerLog         : system
MatchedQueryIds      :
Bookmark             : System.Diagnostics.Eventing.Reader.EventBookmark
LevelDisplayName     : Error
OpcodeDisplayName    :
TaskDisplayName      :
KeywordsDisplayNames : Classic
Properties           : System.Diagnostics.Eventing.Reader.EventProperty System.Diagnostics.Eventing.Reader.EventProperty System.Diagnostics.Eventing.Reader.EventProperty
Message              : The Connected Devices Platform Service service terminated with the following error:
                       Unspecified error

>> ParameterBinding(Trace-SteroidsOutput): name="InputObject"; value="@{Id=10016; Version=0; Qualifiers=0; Level=2; Task=0; Opcode=0; Keywords=-9187343239835811840; RecordId=3448; ProviderName=Microsoft-Windows-DistributedCOM; ProviderId=1b562e86-b7aa-4131-badc-b6f3a001407e; LogName=System; ProcessId=644; ThreadId=980; MachineName=DESKTOP-TBE27PS; UserId=S-1-5-19; TimeCreated=08.10.2017 19:39:14; ActivityId=; RelatedActivityId=; ContainerLog=system; MatchedQueryIds=; Bookmark=System.Diagnostics.Eventing.Reader.EventBookmark; LevelDisplayName=Error; OpcodeDisplayName=Info; TaskDisplayName=; KeywordsDisplayNames=Classic; Properties=System.Diagnostics.Eventing.Reader.EventProperty System.Diagnostics.Eventing.Reader.EventProperty System.Diagnostics.Eventing.Reader.EventProperty System.Diagnostics.Eventing.Reader.EventProperty System.Diagnostics.Eventing.Reader.EventProperty System.Diagnostics.Eventing.Reader.EventProperty System.Diagnostics.Eventing.Reader.EventProperty System.Diagnostics.Eventing.Reader.EventProperty System.Diagnostics.Eventing.Reader.EventProperty System.Diagnostics.Eventing.Reader.EventProperty System.Diagnostics.Eventing.Reader.EventProperty; Message=The application-specific permission settings do not grant Local Activation permission for the COM Server application with CLSID 
{6B3B8D23-FA8D-40B9-8DBD-B950333E2C52}
 and APPID 
{4839DDB7-58C2-48F5-8283-E1D1807D0D7D}
 to the user NT AUTHORITY\LOCAL SERVICE SID (S-1-5-19) from address LocalHost (Using LRPC) running in the application container Unavailable SID (Unavailable). This security permission can be modified using the Component Services administrative tool.}"
Id                   : 10016
Version              : 0
Qualifiers           : 0
Level                : 2
Task                 : 0
Opcode               : 0
Keywords             : -9187343239835811840
RecordId             : 3448
ProviderName         : Microsoft-Windows-DistributedCOM
ProviderId           : 1b562e86-b7aa-4131-badc-b6f3a001407e
LogName              : System
ProcessId            : 644
ThreadId             : 980
MachineName          : DESKTOP-TBE27PS
UserId               : S-1-5-19
TimeCreated          : 08.10.2017 19:39:14
ActivityId           :
RelatedActivityId    :
ContainerLog         : system
MatchedQueryIds      :
Bookmark             : System.Diagnostics.Eventing.Reader.EventBookmark
LevelDisplayName     : Error
OpcodeDisplayName    : Info
TaskDisplayName      :
KeywordsDisplayNames : Classic
Properties           : System.Diagnostics.Eventing.Reader.EventProperty System.Diagnostics.Eventing.Reader.EventProperty System.Diagnostics.Eventing.Reader.EventProperty System.Diagnostics.Eventing.Reader.E
                       ventProperty System.Diagnostics.Eventing.Reader.EventProperty System.Diagnostics.Eventing.Reader.EventProperty System.Diagnostics.Eventing.Reader.EventProperty System.Diagnostics.Even
                       ting.Reader.EventProperty System.Diagnostics.Eventing.Reader.EventProperty System.Diagnostics.Eventing.Reader.EventProperty System.Diagnostics.Eventing.Reader.EventProperty
Message              : The application-specific permission settings do not grant Local Activation permission for the COM Server application with CLSID
                       {6B3B8D23-FA8D-40B9-8DBD-B950333E2C52}
                        and APPID
                       {4839DDB7-58C2-48F5-8283-E1D1807D0D7D}
                        to the user NT AUTHORITY\LOCAL SERVICE SID (S-1-5-19) from address LocalHost (Using LRPC) running in the application container Unavailable SID (Unavailable). This security permission
                        can be modified using the Component Services administrative tool.

>> ParameterBinding(Trace-SteroidsOutput): name="InputObject"; value="@{Id=10016; Version=0; Qualifiers=0; Level=2; Task=0; Opcode=0; Keywords=-9187343239835811840; RecordId=3447; ProviderName=Microsoft-Windows-DistributedCOM; ProviderId=1b562e86-b7aa-4131-badc-b6f3a001407e; LogName=System; ProcessId=644; ThreadId=2240; MachineName=DESKTOP-TBE27PS; UserId=S-1-5-19; TimeCreated=08.10.2017 19:39:14; ActivityId=; RelatedActivityId=; ContainerLog=system; MatchedQueryIds=; Bookmark=System.Diagnostics.Eventing.Reader.EventBookmark; LevelDisplayName=Error; OpcodeDisplayName=Info; TaskDisplayName=; KeywordsDisplayNames=Classic; Properties=System.Diagnostics.Eventing.Reader.EventProperty System.Diagnostics.Eventing.Reader.EventProperty System.Diagnostics.Eventing.Reader.EventProperty System.Diagnostics.Eventing.Reader.EventProperty System.Diagnostics.Eventing.Reader.EventProperty System.Diagnostics.Eventing.Reader.EventProperty System.Diagnostics.Eventing.Reader.EventProperty System.Diagnostics.Eventing.Reader.EventProperty System.Diagnostics.Eventing.Reader.EventProperty System.Diagnostics.Eventing.Reader.EventProperty System.Diagnostics.Eventing.Reader.EventProperty; Message=The application-specific permission settings do not grant Local Activation permission for the COM Server application with CLSID 
{6B3B8D23-FA8D-40B9-8DBD-B950333E2C52}
 and APPID 
{4839DDB7-58C2-48F5-8283-E1D1807D0D7D}
 to the user NT AUTHORITY\LOCAL SERVICE SID (S-1-5-19) from address LocalHost (Using LRPC) running in the application container Unavailable SID (Unavailable). This security permission can be modified using the Component Services administrative tool.}"
Id                   : 10016
Version              : 0
Qualifiers           : 0
Level                : 2
Task                 : 0
Opcode               : 0
Keywords             : -9187343239835811840
RecordId             : 3447
ProviderName         : Microsoft-Windows-DistributedCOM
ProviderId           : 1b562e86-b7aa-4131-badc-b6f3a001407e
LogName              : System
ProcessId            : 644
ThreadId             : 2240
MachineName          : DESKTOP-TBE27PS
UserId               : S-1-5-19
TimeCreated          : 08.10.2017 19:39:14
ActivityId           :
RelatedActivityId    :
ContainerLog         : system
MatchedQueryIds      :
Bookmark             : System.Diagnostics.Eventing.Reader.EventBookmark
LevelDisplayName     : Error
OpcodeDisplayName    : Info
TaskDisplayName      :
KeywordsDisplayNames : Classic
Properties           : System.Diagnostics.Eventing.Reader.EventProperty System.Diagnostics.Eventing.Reader.EventProperty System.Diagnostics.Eventing.Reader.EventProperty System.Diagnostics.Eventing.Reader.E
                       ventProperty System.Diagnostics.Eventing.Reader.EventProperty System.Diagnostics.Eventing.Reader.EventProperty System.Diagnostics.Eventing.Reader.EventProperty System.Diagnostics.Even
                       ting.Reader.EventProperty System.Diagnostics.Eventing.Reader.EventProperty System.Diagnostics.Eventing.Reader.EventProperty System.Diagnostics.Eventing.Reader.EventProperty
Message              : The application-specific permission settings do not grant Local Activation permission for the COM Server application with CLSID
                       {6B3B8D23-FA8D-40B9-8DBD-B950333E2C52}
                        and APPID
                       {4839DDB7-58C2-48F5-8283-E1D1807D0D7D}
                        to the user NT AUTHORITY\LOCAL SERVICE SID (S-1-5-19) from address LocalHost (Using LRPC) running in the application container Unavailable SID (Unavailable). This security permission
                        can be modified using the Component Services administrative tool.

>> ParameterBinding(Trace-SteroidsOutput): name="InputObject"; value="@{Id=27; Version=; Qualifiers=40964; Level=3; Task=0; Opcode=; Keywords=36028797018963968; RecordId=3438; ProviderName=e1dexpress; ProviderId=; LogName=System; ProcessId=; ThreadId=; MachineName=DESKTOP-TBE27PS; UserId=; TimeCreated=08.10.2017 19:39:05; ActivityId=; RelatedActivityId=; ContainerLog=system; MatchedQueryIds=; Bookmark=System.Diagnostics.Eventing.Reader.EventBookmark; LevelDisplayName=Warning; OpcodeDisplayName=; TaskDisplayName=; KeywordsDisplayNames=Classic; Properties=System.Diagnostics.Eventing.Reader.EventProperty System.Diagnostics.Eventing.Reader.EventProperty System.Diagnostics.Eventing.Reader.EventProperty; Message=Intel(R) Ethernet Connection I218-LM
 Network link is disconnected.
}"
Id                   : 27
Version              :
Qualifiers           : 40964
Level                : 3
Task                 : 0
Opcode               :
Keywords             : 36028797018963968
RecordId             : 3438
ProviderName         : e1dexpress
ProviderId           :
LogName              : System
ProcessId            :
ThreadId             :
MachineName          : DESKTOP-TBE27PS
UserId               :
TimeCreated          : 08.10.2017 19:39:05
ActivityId           :
RelatedActivityId    :
ContainerLog         : system
MatchedQueryIds      :
Bookmark             : System.Diagnostics.Eventing.Reader.EventBookmark
LevelDisplayName     : Warning
OpcodeDisplayName    :
TaskDisplayName      :
KeywordsDisplayNames : Classic
Properties           : System.Diagnostics.Eventing.Reader.EventProperty System.Diagnostics.Eventing.Reader.EventProperty System.Diagnostics.Eventing.Reader.EventProperty
Message              : Intel(R) Ethernet Connection I218-LM
                        Network link is disconnected.


>> ParameterBinding(Trace-SteroidsOutput): name="InputObject"; value="@{Id=34; Version=; Qualifiers=32773; Level=3; Task=0; Opcode=; Keywords=36028797018963968; RecordId=3425; ProviderName=BTHUSB; ProviderId=; LogName=System; ProcessId=; ThreadId=; MachineName=DESKTOP-TBE27PS; UserId=; TimeCreated=08.10.2017 19:39:03; ActivityId=; RelatedActivityId=; ContainerLog=system; MatchedQueryIds=; Bookmark=System.Diagnostics.Eventing.Reader.EventBookmark; LevelDisplayName=Warning; OpcodeDisplayName=; TaskDisplayName=; KeywordsDisplayNames=Classic; Properties=System.Diagnostics.Eventing.Reader.EventProperty System.Diagnostics.Eventing.Reader.EventProperty System.Diagnostics.Eventing.Reader.EventProperty System.Diagnostics.Eventing.Reader.EventProperty; Message=The local adapter does not support an important Low Energy controller state to support peripheral mode.  The minimum required supported state mask is 0x491f7fffff, got 0x1fffffff.  Low Energy peripheral role functionality will not be available.}"
Id                   : 34
Version              :
Qualifiers           : 32773
Level                : 3
Task                 : 0
Opcode               :
Keywords             : 36028797018963968
RecordId             : 3425
ProviderName         : BTHUSB
ProviderId           :
LogName              : System
ProcessId            :
ThreadId             :
MachineName          : DESKTOP-TBE27PS
UserId               :
TimeCreated          : 08.10.2017 19:39:03
ActivityId           :
RelatedActivityId    :
ContainerLog         : system
MatchedQueryIds      :
Bookmark             : System.Diagnostics.Eventing.Reader.EventBookmark
LevelDisplayName     : Warning
OpcodeDisplayName    :
TaskDisplayName      :
KeywordsDisplayNames : Classic
Properties           : System.Diagnostics.Eventing.Reader.EventProperty System.Diagnostics.Eventing.Reader.EventProperty System.Diagnostics.Eventing.Reader.EventProperty System.Diagnostics.Eventing.Reader.E
                       ventProperty
Message              : The local adapter does not support an important Low Energy controller state to support peripheral mode.  The minimum required supported state mask is 0x491f7fffff, got 0x1fffffff.  Lo
                       w Energy peripheral role functionality will not be available.

>> ParameterBinding(Trace-SteroidsOutput): name="InputObject"; value="@{Id=6008; Version=; Qualifiers=32768; Level=2; Task=0; Opcode=; Keywords=36028797018963968; RecordId=3395; ProviderName=EventLog; ProviderId=; LogName=System; ProcessId=; ThreadId=; MachineName=DESKTOP-TBE27PS; UserId=; TimeCreated=08.10.2017 19:39:04; ActivityId=; RelatedActivityId=; ContainerLog=system; MatchedQueryIds=; Bookmark=System.Diagnostics.Eventing.Reader.EventBookmark; LevelDisplayName=Error; OpcodeDisplayName=; TaskDisplayName=; KeywordsDisplayNames=Classic; Properties=System.Diagnostics.Eventing.Reader.EventProperty System.Diagnostics.Eventing.Reader.EventProperty System.Diagnostics.Eventing.Reader.EventProperty System.Diagnostics.Eventing.Reader.EventProperty System.Diagnostics.Eventing.Reader.EventProperty System.Diagnostics.Eventing.Reader.EventProperty System.Diagnostics.Eventing.Reader.EventProperty System.Diagnostics.Eventing.Reader.EventProperty; Message=The previous system shutdown at 8:44:36 PM on ‎10/‎8/‎2017 was unexpected.}"
Id                   : 6008
Version              :
Qualifiers           : 32768
Level                : 2
Task                 : 0
Opcode               :
Keywords             : 36028797018963968
RecordId             : 3395
ProviderName         : EventLog
ProviderId           :
LogName              : System
ProcessId            :
ThreadId             :
MachineName          : DESKTOP-TBE27PS
UserId               :
TimeCreated          : 08.10.2017 19:39:04
ActivityId           :
RelatedActivityId    :
ContainerLog         : system
MatchedQueryIds      :
Bookmark             : System.Diagnostics.Eventing.Reader.EventBookmark
LevelDisplayName     : Error
OpcodeDisplayName    :
TaskDisplayName      :
KeywordsDisplayNames : Classic
Properties           : System.Diagnostics.Eventing.Reader.EventProperty System.Diagnostics.Eventing.Reader.EventProperty System.Diagnostics.Eventing.Reader.EventProperty System.Diagnostics.Eventing.Reader.E
                       ventProperty System.Diagnostics.Eventing.Reader.EventProperty System.Diagnostics.Eventing.Reader.EventProperty System.Diagnostics.Eventing.Reader.EventProperty System.Diagnostics.Even
                       ting.Reader.EventProperty
Message              : The previous system shutdown at 8:44:36 PM on ‎10/‎8/‎2017 was unexpected.

>> ParameterBinding(Trace-SteroidsOutput): name="InputObject"; value="@{Id=29; Version=1; Qualifiers=; Level=2; Task=0; Opcode=0; Keywords=-9223363240761753600; RecordId=3385; ProviderName=Microsoft-Windows-Kernel-Boot; ProviderId=15ca44ff-4d7a-4baa-bba5-0998955e531e; LogName=System; ProcessId=4; ThreadId=8; MachineName=DESKTOP-TBE27PS; UserId=S-1-5-18; TimeCreated=08.10.2017 19:38:57; ActivityId=; RelatedActivityId=; ContainerLog=system; MatchedQueryIds=; Bookmark=System.Diagnostics.Eventing.Reader.EventBookmark; LevelDisplayName=Error; OpcodeDisplayName=Info; TaskDisplayName=; KeywordsDisplayNames=; Properties=System.Diagnostics.Eventing.Reader.EventProperty System.Diagnostics.Eventing.Reader.EventProperty; Message=Windows failed fast startup with error status 0xC00000D4.}"
Id                   : 29
Version              : 1
Qualifiers           :
Level                : 2
Task                 : 0
Opcode               : 0
Keywords             : -9223363240761753600
RecordId             : 3385
ProviderName         : Microsoft-Windows-Kernel-Boot
ProviderId           : 15ca44ff-4d7a-4baa-bba5-0998955e531e
LogName              : System
ProcessId            : 4
ThreadId             : 8
MachineName          : DESKTOP-TBE27PS
UserId               : S-1-5-18
TimeCreated          : 08.10.2017 19:38:57
ActivityId           :
RelatedActivityId    :
ContainerLog         : system
MatchedQueryIds      :
Bookmark             : System.Diagnostics.Eventing.Reader.EventBookmark
LevelDisplayName     : Error
OpcodeDisplayName    : Info
TaskDisplayName      :
KeywordsDisplayNames :
Properties           : System.Diagnostics.Eventing.Reader.EventProperty System.Diagnostics.Eventing.Reader.EventProperty
Message              : Windows failed fast startup with error status 0xC00000D4.

>> ParameterBinding(Trace-SteroidsOutput): name="InputObject"; value="@{Id=516; Version=; Qualifiers=33024; Level=3; Task=256; Opcode=; Keywords=36028797018963968; RecordId=3374; ProviderName=mfehidk; ProviderId=; LogName=System; ProcessId=; ThreadId=; MachineName=DESKTOP-TBE27PS; UserId=; TimeCreated=08.10.2017 18:09:42; ActivityId=; RelatedActivityId=; ContainerLog=system; MatchedQueryIds=; Bookmark=System.Diagnostics.Eventing.Reader.EventBookmark; LevelDisplayName=Warning; OpcodeDisplayName=; TaskDisplayName=; KeywordsDisplayNames=Classic; Properties=System.Diagnostics.Eventing.Reader.EventProperty System.Diagnostics.Eventing.Reader.EventProperty System.Diagnostics.Eventing.Reader.EventProperty System.Diagnostics.Eventing.Reader.EventProperty; Message=Process **\mcupdatemgr.exe pid (6916) contains signed but untrusted code, but was allowed to perform a privileged operation with a McAfee driver.}"
Id                   : 516
Version              :
Qualifiers           : 33024
Level                : 3
Task                 : 256
Opcode               :
Keywords             : 36028797018963968
RecordId             : 3374
ProviderName         : mfehidk
ProviderId           :
LogName              : System
ProcessId            :
ThreadId             :
MachineName          : DESKTOP-TBE27PS
UserId               :
TimeCreated          : 08.10.2017 18:09:42
ActivityId           :
RelatedActivityId    :
ContainerLog         : system
MatchedQueryIds      :
Bookmark             : System.Diagnostics.Eventing.Reader.EventBookmark
LevelDisplayName     : Warning
OpcodeDisplayName    :
TaskDisplayName      :
KeywordsDisplayNames : Classic
Properties           : System.Diagnostics.Eventing.Reader.EventProperty System.Diagnostics.Eventing.Reader.EventProperty System.Diagnostics.Eventing.Reader.EventProperty System.Diagnostics.Eventing.Reader.E
                       ventProperty
Message              : Process **\mcupdatemgr.exe pid (6916) contains signed but untrusted code, but was allowed to perform a privileged operation with a McAfee driver.

>> ParameterBinding(Trace-SteroidsOutput): name="InputObject"; value="@{Id=516; Version=; Qualifiers=33024; Level=3; Task=256; Opcode=; Keywords=36028797018963968; RecordId=3373; ProviderName=mfehidk; ProviderId=; LogName=System; ProcessId=; ThreadId=; MachineName=DESKTOP-TBE27PS; UserId=; TimeCreated=08.10.2017 18:09:33; ActivityId=; RelatedActivityId=; ContainerLog=system; MatchedQueryIds=; Bookmark=System.Diagnostics.Eventing.Reader.EventBookmark; LevelDisplayName=Warning; OpcodeDisplayName=; TaskDisplayName=; KeywordsDisplayNames=Classic; Properties=System.Diagnostics.Eventing.Reader.EventProperty System.Diagnostics.Eventing.Reader.EventProperty System.Diagnostics.Eventing.Reader.EventProperty System.Diagnostics.Eventing.Reader.EventProperty; Message=Process **\mcupdatemgr.exe pid (6916) contains signed but untrusted code, but was allowed to perform a privileged operation with a McAfee driver.}"
Id                   : 516
Version              :
Qualifiers           : 33024
Level                : 3
Task                 : 256
Opcode               :
Keywords             : 36028797018963968
RecordId             : 3373
ProviderName         : mfehidk
ProviderId           :
LogName              : System
ProcessId            :
ThreadId             :
MachineName          : DESKTOP-TBE27PS
UserId               :
TimeCreated          : 08.10.2017 18:09:33
ActivityId           :
RelatedActivityId    :
ContainerLog         : system
MatchedQueryIds      :
Bookmark             : System.Diagnostics.Eventing.Reader.EventBookmark
LevelDisplayName     : Warning
OpcodeDisplayName    :
TaskDisplayName      :
KeywordsDisplayNames : Classic
Properties           : System.Diagnostics.Eventing.Reader.EventProperty System.Diagnostics.Eventing.Reader.EventProperty System.Diagnostics.Eventing.Reader.EventProperty System.Diagnostics.Eventing.Reader.E
                       ventProperty
Message              : Process **\mcupdatemgr.exe pid (6916) contains signed but untrusted code, but was allowed to perform a privileged operation with a McAfee driver.

