Id                   : 6004
Version              : 0
Qualifiers           : 32768
Level                : 3
Task                 : 0
Opcode               : 0
Keywords             : 36028797018963968
RecordId             : 1747
ProviderName         : Microsoft-Windows-Winlogon
ProviderId           : dbe9b383-7cf3-4331-91cc-a3cb16a3b538
LogName              : Application
ProcessId            : 0
ThreadId             : 0
MachineName          : DESKTOP-SOQV869
UserId               :
TimeCreated          : 10/18/2017 9:10:31 PM
ActivityId           :
RelatedActivityId    :
ContainerLog         : application
MatchedQueryIds      :
Bookmark             : System.Diagnostics.Eventing.Reader.EventBookmark
LevelDisplayName     : Warning
OpcodeDisplayName    :
TaskDisplayName      :
KeywordsDisplayNames : Classic
Properties           : System.Diagnostics.Eventing.Reader.EventProperty
                       System.Diagnostics.Eventing.Reader.EventProperty
Message              : The winlogon notification subscriber <TrustedInstaller>
                       failed a critical notification event.

Id                   : 8233
Version              : 0
Qualifiers           : 16384
Level                : 3
Task                 : 0
Opcode               : 0
Keywords             : 36028797018963968
RecordId             : 1746
ProviderName         : Microsoft-Windows-Security-SPP
ProviderId           : e23b33b0-c8c9-472c-a5f9-f2bdfea0f156
LogName              : Application
ProcessId            : 0
ThreadId             : 0
MachineName          : DESKTOP-SOQV869
UserId               :
TimeCreated          : 10/18/2017 9:10:19 PM
ActivityId           :
RelatedActivityId    :
ContainerLog         : application
MatchedQueryIds      :
Bookmark             : System.Diagnostics.Eventing.Reader.EventBookmark
LevelDisplayName     : Warning
OpcodeDisplayName    :
TaskDisplayName      :
KeywordsDisplayNames : Classic
Properties           : System.Diagnostics.Eventing.Reader.EventProperty
                       System.Diagnostics.Eventing.Reader.EventProperty
                       System.Diagnostics.Eventing.Reader.EventProperty
                       System.Diagnostics.Eventing.Reader.EventProperty
Message              : The rules engine reported a failed VL activation attempt.
                       Reason:0x8007232B
                       AppId = 0ff1ce15-a989-479d-af46-f275c6370663, SkuId =
                       d450596f-894d-49e0-966a-fd39ed4c4c64
                       Trigger=NetworkAvailable

Id                   : 8233
Version              : 0
Qualifiers           : 16384
Level                : 3
Task                 : 0
Opcode               : 0
Keywords             : 36028797018963968
RecordId             : 1684
ProviderName         : Microsoft-Windows-Security-SPP
ProviderId           : e23b33b0-c8c9-472c-a5f9-f2bdfea0f156
LogName              : Application
ProcessId            : 0
ThreadId             : 0
MachineName          : DESKTOP-SOQV869
UserId               :
TimeCreated          : 10/18/2017 8:08:39 PM
ActivityId           :
RelatedActivityId    :
ContainerLog         : application
MatchedQueryIds      :
Bookmark             : System.Diagnostics.Eventing.Reader.EventBookmark
LevelDisplayName     : Warning
OpcodeDisplayName    :
TaskDisplayName      :
KeywordsDisplayNames : Classic
Properties           : System.Diagnostics.Eventing.Reader.EventProperty
                       System.Diagnostics.Eventing.Reader.EventProperty
                       System.Diagnostics.Eventing.Reader.EventProperty
                       System.Diagnostics.Eventing.Reader.EventProperty
Message              : The rules engine reported a failed VL activation attempt.
                       Reason:0x800705B4
                       AppId = 0ff1ce15-a989-479d-af46-f275c6370663, SkuId =
                       d450596f-894d-49e0-966a-fd39ed4c4c64
                       Trigger=TimerEvent

Id                   : 1030
Version              :
Qualifiers           : 0
Level                : 3
Task                 : 0
Opcode               :
Keywords             : 36028797018963968
RecordId             : 1359
ProviderName         : MsiInstaller
ProviderId           :
LogName              : Application
ProcessId            :
ThreadId             :
MachineName          : DESKTOP-SOQV869
UserId               : S-1-5-21-1705390226-3867770828-1987023929-1001
TimeCreated          : 10/18/2017 6:04:59 PM
ActivityId           :
RelatedActivityId    :
ContainerLog         : application
MatchedQueryIds      :
Bookmark             : System.Diagnostics.Eventing.Reader.EventBookmark
LevelDisplayName     : Warning
OpcodeDisplayName    : Info
TaskDisplayName      :
KeywordsDisplayNames : Classic
Properties           : System.Diagnostics.Eventing.Reader.EventProperty
                       System.Diagnostics.Eventing.Reader.EventProperty
                       System.Diagnostics.Eventing.Reader.EventProperty
                       System.Diagnostics.Eventing.Reader.EventProperty
                       System.Diagnostics.Eventing.Reader.EventProperty
                       System.Diagnostics.Eventing.Reader.EventProperty
                       System.Diagnostics.Eventing.Reader.EventProperty
                       System.Diagnostics.Eventing.Reader.EventProperty
Message              : Product: Windows SDK for Windows Store Apps DirectX x64
                       Remote. The application tried to install a more recent
                       version of the protected Windows file
                       C:\WINDOWS\system32\perf_gputiming.dll.  You may need to
                       update your operating system for this application to work
                       correctly. (Package Version: 10.0.16299.15, Operating System
                       Protected Version: 6.3.16299.15).

Id                   : 1030
Version              :
Qualifiers           : 0
Level                : 3
Task                 : 0
Opcode               :
Keywords             : 36028797018963968
RecordId             : 1358
ProviderName         : MsiInstaller
ProviderId           :
LogName              : Application
ProcessId            :
ThreadId             :
MachineName          : DESKTOP-SOQV869
UserId               : S-1-5-21-1705390226-3867770828-1987023929-1001
TimeCreated          : 10/18/2017 6:04:59 PM
ActivityId           :
RelatedActivityId    :
ContainerLog         : application
MatchedQueryIds      :
Bookmark             : System.Diagnostics.Eventing.Reader.EventBookmark
LevelDisplayName     : Warning
OpcodeDisplayName    : Info
TaskDisplayName      :
KeywordsDisplayNames : Classic
Properties           : System.Diagnostics.Eventing.Reader.EventProperty
                       System.Diagnostics.Eventing.Reader.EventProperty
                       System.Diagnostics.Eventing.Reader.EventProperty
                       System.Diagnostics.Eventing.Reader.EventProperty
                       System.Diagnostics.Eventing.Reader.EventProperty
                       System.Diagnostics.Eventing.Reader.EventProperty
                       System.Diagnostics.Eventing.Reader.EventProperty
                       System.Diagnostics.Eventing.Reader.EventProperty
Message              : Product: Windows SDK for Windows Store Apps DirectX x64
                       Remote. The application tried to install a more recent
                       version of the protected Windows file
                       C:\WINDOWS\system32\DXGIDebug.dll.  You may need to update
                       your operating system for this application to work correctly.
                       (Package Version: 9.30.9600.16384, Operating System Protected
                       Version: 6.3.16299.15).

Id                   : 1030
Version              :
Qualifiers           : 0
Level                : 3
Task                 : 0
Opcode               :
Keywords             : 36028797018963968
RecordId             : 1353
ProviderName         : MsiInstaller
ProviderId           :
LogName              : Application
ProcessId            :
ThreadId             :
MachineName          : DESKTOP-SOQV869
UserId               : S-1-5-21-1705390226-3867770828-1987023929-1001
TimeCreated          : 10/18/2017 6:04:59 PM
ActivityId           :
RelatedActivityId    :
ContainerLog         : application
MatchedQueryIds      :
Bookmark             : System.Diagnostics.Eventing.Reader.EventBookmark
LevelDisplayName     : Warning
OpcodeDisplayName    : Info
TaskDisplayName      :
KeywordsDisplayNames : Classic
Properties           : System.Diagnostics.Eventing.Reader.EventProperty
                       System.Diagnostics.Eventing.Reader.EventProperty
                       System.Diagnostics.Eventing.Reader.EventProperty
                       System.Diagnostics.Eventing.Reader.EventProperty
                       System.Diagnostics.Eventing.Reader.EventProperty
                       System.Diagnostics.Eventing.Reader.EventProperty
                       System.Diagnostics.Eventing.Reader.EventProperty
                       System.Diagnostics.Eventing.Reader.EventProperty
Message              : Product: Windows SDK for Windows Store Apps DirectX x86
                       Remote. The application tried to install a more recent
                       version of the protected Windows file
                       C:\WINDOWS\SysWOW64\DXGIDebug.dll.  You may need to update
                       your operating system for this application to work correctly.
                       (Package Version: 9.30.9600.16384, Operating System Protected
                       Version: 6.3.16299.15).

Id                   : 1030
Version              :
Qualifiers           : 0
Level                : 3
Task                 : 0
Opcode               :
Keywords             : 36028797018963968
RecordId             : 1352
ProviderName         : MsiInstaller
ProviderId           :
LogName              : Application
ProcessId            :
ThreadId             :
MachineName          : DESKTOP-SOQV869
UserId               : S-1-5-21-1705390226-3867770828-1987023929-1001
TimeCreated          : 10/18/2017 6:04:59 PM
ActivityId           :
RelatedActivityId    :
ContainerLog         : application
MatchedQueryIds      :
Bookmark             : System.Diagnostics.Eventing.Reader.EventBookmark
LevelDisplayName     : Warning
OpcodeDisplayName    : Info
TaskDisplayName      :
KeywordsDisplayNames : Classic
Properties           : System.Diagnostics.Eventing.Reader.EventProperty
                       System.Diagnostics.Eventing.Reader.EventProperty
                       System.Diagnostics.Eventing.Reader.EventProperty
                       System.Diagnostics.Eventing.Reader.EventProperty
                       System.Diagnostics.Eventing.Reader.EventProperty
                       System.Diagnostics.Eventing.Reader.EventProperty
                       System.Diagnostics.Eventing.Reader.EventProperty
                       System.Diagnostics.Eventing.Reader.EventProperty
Message              : Product: Windows SDK for Windows Store Apps DirectX x86
                       Remote. The application tried to install a more recent
                       version of the protected Windows file
                       C:\WINDOWS\SysWOW64\perf_gputiming.dll.  You may need to
                       update your operating system for this application to work
                       correctly. (Package Version: 10.0.16299.15, Operating System
                       Protected Version: 6.3.16299.15).

Id                   : 1030
Version              :
Qualifiers           : 0
Level                : 3
Task                 : 0
Opcode               :
Keywords             : 36028797018963968
RecordId             : 1290
ProviderName         : MsiInstaller
ProviderId           :
LogName              : Application
ProcessId            :
ThreadId             :
MachineName          : DESKTOP-SOQV869
UserId               : S-1-5-21-1705390226-3867770828-1987023929-1001
TimeCreated          : 10/18/2017 6:04:06 PM
ActivityId           :
RelatedActivityId    :
ContainerLog         : application
MatchedQueryIds      :
Bookmark             : System.Diagnostics.Eventing.Reader.EventBookmark
LevelDisplayName     : Warning
OpcodeDisplayName    : Info
TaskDisplayName      :
KeywordsDisplayNames : Classic
Properties           : System.Diagnostics.Eventing.Reader.EventProperty
                       System.Diagnostics.Eventing.Reader.EventProperty
                       System.Diagnostics.Eventing.Reader.EventProperty
                       System.Diagnostics.Eventing.Reader.EventProperty
                       System.Diagnostics.Eventing.Reader.EventProperty
                       System.Diagnostics.Eventing.Reader.EventProperty
                       System.Diagnostics.Eventing.Reader.EventProperty
                       System.Diagnostics.Eventing.Reader.EventProperty
Message              : Product: Windows SDK for Windows Store Apps DirectX x64
                       Remote. The application tried to install a more recent
                       version of the protected Windows file
                       C:\WINDOWS\system32\vsd3dwarpdebug.dll.  You may need to
                       update your operating system for this application to work
                       correctly. (Package Version: 10.0.15063.468, Operating System
                       Protected Version: 6.3.16299.15).

Id                   : 1030
Version              :
Qualifiers           : 0
Level                : 3
Task                 : 0
Opcode               :
Keywords             : 36028797018963968
RecordId             : 1289
ProviderName         : MsiInstaller
ProviderId           :
LogName              : Application
ProcessId            :
ThreadId             :
MachineName          : DESKTOP-SOQV869
UserId               : S-1-5-21-1705390226-3867770828-1987023929-1001
TimeCreated          : 10/18/2017 6:04:06 PM
ActivityId           :
RelatedActivityId    :
ContainerLog         : application
MatchedQueryIds      :
Bookmark             : System.Diagnostics.Eventing.Reader.EventBookmark
LevelDisplayName     : Warning
OpcodeDisplayName    : Info
TaskDisplayName      :
KeywordsDisplayNames : Classic
Properties           : System.Diagnostics.Eventing.Reader.EventProperty
                       System.Diagnostics.Eventing.Reader.EventProperty
                       System.Diagnostics.Eventing.Reader.EventProperty
                       System.Diagnostics.Eventing.Reader.EventProperty
                       System.Diagnostics.Eventing.Reader.EventProperty
                       System.Diagnostics.Eventing.Reader.EventProperty
                       System.Diagnostics.Eventing.Reader.EventProperty
                       System.Diagnostics.Eventing.Reader.EventProperty
Message              : Product: Windows SDK for Windows Store Apps DirectX x64
                       Remote. The application tried to install a more recent
                       version of the protected Windows file
                       C:\WINDOWS\system32\perf_gputiming.dll.  You may need to
                       update your operating system for this application to work
                       correctly. (Package Version: 10.0.15063.468, Operating System
                       Protected Version: 6.3.16299.15).

Id                   : 1030
Version              :
Qualifiers           : 0
Level                : 3
Task                 : 0
Opcode               :
Keywords             : 36028797018963968
RecordId             : 1288
ProviderName         : MsiInstaller
ProviderId           :
LogName              : Application
ProcessId            :
ThreadId             :
MachineName          : DESKTOP-SOQV869
UserId               : S-1-5-21-1705390226-3867770828-1987023929-1001
TimeCreated          : 10/18/2017 6:04:06 PM
ActivityId           :
RelatedActivityId    :
ContainerLog         : application
MatchedQueryIds      :
Bookmark             : System.Diagnostics.Eventing.Reader.EventBookmark
LevelDisplayName     : Warning
OpcodeDisplayName    : Info
TaskDisplayName      :
KeywordsDisplayNames : Classic
Properties           : System.Diagnostics.Eventing.Reader.EventProperty
                       System.Diagnostics.Eventing.Reader.EventProperty
                       System.Diagnostics.Eventing.Reader.EventProperty
                       System.Diagnostics.Eventing.Reader.EventProperty
                       System.Diagnostics.Eventing.Reader.EventProperty
                       System.Diagnostics.Eventing.Reader.EventProperty
                       System.Diagnostics.Eventing.Reader.EventProperty
                       System.Diagnostics.Eventing.Reader.EventProperty
Message              : Product: Windows SDK for Windows Store Apps DirectX x64
                       Remote. The application tried to install a more recent
                       version of the protected Windows file
                       C:\WINDOWS\system32\DXGIDebug.dll.  You may need to update
                       your operating system for this application to work correctly.
                       (Package Version: 9.30.9600.16384, Operating System Protected
                       Version: 6.3.16299.15).

Id                   : 1030
Version              :
Qualifiers           : 0
Level                : 3
Task                 : 0
Opcode               :
Keywords             : 36028797018963968
RecordId             : 1279
ProviderName         : MsiInstaller
ProviderId           :
LogName              : Application
ProcessId            :
ThreadId             :
MachineName          : DESKTOP-SOQV869
UserId               : S-1-5-21-1705390226-3867770828-1987023929-1001
TimeCreated          : 10/18/2017 6:04:06 PM
ActivityId           :
RelatedActivityId    :
ContainerLog         : application
MatchedQueryIds      :
Bookmark             : System.Diagnostics.Eventing.Reader.EventBookmark
LevelDisplayName     : Warning
OpcodeDisplayName    : Info
TaskDisplayName      :
KeywordsDisplayNames : Classic
Properties           : System.Diagnostics.Eventing.Reader.EventProperty
                       System.Diagnostics.Eventing.Reader.EventProperty
                       System.Diagnostics.Eventing.Reader.EventProperty
                       System.Diagnostics.Eventing.Reader.EventProperty
                       System.Diagnostics.Eventing.Reader.EventProperty
                       System.Diagnostics.Eventing.Reader.EventProperty
                       System.Diagnostics.Eventing.Reader.EventProperty
                       System.Diagnostics.Eventing.Reader.EventProperty
Message              : Product: Windows SDK for Windows Store Apps DirectX x86
                       Remote. The application tried to install a more recent
                       version of the protected Windows file
                       C:\WINDOWS\SysWOW64\vsd3dwarpdebug.dll.  You may need to
                       update your operating system for this application to work
                       correctly. (Package Version: 10.0.15063.468, Operating System
                       Protected Version: 6.3.16299.15).

Id                   : 1030
Version              :
Qualifiers           : 0
Level                : 3
Task                 : 0
Opcode               :
Keywords             : 36028797018963968
RecordId             : 1278
ProviderName         : MsiInstaller
ProviderId           :
LogName              : Application
ProcessId            :
ThreadId             :
MachineName          : DESKTOP-SOQV869
UserId               : S-1-5-21-1705390226-3867770828-1987023929-1001
TimeCreated          : 10/18/2017 6:04:06 PM
ActivityId           :
RelatedActivityId    :
ContainerLog         : application
MatchedQueryIds      :
Bookmark             : System.Diagnostics.Eventing.Reader.EventBookmark
LevelDisplayName     : Warning
OpcodeDisplayName    : Info
TaskDisplayName      :
KeywordsDisplayNames : Classic
Properties           : System.Diagnostics.Eventing.Reader.EventProperty
                       System.Diagnostics.Eventing.Reader.EventProperty
                       System.Diagnostics.Eventing.Reader.EventProperty
                       System.Diagnostics.Eventing.Reader.EventProperty
                       System.Diagnostics.Eventing.Reader.EventProperty
                       System.Diagnostics.Eventing.Reader.EventProperty
                       System.Diagnostics.Eventing.Reader.EventProperty
                       System.Diagnostics.Eventing.Reader.EventProperty
Message              : Product: Windows SDK for Windows Store Apps DirectX x86
                       Remote. The application tried to install a more recent
                       version of the protected Windows file
                       C:\WINDOWS\SysWOW64\DXGIDebug.dll.  You may need to update
                       your operating system for this application to work correctly.
                       (Package Version: 9.30.9600.16384, Operating System Protected
                       Version: 6.3.16299.15).

Id                   : 1030
Version              :
Qualifiers           : 0
Level                : 3
Task                 : 0
Opcode               :
Keywords             : 36028797018963968
RecordId             : 1277
ProviderName         : MsiInstaller
ProviderId           :
LogName              : Application
ProcessId            :
ThreadId             :
MachineName          : DESKTOP-SOQV869
UserId               : S-1-5-21-1705390226-3867770828-1987023929-1001
TimeCreated          : 10/18/2017 6:04:06 PM
ActivityId           :
RelatedActivityId    :
ContainerLog         : application
MatchedQueryIds      :
Bookmark             : System.Diagnostics.Eventing.Reader.EventBookmark
LevelDisplayName     : Warning
OpcodeDisplayName    : Info
TaskDisplayName      :
KeywordsDisplayNames : Classic
Properties           : System.Diagnostics.Eventing.Reader.EventProperty
                       System.Diagnostics.Eventing.Reader.EventProperty
                       System.Diagnostics.Eventing.Reader.EventProperty
                       System.Diagnostics.Eventing.Reader.EventProperty
                       System.Diagnostics.Eventing.Reader.EventProperty
                       System.Diagnostics.Eventing.Reader.EventProperty
                       System.Diagnostics.Eventing.Reader.EventProperty
                       System.Diagnostics.Eventing.Reader.EventProperty
Message              : Product: Windows SDK for Windows Store Apps DirectX x86
                       Remote. The application tried to install a more recent
                       version of the protected Windows file
                       C:\WINDOWS\SysWOW64\perf_gputiming.dll.  You may need to
                       update your operating system for this application to work
                       correctly. (Package Version: 10.0.15063.468, Operating System
                       Protected Version: 6.3.16299.15).

Id                   : 10010
Version              : 0
Qualifiers           :
Level                : 3
Task                 : 0
Opcode               : 0
Keywords             : -9223372036854775808
RecordId             : 592
ProviderName         : Microsoft-Windows-RestartManager
ProviderId           : 0888e5ef-9b98-4695-979d-e92ce4247224
LogName              : Application
ProcessId            : 9512
ThreadId             : 11488
MachineName          : DESKTOP-SOQV869
UserId               : S-1-5-21-1705390226-3867770828-1987023929-1001
TimeCreated          : 10/18/2017 5:32:02 PM
ActivityId           :
RelatedActivityId    :
ContainerLog         : application
MatchedQueryIds      :
Bookmark             : System.Diagnostics.Eventing.Reader.EventBookmark
LevelDisplayName     : Warning
OpcodeDisplayName    : Info
TaskDisplayName      :
KeywordsDisplayNames :
Properties           : System.Diagnostics.Eventing.Reader.EventProperty
                       System.Diagnostics.Eventing.Reader.EventProperty
                       System.Diagnostics.Eventing.Reader.EventProperty
                       System.Diagnostics.Eventing.Reader.EventProperty
                       System.Diagnostics.Eventing.Reader.EventProperty
                       System.Diagnostics.Eventing.Reader.EventProperty
                       System.Diagnostics.Eventing.Reader.EventProperty
                       System.Diagnostics.Eventing.Reader.EventProperty
                       System.Diagnostics.Eventing.Reader.EventProperty
Message              : Application 'C:\Program Files (x86)\Skype\Phone\Skype.exe'
                       (pid 2180) cannot be restarted - Application SID does not
                       match Conductor SID..

Id                   : 10010
Version              : 0
Qualifiers           :
Level                : 3
Task                 : 0
Opcode               : 0
Keywords             : -9223372036854775808
RecordId             : 588
ProviderName         : Microsoft-Windows-RestartManager
ProviderId           : 0888e5ef-9b98-4695-979d-e92ce4247224
LogName              : Application
ProcessId            : 9512
ThreadId             : 4588
MachineName          : DESKTOP-SOQV869
UserId               : S-1-5-21-1705390226-3867770828-1987023929-1001
TimeCreated          : 10/18/2017 5:32:01 PM
ActivityId           :
RelatedActivityId    :
ContainerLog         : application
MatchedQueryIds      :
Bookmark             : System.Diagnostics.Eventing.Reader.EventBookmark
LevelDisplayName     : Warning
OpcodeDisplayName    : Info
TaskDisplayName      :
KeywordsDisplayNames :
Properties           : System.Diagnostics.Eventing.Reader.EventProperty
                       System.Diagnostics.Eventing.Reader.EventProperty
                       System.Diagnostics.Eventing.Reader.EventProperty
                       System.Diagnostics.Eventing.Reader.EventProperty
                       System.Diagnostics.Eventing.Reader.EventProperty
                       System.Diagnostics.Eventing.Reader.EventProperty
                       System.Diagnostics.Eventing.Reader.EventProperty
                       System.Diagnostics.Eventing.Reader.EventProperty
                       System.Diagnostics.Eventing.Reader.EventProperty
Message              : Application 'C:\Program Files (x86)\Skype\Phone\Skype.exe'
                       (pid 2180) cannot be restarted - Application SID does not
                       match Conductor SID..

Id                   : 10010
Version              : 0
Qualifiers           :
Level                : 3
Task                 : 0
Opcode               : 0
Keywords             : -9223372036854775808
RecordId             : 571
ProviderName         : Microsoft-Windows-RestartManager
ProviderId           : 0888e5ef-9b98-4695-979d-e92ce4247224
LogName              : Application
ProcessId            : 9512
ThreadId             : 9500
MachineName          : DESKTOP-SOQV869
UserId               : S-1-5-21-1705390226-3867770828-1987023929-1001
TimeCreated          : 10/18/2017 5:30:23 PM
ActivityId           :
RelatedActivityId    :
ContainerLog         : application
MatchedQueryIds      :
Bookmark             : System.Diagnostics.Eventing.Reader.EventBookmark
LevelDisplayName     : Warning
OpcodeDisplayName    : Info
TaskDisplayName      :
KeywordsDisplayNames :
Properties           : System.Diagnostics.Eventing.Reader.EventProperty
                       System.Diagnostics.Eventing.Reader.EventProperty
                       System.Diagnostics.Eventing.Reader.EventProperty
                       System.Diagnostics.Eventing.Reader.EventProperty
                       System.Diagnostics.Eventing.Reader.EventProperty
                       System.Diagnostics.Eventing.Reader.EventProperty
                       System.Diagnostics.Eventing.Reader.EventProperty
                       System.Diagnostics.Eventing.Reader.EventProperty
                       System.Diagnostics.Eventing.Reader.EventProperty
Message              : Application 'C:\Program Files (x86)\VMware\VMware
                       Player\x64\vmware-vmx.exe' (pid 9084) cannot be restarted -
                       Application SID does not match Conductor SID..

Id                   : 10010
Version              : 0
Qualifiers           :
Level                : 3
Task                 : 0
Opcode               : 0
Keywords             : -9223372036854775808
RecordId             : 553
ProviderName         : Microsoft-Windows-RestartManager
ProviderId           : 0888e5ef-9b98-4695-979d-e92ce4247224
LogName              : Application
ProcessId            : 9512
ThreadId             : 4892
MachineName          : DESKTOP-SOQV869
UserId               : S-1-5-21-1705390226-3867770828-1987023929-1001
TimeCreated          : 10/18/2017 5:29:05 PM
ActivityId           :
RelatedActivityId    :
ContainerLog         : application
MatchedQueryIds      :
Bookmark             : System.Diagnostics.Eventing.Reader.EventBookmark
LevelDisplayName     : Warning
OpcodeDisplayName    : Info
TaskDisplayName      :
KeywordsDisplayNames :
Properties           : System.Diagnostics.Eventing.Reader.EventProperty
                       System.Diagnostics.Eventing.Reader.EventProperty
                       System.Diagnostics.Eventing.Reader.EventProperty
                       System.Diagnostics.Eventing.Reader.EventProperty
                       System.Diagnostics.Eventing.Reader.EventProperty
                       System.Diagnostics.Eventing.Reader.EventProperty
                       System.Diagnostics.Eventing.Reader.EventProperty
                       System.Diagnostics.Eventing.Reader.EventProperty
                       System.Diagnostics.Eventing.Reader.EventProperty
Message              : Application 'C:\Program Files (x86)\VMware\VMware
                       Player\vmware-unity-helper.exe' (pid 8076) cannot be
                       restarted - Application SID does not match Conductor SID..

Id                   : 10010
Version              : 0
Qualifiers           :
Level                : 3
Task                 : 0
Opcode               : 0
Keywords             : -9223372036854775808
RecordId             : 552
ProviderName         : Microsoft-Windows-RestartManager
ProviderId           : 0888e5ef-9b98-4695-979d-e92ce4247224
LogName              : Application
ProcessId            : 9512
ThreadId             : 4892
MachineName          : DESKTOP-SOQV869
UserId               : S-1-5-21-1705390226-3867770828-1987023929-1001
TimeCreated          : 10/18/2017 5:29:05 PM
ActivityId           :
RelatedActivityId    :
ContainerLog         : application
MatchedQueryIds      :
Bookmark             : System.Diagnostics.Eventing.Reader.EventBookmark
LevelDisplayName     : Warning
OpcodeDisplayName    : Info
TaskDisplayName      :
KeywordsDisplayNames :
Properties           : System.Diagnostics.Eventing.Reader.EventProperty
                       System.Diagnostics.Eventing.Reader.EventProperty
                       System.Diagnostics.Eventing.Reader.EventProperty
                       System.Diagnostics.Eventing.Reader.EventProperty
                       System.Diagnostics.Eventing.Reader.EventProperty
                       System.Diagnostics.Eventing.Reader.EventProperty
                       System.Diagnostics.Eventing.Reader.EventProperty
                       System.Diagnostics.Eventing.Reader.EventProperty
                       System.Diagnostics.Eventing.Reader.EventProperty
Message              : Application 'C:\Program Files (x86)\VMware\VMware
                       Player\vmplayer.exe' (pid 8960) cannot be restarted -
                       Application SID does not match Conductor SID..

Id                   : 2484
Version              : 1
Qualifiers           :
Level                : 2
Task                 : 2400
Opcode               : 0
Keywords             : 2305843009213694018
RecordId             : 349
ProviderName         : Microsoft-Windows-Immersive-Shell
ProviderId           : 315a8872-923e-4ea2-9889-33cd4754bf64
LogName              : Application
ProcessId            : 4432
ThreadId             : 4588
MachineName          : DESKTOP-SOQV869
UserId               : S-1-5-21-1705390226-3867770828-1987023929-1001
TimeCreated          : 10/18/2017 4:22:33 PM
ActivityId           :
RelatedActivityId    :
ContainerLog         : application
MatchedQueryIds      :
Bookmark             : System.Diagnostics.Eventing.Reader.EventBookmark
LevelDisplayName     : Error
OpcodeDisplayName    : Info
TaskDisplayName      :
KeywordsDisplayNames : Process Lifetime Manager
Properties           : System.Diagnostics.Eventing.Reader.EventProperty
Message              : Package windows.immersivecontrolpanel_10.0.1.1000_neutral_neut
                       ral_cw5n1h2txyewy+microsoft.windows.immersivecontrolpanel was
                       terminated because it took too long to suspend.

Id                   : 0
Version              :
Qualifiers           : 0
Level                : 2
Task                 : 0
Opcode               :
Keywords             : 36028797018963968
RecordId             : 299
ProviderName         : openvpnserv
ProviderId           :
LogName              : Application
ProcessId            :
ThreadId             :
MachineName          : DESKTOP-SOQV869
UserId               :
TimeCreated          : 10/18/2017 4:08:33 PM
ActivityId           :
RelatedActivityId    :
ContainerLog         : application
MatchedQueryIds      :
Bookmark             : System.Diagnostics.Eventing.Reader.EventBookmark
LevelDisplayName     :
OpcodeDisplayName    :
TaskDisplayName      :
KeywordsDisplayNames :
Properties           : System.Diagnostics.Eventing.Reader.EventProperty
                       System.Diagnostics.Eventing.Reader.EventProperty
Message              :

Id                   : 8198
Version              : 0
Qualifiers           : 49152
Level                : 2
Task                 : 0
Opcode               : 0
Keywords             : 36028797018963968
RecordId             : 126
ProviderName         : Microsoft-Windows-Security-SPP
ProviderId           : e23b33b0-c8c9-472c-a5f9-f2bdfea0f156
LogName              : Application
ProcessId            : 0
ThreadId             : 0
MachineName          : DESKTOP-SOQV869
UserId               :
TimeCreated          : 10/18/2017 4:01:42 PM
ActivityId           :
RelatedActivityId    :
ContainerLog         : application
MatchedQueryIds      :
Bookmark             : System.Diagnostics.Eventing.Reader.EventBookmark
LevelDisplayName     : Error
OpcodeDisplayName    :
TaskDisplayName      :
KeywordsDisplayNames : Classic
Properties           : System.Diagnostics.Eventing.Reader.EventProperty
                       System.Diagnostics.Eventing.Reader.EventProperty
Message              : License Activation (slui.exe) failed with the following error
                       code:
                       hr=0x800704CF
                       Command-line arguments:
                       RuleId=31e71c49-8da7-4a2f-ad92-45d98a1c79ba;Action=AutoActivat
                       e;AppId=55c92734-d682-4d71-983e-d6ec3f16059f;SkuId=4de7cb65-cd
                       f1-4de9-8ae8-e3cce27b9f2c;NotificationInterval=1440;Trigger=Ne
                       tworkAvailable

Id                   : 8198
Version              : 0
Qualifiers           : 49152
Level                : 2
Task                 : 0
Opcode               : 0
Keywords             : 36028797018963968
RecordId             : 124
ProviderName         : Microsoft-Windows-Security-SPP
ProviderId           : e23b33b0-c8c9-472c-a5f9-f2bdfea0f156
LogName              : Application
ProcessId            : 0
ThreadId             : 0
MachineName          : DESKTOP-SOQV869
UserId               :
TimeCreated          : 10/18/2017 4:01:42 PM
ActivityId           :
RelatedActivityId    :
ContainerLog         : application
MatchedQueryIds      :
Bookmark             : System.Diagnostics.Eventing.Reader.EventBookmark
LevelDisplayName     : Error
OpcodeDisplayName    :
TaskDisplayName      :
KeywordsDisplayNames : Classic
Properties           : System.Diagnostics.Eventing.Reader.EventProperty
                       System.Diagnostics.Eventing.Reader.EventProperty
Message              : License Activation (slui.exe) failed with the following error
                       code:
                       hr=0x800704CF
                       Command-line arguments:
                       RuleId=31e71c49-8da7-4a2f-ad92-45d98a1c79ba;Action=AutoActivat
                       e;AppId=55c92734-d682-4d71-983e-d6ec3f16059f;SkuId=4de7cb65-cd
                       f1-4de9-8ae8-e3cce27b9f2c;NotificationInterval=1440;Trigger=Ne
                       tworkAvailable

Id                   : 8198
Version              : 0
Qualifiers           : 49152
Level                : 2
Task                 : 0
Opcode               : 0
Keywords             : 36028797018963968
RecordId             : 122
ProviderName         : Microsoft-Windows-Security-SPP
ProviderId           : e23b33b0-c8c9-472c-a5f9-f2bdfea0f156
LogName              : Application
ProcessId            : 0
ThreadId             : 0
MachineName          : DESKTOP-SOQV869
UserId               :
TimeCreated          : 10/18/2017 4:01:42 PM
ActivityId           :
RelatedActivityId    :
ContainerLog         : application
MatchedQueryIds      :
Bookmark             : System.Diagnostics.Eventing.Reader.EventBookmark
LevelDisplayName     : Error
OpcodeDisplayName    :
TaskDisplayName      :
KeywordsDisplayNames : Classic
Properties           : System.Diagnostics.Eventing.Reader.EventProperty
                       System.Diagnostics.Eventing.Reader.EventProperty
Message              : License Activation (slui.exe) failed with the following error
                       code:
                       hr=0x800704CF
                       Command-line arguments:
                       RuleId=31e71c49-8da7-4a2f-ad92-45d98a1c79ba;Action=AutoActivat
                       e;AppId=55c92734-d682-4d71-983e-d6ec3f16059f;SkuId=4de7cb65-cd
                       f1-4de9-8ae8-e3cce27b9f2c;NotificationInterval=1440;Trigger=Ne
                       tworkAvailable

Id                   : 8198
Version              : 0
Qualifiers           : 49152
Level                : 2
Task                 : 0
Opcode               : 0
Keywords             : 36028797018963968
RecordId             : 120
ProviderName         : Microsoft-Windows-Security-SPP
ProviderId           : e23b33b0-c8c9-472c-a5f9-f2bdfea0f156
LogName              : Application
ProcessId            : 0
ThreadId             : 0
MachineName          : DESKTOP-SOQV869
UserId               :
TimeCreated          : 10/18/2017 4:01:42 PM
ActivityId           :
RelatedActivityId    :
ContainerLog         : application
MatchedQueryIds      :
Bookmark             : System.Diagnostics.Eventing.Reader.EventBookmark
LevelDisplayName     : Error
OpcodeDisplayName    :
TaskDisplayName      :
KeywordsDisplayNames : Classic
Properties           : System.Diagnostics.Eventing.Reader.EventProperty
                       System.Diagnostics.Eventing.Reader.EventProperty
Message              : License Activation (slui.exe) failed with the following error
                       code:
                       hr=0x800704CF
                       Command-line arguments:
                       RuleId=31e71c49-8da7-4a2f-ad92-45d98a1c79ba;Action=AutoActivat
                       e;AppId=55c92734-d682-4d71-983e-d6ec3f16059f;SkuId=4de7cb65-cd
                       f1-4de9-8ae8-e3cce27b9f2c;NotificationInterval=1440;Trigger=Ne
                       tworkAvailable

Id                   : 8198
Version              : 0
Qualifiers           : 49152
Level                : 2
Task                 : 0
Opcode               : 0
Keywords             : 36028797018963968
RecordId             : 97
ProviderName         : Microsoft-Windows-Security-SPP
ProviderId           : e23b33b0-c8c9-472c-a5f9-f2bdfea0f156
LogName              : Application
ProcessId            : 0
ThreadId             : 0
MachineName          : DESKTOP-SOQV869
UserId               :
TimeCreated          : 10/18/2017 3:58:23 PM
ActivityId           :
RelatedActivityId    :
ContainerLog         : application
MatchedQueryIds      :
Bookmark             : System.Diagnostics.Eventing.Reader.EventBookmark
LevelDisplayName     : Error
OpcodeDisplayName    :
TaskDisplayName      :
KeywordsDisplayNames : Classic
Properties           : System.Diagnostics.Eventing.Reader.EventProperty
                       System.Diagnostics.Eventing.Reader.EventProperty
Message              : License Activation (slui.exe) failed with the following error
                       code:
                       hr=0x8024402C
                       Command-line arguments:
                       RuleId=31e71c49-8da7-4a2f-ad92-45d98a1c79ba;Action=AutoActivat
                       e;AppId=55c92734-d682-4d71-983e-d6ec3f16059f;SkuId=4de7cb65-cd
                       f1-4de9-8ae8-e3cce27b9f2c;NotificationInterval=1440;Trigger=Us
                       erLogon;SessionId=1

Id                   : 522
Version              :
Qualifiers           : 0
Level                : 2
Task                 : 1
Opcode               :
Keywords             : 36028797018963968
RecordId             : 66
ProviderName         : ESENT
ProviderId           :
LogName              : Application
ProcessId            :
ThreadId             :
MachineName          : WIN-DJ8KC6BKQ61
UserId               :
TimeCreated          : 10/18/2017 3:55:27 PM
ActivityId           :
RelatedActivityId    :
ContainerLog         : application
MatchedQueryIds      :
Bookmark             : System.Diagnostics.Eventing.Reader.EventBookmark
LevelDisplayName     : Error
OpcodeDisplayName    : Info
TaskDisplayName      : General
KeywordsDisplayNames : Classic
Properties           : System.Diagnostics.Eventing.Reader.EventProperty
                       System.Diagnostics.Eventing.Reader.EventProperty
                       System.Diagnostics.Eventing.Reader.EventProperty
                       System.Diagnostics.Eventing.Reader.EventProperty
                       System.Diagnostics.Eventing.Reader.EventProperty
                       System.Diagnostics.Eventing.Reader.EventProperty
                       System.Diagnostics.Eventing.Reader.EventProperty
                       System.Diagnostics.Eventing.Reader.EventProperty
Message              : ShellExperienceHost (288,P,0)
                       TILEREPOSITORYS-1-5-21-1705390226-3867770828-1987023929-1001:
                       An attempt to open the device with name "\\.\C:" containing
                       "C:\" failed with system error 5 (0x00000005): "Access is
                       denied. ". The operation will fail with error -1032
                       (0xfffffbf8).

Id                   : 522
Version              :
Qualifiers           : 0
Level                : 2
Task                 : 1
Opcode               :
Keywords             : 36028797018963968
RecordId             : 65
ProviderName         : ESENT
ProviderId           :
LogName              : Application
ProcessId            :
ThreadId             :
MachineName          : WIN-DJ8KC6BKQ61
UserId               :
TimeCreated          : 10/18/2017 3:55:26 PM
ActivityId           :
RelatedActivityId    :
ContainerLog         : application
MatchedQueryIds      :
Bookmark             : System.Diagnostics.Eventing.Reader.EventBookmark
LevelDisplayName     : Error
OpcodeDisplayName    : Info
TaskDisplayName      : General
KeywordsDisplayNames : Classic
Properties           : System.Diagnostics.Eventing.Reader.EventProperty
                       System.Diagnostics.Eventing.Reader.EventProperty
                       System.Diagnostics.Eventing.Reader.EventProperty
                       System.Diagnostics.Eventing.Reader.EventProperty
                       System.Diagnostics.Eventing.Reader.EventProperty
                       System.Diagnostics.Eventing.Reader.EventProperty
                       System.Diagnostics.Eventing.Reader.EventProperty
                       System.Diagnostics.Eventing.Reader.EventProperty
Message              : ShellExperienceHost (288,P,0)
                       TILEREPOSITORYS-1-5-21-1705390226-3867770828-1987023929-1001:
                       An attempt to open the device with name "\\.\C:" containing
                       "C:\" failed with system error 5 (0x00000005): "Access is
                       denied. ". The operation will fail with error -1032
                       (0xfffffbf8).

Id                   : 522
Version              :
Qualifiers           : 0
Level                : 2
Task                 : 1
Opcode               :
Keywords             : 36028797018963968
RecordId             : 64
ProviderName         : ESENT
ProviderId           :
LogName              : Application
ProcessId            :
ThreadId             :
MachineName          : WIN-DJ8KC6BKQ61
UserId               :
TimeCreated          : 10/18/2017 3:55:26 PM
ActivityId           :
RelatedActivityId    :
ContainerLog         : application
MatchedQueryIds      :
Bookmark             : System.Diagnostics.Eventing.Reader.EventBookmark
LevelDisplayName     : Error
OpcodeDisplayName    : Info
TaskDisplayName      : General
KeywordsDisplayNames : Classic
Properties           : System.Diagnostics.Eventing.Reader.EventProperty
                       System.Diagnostics.Eventing.Reader.EventProperty
                       System.Diagnostics.Eventing.Reader.EventProperty
                       System.Diagnostics.Eventing.Reader.EventProperty
                       System.Diagnostics.Eventing.Reader.EventProperty
                       System.Diagnostics.Eventing.Reader.EventProperty
                       System.Diagnostics.Eventing.Reader.EventProperty
                       System.Diagnostics.Eventing.Reader.EventProperty
Message              : ShellExperienceHost (288,P,0)
                       TILEREPOSITORYS-1-5-21-1705390226-3867770828-1987023929-1001:
                       An attempt to open the device with name "\\.\C:" containing
                       "C:\" failed with system error 5 (0x00000005): "Access is
                       denied. ". The operation will fail with error -1032
                       (0xfffffbf8).

Id                   : 522
Version              :
Qualifiers           : 0
Level                : 2
Task                 : 1
Opcode               :
Keywords             : 36028797018963968
RecordId             : 63
ProviderName         : ESENT
ProviderId           :
LogName              : Application
ProcessId            :
ThreadId             :
MachineName          : WIN-DJ8KC6BKQ61
UserId               :
TimeCreated          : 10/18/2017 3:55:26 PM
ActivityId           :
RelatedActivityId    :
ContainerLog         : application
MatchedQueryIds      :
Bookmark             : System.Diagnostics.Eventing.Reader.EventBookmark
LevelDisplayName     : Error
OpcodeDisplayName    : Info
TaskDisplayName      : General
KeywordsDisplayNames : Classic
Properties           : System.Diagnostics.Eventing.Reader.EventProperty
                       System.Diagnostics.Eventing.Reader.EventProperty
                       System.Diagnostics.Eventing.Reader.EventProperty
                       System.Diagnostics.Eventing.Reader.EventProperty
                       System.Diagnostics.Eventing.Reader.EventProperty
                       System.Diagnostics.Eventing.Reader.EventProperty
                       System.Diagnostics.Eventing.Reader.EventProperty
                       System.Diagnostics.Eventing.Reader.EventProperty
Message              : ShellExperienceHost (288,P,0)
                       TILEREPOSITORYS-1-5-21-1705390226-3867770828-1987023929-1001:
                       An attempt to open the device with name "\\.\C:" containing
                       "C:\" failed with system error 5 (0x00000005): "Access is
                       denied. ". The operation will fail with error -1032
                       (0xfffffbf8).

Id                   : 522
Version              :
Qualifiers           : 0
Level                : 2
Task                 : 1
Opcode               :
Keywords             : 36028797018963968
RecordId             : 62
ProviderName         : ESENT
ProviderId           :
LogName              : Application
ProcessId            :
ThreadId             :
MachineName          : WIN-DJ8KC6BKQ61
UserId               :
TimeCreated          : 10/18/2017 3:55:26 PM
ActivityId           :
RelatedActivityId    :
ContainerLog         : application
MatchedQueryIds      :
Bookmark             : System.Diagnostics.Eventing.Reader.EventBookmark
LevelDisplayName     : Error
OpcodeDisplayName    : Info
TaskDisplayName      : General
KeywordsDisplayNames : Classic
Properties           : System.Diagnostics.Eventing.Reader.EventProperty
                       System.Diagnostics.Eventing.Reader.EventProperty
                       System.Diagnostics.Eventing.Reader.EventProperty
                       System.Diagnostics.Eventing.Reader.EventProperty
                       System.Diagnostics.Eventing.Reader.EventProperty
                       System.Diagnostics.Eventing.Reader.EventProperty
                       System.Diagnostics.Eventing.Reader.EventProperty
                       System.Diagnostics.Eventing.Reader.EventProperty
Message              : ShellExperienceHost (288,P,0)
                       TILEREPOSITORYS-1-5-21-1705390226-3867770828-1987023929-1001:
                       An attempt to open the device with name "\\.\C:" containing
                       "C:\" failed with system error 5 (0x00000005): "Access is
                       denied. ". The operation will fail with error -1032
                       (0xfffffbf8).

