>> ParameterBinding(Trace-SteroidsOutput): name="InputObject"; value="@{Id=8233; Version=0; Qualifiers=16384; Level=3; Task=0; Opcode=0; Keywords=36028797018963968; RecordId=680; ProviderName=Microsoft-Windows-Security-SPP; ProviderId=e23b33b0-c8c9-472c-a5f9-f2bdfea0f156; LogName=Application; ProcessId=0; ThreadId=0; MachineName=mica; UserId=; TimeCreated=09/10/2017 06:43:43; ActivityId=; RelatedActivityId=; ContainerLog=application; MatchedQueryIds=; Bookmark=System.Diagnostics.Eventing.Reader.EventBookmark; LevelDisplayName=Warning; OpcodeDisplayName=; TaskDisplayName=; KeywordsDisplayNames=Classic; Properties=System.Diagnostics.Eventing.Reader.EventProperty System.Diagnostics.Eventing.Reader.EventProperty System.Diagnostics.Eventing.Reader.EventProperty System.Diagnostics.Eventing.Reader.EventProperty; Message=The rules engine reported a failed VL activation attempt.
Reason:0x8007232B
AppId = 0ff1ce15-a989-479d-af46-f275c6370663, SkuId = aa2a7821-1827-4c2c-8f1d-4513a34dda97
Trigger=NetworkAvailable}"
Id                   : 8233
Version              : 0
Qualifiers           : 16384
Level                : 3
Task                 : 0
Opcode               : 0
Keywords             : 36028797018963968
RecordId             : 680
ProviderName         : Microsoft-Windows-Security-SPP
ProviderId           : e23b33b0-c8c9-472c-a5f9-f2bdfea0f156
LogName              : Application
ProcessId            : 0
ThreadId             : 0
MachineName          : mica
UserId               :
TimeCreated          : 09/10/2017 06:43:43
ActivityId           :
RelatedActivityId    :
ContainerLog         : application
MatchedQueryIds      :
Bookmark             : System.Diagnostics.Eventing.Reader.EventBookmark
LevelDisplayName     : Warning
OpcodeDisplayName    :
TaskDisplayName      :
KeywordsDisplayNames : Classic
Properties           : System.Diagnostics.Eventing.Reader.EventProperty System.Diagnostics.Eventing.Reader.EventProperty System.Diagnostics.Eventing.Reader.EventProperty
                       System.Diagnostics.Eventing.Reader.EventProperty
Message              : The rules engine reported a failed VL activation attempt.
                       Reason:0x8007232B
                       AppId = 0ff1ce15-a989-479d-af46-f275c6370663, SkuId = aa2a7821-1827-4c2c-8f1d-4513a34dda97
                       Trigger=NetworkAvailable

>> ParameterBinding(Trace-SteroidsOutput): name="InputObject"; value="@{Id=8233; Version=0; Qualifiers=16384; Level=3; Task=0; Opcode=0; Keywords=36028797018963968; RecordId=679; ProviderName=Microsoft-Windows-Security-SPP; ProviderId=e23b33b0-c8c9-472c-a5f9-f2bdfea0f156; LogName=Application; ProcessId=0; ThreadId=0; MachineName=mica; UserId=; TimeCreated=09/10/2017 06:43:38; ActivityId=; RelatedActivityId=; ContainerLog=application; MatchedQueryIds=; Bookmark=System.Diagnostics.Eventing.Reader.EventBookmark; LevelDisplayName=Warning; OpcodeDisplayName=; TaskDisplayName=; KeywordsDisplayNames=Classic; Properties=System.Diagnostics.Eventing.Reader.EventProperty System.Diagnostics.Eventing.Reader.EventProperty System.Diagnostics.Eventing.Reader.EventProperty System.Diagnostics.Eventing.Reader.EventProperty; Message=The rules engine reported a failed VL activation attempt.
Reason:0x8007232B
AppId = 0ff1ce15-a989-479d-af46-f275c6370663, SkuId = aa2a7821-1827-4c2c-8f1d-4513a34dda97
Trigger=NetworkAvailable}"
Id                   : 8233
Version              : 0
Qualifiers           : 16384
Level                : 3
Task                 : 0
Opcode               : 0
Keywords             : 36028797018963968
RecordId             : 679
ProviderName         : Microsoft-Windows-Security-SPP
ProviderId           : e23b33b0-c8c9-472c-a5f9-f2bdfea0f156
LogName              : Application
ProcessId            : 0
ThreadId             : 0
MachineName          : mica
UserId               :
TimeCreated          : 09/10/2017 06:43:38
ActivityId           :
RelatedActivityId    :
ContainerLog         : application
MatchedQueryIds      :
Bookmark             : System.Diagnostics.Eventing.Reader.EventBookmark
LevelDisplayName     : Warning
OpcodeDisplayName    :
TaskDisplayName      :
KeywordsDisplayNames : Classic
Properties           : System.Diagnostics.Eventing.Reader.EventProperty System.Diagnostics.Eventing.Reader.EventProperty System.Diagnostics.Eventing.Reader.EventProperty
                       System.Diagnostics.Eventing.Reader.EventProperty
Message              : The rules engine reported a failed VL activation attempt.
                       Reason:0x8007232B
                       AppId = 0ff1ce15-a989-479d-af46-f275c6370663, SkuId = aa2a7821-1827-4c2c-8f1d-4513a34dda97
                       Trigger=NetworkAvailable

>> ParameterBinding(Trace-SteroidsOutput): name="InputObject"; value="@{Id=8233; Version=0; Qualifiers=16384; Level=3; Task=0; Opcode=0; Keywords=36028797018963968; RecordId=678; ProviderName=Microsoft-Windows-Security-SPP; ProviderId=e23b33b0-c8c9-472c-a5f9-f2bdfea0f156; LogName=Application; ProcessId=0; ThreadId=0; MachineName=mica; UserId=; TimeCreated=09/10/2017 06:43:30; ActivityId=; RelatedActivityId=; ContainerLog=application; MatchedQueryIds=; Bookmark=System.Diagnostics.Eventing.Reader.EventBookmark; LevelDisplayName=Warning; OpcodeDisplayName=; TaskDisplayName=; KeywordsDisplayNames=Classic; Properties=System.Diagnostics.Eventing.Reader.EventProperty System.Diagnostics.Eventing.Reader.EventProperty System.Diagnostics.Eventing.Reader.EventProperty System.Diagnostics.Eventing.Reader.EventProperty; Message=The rules engine reported a failed VL activation attempt.
Reason:0x8007232B
AppId = 0ff1ce15-a989-479d-af46-f275c6370663, SkuId = aa2a7821-1827-4c2c-8f1d-4513a34dda97
Trigger=NetworkAvailable}"
Id                   : 8233
Version              : 0
Qualifiers           : 16384
Level                : 3
Task                 : 0
Opcode               : 0
Keywords             : 36028797018963968
RecordId             : 678
ProviderName         : Microsoft-Windows-Security-SPP
ProviderId           : e23b33b0-c8c9-472c-a5f9-f2bdfea0f156
LogName              : Application
ProcessId            : 0
ThreadId             : 0
MachineName          : mica
UserId               :
TimeCreated          : 09/10/2017 06:43:30
ActivityId           :
RelatedActivityId    :
ContainerLog         : application
MatchedQueryIds      :
Bookmark             : System.Diagnostics.Eventing.Reader.EventBookmark
LevelDisplayName     : Warning
OpcodeDisplayName    :
TaskDisplayName      :
KeywordsDisplayNames : Classic
Properties           : System.Diagnostics.Eventing.Reader.EventProperty System.Diagnostics.Eventing.Reader.EventProperty System.Diagnostics.Eventing.Reader.EventProperty
                       System.Diagnostics.Eventing.Reader.EventProperty
Message              : The rules engine reported a failed VL activation attempt.
                       Reason:0x8007232B
                       AppId = 0ff1ce15-a989-479d-af46-f275c6370663, SkuId = aa2a7821-1827-4c2c-8f1d-4513a34dda97
                       Trigger=NetworkAvailable

>> ParameterBinding(Trace-SteroidsOutput): name="InputObject"; value="@{Id=8233; Version=0; Qualifiers=16384; Level=3; Task=0; Opcode=0; Keywords=36028797018963968; RecordId=677; ProviderName=Microsoft-Windows-Security-SPP; ProviderId=e23b33b0-c8c9-472c-a5f9-f2bdfea0f156; LogName=Application; ProcessId=0; ThreadId=0; MachineName=mica; UserId=; TimeCreated=09/10/2017 06:43:25; ActivityId=; RelatedActivityId=; ContainerLog=application; MatchedQueryIds=; Bookmark=System.Diagnostics.Eventing.Reader.EventBookmark; LevelDisplayName=Warning; OpcodeDisplayName=; TaskDisplayName=; KeywordsDisplayNames=Classic; Properties=System.Diagnostics.Eventing.Reader.EventProperty System.Diagnostics.Eventing.Reader.EventProperty System.Diagnostics.Eventing.Reader.EventProperty System.Diagnostics.Eventing.Reader.EventProperty; Message=The rules engine reported a failed VL activation attempt.
Reason:0x8007232B
AppId = 0ff1ce15-a989-479d-af46-f275c6370663, SkuId = aa2a7821-1827-4c2c-8f1d-4513a34dda97
Trigger=NetworkAvailable}"
Id                   : 8233
Version              : 0
Qualifiers           : 16384
Level                : 3
Task                 : 0
Opcode               : 0
Keywords             : 36028797018963968
RecordId             : 677
ProviderName         : Microsoft-Windows-Security-SPP
ProviderId           : e23b33b0-c8c9-472c-a5f9-f2bdfea0f156
LogName              : Application
ProcessId            : 0
ThreadId             : 0
MachineName          : mica
UserId               :
TimeCreated          : 09/10/2017 06:43:25
ActivityId           :
RelatedActivityId    :
ContainerLog         : application
MatchedQueryIds      :
Bookmark             : System.Diagnostics.Eventing.Reader.EventBookmark
LevelDisplayName     : Warning
OpcodeDisplayName    :
TaskDisplayName      :
KeywordsDisplayNames : Classic
Properties           : System.Diagnostics.Eventing.Reader.EventProperty System.Diagnostics.Eventing.Reader.EventProperty System.Diagnostics.Eventing.Reader.EventProperty
                       System.Diagnostics.Eventing.Reader.EventProperty
Message              : The rules engine reported a failed VL activation attempt.
                       Reason:0x8007232B
                       AppId = 0ff1ce15-a989-479d-af46-f275c6370663, SkuId = aa2a7821-1827-4c2c-8f1d-4513a34dda97
                       Trigger=NetworkAvailable

>> ParameterBinding(Trace-SteroidsOutput): name="InputObject"; value="@{Id=8233; Version=0; Qualifiers=16384; Level=3; Task=0; Opcode=0; Keywords=36028797018963968; RecordId=676; ProviderName=Microsoft-Windows-Security-SPP; ProviderId=e23b33b0-c8c9-472c-a5f9-f2bdfea0f156; LogName=Application; ProcessId=0; ThreadId=0; MachineName=mica; UserId=; TimeCreated=09/10/2017 06:43:20; ActivityId=; RelatedActivityId=; ContainerLog=application; MatchedQueryIds=; Bookmark=System.Diagnostics.Eventing.Reader.EventBookmark; LevelDisplayName=Warning; OpcodeDisplayName=; TaskDisplayName=; KeywordsDisplayNames=Classic; Properties=System.Diagnostics.Eventing.Reader.EventProperty System.Diagnostics.Eventing.Reader.EventProperty System.Diagnostics.Eventing.Reader.EventProperty System.Diagnostics.Eventing.Reader.EventProperty; Message=The rules engine reported a failed VL activation attempt.
Reason:0x8007232B
AppId = 0ff1ce15-a989-479d-af46-f275c6370663, SkuId = aa2a7821-1827-4c2c-8f1d-4513a34dda97
Trigger=NetworkAvailable}"
Id                   : 8233
Version              : 0
Qualifiers           : 16384
Level                : 3
Task                 : 0
Opcode               : 0
Keywords             : 36028797018963968
RecordId             : 676
ProviderName         : Microsoft-Windows-Security-SPP
ProviderId           : e23b33b0-c8c9-472c-a5f9-f2bdfea0f156
LogName              : Application
ProcessId            : 0
ThreadId             : 0
MachineName          : mica
UserId               :
TimeCreated          : 09/10/2017 06:43:20
ActivityId           :
RelatedActivityId    :
ContainerLog         : application
MatchedQueryIds      :
Bookmark             : System.Diagnostics.Eventing.Reader.EventBookmark
LevelDisplayName     : Warning
OpcodeDisplayName    :
TaskDisplayName      :
KeywordsDisplayNames : Classic
Properties           : System.Diagnostics.Eventing.Reader.EventProperty System.Diagnostics.Eventing.Reader.EventProperty System.Diagnostics.Eventing.Reader.EventProperty
                       System.Diagnostics.Eventing.Reader.EventProperty
Message              : The rules engine reported a failed VL activation attempt.
                       Reason:0x8007232B
                       AppId = 0ff1ce15-a989-479d-af46-f275c6370663, SkuId = aa2a7821-1827-4c2c-8f1d-4513a34dda97
                       Trigger=NetworkAvailable

>> ParameterBinding(Trace-SteroidsOutput): name="InputObject"; value="@{Id=8233; Version=0; Qualifiers=16384; Level=3; Task=0; Opcode=0; Keywords=36028797018963968; RecordId=672; ProviderName=Microsoft-Windows-Security-SPP; ProviderId=e23b33b0-c8c9-472c-a5f9-f2bdfea0f156; LogName=Application; ProcessId=0; ThreadId=0; MachineName=mica; UserId=; TimeCreated=09/10/2017 06:42:07; ActivityId=; RelatedActivityId=; ContainerLog=application; MatchedQueryIds=; Bookmark=System.Diagnostics.Eventing.Reader.EventBookmark; LevelDisplayName=Warning; OpcodeDisplayName=; TaskDisplayName=; KeywordsDisplayNames=Classic; Properties=System.Diagnostics.Eventing.Reader.EventProperty System.Diagnostics.Eventing.Reader.EventProperty System.Diagnostics.Eventing.Reader.EventProperty System.Diagnostics.Eventing.Reader.EventProperty; Message=The rules engine reported a failed VL activation attempt.
Reason:0x8007232B
AppId = 0ff1ce15-a989-479d-af46-f275c6370663, SkuId = aa2a7821-1827-4c2c-8f1d-4513a34dda97
Trigger=NetworkAvailable}"
Id                   : 8233
Version              : 0
Qualifiers           : 16384
Level                : 3
Task                 : 0
Opcode               : 0
Keywords             : 36028797018963968
RecordId             : 672
ProviderName         : Microsoft-Windows-Security-SPP
ProviderId           : e23b33b0-c8c9-472c-a5f9-f2bdfea0f156
LogName              : Application
ProcessId            : 0
ThreadId             : 0
MachineName          : mica
UserId               :
TimeCreated          : 09/10/2017 06:42:07
ActivityId           :
RelatedActivityId    :
ContainerLog         : application
MatchedQueryIds      :
Bookmark             : System.Diagnostics.Eventing.Reader.EventBookmark
LevelDisplayName     : Warning
OpcodeDisplayName    :
TaskDisplayName      :
KeywordsDisplayNames : Classic
Properties           : System.Diagnostics.Eventing.Reader.EventProperty System.Diagnostics.Eventing.Reader.EventProperty System.Diagnostics.Eventing.Reader.EventProperty
                       System.Diagnostics.Eventing.Reader.EventProperty
Message              : The rules engine reported a failed VL activation attempt.
                       Reason:0x8007232B
                       AppId = 0ff1ce15-a989-479d-af46-f275c6370663, SkuId = aa2a7821-1827-4c2c-8f1d-4513a34dda97
                       Trigger=NetworkAvailable

>> ParameterBinding(Trace-SteroidsOutput): name="InputObject"; value="@{Id=3036; Version=0; Qualifiers=32768; Level=3; Task=3; Opcode=0; Keywords=36028797018963968; RecordId=671; ProviderName=Microsoft-Windows-Search; ProviderId=ca4e628d-8567-4896-ab6b-835b221f373f; LogName=Application; ProcessId=0; ThreadId=0; MachineName=mica; UserId=; TimeCreated=09/10/2017 06:42:07; ActivityId=; RelatedActivityId=; ContainerLog=application; MatchedQueryIds=; Bookmark=System.Diagnostics.Eventing.Reader.EventBookmark; LevelDisplayName=Warning; OpcodeDisplayName=; TaskDisplayName=Gatherer; KeywordsDisplayNames=Classic; Properties=System.Diagnostics.Eventing.Reader.EventProperty System.Diagnostics.Eventing.Reader.EventProperty; Message=Crawl could not be completed on content source <ONEINDEX16://{S-1-5-21-3406102236-820951214-3755595023-1001}/>.

Context:  Application, SystemIndex Catalog

Details:
	(HRESULT : 0x80004005) (0x80004005)
}"
Id                   : 3036
Version              : 0
Qualifiers           : 32768
Level                : 3
Task                 : 3
Opcode               : 0
Keywords             : 36028797018963968
RecordId             : 671
ProviderName         : Microsoft-Windows-Search
ProviderId           : ca4e628d-8567-4896-ab6b-835b221f373f
LogName              : Application
ProcessId            : 0
ThreadId             : 0
MachineName          : mica
UserId               :
TimeCreated          : 09/10/2017 06:42:07
ActivityId           :
RelatedActivityId    :
ContainerLog         : application
MatchedQueryIds      :
Bookmark             : System.Diagnostics.Eventing.Reader.EventBookmark
LevelDisplayName     : Warning
OpcodeDisplayName    :
TaskDisplayName      : Gatherer
KeywordsDisplayNames : Classic
Properties           : System.Diagnostics.Eventing.Reader.EventProperty System.Diagnostics.Eventing.Reader.EventProperty
Message              : Crawl could not be completed on content source <ONEINDEX16://{S-1-5-21-3406102236-820951214-3755595023-1001}/>.

                       Context:  Application, SystemIndex Catalog

                       Details:
                       	(HRESULT : 0x80004005) (0x80004005)


>> ParameterBinding(Trace-SteroidsOutput): name="InputObject"; value="@{Id=8233; Version=0; Qualifiers=16384; Level=3; Task=0; Opcode=0; Keywords=36028797018963968; RecordId=668; ProviderName=Microsoft-Windows-Security-SPP; ProviderId=e23b33b0-c8c9-472c-a5f9-f2bdfea0f156; LogName=Application; ProcessId=0; ThreadId=0; MachineName=mica; UserId=; TimeCreated=09/10/2017 06:41:58; ActivityId=; RelatedActivityId=; ContainerLog=application; MatchedQueryIds=; Bookmark=System.Diagnostics.Eventing.Reader.EventBookmark; LevelDisplayName=Warning; OpcodeDisplayName=; TaskDisplayName=; KeywordsDisplayNames=Classic; Properties=System.Diagnostics.Eventing.Reader.EventProperty System.Diagnostics.Eventing.Reader.EventProperty System.Diagnostics.Eventing.Reader.EventProperty System.Diagnostics.Eventing.Reader.EventProperty; Message=The rules engine reported a failed VL activation attempt.
Reason:0x8007007B
AppId = 0ff1ce15-a989-479d-af46-f275c6370663, SkuId = aa2a7821-1827-4c2c-8f1d-4513a34dda97
Trigger=NetworkAvailable}"
Id                   : 8233
Version              : 0
Qualifiers           : 16384
Level                : 3
Task                 : 0
Opcode               : 0
Keywords             : 36028797018963968
RecordId             : 668
ProviderName         : Microsoft-Windows-Security-SPP
ProviderId           : e23b33b0-c8c9-472c-a5f9-f2bdfea0f156
LogName              : Application
ProcessId            : 0
ThreadId             : 0
MachineName          : mica
UserId               :
TimeCreated          : 09/10/2017 06:41:58
ActivityId           :
RelatedActivityId    :
ContainerLog         : application
MatchedQueryIds      :
Bookmark             : System.Diagnostics.Eventing.Reader.EventBookmark
LevelDisplayName     : Warning
OpcodeDisplayName    :
TaskDisplayName      :
KeywordsDisplayNames : Classic
Properties           : System.Diagnostics.Eventing.Reader.EventProperty System.Diagnostics.Eventing.Reader.EventProperty System.Diagnostics.Eventing.Reader.EventProperty
                       System.Diagnostics.Eventing.Reader.EventProperty
Message              : The rules engine reported a failed VL activation attempt.
                       Reason:0x8007007B
                       AppId = 0ff1ce15-a989-479d-af46-f275c6370663, SkuId = aa2a7821-1827-4c2c-8f1d-4513a34dda97
                       Trigger=NetworkAvailable

>> ParameterBinding(Trace-SteroidsOutput): name="InputObject"; value="@{Id=8233; Version=0; Qualifiers=16384; Level=3; Task=0; Opcode=0; Keywords=36028797018963968; RecordId=665; ProviderName=Microsoft-Windows-Security-SPP; ProviderId=e23b33b0-c8c9-472c-a5f9-f2bdfea0f156; LogName=Application; ProcessId=0; ThreadId=0; MachineName=mica; UserId=; TimeCreated=06/10/2017 21:12:22; ActivityId=; RelatedActivityId=; ContainerLog=application; MatchedQueryIds=; Bookmark=System.Diagnostics.Eventing.Reader.EventBookmark; LevelDisplayName=Warning; OpcodeDisplayName=; TaskDisplayName=; KeywordsDisplayNames=Classic; Properties=System.Diagnostics.Eventing.Reader.EventProperty System.Diagnostics.Eventing.Reader.EventProperty System.Diagnostics.Eventing.Reader.EventProperty System.Diagnostics.Eventing.Reader.EventProperty; Message=The rules engine reported a failed VL activation attempt.
Reason:0x8007007B
AppId = 0ff1ce15-a989-479d-af46-f275c6370663, SkuId = aa2a7821-1827-4c2c-8f1d-4513a34dda97
Trigger=TimerEvent}"
Id                   : 8233
Version              : 0
Qualifiers           : 16384
Level                : 3
Task                 : 0
Opcode               : 0
Keywords             : 36028797018963968
RecordId             : 665
ProviderName         : Microsoft-Windows-Security-SPP
ProviderId           : e23b33b0-c8c9-472c-a5f9-f2bdfea0f156
LogName              : Application
ProcessId            : 0
ThreadId             : 0
MachineName          : mica
UserId               :
TimeCreated          : 06/10/2017 21:12:22
ActivityId           :
RelatedActivityId    :
ContainerLog         : application
MatchedQueryIds      :
Bookmark             : System.Diagnostics.Eventing.Reader.EventBookmark
LevelDisplayName     : Warning
OpcodeDisplayName    :
TaskDisplayName      :
KeywordsDisplayNames : Classic
Properties           : System.Diagnostics.Eventing.Reader.EventProperty System.Diagnostics.Eventing.Reader.EventProperty System.Diagnostics.Eventing.Reader.EventProperty
                       System.Diagnostics.Eventing.Reader.EventProperty
Message              : The rules engine reported a failed VL activation attempt.
                       Reason:0x8007007B
                       AppId = 0ff1ce15-a989-479d-af46-f275c6370663, SkuId = aa2a7821-1827-4c2c-8f1d-4513a34dda97
                       Trigger=TimerEvent

>> ParameterBinding(Trace-SteroidsOutput): name="InputObject"; value="@{Id=8233; Version=0; Qualifiers=16384; Level=3; Task=0; Opcode=0; Keywords=36028797018963968; RecordId=650; ProviderName=Microsoft-Windows-Security-SPP; ProviderId=e23b33b0-c8c9-472c-a5f9-f2bdfea0f156; LogName=Application; ProcessId=0; ThreadId=0; MachineName=mica; UserId=; TimeCreated=06/10/2017 19:12:22; ActivityId=; RelatedActivityId=; ContainerLog=application; MatchedQueryIds=; Bookmark=System.Diagnostics.Eventing.Reader.EventBookmark; LevelDisplayName=Warning; OpcodeDisplayName=; TaskDisplayName=; KeywordsDisplayNames=Classic; Properties=System.Diagnostics.Eventing.Reader.EventProperty System.Diagnostics.Eventing.Reader.EventProperty System.Diagnostics.Eventing.Reader.EventProperty System.Diagnostics.Eventing.Reader.EventProperty; Message=The rules engine reported a failed VL activation attempt.
Reason:0x8007232B
AppId = 0ff1ce15-a989-479d-af46-f275c6370663, SkuId = aa2a7821-1827-4c2c-8f1d-4513a34dda97
Trigger=NetworkQuarantineRetry}"
Id                   : 8233
Version              : 0
Qualifiers           : 16384
Level                : 3
Task                 : 0
Opcode               : 0
Keywords             : 36028797018963968
RecordId             : 650
ProviderName         : Microsoft-Windows-Security-SPP
ProviderId           : e23b33b0-c8c9-472c-a5f9-f2bdfea0f156
LogName              : Application
ProcessId            : 0
ThreadId             : 0
MachineName          : mica
UserId               :
TimeCreated          : 06/10/2017 19:12:22
ActivityId           :
RelatedActivityId    :
ContainerLog         : application
MatchedQueryIds      :
Bookmark             : System.Diagnostics.Eventing.Reader.EventBookmark
LevelDisplayName     : Warning
OpcodeDisplayName    :
TaskDisplayName      :
KeywordsDisplayNames : Classic
Properties           : System.Diagnostics.Eventing.Reader.EventProperty System.Diagnostics.Eventing.Reader.EventProperty System.Diagnostics.Eventing.Reader.EventProperty
                       System.Diagnostics.Eventing.Reader.EventProperty
Message              : The rules engine reported a failed VL activation attempt.
                       Reason:0x8007232B
                       AppId = 0ff1ce15-a989-479d-af46-f275c6370663, SkuId = aa2a7821-1827-4c2c-8f1d-4513a34dda97
                       Trigger=NetworkQuarantineRetry

>> ParameterBinding(Trace-SteroidsOutput): name="InputObject"; value="@{Id=8233; Version=0; Qualifiers=16384; Level=3; Task=0; Opcode=0; Keywords=36028797018963968; RecordId=640; ProviderName=Microsoft-Windows-Security-SPP; ProviderId=e23b33b0-c8c9-472c-a5f9-f2bdfea0f156; LogName=Application; ProcessId=0; ThreadId=0; MachineName=mica; UserId=; TimeCreated=06/10/2017 19:07:22; ActivityId=; RelatedActivityId=; ContainerLog=application; MatchedQueryIds=; Bookmark=System.Diagnostics.Eventing.Reader.EventBookmark; LevelDisplayName=Warning; OpcodeDisplayName=; TaskDisplayName=; KeywordsDisplayNames=Classic; Properties=System.Diagnostics.Eventing.Reader.EventProperty System.Diagnostics.Eventing.Reader.EventProperty System.Diagnostics.Eventing.Reader.EventProperty System.Diagnostics.Eventing.Reader.EventProperty; Message=The rules engine reported a failed VL activation attempt.
Reason:0x8007232B
AppId = 0ff1ce15-a989-479d-af46-f275c6370663, SkuId = aa2a7821-1827-4c2c-8f1d-4513a34dda97
Trigger=NetworkAvailable}"
Id                   : 8233
Version              : 0
Qualifiers           : 16384
Level                : 3
Task                 : 0
Opcode               : 0
Keywords             : 36028797018963968
RecordId             : 640
ProviderName         : Microsoft-Windows-Security-SPP
ProviderId           : e23b33b0-c8c9-472c-a5f9-f2bdfea0f156
LogName              : Application
ProcessId            : 0
ThreadId             : 0
MachineName          : mica
UserId               :
TimeCreated          : 06/10/2017 19:07:22
ActivityId           :
RelatedActivityId    :
ContainerLog         : application
MatchedQueryIds      :
Bookmark             : System.Diagnostics.Eventing.Reader.EventBookmark
LevelDisplayName     : Warning
OpcodeDisplayName    :
TaskDisplayName      :
KeywordsDisplayNames : Classic
Properties           : System.Diagnostics.Eventing.Reader.EventProperty System.Diagnostics.Eventing.Reader.EventProperty System.Diagnostics.Eventing.Reader.EventProperty
                       System.Diagnostics.Eventing.Reader.EventProperty
Message              : The rules engine reported a failed VL activation attempt.
                       Reason:0x8007232B
                       AppId = 0ff1ce15-a989-479d-af46-f275c6370663, SkuId = aa2a7821-1827-4c2c-8f1d-4513a34dda97
                       Trigger=NetworkAvailable

>> ParameterBinding(Trace-SteroidsOutput): name="InputObject"; value="@{Id=8233; Version=0; Qualifiers=16384; Level=3; Task=0; Opcode=0; Keywords=36028797018963968; RecordId=638; ProviderName=Microsoft-Windows-Security-SPP; ProviderId=e23b33b0-c8c9-472c-a5f9-f2bdfea0f156; LogName=Application; ProcessId=0; ThreadId=0; MachineName=mica; UserId=; TimeCreated=06/10/2017 19:07:00; ActivityId=; RelatedActivityId=; ContainerLog=application; MatchedQueryIds=; Bookmark=System.Diagnostics.Eventing.Reader.EventBookmark; LevelDisplayName=Warning; OpcodeDisplayName=; TaskDisplayName=; KeywordsDisplayNames=Classic; Properties=System.Diagnostics.Eventing.Reader.EventProperty System.Diagnostics.Eventing.Reader.EventProperty System.Diagnostics.Eventing.Reader.EventProperty System.Diagnostics.Eventing.Reader.EventProperty; Message=The rules engine reported a failed VL activation attempt.
Reason:0x8007232B
AppId = 0ff1ce15-a989-479d-af46-f275c6370663, SkuId = aa2a7821-1827-4c2c-8f1d-4513a34dda97
Trigger=NetworkAvailable}"
Id                   : 8233
Version              : 0
Qualifiers           : 16384
Level                : 3
Task                 : 0
Opcode               : 0
Keywords             : 36028797018963968
RecordId             : 638
ProviderName         : Microsoft-Windows-Security-SPP
ProviderId           : e23b33b0-c8c9-472c-a5f9-f2bdfea0f156
LogName              : Application
ProcessId            : 0
ThreadId             : 0
MachineName          : mica
UserId               :
TimeCreated          : 06/10/2017 19:07:00
ActivityId           :
RelatedActivityId    :
ContainerLog         : application
MatchedQueryIds      :
Bookmark             : System.Diagnostics.Eventing.Reader.EventBookmark
LevelDisplayName     : Warning
OpcodeDisplayName    :
TaskDisplayName      :
KeywordsDisplayNames : Classic
Properties           : System.Diagnostics.Eventing.Reader.EventProperty System.Diagnostics.Eventing.Reader.EventProperty System.Diagnostics.Eventing.Reader.EventProperty
                       System.Diagnostics.Eventing.Reader.EventProperty
Message              : The rules engine reported a failed VL activation attempt.
                       Reason:0x8007232B
                       AppId = 0ff1ce15-a989-479d-af46-f275c6370663, SkuId = aa2a7821-1827-4c2c-8f1d-4513a34dda97
                       Trigger=NetworkAvailable

>> ParameterBinding(Trace-SteroidsOutput): name="InputObject"; value="@{Id=8233; Version=0; Qualifiers=16384; Level=3; Task=0; Opcode=0; Keywords=36028797018963968; RecordId=632; ProviderName=Microsoft-Windows-Security-SPP; ProviderId=e23b33b0-c8c9-472c-a5f9-f2bdfea0f156; LogName=Application; ProcessId=0; ThreadId=0; MachineName=mica; UserId=; TimeCreated=06/10/2017 19:06:45; ActivityId=; RelatedActivityId=; ContainerLog=application; MatchedQueryIds=; Bookmark=System.Diagnostics.Eventing.Reader.EventBookmark; LevelDisplayName=Warning; OpcodeDisplayName=; TaskDisplayName=; KeywordsDisplayNames=Classic; Properties=System.Diagnostics.Eventing.Reader.EventProperty System.Diagnostics.Eventing.Reader.EventProperty System.Diagnostics.Eventing.Reader.EventProperty System.Diagnostics.Eventing.Reader.EventProperty; Message=The rules engine reported a failed VL activation attempt.
Reason:0x8007232B
AppId = 0ff1ce15-a989-479d-af46-f275c6370663, SkuId = aa2a7821-1827-4c2c-8f1d-4513a34dda97
Trigger=NetworkAvailable}"
Id                   : 8233
Version              : 0
Qualifiers           : 16384
Level                : 3
Task                 : 0
Opcode               : 0
Keywords             : 36028797018963968
RecordId             : 632
ProviderName         : Microsoft-Windows-Security-SPP
ProviderId           : e23b33b0-c8c9-472c-a5f9-f2bdfea0f156
LogName              : Application
ProcessId            : 0
ThreadId             : 0
MachineName          : mica
UserId               :
TimeCreated          : 06/10/2017 19:06:45
ActivityId           :
RelatedActivityId    :
ContainerLog         : application
MatchedQueryIds      :
Bookmark             : System.Diagnostics.Eventing.Reader.EventBookmark
LevelDisplayName     : Warning
OpcodeDisplayName    :
TaskDisplayName      :
KeywordsDisplayNames : Classic
Properties           : System.Diagnostics.Eventing.Reader.EventProperty System.Diagnostics.Eventing.Reader.EventProperty System.Diagnostics.Eventing.Reader.EventProperty
                       System.Diagnostics.Eventing.Reader.EventProperty
Message              : The rules engine reported a failed VL activation attempt.
                       Reason:0x8007232B
                       AppId = 0ff1ce15-a989-479d-af46-f275c6370663, SkuId = aa2a7821-1827-4c2c-8f1d-4513a34dda97
                       Trigger=NetworkAvailable

>> ParameterBinding(Trace-SteroidsOutput): name="InputObject"; value="@{Id=8233; Version=0; Qualifiers=16384; Level=3; Task=0; Opcode=0; Keywords=36028797018963968; RecordId=626; ProviderName=Microsoft-Windows-Security-SPP; ProviderId=e23b33b0-c8c9-472c-a5f9-f2bdfea0f156; LogName=Application; ProcessId=0; ThreadId=0; MachineName=mica; UserId=; TimeCreated=06/10/2017 19:06:33; ActivityId=; RelatedActivityId=; ContainerLog=application; MatchedQueryIds=; Bookmark=System.Diagnostics.Eventing.Reader.EventBookmark; LevelDisplayName=Warning; OpcodeDisplayName=; TaskDisplayName=; KeywordsDisplayNames=Classic; Properties=System.Diagnostics.Eventing.Reader.EventProperty System.Diagnostics.Eventing.Reader.EventProperty System.Diagnostics.Eventing.Reader.EventProperty System.Diagnostics.Eventing.Reader.EventProperty; Message=The rules engine reported a failed VL activation attempt.
Reason:0x8007232B
AppId = 0ff1ce15-a989-479d-af46-f275c6370663, SkuId = aa2a7821-1827-4c2c-8f1d-4513a34dda97
Trigger=UserLogon(1)}"
Id                   : 8233
Version              : 0
Qualifiers           : 16384
Level                : 3
Task                 : 0
Opcode               : 0
Keywords             : 36028797018963968
RecordId             : 626
ProviderName         : Microsoft-Windows-Security-SPP
ProviderId           : e23b33b0-c8c9-472c-a5f9-f2bdfea0f156
LogName              : Application
ProcessId            : 0
ThreadId             : 0
MachineName          : mica
UserId               :
TimeCreated          : 06/10/2017 19:06:33
ActivityId           :
RelatedActivityId    :
ContainerLog         : application
MatchedQueryIds      :
Bookmark             : System.Diagnostics.Eventing.Reader.EventBookmark
LevelDisplayName     : Warning
OpcodeDisplayName    :
TaskDisplayName      :
KeywordsDisplayNames : Classic
Properties           : System.Diagnostics.Eventing.Reader.EventProperty System.Diagnostics.Eventing.Reader.EventProperty System.Diagnostics.Eventing.Reader.EventProperty
                       System.Diagnostics.Eventing.Reader.EventProperty
Message              : The rules engine reported a failed VL activation attempt.
                       Reason:0x8007232B
                       AppId = 0ff1ce15-a989-479d-af46-f275c6370663, SkuId = aa2a7821-1827-4c2c-8f1d-4513a34dda97
                       Trigger=UserLogon(1)

>> ParameterBinding(Trace-SteroidsOutput): name="InputObject"; value="@{Id=8233; Version=0; Qualifiers=16384; Level=3; Task=0; Opcode=0; Keywords=36028797018963968; RecordId=580; ProviderName=Microsoft-Windows-Security-SPP; ProviderId=e23b33b0-c8c9-472c-a5f9-f2bdfea0f156; LogName=Application; ProcessId=0; ThreadId=0; MachineName=mica; UserId=; TimeCreated=06/10/2017 19:02:19; ActivityId=; RelatedActivityId=; ContainerLog=application; MatchedQueryIds=; Bookmark=System.Diagnostics.Eventing.Reader.EventBookmark; LevelDisplayName=Warning; OpcodeDisplayName=; TaskDisplayName=; KeywordsDisplayNames=Classic; Properties=System.Diagnostics.Eventing.Reader.EventProperty System.Diagnostics.Eventing.Reader.EventProperty System.Diagnostics.Eventing.Reader.EventProperty System.Diagnostics.Eventing.Reader.EventProperty; Message=The rules engine reported a failed VL activation attempt.
Reason:0x8007232B
AppId = 0ff1ce15-a989-479d-af46-f275c6370663, SkuId = aa2a7821-1827-4c2c-8f1d-4513a34dda97
Trigger=NetworkAvailable}"
Id                   : 8233
Version              : 0
Qualifiers           : 16384
Level                : 3
Task                 : 0
Opcode               : 0
Keywords             : 36028797018963968
RecordId             : 580
ProviderName         : Microsoft-Windows-Security-SPP
ProviderId           : e23b33b0-c8c9-472c-a5f9-f2bdfea0f156
LogName              : Application
ProcessId            : 0
ThreadId             : 0
MachineName          : mica
UserId               :
TimeCreated          : 06/10/2017 19:02:19
ActivityId           :
RelatedActivityId    :
ContainerLog         : application
MatchedQueryIds      :
Bookmark             : System.Diagnostics.Eventing.Reader.EventBookmark
LevelDisplayName     : Warning
OpcodeDisplayName    :
TaskDisplayName      :
KeywordsDisplayNames : Classic
Properties           : System.Diagnostics.Eventing.Reader.EventProperty System.Diagnostics.Eventing.Reader.EventProperty System.Diagnostics.Eventing.Reader.EventProperty
                       System.Diagnostics.Eventing.Reader.EventProperty
Message              : The rules engine reported a failed VL activation attempt.
                       Reason:0x8007232B
                       AppId = 0ff1ce15-a989-479d-af46-f275c6370663, SkuId = aa2a7821-1827-4c2c-8f1d-4513a34dda97
                       Trigger=NetworkAvailable

>> ParameterBinding(Trace-SteroidsOutput): name="InputObject"; value="@{Id=8233; Version=0; Qualifiers=16384; Level=3; Task=0; Opcode=0; Keywords=36028797018963968; RecordId=579; ProviderName=Microsoft-Windows-Security-SPP; ProviderId=e23b33b0-c8c9-472c-a5f9-f2bdfea0f156; LogName=Application; ProcessId=0; ThreadId=0; MachineName=mica; UserId=; TimeCreated=06/10/2017 19:02:14; ActivityId=; RelatedActivityId=; ContainerLog=application; MatchedQueryIds=; Bookmark=System.Diagnostics.Eventing.Reader.EventBookmark; LevelDisplayName=Warning; OpcodeDisplayName=; TaskDisplayName=; KeywordsDisplayNames=Classic; Properties=System.Diagnostics.Eventing.Reader.EventProperty System.Diagnostics.Eventing.Reader.EventProperty System.Diagnostics.Eventing.Reader.EventProperty System.Diagnostics.Eventing.Reader.EventProperty; Message=The rules engine reported a failed VL activation attempt.
Reason:0x8007232B
AppId = 0ff1ce15-a989-479d-af46-f275c6370663, SkuId = aa2a7821-1827-4c2c-8f1d-4513a34dda97
Trigger=NetworkAvailable}"
Id                   : 8233
Version              : 0
Qualifiers           : 16384
Level                : 3
Task                 : 0
Opcode               : 0
Keywords             : 36028797018963968
RecordId             : 579
ProviderName         : Microsoft-Windows-Security-SPP
ProviderId           : e23b33b0-c8c9-472c-a5f9-f2bdfea0f156
LogName              : Application
ProcessId            : 0
ThreadId             : 0
MachineName          : mica
UserId               :
TimeCreated          : 06/10/2017 19:02:14
ActivityId           :
RelatedActivityId    :
ContainerLog         : application
MatchedQueryIds      :
Bookmark             : System.Diagnostics.Eventing.Reader.EventBookmark
LevelDisplayName     : Warning
OpcodeDisplayName    :
TaskDisplayName      :
KeywordsDisplayNames : Classic
Properties           : System.Diagnostics.Eventing.Reader.EventProperty System.Diagnostics.Eventing.Reader.EventProperty System.Diagnostics.Eventing.Reader.EventProperty
                       System.Diagnostics.Eventing.Reader.EventProperty
Message              : The rules engine reported a failed VL activation attempt.
                       Reason:0x8007232B
                       AppId = 0ff1ce15-a989-479d-af46-f275c6370663, SkuId = aa2a7821-1827-4c2c-8f1d-4513a34dda97
                       Trigger=NetworkAvailable

>> ParameterBinding(Trace-SteroidsOutput): name="InputObject"; value="@{Id=8233; Version=0; Qualifiers=16384; Level=3; Task=0; Opcode=0; Keywords=36028797018963968; RecordId=577; ProviderName=Microsoft-Windows-Security-SPP; ProviderId=e23b33b0-c8c9-472c-a5f9-f2bdfea0f156; LogName=Application; ProcessId=0; ThreadId=0; MachineName=mica; UserId=; TimeCreated=06/10/2017 18:59:41; ActivityId=; RelatedActivityId=; ContainerLog=application; MatchedQueryIds=; Bookmark=System.Diagnostics.Eventing.Reader.EventBookmark; LevelDisplayName=Warning; OpcodeDisplayName=; TaskDisplayName=; KeywordsDisplayNames=Classic; Properties=System.Diagnostics.Eventing.Reader.EventProperty System.Diagnostics.Eventing.Reader.EventProperty System.Diagnostics.Eventing.Reader.EventProperty System.Diagnostics.Eventing.Reader.EventProperty; Message=The rules engine reported a failed VL activation attempt.
Reason:0x8007232B
AppId = 0ff1ce15-a989-479d-af46-f275c6370663, SkuId = aa2a7821-1827-4c2c-8f1d-4513a34dda97
Trigger=NetworkAvailable}"
Id                   : 8233
Version              : 0
Qualifiers           : 16384
Level                : 3
Task                 : 0
Opcode               : 0
Keywords             : 36028797018963968
RecordId             : 577
ProviderName         : Microsoft-Windows-Security-SPP
ProviderId           : e23b33b0-c8c9-472c-a5f9-f2bdfea0f156
LogName              : Application
ProcessId            : 0
ThreadId             : 0
MachineName          : mica
UserId               :
TimeCreated          : 06/10/2017 18:59:41
ActivityId           :
RelatedActivityId    :
ContainerLog         : application
MatchedQueryIds      :
Bookmark             : System.Diagnostics.Eventing.Reader.EventBookmark
LevelDisplayName     : Warning
OpcodeDisplayName    :
TaskDisplayName      :
KeywordsDisplayNames : Classic
Properties           : System.Diagnostics.Eventing.Reader.EventProperty System.Diagnostics.Eventing.Reader.EventProperty System.Diagnostics.Eventing.Reader.EventProperty
                       System.Diagnostics.Eventing.Reader.EventProperty
Message              : The rules engine reported a failed VL activation attempt.
                       Reason:0x8007232B
                       AppId = 0ff1ce15-a989-479d-af46-f275c6370663, SkuId = aa2a7821-1827-4c2c-8f1d-4513a34dda97
                       Trigger=NetworkAvailable

>> ParameterBinding(Trace-SteroidsOutput): name="InputObject"; value="@{Id=8233; Version=0; Qualifiers=16384; Level=3; Task=0; Opcode=0; Keywords=36028797018963968; RecordId=576; ProviderName=Microsoft-Windows-Security-SPP; ProviderId=e23b33b0-c8c9-472c-a5f9-f2bdfea0f156; LogName=Application; ProcessId=0; ThreadId=0; MachineName=mica; UserId=; TimeCreated=06/10/2017 18:59:36; ActivityId=; RelatedActivityId=; ContainerLog=application; MatchedQueryIds=; Bookmark=System.Diagnostics.Eventing.Reader.EventBookmark; LevelDisplayName=Warning; OpcodeDisplayName=; TaskDisplayName=; KeywordsDisplayNames=Classic; Properties=System.Diagnostics.Eventing.Reader.EventProperty System.Diagnostics.Eventing.Reader.EventProperty System.Diagnostics.Eventing.Reader.EventProperty System.Diagnostics.Eventing.Reader.EventProperty; Message=The rules engine reported a failed VL activation attempt.
Reason:0x8007232B
AppId = 0ff1ce15-a989-479d-af46-f275c6370663, SkuId = aa2a7821-1827-4c2c-8f1d-4513a34dda97
Trigger=NetworkAvailable}"
Id                   : 8233
Version              : 0
Qualifiers           : 16384
Level                : 3
Task                 : 0
Opcode               : 0
Keywords             : 36028797018963968
RecordId             : 576
ProviderName         : Microsoft-Windows-Security-SPP
ProviderId           : e23b33b0-c8c9-472c-a5f9-f2bdfea0f156
LogName              : Application
ProcessId            : 0
ThreadId             : 0
MachineName          : mica
UserId               :
TimeCreated          : 06/10/2017 18:59:36
ActivityId           :
RelatedActivityId    :
ContainerLog         : application
MatchedQueryIds      :
Bookmark             : System.Diagnostics.Eventing.Reader.EventBookmark
LevelDisplayName     : Warning
OpcodeDisplayName    :
TaskDisplayName      :
KeywordsDisplayNames : Classic
Properties           : System.Diagnostics.Eventing.Reader.EventProperty System.Diagnostics.Eventing.Reader.EventProperty System.Diagnostics.Eventing.Reader.EventProperty
                       System.Diagnostics.Eventing.Reader.EventProperty
Message              : The rules engine reported a failed VL activation attempt.
                       Reason:0x8007232B
                       AppId = 0ff1ce15-a989-479d-af46-f275c6370663, SkuId = aa2a7821-1827-4c2c-8f1d-4513a34dda97
                       Trigger=NetworkAvailable

>> ParameterBinding(Trace-SteroidsOutput): name="InputObject"; value="@{Id=8233; Version=0; Qualifiers=16384; Level=3; Task=0; Opcode=0; Keywords=36028797018963968; RecordId=570; ProviderName=Microsoft-Windows-Security-SPP; ProviderId=e23b33b0-c8c9-472c-a5f9-f2bdfea0f156; LogName=Application; ProcessId=0; ThreadId=0; MachineName=mica; UserId=; TimeCreated=06/10/2017 14:28:05; ActivityId=; RelatedActivityId=; ContainerLog=application; MatchedQueryIds=; Bookmark=System.Diagnostics.Eventing.Reader.EventBookmark; LevelDisplayName=Warning; OpcodeDisplayName=; TaskDisplayName=; KeywordsDisplayNames=Classic; Properties=System.Diagnostics.Eventing.Reader.EventProperty System.Diagnostics.Eventing.Reader.EventProperty System.Diagnostics.Eventing.Reader.EventProperty System.Diagnostics.Eventing.Reader.EventProperty; Message=The rules engine reported a failed VL activation attempt.
Reason:0x8007232B
AppId = 0ff1ce15-a989-479d-af46-f275c6370663, SkuId = aa2a7821-1827-4c2c-8f1d-4513a34dda97
Trigger=NetworkQuarantineRetry}"
Id                   : 8233
Version              : 0
Qualifiers           : 16384
Level                : 3
Task                 : 0
Opcode               : 0
Keywords             : 36028797018963968
RecordId             : 570
ProviderName         : Microsoft-Windows-Security-SPP
ProviderId           : e23b33b0-c8c9-472c-a5f9-f2bdfea0f156
LogName              : Application
ProcessId            : 0
ThreadId             : 0
MachineName          : mica
UserId               :
TimeCreated          : 06/10/2017 14:28:05
ActivityId           :
RelatedActivityId    :
ContainerLog         : application
MatchedQueryIds      :
Bookmark             : System.Diagnostics.Eventing.Reader.EventBookmark
LevelDisplayName     : Warning
OpcodeDisplayName    :
TaskDisplayName      :
KeywordsDisplayNames : Classic
Properties           : System.Diagnostics.Eventing.Reader.EventProperty System.Diagnostics.Eventing.Reader.EventProperty System.Diagnostics.Eventing.Reader.EventProperty
                       System.Diagnostics.Eventing.Reader.EventProperty
Message              : The rules engine reported a failed VL activation attempt.
                       Reason:0x8007232B
                       AppId = 0ff1ce15-a989-479d-af46-f275c6370663, SkuId = aa2a7821-1827-4c2c-8f1d-4513a34dda97
                       Trigger=NetworkQuarantineRetry

>> ParameterBinding(Trace-SteroidsOutput): name="InputObject"; value="@{Id=8233; Version=0; Qualifiers=16384; Level=3; Task=0; Opcode=0; Keywords=36028797018963968; RecordId=569; ProviderName=Microsoft-Windows-Security-SPP; ProviderId=e23b33b0-c8c9-472c-a5f9-f2bdfea0f156; LogName=Application; ProcessId=0; ThreadId=0; MachineName=mica; UserId=; TimeCreated=06/10/2017 14:23:03; ActivityId=; RelatedActivityId=; ContainerLog=application; MatchedQueryIds=; Bookmark=System.Diagnostics.Eventing.Reader.EventBookmark; LevelDisplayName=Warning; OpcodeDisplayName=; TaskDisplayName=; KeywordsDisplayNames=Classic; Properties=System.Diagnostics.Eventing.Reader.EventProperty System.Diagnostics.Eventing.Reader.EventProperty System.Diagnostics.Eventing.Reader.EventProperty System.Diagnostics.Eventing.Reader.EventProperty; Message=The rules engine reported a failed VL activation attempt.
Reason:0x8007232B
AppId = 0ff1ce15-a989-479d-af46-f275c6370663, SkuId = aa2a7821-1827-4c2c-8f1d-4513a34dda97
Trigger=NetworkAvailable}"
Id                   : 8233
Version              : 0
Qualifiers           : 16384
Level                : 3
Task                 : 0
Opcode               : 0
Keywords             : 36028797018963968
RecordId             : 569
ProviderName         : Microsoft-Windows-Security-SPP
ProviderId           : e23b33b0-c8c9-472c-a5f9-f2bdfea0f156
LogName              : Application
ProcessId            : 0
ThreadId             : 0
MachineName          : mica
UserId               :
TimeCreated          : 06/10/2017 14:23:03
ActivityId           :
RelatedActivityId    :
ContainerLog         : application
MatchedQueryIds      :
Bookmark             : System.Diagnostics.Eventing.Reader.EventBookmark
LevelDisplayName     : Warning
OpcodeDisplayName    :
TaskDisplayName      :
KeywordsDisplayNames : Classic
Properties           : System.Diagnostics.Eventing.Reader.EventProperty System.Diagnostics.Eventing.Reader.EventProperty System.Diagnostics.Eventing.Reader.EventProperty
                       System.Diagnostics.Eventing.Reader.EventProperty
Message              : The rules engine reported a failed VL activation attempt.
                       Reason:0x8007232B
                       AppId = 0ff1ce15-a989-479d-af46-f275c6370663, SkuId = aa2a7821-1827-4c2c-8f1d-4513a34dda97
                       Trigger=NetworkAvailable

>> ParameterBinding(Trace-SteroidsOutput): name="InputObject"; value="@{Id=8233; Version=0; Qualifiers=16384; Level=3; Task=0; Opcode=0; Keywords=36028797018963968; RecordId=567; ProviderName=Microsoft-Windows-Security-SPP; ProviderId=e23b33b0-c8c9-472c-a5f9-f2bdfea0f156; LogName=Application; ProcessId=0; ThreadId=0; MachineName=mica; UserId=; TimeCreated=06/10/2017 14:21:58; ActivityId=; RelatedActivityId=; ContainerLog=application; MatchedQueryIds=; Bookmark=System.Diagnostics.Eventing.Reader.EventBookmark; LevelDisplayName=Warning; OpcodeDisplayName=; TaskDisplayName=; KeywordsDisplayNames=Classic; Properties=System.Diagnostics.Eventing.Reader.EventProperty System.Diagnostics.Eventing.Reader.EventProperty System.Diagnostics.Eventing.Reader.EventProperty System.Diagnostics.Eventing.Reader.EventProperty; Message=The rules engine reported a failed VL activation attempt.
Reason:0x8007232B
AppId = 0ff1ce15-a989-479d-af46-f275c6370663, SkuId = aa2a7821-1827-4c2c-8f1d-4513a34dda97
Trigger=NetworkAvailable}"
Id                   : 8233
Version              : 0
Qualifiers           : 16384
Level                : 3
Task                 : 0
Opcode               : 0
Keywords             : 36028797018963968
RecordId             : 567
ProviderName         : Microsoft-Windows-Security-SPP
ProviderId           : e23b33b0-c8c9-472c-a5f9-f2bdfea0f156
LogName              : Application
ProcessId            : 0
ThreadId             : 0
MachineName          : mica
UserId               :
TimeCreated          : 06/10/2017 14:21:58
ActivityId           :
RelatedActivityId    :
ContainerLog         : application
MatchedQueryIds      :
Bookmark             : System.Diagnostics.Eventing.Reader.EventBookmark
LevelDisplayName     : Warning
OpcodeDisplayName    :
TaskDisplayName      :
KeywordsDisplayNames : Classic
Properties           : System.Diagnostics.Eventing.Reader.EventProperty System.Diagnostics.Eventing.Reader.EventProperty System.Diagnostics.Eventing.Reader.EventProperty
                       System.Diagnostics.Eventing.Reader.EventProperty
Message              : The rules engine reported a failed VL activation attempt.
                       Reason:0x8007232B
                       AppId = 0ff1ce15-a989-479d-af46-f275c6370663, SkuId = aa2a7821-1827-4c2c-8f1d-4513a34dda97
                       Trigger=NetworkAvailable

