>> ParameterBinding(Trace-SteroidsOutput): name="InputObject"; value="@{Id=8233; Version=0; Qualifiers=16384; Level=3; Task=0; Opcode=0; Keywords=36028797018963968; RecordId=313; ProviderName=Microsoft-Windows-Security-SPP; ProviderId=e23b33b0-c8c9-472c-a5f9-f2bdfea0f156; LogName=Application; ProcessId=0; ThreadId=0; MachineName=mica; UserId=; TimeCreated=05/10/2017 07:02:18; ActivityId=; RelatedActivityId=; ContainerLog=application; MatchedQueryIds=; Bookmark=System.Diagnostics.Eventing.Reader.EventBookmark; LevelDisplayName=Warning; OpcodeDisplayName=; TaskDisplayName=; KeywordsDisplayNames=Classic; Properties=System.Diagnostics.Eventing.Reader.EventProperty System.Diagnostics.Eventing.Reader.EventProperty System.Diagnostics.Eventing.Reader.EventProperty System.Diagnostics.Eventing.Reader.EventProperty; Message=The rules engine reported a failed VL activation attempt.
Reason:0x8007232B
AppId = 0ff1ce15-a989-479d-af46-f275c6370663, SkuId = aa2a7821-1827-4c2c-8f1d-4513a34dda97
Trigger=NetworkAvailable}"
Id                   : 8233
Version              : 0
Qualifiers           : 16384
Level                : 3
Task                 : 0
Opcode               : 0
Keywords             : 36028797018963968
RecordId             : 313
ProviderName         : Microsoft-Windows-Security-SPP
ProviderId           : e23b33b0-c8c9-472c-a5f9-f2bdfea0f156
LogName              : Application
ProcessId            : 0
ThreadId             : 0
MachineName          : mica
UserId               :
TimeCreated          : 05/10/2017 07:02:18
ActivityId           :
RelatedActivityId    :
ContainerLog         : application
MatchedQueryIds      :
Bookmark             : System.Diagnostics.Eventing.Reader.EventBookmark
LevelDisplayName     : Warning
OpcodeDisplayName    :
TaskDisplayName      :
KeywordsDisplayNames : Classic
Properties           : System.Diagnostics.Eventing.Reader.EventProperty System.Diagnostics.Eventing.Reader.EventProperty System.Diagnostics.Eventing.Reader.EventProperty
                       System.Diagnostics.Eventing.Reader.EventProperty
Message              : The rules engine reported a failed VL activation attempt.
                       Reason:0x8007232B
                       AppId = 0ff1ce15-a989-479d-af46-f275c6370663, SkuId = aa2a7821-1827-4c2c-8f1d-4513a34dda97
                       Trigger=NetworkAvailable

>> ParameterBinding(Trace-SteroidsOutput): name="InputObject"; value="@{Id=3036; Version=0; Qualifiers=32768; Level=3; Task=3; Opcode=0; Keywords=36028797018963968; RecordId=312; ProviderName=Microsoft-Windows-Search; ProviderId=ca4e628d-8567-4896-ab6b-835b221f373f; LogName=Application; ProcessId=0; ThreadId=0; MachineName=mica; UserId=; TimeCreated=05/10/2017 07:02:13; ActivityId=; RelatedActivityId=; ContainerLog=application; MatchedQueryIds=; Bookmark=System.Diagnostics.Eventing.Reader.EventBookmark; LevelDisplayName=Warning; OpcodeDisplayName=; TaskDisplayName=Gatherer; KeywordsDisplayNames=Classic; Properties=System.Diagnostics.Eventing.Reader.EventProperty System.Diagnostics.Eventing.Reader.EventProperty; Message=Crawl could not be completed on content source <ONEINDEX16://{S-1-5-21-3406102236-820951214-3755595023-1001}/>.

Context: Windows Application, SystemIndex Catalog

Details:
	(HRESULT : 0x80004005) (0x80004005)
}"
Id                   : 3036
Version              : 0
Qualifiers           : 32768
Level                : 3
Task                 : 3
Opcode               : 0
Keywords             : 36028797018963968
RecordId             : 312
ProviderName         : Microsoft-Windows-Search
ProviderId           : ca4e628d-8567-4896-ab6b-835b221f373f
LogName              : Application
ProcessId            : 0
ThreadId             : 0
MachineName          : mica
UserId               :
TimeCreated          : 05/10/2017 07:02:13
ActivityId           :
RelatedActivityId    :
ContainerLog         : application
MatchedQueryIds      :
Bookmark             : System.Diagnostics.Eventing.Reader.EventBookmark
LevelDisplayName     : Warning
OpcodeDisplayName    :
TaskDisplayName      : Gatherer
KeywordsDisplayNames : Classic
Properties           : System.Diagnostics.Eventing.Reader.EventProperty System.Diagnostics.Eventing.Reader.EventProperty
Message              : Crawl could not be completed on content source <ONEINDEX16://{S-1-5-21-3406102236-820951214-3755595023-1001}/>.

                       Context: Windows Application, SystemIndex Catalog

                       Details:
                       	(HRESULT : 0x80004005) (0x80004005)


>> ParameterBinding(Trace-SteroidsOutput): name="InputObject"; value="@{Id=8233; Version=0; Qualifiers=16384; Level=3; Task=0; Opcode=0; Keywords=36028797018963968; RecordId=311; ProviderName=Microsoft-Windows-Security-SPP; ProviderId=e23b33b0-c8c9-472c-a5f9-f2bdfea0f156; LogName=Application; ProcessId=0; ThreadId=0; MachineName=mica; UserId=; TimeCreated=05/10/2017 07:02:05; ActivityId=; RelatedActivityId=; ContainerLog=application; MatchedQueryIds=; Bookmark=System.Diagnostics.Eventing.Reader.EventBookmark; LevelDisplayName=Warning; OpcodeDisplayName=; TaskDisplayName=; KeywordsDisplayNames=Classic; Properties=System.Diagnostics.Eventing.Reader.EventProperty System.Diagnostics.Eventing.Reader.EventProperty System.Diagnostics.Eventing.Reader.EventProperty System.Diagnostics.Eventing.Reader.EventProperty; Message=The rules engine reported a failed VL activation attempt.
Reason:0x8007232B
AppId = 0ff1ce15-a989-479d-af46-f275c6370663, SkuId = aa2a7821-1827-4c2c-8f1d-4513a34dda97
Trigger=NetworkAvailable}"
Id                   : 8233
Version              : 0
Qualifiers           : 16384
Level                : 3
Task                 : 0
Opcode               : 0
Keywords             : 36028797018963968
RecordId             : 311
ProviderName         : Microsoft-Windows-Security-SPP
ProviderId           : e23b33b0-c8c9-472c-a5f9-f2bdfea0f156
LogName              : Application
ProcessId            : 0
ThreadId             : 0
MachineName          : mica
UserId               :
TimeCreated          : 05/10/2017 07:02:05
ActivityId           :
RelatedActivityId    :
ContainerLog         : application
MatchedQueryIds      :
Bookmark             : System.Diagnostics.Eventing.Reader.EventBookmark
LevelDisplayName     : Warning
OpcodeDisplayName    :
TaskDisplayName      :
KeywordsDisplayNames : Classic
Properties           : System.Diagnostics.Eventing.Reader.EventProperty System.Diagnostics.Eventing.Reader.EventProperty System.Diagnostics.Eventing.Reader.EventProperty
                       System.Diagnostics.Eventing.Reader.EventProperty
Message              : The rules engine reported a failed VL activation attempt.
                       Reason:0x8007232B
                       AppId = 0ff1ce15-a989-479d-af46-f275c6370663, SkuId = aa2a7821-1827-4c2c-8f1d-4513a34dda97
                       Trigger=NetworkAvailable

>> ParameterBinding(Trace-SteroidsOutput): name="InputObject"; value="@{Id=8233; Version=0; Qualifiers=16384; Level=3; Task=0; Opcode=0; Keywords=36028797018963968; RecordId=303; ProviderName=Microsoft-Windows-Security-SPP; ProviderId=e23b33b0-c8c9-472c-a5f9-f2bdfea0f156; LogName=Application; ProcessId=0; ThreadId=0; MachineName=mica; UserId=; TimeCreated=05/10/2017 07:01:54; ActivityId=; RelatedActivityId=; ContainerLog=application; MatchedQueryIds=; Bookmark=System.Diagnostics.Eventing.Reader.EventBookmark; LevelDisplayName=Warning; OpcodeDisplayName=; TaskDisplayName=; KeywordsDisplayNames=Classic; Properties=System.Diagnostics.Eventing.Reader.EventProperty System.Diagnostics.Eventing.Reader.EventProperty System.Diagnostics.Eventing.Reader.EventProperty System.Diagnostics.Eventing.Reader.EventProperty; Message=The rules engine reported a failed VL activation attempt.
Reason:0x8007232B
AppId = 0ff1ce15-a989-479d-af46-f275c6370663, SkuId = aa2a7821-1827-4c2c-8f1d-4513a34dda97
Trigger=TimerEvent}"
Id                   : 8233
Version              : 0
Qualifiers           : 16384
Level                : 3
Task                 : 0
Opcode               : 0
Keywords             : 36028797018963968
RecordId             : 303
ProviderName         : Microsoft-Windows-Security-SPP
ProviderId           : e23b33b0-c8c9-472c-a5f9-f2bdfea0f156
LogName              : Application
ProcessId            : 0
ThreadId             : 0
MachineName          : mica
UserId               :
TimeCreated          : 05/10/2017 07:01:54
ActivityId           :
RelatedActivityId    :
ContainerLog         : application
MatchedQueryIds      :
Bookmark             : System.Diagnostics.Eventing.Reader.EventBookmark
LevelDisplayName     : Warning
OpcodeDisplayName    :
TaskDisplayName      :
KeywordsDisplayNames : Classic
Properties           : System.Diagnostics.Eventing.Reader.EventProperty System.Diagnostics.Eventing.Reader.EventProperty System.Diagnostics.Eventing.Reader.EventProperty
                       System.Diagnostics.Eventing.Reader.EventProperty
Message              : The rules engine reported a failed VL activation attempt.
                       Reason:0x8007232B
                       AppId = 0ff1ce15-a989-479d-af46-f275c6370663, SkuId = aa2a7821-1827-4c2c-8f1d-4513a34dda97
                       Trigger=TimerEvent

>> ParameterBinding(Trace-SteroidsOutput): name="InputObject"; value="@{Id=1002; Version=; Qualifiers=0; Level=2; Task=101; Opcode=; Keywords=36028797018963968; RecordId=302; ProviderName=Application Hang; ProviderId=; LogName=Application; ProcessId=; ThreadId=; MachineName=mica; UserId=; TimeCreated=05/10/2017 07:01:52; ActivityId=; RelatedActivityId=; ContainerLog=application; MatchedQueryIds=; Bookmark=System.Diagnostics.Eventing.Reader.EventBookmark; LevelDisplayName=Error; OpcodeDisplayName=Info; TaskDisplayName=; KeywordsDisplayNames=Classic; Properties=System.Diagnostics.Eventing.Reader.EventProperty System.Diagnostics.Eventing.Reader.EventProperty System.Diagnostics.Eventing.Reader.EventProperty System.Diagnostics.Eventing.Reader.EventProperty System.Diagnostics.Eventing.Reader.EventProperty System.Diagnostics.Eventing.Reader.EventProperty System.Diagnostics.Eventing.Reader.EventProperty System.Diagnostics.Eventing.Reader.EventProperty System.Diagnostics.Eventing.Reader.EventProperty System.Diagnostics.Eventing.Reader.EventProperty; Message=The program ShellExperienceHost.exe version 10.0.16299.15 stopped interacting with Windows and was closed. To see if more information about the problem is available, check the problem history in the Security and Maintenance control panel.
 Process ID: 17dc
 Start Time: 01d33d4ae62c8f44
 Termination Time: 4294967295
 Application Path: C:\Windows\SystemApps\ShellExperienceHost_cw5n1h2txyewy\ShellExperienceHost.exe
 Report Id: 5eb82627-9e45-4fda-89f1-053d93b8f315
 Faulting package full name: Microsoft.Windows.ShellExperienceHost_10.0.16299.15_neutral_neutral_cw5n1h2txyewy
 Faulting package-relative application ID: App
}"
Id                   : 1002
Version              :
Qualifiers           : 0
Level                : 2
Task                 : 101
Opcode               :
Keywords             : 36028797018963968
RecordId             : 302
ProviderName         : Application Hang
ProviderId           :
LogName              : Application
ProcessId            :
ThreadId             :
MachineName          : mica
UserId               :
TimeCreated          : 05/10/2017 07:01:52
ActivityId           :
RelatedActivityId    :
ContainerLog         : application
MatchedQueryIds      :
Bookmark             : System.Diagnostics.Eventing.Reader.EventBookmark
LevelDisplayName     : Error
OpcodeDisplayName    : Info
TaskDisplayName      :
KeywordsDisplayNames : Classic
Properties           : System.Diagnostics.Eventing.Reader.EventProperty System.Diagnostics.Eventing.Reader.EventProperty System.Diagnostics.Eventing.Reader.EventProperty
                       System.Diagnostics.Eventing.Reader.EventProperty System.Diagnostics.Eventing.Reader.EventProperty System.Diagnostics.Eventing.Reader.EventProperty
                       System.Diagnostics.Eventing.Reader.EventProperty System.Diagnostics.Eventing.Reader.EventProperty System.Diagnostics.Eventing.Reader.EventProperty
                       System.Diagnostics.Eventing.Reader.EventProperty
Message              : The program ShellExperienceHost.exe version 10.0.16299.15 stopped interacting with Windows and was closed. To see if more information about the problem is available,
                       check the problem history in the Security and Maintenance control panel.
                        Process ID: 17dc
                        Start Time: 01d33d4ae62c8f44
                        Termination Time: 4294967295
                        Application Path: C:\Windows\SystemApps\ShellExperienceHost_cw5n1h2txyewy\ShellExperienceHost.exe
                        Report Id: 5eb82627-9e45-4fda-89f1-053d93b8f315
                        Faulting package full name: Microsoft.Windows.ShellExperienceHost_10.0.16299.15_neutral_neutral_cw5n1h2txyewy
                        Faulting package-relative application ID: App


>> ParameterBinding(Trace-SteroidsOutput): name="InputObject"; value="@{Id=2484; Version=1; Qualifiers=; Level=2; Task=2400; Opcode=0; Keywords=2305843009213694018; RecordId=299; ProviderName=Microsoft-Windows-Immersive-Shell; ProviderId=315a8872-923e-4ea2-9889-33cd4754bf64; LogName=Application; ProcessId=2028; ThreadId=2804; MachineName=mica; UserId=S-1-5-21-3406102236-820951214-3755595023-1001; TimeCreated=04/10/2017 20:03:06; ActivityId=; RelatedActivityId=; ContainerLog=application; MatchedQueryIds=; Bookmark=System.Diagnostics.Eventing.Reader.EventBookmark; LevelDisplayName=Error; OpcodeDisplayName=Info; TaskDisplayName=; KeywordsDisplayNames=Process Lifetime Manager; Properties=System.Diagnostics.Eventing.Reader.EventProperty; Message=Package Microsoft.Windows.ShellExperienceHost_10.0.16299.15_neutral_neutral_cw5n1h2txyewy+App was terminated because it took too long to suspend.}"
Id                   : 2484
Version              : 1
Qualifiers           :
Level                : 2
Task                 : 2400
Opcode               : 0
Keywords             : 2305843009213694018
RecordId             : 299
ProviderName         : Microsoft-Windows-Immersive-Shell
ProviderId           : 315a8872-923e-4ea2-9889-33cd4754bf64
LogName              : Application
ProcessId            : 2028
ThreadId             : 2804
MachineName          : mica
UserId               : S-1-5-21-3406102236-820951214-3755595023-1001
TimeCreated          : 04/10/2017 20:03:06
ActivityId           :
RelatedActivityId    :
ContainerLog         : application
MatchedQueryIds      :
Bookmark             : System.Diagnostics.Eventing.Reader.EventBookmark
LevelDisplayName     : Error
OpcodeDisplayName    : Info
TaskDisplayName      :
KeywordsDisplayNames : Process Lifetime Manager
Properties           : System.Diagnostics.Eventing.Reader.EventProperty
Message              : Package Microsoft.Windows.ShellExperienceHost_10.0.16299.15_neutral_neutral_cw5n1h2txyewy+App was terminated because it took too long to suspend.

>> ParameterBinding(Trace-SteroidsOutput): name="InputObject"; value="@{Id=8233; Version=0; Qualifiers=16384; Level=3; Task=0; Opcode=0; Keywords=36028797018963968; RecordId=273; ProviderName=Microsoft-Windows-Security-SPP; ProviderId=e23b33b0-c8c9-472c-a5f9-f2bdfea0f156; LogName=Application; ProcessId=0; ThreadId=0; MachineName=mica; UserId=; TimeCreated=04/10/2017 19:56:40; ActivityId=; RelatedActivityId=; ContainerLog=application; MatchedQueryIds=; Bookmark=System.Diagnostics.Eventing.Reader.EventBookmark; LevelDisplayName=Warning; OpcodeDisplayName=; TaskDisplayName=; KeywordsDisplayNames=Classic; Properties=System.Diagnostics.Eventing.Reader.EventProperty System.Diagnostics.Eventing.Reader.EventProperty System.Diagnostics.Eventing.Reader.EventProperty System.Diagnostics.Eventing.Reader.EventProperty; Message=The rules engine reported a failed VL activation attempt.
Reason:0x8007232B
AppId = 0ff1ce15-a989-479d-af46-f275c6370663, SkuId = aa2a7821-1827-4c2c-8f1d-4513a34dda97
Trigger=UserLogon(1)}"
Id                   : 8233
Version              : 0
Qualifiers           : 16384
Level                : 3
Task                 : 0
Opcode               : 0
Keywords             : 36028797018963968
RecordId             : 273
ProviderName         : Microsoft-Windows-Security-SPP
ProviderId           : e23b33b0-c8c9-472c-a5f9-f2bdfea0f156
LogName              : Application
ProcessId            : 0
ThreadId             : 0
MachineName          : mica
UserId               :
TimeCreated          : 04/10/2017 19:56:40
ActivityId           :
RelatedActivityId    :
ContainerLog         : application
MatchedQueryIds      :
Bookmark             : System.Diagnostics.Eventing.Reader.EventBookmark
LevelDisplayName     : Warning
OpcodeDisplayName    :
TaskDisplayName      :
KeywordsDisplayNames : Classic
Properties           : System.Diagnostics.Eventing.Reader.EventProperty System.Diagnostics.Eventing.Reader.EventProperty System.Diagnostics.Eventing.Reader.EventProperty
                       System.Diagnostics.Eventing.Reader.EventProperty
Message              : The rules engine reported a failed VL activation attempt.
                       Reason:0x8007232B
                       AppId = 0ff1ce15-a989-479d-af46-f275c6370663, SkuId = aa2a7821-1827-4c2c-8f1d-4513a34dda97
                       Trigger=UserLogon(1)

>> ParameterBinding(Trace-SteroidsOutput): name="InputObject"; value="@{Id=8233; Version=0; Qualifiers=16384; Level=3; Task=0; Opcode=0; Keywords=36028797018963968; RecordId=257; ProviderName=Microsoft-Windows-Security-SPP; ProviderId=e23b33b0-c8c9-472c-a5f9-f2bdfea0f156; LogName=Application; ProcessId=0; ThreadId=0; MachineName=mica; UserId=; TimeCreated=04/10/2017 19:53:59; ActivityId=; RelatedActivityId=; ContainerLog=application; MatchedQueryIds=; Bookmark=System.Diagnostics.Eventing.Reader.EventBookmark; LevelDisplayName=Warning; OpcodeDisplayName=; TaskDisplayName=; KeywordsDisplayNames=Classic; Properties=System.Diagnostics.Eventing.Reader.EventProperty System.Diagnostics.Eventing.Reader.EventProperty System.Diagnostics.Eventing.Reader.EventProperty System.Diagnostics.Eventing.Reader.EventProperty; Message=The rules engine reported a failed VL activation attempt.
Reason:0x8007232B
AppId = 0ff1ce15-a989-479d-af46-f275c6370663, SkuId = aa2a7821-1827-4c2c-8f1d-4513a34dda97
Trigger=TimerEvent}"
Id                   : 8233
Version              : 0
Qualifiers           : 16384
Level                : 3
Task                 : 0
Opcode               : 0
Keywords             : 36028797018963968
RecordId             : 257
ProviderName         : Microsoft-Windows-Security-SPP
ProviderId           : e23b33b0-c8c9-472c-a5f9-f2bdfea0f156
LogName              : Application
ProcessId            : 0
ThreadId             : 0
MachineName          : mica
UserId               :
TimeCreated          : 04/10/2017 19:53:59
ActivityId           :
RelatedActivityId    :
ContainerLog         : application
MatchedQueryIds      :
Bookmark             : System.Diagnostics.Eventing.Reader.EventBookmark
LevelDisplayName     : Warning
OpcodeDisplayName    :
TaskDisplayName      :
KeywordsDisplayNames : Classic
Properties           : System.Diagnostics.Eventing.Reader.EventProperty System.Diagnostics.Eventing.Reader.EventProperty System.Diagnostics.Eventing.Reader.EventProperty
                       System.Diagnostics.Eventing.Reader.EventProperty
Message              : The rules engine reported a failed VL activation attempt.
                       Reason:0x8007232B
                       AppId = 0ff1ce15-a989-479d-af46-f275c6370663, SkuId = aa2a7821-1827-4c2c-8f1d-4513a34dda97
                       Trigger=TimerEvent

>> ParameterBinding(Trace-SteroidsOutput): name="InputObject"; value="@{Id=1008; Version=0; Qualifiers=32768; Level=3; Task=1; Opcode=0; Keywords=36028797018963968; RecordId=185; ProviderName=Microsoft-Windows-Search; ProviderId=ca4e628d-8567-4896-ab6b-835b221f373f; LogName=Application; ProcessId=0; ThreadId=0; MachineName=mica; UserId=; TimeCreated=04/10/2017 19:53:20; ActivityId=; RelatedActivityId=; ContainerLog=application; MatchedQueryIds=; Bookmark=System.Diagnostics.Eventing.Reader.EventBookmark; LevelDisplayName=Warning; OpcodeDisplayName=; TaskDisplayName=Search service; KeywordsDisplayNames=Classic; Properties=System.Diagnostics.Eventing.Reader.EventProperty System.Diagnostics.Eventing.Reader.EventProperty; Message=The Windows Search Service is starting up and attempting to remove the old search index {Reason: Index Version Upgrade}. 
}"
Id                   : 1008
Version              : 0
Qualifiers           : 32768
Level                : 3
Task                 : 1
Opcode               : 0
Keywords             : 36028797018963968
RecordId             : 185
ProviderName         : Microsoft-Windows-Search
ProviderId           : ca4e628d-8567-4896-ab6b-835b221f373f
LogName              : Application
ProcessId            : 0
ThreadId             : 0
MachineName          : mica
UserId               :
TimeCreated          : 04/10/2017 19:53:20
ActivityId           :
RelatedActivityId    :
ContainerLog         : application
MatchedQueryIds      :
Bookmark             : System.Diagnostics.Eventing.Reader.EventBookmark
LevelDisplayName     : Warning
OpcodeDisplayName    :
TaskDisplayName      : Search service
KeywordsDisplayNames : Classic
Properties           : System.Diagnostics.Eventing.Reader.EventProperty System.Diagnostics.Eventing.Reader.EventProperty
Message              : The Windows Search Service is starting up and attempting to remove the old search index {Reason: Index Version Upgrade}.


>> ParameterBinding(Trace-SteroidsOutput): name="InputObject"; value="@{Id=63; Version=2; Qualifiers=; Level=3; Task=0; Opcode=0; Keywords=-9223372036854775808; RecordId=164; ProviderName=Microsoft-Windows-WMI; ProviderId=1edeee53-0afe-4609-b846-d8c0b2075b1f; LogName=Application; ProcessId=3404; ThreadId=4256; MachineName=mica; UserId=S-1-5-18; TimeCreated=04/10/2017 19:51:56; ActivityId=111b1dbd-3d4a-0001-761f-1b114a3dd301; RelatedActivityId=; ContainerLog=application; MatchedQueryIds=; Bookmark=System.Diagnostics.Eventing.Reader.EventBookmark; LevelDisplayName=Warning; OpcodeDisplayName=Info; TaskDisplayName=; KeywordsDisplayNames=; Properties=System.Diagnostics.Eventing.Reader.EventProperty System.Diagnostics.Eventing.Reader.EventProperty; Message=A provider, DSCCoreProviders, has been registered in the Windows Management Instrumentation namespace ROOT\Microsoft\Windows\DesiredStateConfiguration to use the LocalSystem account. This account is privileged and the provider may cause a security violation if it does not correctly impersonate user requests.}"
Id                   : 63
Version              : 2
Qualifiers           :
Level                : 3
Task                 : 0
Opcode               : 0
Keywords             : -9223372036854775808
RecordId             : 164
ProviderName         : Microsoft-Windows-WMI
ProviderId           : 1edeee53-0afe-4609-b846-d8c0b2075b1f
LogName              : Application
ProcessId            : 3404
ThreadId             : 4256
MachineName          : mica
UserId               : S-1-5-18
TimeCreated          : 04/10/2017 19:51:56
ActivityId           : 111b1dbd-3d4a-0001-761f-1b114a3dd301
RelatedActivityId    :
ContainerLog         : application
MatchedQueryIds      :
Bookmark             : System.Diagnostics.Eventing.Reader.EventBookmark
LevelDisplayName     : Warning
OpcodeDisplayName    : Info
TaskDisplayName      :
KeywordsDisplayNames :
Properties           : System.Diagnostics.Eventing.Reader.EventProperty System.Diagnostics.Eventing.Reader.EventProperty
Message              : A provider, DSCCoreProviders, has been registered in the Windows Management Instrumentation namespace ROOT\Microsoft\Windows\DesiredStateConfiguration to use the
                       LocalSystem account. This account is privileged and the provider may cause a security violation if it does not correctly impersonate user requests.

>> ParameterBinding(Trace-SteroidsOutput): name="InputObject"; value="@{Id=63; Version=2; Qualifiers=; Level=3; Task=0; Opcode=0; Keywords=-9223372036854775808; RecordId=163; ProviderName=Microsoft-Windows-WMI; ProviderId=1edeee53-0afe-4609-b846-d8c0b2075b1f; LogName=Application; ProcessId=3404; ThreadId=4256; MachineName=mica; UserId=S-1-5-18; TimeCreated=04/10/2017 19:51:56; ActivityId=111b1dbd-3d4a-0000-4920-1b114a3dd301; RelatedActivityId=; ContainerLog=application; MatchedQueryIds=; Bookmark=System.Diagnostics.Eventing.Reader.EventBookmark; LevelDisplayName=Warning; OpcodeDisplayName=Info; TaskDisplayName=; KeywordsDisplayNames=; Properties=System.Diagnostics.Eventing.Reader.EventProperty System.Diagnostics.Eventing.Reader.EventProperty; Message=A provider, EventTracingManagement, has been registered in the Windows Management Instrumentation namespace ROOT\Microsoft\Windows\EventTracingManagement to use the LocalSystem account. This account is privileged and the provider may cause a security violation if it does not correctly impersonate user requests.}"
Id                   : 63
Version              : 2
Qualifiers           :
Level                : 3
Task                 : 0
Opcode               : 0
Keywords             : -9223372036854775808
RecordId             : 163
ProviderName         : Microsoft-Windows-WMI
ProviderId           : 1edeee53-0afe-4609-b846-d8c0b2075b1f
LogName              : Application
ProcessId            : 3404
ThreadId             : 4256
MachineName          : mica
UserId               : S-1-5-18
TimeCreated          : 04/10/2017 19:51:56
ActivityId           : 111b1dbd-3d4a-0000-4920-1b114a3dd301
RelatedActivityId    :
ContainerLog         : application
MatchedQueryIds      :
Bookmark             : System.Diagnostics.Eventing.Reader.EventBookmark
LevelDisplayName     : Warning
OpcodeDisplayName    : Info
TaskDisplayName      :
KeywordsDisplayNames :
Properties           : System.Diagnostics.Eventing.Reader.EventProperty System.Diagnostics.Eventing.Reader.EventProperty
Message              : A provider, EventTracingManagement, has been registered in the Windows Management Instrumentation namespace ROOT\Microsoft\Windows\EventTracingManagement to use the
                       LocalSystem account. This account is privileged and the provider may cause a security violation if it does not correctly impersonate user requests.

>> ParameterBinding(Trace-SteroidsOutput): name="InputObject"; value="@{Id=63; Version=2; Qualifiers=; Level=3; Task=0; Opcode=0; Keywords=-9223372036854775808; RecordId=162; ProviderName=Microsoft-Windows-WMI; ProviderId=1edeee53-0afe-4609-b846-d8c0b2075b1f; LogName=Application; ProcessId=3404; ThreadId=4256; MachineName=mica; UserId=S-1-5-18; TimeCreated=04/10/2017 19:51:56; ActivityId=; RelatedActivityId=; ContainerLog=application; MatchedQueryIds=; Bookmark=System.Diagnostics.Eventing.Reader.EventBookmark; LevelDisplayName=Warning; OpcodeDisplayName=Info; TaskDisplayName=; KeywordsDisplayNames=; Properties=System.Diagnostics.Eventing.Reader.EventProperty System.Diagnostics.Eventing.Reader.EventProperty; Message=A provider, EventTracingManagement, has been registered in the Windows Management Instrumentation namespace ROOT\Microsoft\Windows\EventTracingManagement to use the LocalSystem account. This account is privileged and the provider may cause a security violation if it does not correctly impersonate user requests.}"
Id                   : 63
Version              : 2
Qualifiers           :
Level                : 3
Task                 : 0
Opcode               : 0
Keywords             : -9223372036854775808
RecordId             : 162
ProviderName         : Microsoft-Windows-WMI
ProviderId           : 1edeee53-0afe-4609-b846-d8c0b2075b1f
LogName              : Application
ProcessId            : 3404
ThreadId             : 4256
MachineName          : mica
UserId               : S-1-5-18
TimeCreated          : 04/10/2017 19:51:56
ActivityId           :
RelatedActivityId    :
ContainerLog         : application
MatchedQueryIds      :
Bookmark             : System.Diagnostics.Eventing.Reader.EventBookmark
LevelDisplayName     : Warning
OpcodeDisplayName    : Info
TaskDisplayName      :
KeywordsDisplayNames :
Properties           : System.Diagnostics.Eventing.Reader.EventProperty System.Diagnostics.Eventing.Reader.EventProperty
Message              : A provider, EventTracingManagement, has been registered in the Windows Management Instrumentation namespace ROOT\Microsoft\Windows\EventTracingManagement to use the
                       LocalSystem account. This account is privileged and the provider may cause a security violation if it does not correctly impersonate user requests.

>> ParameterBinding(Trace-SteroidsOutput): name="InputObject"; value="@{Id=63; Version=2; Qualifiers=; Level=3; Task=0; Opcode=0; Keywords=-9223372036854775808; RecordId=161; ProviderName=Microsoft-Windows-WMI; ProviderId=1edeee53-0afe-4609-b846-d8c0b2075b1f; LogName=Application; ProcessId=3404; ThreadId=4256; MachineName=mica; UserId=S-1-5-18; TimeCreated=04/10/2017 19:51:56; ActivityId=111b1dbd-3d4a-0002-7e1f-1b114a3dd301; RelatedActivityId=; ContainerLog=application; MatchedQueryIds=; Bookmark=System.Diagnostics.Eventing.Reader.EventBookmark; LevelDisplayName=Warning; OpcodeDisplayName=Info; TaskDisplayName=; KeywordsDisplayNames=; Properties=System.Diagnostics.Eventing.Reader.EventProperty System.Diagnostics.Eventing.Reader.EventProperty; Message=A provider, EventTracingManagement, has been registered in the Windows Management Instrumentation namespace ROOT\Microsoft\Windows\EventTracingManagement to use the LocalSystem account. This account is privileged and the provider may cause a security violation if it does not correctly impersonate user requests.}"
Id                   : 63
Version              : 2
Qualifiers           :
Level                : 3
Task                 : 0
Opcode               : 0
Keywords             : -9223372036854775808
RecordId             : 161
ProviderName         : Microsoft-Windows-WMI
ProviderId           : 1edeee53-0afe-4609-b846-d8c0b2075b1f
LogName              : Application
ProcessId            : 3404
ThreadId             : 4256
MachineName          : mica
UserId               : S-1-5-18
TimeCreated          : 04/10/2017 19:51:56
ActivityId           : 111b1dbd-3d4a-0002-7e1f-1b114a3dd301
RelatedActivityId    :
ContainerLog         : application
MatchedQueryIds      :
Bookmark             : System.Diagnostics.Eventing.Reader.EventBookmark
LevelDisplayName     : Warning
OpcodeDisplayName    : Info
TaskDisplayName      :
KeywordsDisplayNames :
Properties           : System.Diagnostics.Eventing.Reader.EventProperty System.Diagnostics.Eventing.Reader.EventProperty
Message              : A provider, EventTracingManagement, has been registered in the Windows Management Instrumentation namespace ROOT\Microsoft\Windows\EventTracingManagement to use the
                       LocalSystem account. This account is privileged and the provider may cause a security violation if it does not correctly impersonate user requests.

>> ParameterBinding(Trace-SteroidsOutput): name="InputObject"; value="@{Id=63; Version=2; Qualifiers=; Level=3; Task=0; Opcode=0; Keywords=-9223372036854775808; RecordId=160; ProviderName=Microsoft-Windows-WMI; ProviderId=1edeee53-0afe-4609-b846-d8c0b2075b1f; LogName=Application; ProcessId=3404; ThreadId=4676; MachineName=mica; UserId=S-1-5-18; TimeCreated=04/10/2017 19:51:56; ActivityId=; RelatedActivityId=; ContainerLog=application; MatchedQueryIds=; Bookmark=System.Diagnostics.Eventing.Reader.EventBookmark; LevelDisplayName=Warning; OpcodeDisplayName=Info; TaskDisplayName=; KeywordsDisplayNames=; Properties=System.Diagnostics.Eventing.Reader.EventProperty System.Diagnostics.Eventing.Reader.EventProperty; Message=A provider, WsmAgent, has been registered in the Windows Management Instrumentation namespace ROOT\Microsoft\Windows\winrm to use the LocalSystem account. This account is privileged and the provider may cause a security violation if it does not correctly impersonate user requests.}"
Id                   : 63
Version              : 2
Qualifiers           :
Level                : 3
Task                 : 0
Opcode               : 0
Keywords             : -9223372036854775808
RecordId             : 160
ProviderName         : Microsoft-Windows-WMI
ProviderId           : 1edeee53-0afe-4609-b846-d8c0b2075b1f
LogName              : Application
ProcessId            : 3404
ThreadId             : 4676
MachineName          : mica
UserId               : S-1-5-18
TimeCreated          : 04/10/2017 19:51:56
ActivityId           :
RelatedActivityId    :
ContainerLog         : application
MatchedQueryIds      :
Bookmark             : System.Diagnostics.Eventing.Reader.EventBookmark
LevelDisplayName     : Warning
OpcodeDisplayName    : Info
TaskDisplayName      :
KeywordsDisplayNames :
Properties           : System.Diagnostics.Eventing.Reader.EventProperty System.Diagnostics.Eventing.Reader.EventProperty
Message              : A provider, WsmAgent, has been registered in the Windows Management Instrumentation namespace ROOT\Microsoft\Windows\winrm to use the LocalSystem account. This
                       account is privileged and the provider may cause a security violation if it does not correctly impersonate user requests.

>> ParameterBinding(Trace-SteroidsOutput): name="InputObject"; value="@{Id=63; Version=2; Qualifiers=; Level=3; Task=0; Opcode=0; Keywords=-9223372036854775808; RecordId=159; ProviderName=Microsoft-Windows-WMI; ProviderId=1edeee53-0afe-4609-b846-d8c0b2075b1f; LogName=Application; ProcessId=3404; ThreadId=4676; MachineName=mica; UserId=S-1-5-18; TimeCreated=04/10/2017 19:51:56; ActivityId=111b1dbd-3d4a-0002-771f-1b114a3dd301; RelatedActivityId=; ContainerLog=application; MatchedQueryIds=; Bookmark=System.Diagnostics.Eventing.Reader.EventBookmark; LevelDisplayName=Warning; OpcodeDisplayName=Info; TaskDisplayName=; KeywordsDisplayNames=; Properties=System.Diagnostics.Eventing.Reader.EventProperty System.Diagnostics.Eventing.Reader.EventProperty; Message=A provider, WsmAgent, has been registered in the Windows Management Instrumentation namespace ROOT\Microsoft\Windows\winrm to use the LocalSystem account. This account is privileged and the provider may cause a security violation if it does not correctly impersonate user requests.}"
Id                   : 63
Version              : 2
Qualifiers           :
Level                : 3
Task                 : 0
Opcode               : 0
Keywords             : -9223372036854775808
RecordId             : 159
ProviderName         : Microsoft-Windows-WMI
ProviderId           : 1edeee53-0afe-4609-b846-d8c0b2075b1f
LogName              : Application
ProcessId            : 3404
ThreadId             : 4676
MachineName          : mica
UserId               : S-1-5-18
TimeCreated          : 04/10/2017 19:51:56
ActivityId           : 111b1dbd-3d4a-0002-771f-1b114a3dd301
RelatedActivityId    :
ContainerLog         : application
MatchedQueryIds      :
Bookmark             : System.Diagnostics.Eventing.Reader.EventBookmark
LevelDisplayName     : Warning
OpcodeDisplayName    : Info
TaskDisplayName      :
KeywordsDisplayNames :
Properties           : System.Diagnostics.Eventing.Reader.EventProperty System.Diagnostics.Eventing.Reader.EventProperty
Message              : A provider, WsmAgent, has been registered in the Windows Management Instrumentation namespace ROOT\Microsoft\Windows\winrm to use the LocalSystem account. This
                       account is privileged and the provider may cause a security violation if it does not correctly impersonate user requests.

>> ParameterBinding(Trace-SteroidsOutput): name="InputObject"; value="@{Id=24; Version=2; Qualifiers=; Level=2; Task=0; Opcode=0; Keywords=-9223372036854775808; RecordId=158; ProviderName=Microsoft-Windows-WMI; ProviderId=1edeee53-0afe-4609-b846-d8c0b2075b1f; LogName=Application; ProcessId=3404; ThreadId=4676; MachineName=mica; UserId=S-1-5-18; TimeCreated=04/10/2017 19:51:56; ActivityId=; RelatedActivityId=; ContainerLog=application; MatchedQueryIds=; Bookmark=System.Diagnostics.Eventing.Reader.EventBookmark; LevelDisplayName=Error; OpcodeDisplayName=Info; TaskDisplayName=; KeywordsDisplayNames=; Properties=System.Diagnostics.Eventing.Reader.EventProperty System.Diagnostics.Eventing.Reader.EventProperty System.Diagnostics.Eventing.Reader.EventProperty System.Diagnostics.Eventing.Reader.EventProperty; Message=Event provider wvrcimprov attempted to register query "select * from MSFT_WvrHealthChangeEvent" whose target class "MSFT_WvrHealthChangeEvent" in //./ROOT/Microsoft/Windows/StorageReplica namespace does not exist. The query will be ignored.}"
Id                   : 24
Version              : 2
Qualifiers           :
Level                : 2
Task                 : 0
Opcode               : 0
Keywords             : -9223372036854775808
RecordId             : 158
ProviderName         : Microsoft-Windows-WMI
ProviderId           : 1edeee53-0afe-4609-b846-d8c0b2075b1f
LogName              : Application
ProcessId            : 3404
ThreadId             : 4676
MachineName          : mica
UserId               : S-1-5-18
TimeCreated          : 04/10/2017 19:51:56
ActivityId           :
RelatedActivityId    :
ContainerLog         : application
MatchedQueryIds      :
Bookmark             : System.Diagnostics.Eventing.Reader.EventBookmark
LevelDisplayName     : Error
OpcodeDisplayName    : Info
TaskDisplayName      :
KeywordsDisplayNames :
Properties           : System.Diagnostics.Eventing.Reader.EventProperty System.Diagnostics.Eventing.Reader.EventProperty System.Diagnostics.Eventing.Reader.EventProperty
                       System.Diagnostics.Eventing.Reader.EventProperty
Message              : Event provider wvrcimprov attempted to register query "select * from MSFT_WvrHealthChangeEvent" whose target class "MSFT_WvrHealthChangeEvent" in
                       //./ROOT/Microsoft/Windows/StorageReplica namespace does not exist. The query will be ignored.

>> ParameterBinding(Trace-SteroidsOutput): name="InputObject"; value="@{Id=24; Version=2; Qualifiers=; Level=2; Task=0; Opcode=0; Keywords=-9223372036854775808; RecordId=157; ProviderName=Microsoft-Windows-WMI; ProviderId=1edeee53-0afe-4609-b846-d8c0b2075b1f; LogName=Application; ProcessId=3404; ThreadId=4676; MachineName=mica; UserId=S-1-5-18; TimeCreated=04/10/2017 19:51:56; ActivityId=; RelatedActivityId=; ContainerLog=application; MatchedQueryIds=; Bookmark=System.Diagnostics.Eventing.Reader.EventBookmark; LevelDisplayName=Error; OpcodeDisplayName=Info; TaskDisplayName=; KeywordsDisplayNames=; Properties=System.Diagnostics.Eventing.Reader.EventProperty System.Diagnostics.Eventing.Reader.EventProperty System.Diagnostics.Eventing.Reader.EventProperty System.Diagnostics.Eventing.Reader.EventProperty; Message=Event provider  attempted to register query "select * from MSFT_WvrHealthChangeEvent" whose target class "MSFT_WvrHealthChangeEvent" in //./ROOT/Microsoft/Windows/StorageReplica namespace does not exist. The query will be ignored.}"
Id                   : 24
Version              : 2
Qualifiers           :
Level                : 2
Task                 : 0
Opcode               : 0
Keywords             : -9223372036854775808
RecordId             : 157
ProviderName         : Microsoft-Windows-WMI
ProviderId           : 1edeee53-0afe-4609-b846-d8c0b2075b1f
LogName              : Application
ProcessId            : 3404
ThreadId             : 4676
MachineName          : mica
UserId               : S-1-5-18
TimeCreated          : 04/10/2017 19:51:56
ActivityId           :
RelatedActivityId    :
ContainerLog         : application
MatchedQueryIds      :
Bookmark             : System.Diagnostics.Eventing.Reader.EventBookmark
LevelDisplayName     : Error
OpcodeDisplayName    : Info
TaskDisplayName      :
KeywordsDisplayNames :
Properties           : System.Diagnostics.Eventing.Reader.EventProperty System.Diagnostics.Eventing.Reader.EventProperty System.Diagnostics.Eventing.Reader.EventProperty
                       System.Diagnostics.Eventing.Reader.EventProperty
Message              : Event provider  attempted to register query "select * from MSFT_WvrHealthChangeEvent" whose target class "MSFT_WvrHealthChangeEvent" in
                       //./ROOT/Microsoft/Windows/StorageReplica namespace does not exist. The query will be ignored.

>> ParameterBinding(Trace-SteroidsOutput): name="InputObject"; value="@{Id=63; Version=2; Qualifiers=; Level=3; Task=0; Opcode=0; Keywords=-9223372036854775808; RecordId=156; ProviderName=Microsoft-Windows-WMI; ProviderId=1edeee53-0afe-4609-b846-d8c0b2075b1f; LogName=Application; ProcessId=3404; ThreadId=4676; MachineName=mica; UserId=S-1-5-18; TimeCreated=04/10/2017 19:51:56; ActivityId=111b1dbd-3d4a-0002-751f-1b114a3dd301; RelatedActivityId=; ContainerLog=application; MatchedQueryIds=; Bookmark=System.Diagnostics.Eventing.Reader.EventBookmark; LevelDisplayName=Warning; OpcodeDisplayName=Info; TaskDisplayName=; KeywordsDisplayNames=; Properties=System.Diagnostics.Eventing.Reader.EventProperty System.Diagnostics.Eventing.Reader.EventProperty; Message=A provider, HgsClientWmi, has been registered in the Windows Management Instrumentation namespace ROOT\Microsoft\Windows\Hgs to use the LocalSystem account. This account is privileged and the provider may cause a security violation if it does not correctly impersonate user requests.}"
Id                   : 63
Version              : 2
Qualifiers           :
Level                : 3
Task                 : 0
Opcode               : 0
Keywords             : -9223372036854775808
RecordId             : 156
ProviderName         : Microsoft-Windows-WMI
ProviderId           : 1edeee53-0afe-4609-b846-d8c0b2075b1f
LogName              : Application
ProcessId            : 3404
ThreadId             : 4676
MachineName          : mica
UserId               : S-1-5-18
TimeCreated          : 04/10/2017 19:51:56
ActivityId           : 111b1dbd-3d4a-0002-751f-1b114a3dd301
RelatedActivityId    :
ContainerLog         : application
MatchedQueryIds      :
Bookmark             : System.Diagnostics.Eventing.Reader.EventBookmark
LevelDisplayName     : Warning
OpcodeDisplayName    : Info
TaskDisplayName      :
KeywordsDisplayNames :
Properties           : System.Diagnostics.Eventing.Reader.EventProperty System.Diagnostics.Eventing.Reader.EventProperty
Message              : A provider, HgsClientWmi, has been registered in the Windows Management Instrumentation namespace ROOT\Microsoft\Windows\Hgs to use the LocalSystem account. This
                       account is privileged and the provider may cause a security violation if it does not correctly impersonate user requests.

>> ParameterBinding(Trace-SteroidsOutput): name="InputObject"; value="@{Id=63; Version=2; Qualifiers=; Level=3; Task=0; Opcode=0; Keywords=-9223372036854775808; RecordId=155; ProviderName=Microsoft-Windows-WMI; ProviderId=1edeee53-0afe-4609-b846-d8c0b2075b1f; LogName=Application; ProcessId=3404; ThreadId=4676; MachineName=mica; UserId=S-1-5-18; TimeCreated=04/10/2017 19:51:56; ActivityId=; RelatedActivityId=; ContainerLog=application; MatchedQueryIds=; Bookmark=System.Diagnostics.Eventing.Reader.EventBookmark; LevelDisplayName=Warning; OpcodeDisplayName=Info; TaskDisplayName=; KeywordsDisplayNames=; Properties=System.Diagnostics.Eventing.Reader.EventProperty System.Diagnostics.Eventing.Reader.EventProperty; Message=A provider, HgsClientWmi, has been registered in the Windows Management Instrumentation namespace ROOT\Microsoft\Windows\Hgs to use the LocalSystem account. This account is privileged and the provider may cause a security violation if it does not correctly impersonate user requests.}"
Id                   : 63
Version              : 2
Qualifiers           :
Level                : 3
Task                 : 0
Opcode               : 0
Keywords             : -9223372036854775808
RecordId             : 155
ProviderName         : Microsoft-Windows-WMI
ProviderId           : 1edeee53-0afe-4609-b846-d8c0b2075b1f
LogName              : Application
ProcessId            : 3404
ThreadId             : 4676
MachineName          : mica
UserId               : S-1-5-18
TimeCreated          : 04/10/2017 19:51:56
ActivityId           :
RelatedActivityId    :
ContainerLog         : application
MatchedQueryIds      :
Bookmark             : System.Diagnostics.Eventing.Reader.EventBookmark
LevelDisplayName     : Warning
OpcodeDisplayName    : Info
TaskDisplayName      :
KeywordsDisplayNames :
Properties           : System.Diagnostics.Eventing.Reader.EventProperty System.Diagnostics.Eventing.Reader.EventProperty
Message              : A provider, HgsClientWmi, has been registered in the Windows Management Instrumentation namespace ROOT\Microsoft\Windows\Hgs to use the LocalSystem account. This
                       account is privileged and the provider may cause a security violation if it does not correctly impersonate user requests.

>> ParameterBinding(Trace-SteroidsOutput): name="InputObject"; value="@{Id=63; Version=2; Qualifiers=; Level=3; Task=0; Opcode=0; Keywords=-9223372036854775808; RecordId=154; ProviderName=Microsoft-Windows-WMI; ProviderId=1edeee53-0afe-4609-b846-d8c0b2075b1f; LogName=Application; ProcessId=3404; ThreadId=4676; MachineName=mica; UserId=S-1-5-18; TimeCreated=04/10/2017 19:51:56; ActivityId=111b1dbd-3d4a-0001-631f-1b114a3dd301; RelatedActivityId=; ContainerLog=application; MatchedQueryIds=; Bookmark=System.Diagnostics.Eventing.Reader.EventBookmark; LevelDisplayName=Warning; OpcodeDisplayName=Info; TaskDisplayName=; KeywordsDisplayNames=; Properties=System.Diagnostics.Eventing.Reader.EventProperty System.Diagnostics.Eventing.Reader.EventProperty; Message=A provider, HgsClientWmi, has been registered in the Windows Management Instrumentation namespace ROOT\Microsoft\Windows\Hgs to use the LocalSystem account. This account is privileged and the provider may cause a security violation if it does not correctly impersonate user requests.}"
Id                   : 63
Version              : 2
Qualifiers           :
Level                : 3
Task                 : 0
Opcode               : 0
Keywords             : -9223372036854775808
RecordId             : 154
ProviderName         : Microsoft-Windows-WMI
ProviderId           : 1edeee53-0afe-4609-b846-d8c0b2075b1f
LogName              : Application
ProcessId            : 3404
ThreadId             : 4676
MachineName          : mica
UserId               : S-1-5-18
TimeCreated          : 04/10/2017 19:51:56
ActivityId           : 111b1dbd-3d4a-0001-631f-1b114a3dd301
RelatedActivityId    :
ContainerLog         : application
MatchedQueryIds      :
Bookmark             : System.Diagnostics.Eventing.Reader.EventBookmark
LevelDisplayName     : Warning
OpcodeDisplayName    : Info
TaskDisplayName      :
KeywordsDisplayNames :
Properties           : System.Diagnostics.Eventing.Reader.EventProperty System.Diagnostics.Eventing.Reader.EventProperty
Message              : A provider, HgsClientWmi, has been registered in the Windows Management Instrumentation namespace ROOT\Microsoft\Windows\Hgs to use the LocalSystem account. This
                       account is privileged and the provider may cause a security violation if it does not correctly impersonate user requests.

>> ParameterBinding(Trace-SteroidsOutput): name="InputObject"; value="@{Id=24; Version=2; Qualifiers=; Level=2; Task=0; Opcode=0; Keywords=-9223372036854775808; RecordId=153; ProviderName=Microsoft-Windows-WMI; ProviderId=1edeee53-0afe-4609-b846-d8c0b2075b1f; LogName=Application; ProcessId=3404; ThreadId=4256; MachineName=mica; UserId=S-1-5-18; TimeCreated=04/10/2017 19:51:56; ActivityId=111b1dbd-3d4a-0001-611f-1b114a3dd301; RelatedActivityId=; ContainerLog=application; MatchedQueryIds=; Bookmark=System.Diagnostics.Eventing.Reader.EventBookmark; LevelDisplayName=Error; OpcodeDisplayName=Info; TaskDisplayName=; KeywordsDisplayNames=; Properties=System.Diagnostics.Eventing.Reader.EventProperty System.Diagnostics.Eventing.Reader.EventProperty System.Diagnostics.Eventing.Reader.EventProperty System.Diagnostics.Eventing.Reader.EventProperty; Message=Event provider RAMgmtPSProvider attempted to register query "select * from RemoteAccessError" whose target class "RemoteAccessError" in //./root/Microsoft/Windows/RemoteAccess namespace does not exist. The query will be ignored.}"
Id                   : 24
Version              : 2
Qualifiers           :
Level                : 2
Task                 : 0
Opcode               : 0
Keywords             : -9223372036854775808
RecordId             : 153
ProviderName         : Microsoft-Windows-WMI
ProviderId           : 1edeee53-0afe-4609-b846-d8c0b2075b1f
LogName              : Application
ProcessId            : 3404
ThreadId             : 4256
MachineName          : mica
UserId               : S-1-5-18
TimeCreated          : 04/10/2017 19:51:56
ActivityId           : 111b1dbd-3d4a-0001-611f-1b114a3dd301
RelatedActivityId    :
ContainerLog         : application
MatchedQueryIds      :
Bookmark             : System.Diagnostics.Eventing.Reader.EventBookmark
LevelDisplayName     : Error
OpcodeDisplayName    : Info
TaskDisplayName      :
KeywordsDisplayNames :
Properties           : System.Diagnostics.Eventing.Reader.EventProperty System.Diagnostics.Eventing.Reader.EventProperty System.Diagnostics.Eventing.Reader.EventProperty
                       System.Diagnostics.Eventing.Reader.EventProperty
Message              : Event provider RAMgmtPSProvider attempted to register query "select * from RemoteAccessError" whose target class "RemoteAccessError" in
                       //./root/Microsoft/Windows/RemoteAccess namespace does not exist. The query will be ignored.

