>> ParameterBinding(Trace-SteroidsOutput): name="InputObject"; value="@{Id=8233; Version=0; Qualifiers=16384; Level=3; Task=0; Opcode=0; Keywords=36028797018963968; RecordId=566; ProviderName=Microsoft-Windows-Security-SPP; ProviderId=e23b33b0-c8c9-472c-a5f9-f2bdfea0f156; LogName=Application; ProcessId=0; ThreadId=0; MachineName=mica; UserId=; TimeCreated=06/10/2017 14:21:54; ActivityId=; RelatedActivityId=; ContainerLog=application; MatchedQueryIds=; Bookmark=System.Diagnostics.Eventing.Reader.EventBookmark; LevelDisplayName=Warning; OpcodeDisplayName=; TaskDisplayName=; KeywordsDisplayNames=Classic; Properties=System.Diagnostics.Eventing.Reader.EventProperty System.Diagnostics.Eventing.Reader.EventProperty System.Diagnostics.Eventing.Reader.EventProperty System.Diagnostics.Eventing.Reader.EventProperty; Message=The rules engine reported a failed VL activation attempt.
Reason:0x8007232B
AppId = 0ff1ce15-a989-479d-af46-f275c6370663, SkuId = aa2a7821-1827-4c2c-8f1d-4513a34dda97
Trigger=NetworkAvailable}"
Id                   : 8233
Version              : 0
Qualifiers           : 16384
Level                : 3
Task                 : 0
Opcode               : 0
Keywords             : 36028797018963968
RecordId             : 566
ProviderName         : Microsoft-Windows-Security-SPP
ProviderId           : e23b33b0-c8c9-472c-a5f9-f2bdfea0f156
LogName              : Application
ProcessId            : 0
ThreadId             : 0
MachineName          : mica
UserId               :
TimeCreated          : 06/10/2017 14:21:54
ActivityId           :
RelatedActivityId    :
ContainerLog         : application
MatchedQueryIds      :
Bookmark             : System.Diagnostics.Eventing.Reader.EventBookmark
LevelDisplayName     : Warning
OpcodeDisplayName    :
TaskDisplayName      :
KeywordsDisplayNames : Classic
Properties           : System.Diagnostics.Eventing.Reader.EventProperty System.Diagnostics.Eventing.Reader.EventProperty System.Diagnostics.Eventing.Reader.EventProperty
                       System.Diagnostics.Eventing.Reader.EventProperty
Message              : The rules engine reported a failed VL activation attempt.
                       Reason:0x8007232B
                       AppId = 0ff1ce15-a989-479d-af46-f275c6370663, SkuId = aa2a7821-1827-4c2c-8f1d-4513a34dda97
                       Trigger=NetworkAvailable

>> ParameterBinding(Trace-SteroidsOutput): name="InputObject"; value="@{Id=8233; Version=0; Qualifiers=16384; Level=3; Task=0; Opcode=0; Keywords=36028797018963968; RecordId=558; ProviderName=Microsoft-Windows-Security-SPP; ProviderId=e23b33b0-c8c9-472c-a5f9-f2bdfea0f156; LogName=Application; ProcessId=0; ThreadId=0; MachineName=mica; UserId=; TimeCreated=06/10/2017 11:27:36; ActivityId=; RelatedActivityId=; ContainerLog=application; MatchedQueryIds=; Bookmark=System.Diagnostics.Eventing.Reader.EventBookmark; LevelDisplayName=Warning; OpcodeDisplayName=; TaskDisplayName=; KeywordsDisplayNames=Classic; Properties=System.Diagnostics.Eventing.Reader.EventProperty System.Diagnostics.Eventing.Reader.EventProperty System.Diagnostics.Eventing.Reader.EventProperty System.Diagnostics.Eventing.Reader.EventProperty; Message=The rules engine reported a failed VL activation attempt.
Reason:0x8007232B
AppId = 0ff1ce15-a989-479d-af46-f275c6370663, SkuId = aa2a7821-1827-4c2c-8f1d-4513a34dda97
Trigger=TimerEvent}"
Id                   : 8233
Version              : 0
Qualifiers           : 16384
Level                : 3
Task                 : 0
Opcode               : 0
Keywords             : 36028797018963968
RecordId             : 558
ProviderName         : Microsoft-Windows-Security-SPP
ProviderId           : e23b33b0-c8c9-472c-a5f9-f2bdfea0f156
LogName              : Application
ProcessId            : 0
ThreadId             : 0
MachineName          : mica
UserId               :
TimeCreated          : 06/10/2017 11:27:36
ActivityId           :
RelatedActivityId    :
ContainerLog         : application
MatchedQueryIds      :
Bookmark             : System.Diagnostics.Eventing.Reader.EventBookmark
LevelDisplayName     : Warning
OpcodeDisplayName    :
TaskDisplayName      :
KeywordsDisplayNames : Classic
Properties           : System.Diagnostics.Eventing.Reader.EventProperty System.Diagnostics.Eventing.Reader.EventProperty System.Diagnostics.Eventing.Reader.EventProperty
                       System.Diagnostics.Eventing.Reader.EventProperty
Message              : The rules engine reported a failed VL activation attempt.
                       Reason:0x8007232B
                       AppId = 0ff1ce15-a989-479d-af46-f275c6370663, SkuId = aa2a7821-1827-4c2c-8f1d-4513a34dda97
                       Trigger=TimerEvent

>> ParameterBinding(Trace-SteroidsOutput): name="InputObject"; value="@{Id=8233; Version=0; Qualifiers=16384; Level=3; Task=0; Opcode=0; Keywords=36028797018963968; RecordId=550; ProviderName=Microsoft-Windows-Security-SPP; ProviderId=e23b33b0-c8c9-472c-a5f9-f2bdfea0f156; LogName=Application; ProcessId=0; ThreadId=0; MachineName=mica; UserId=; TimeCreated=06/10/2017 09:27:36; ActivityId=; RelatedActivityId=; ContainerLog=application; MatchedQueryIds=; Bookmark=System.Diagnostics.Eventing.Reader.EventBookmark; LevelDisplayName=Warning; OpcodeDisplayName=; TaskDisplayName=; KeywordsDisplayNames=Classic; Properties=System.Diagnostics.Eventing.Reader.EventProperty System.Diagnostics.Eventing.Reader.EventProperty System.Diagnostics.Eventing.Reader.EventProperty System.Diagnostics.Eventing.Reader.EventProperty; Message=The rules engine reported a failed VL activation attempt.
Reason:0x8007232B
AppId = 0ff1ce15-a989-479d-af46-f275c6370663, SkuId = aa2a7821-1827-4c2c-8f1d-4513a34dda97
Trigger=TimerEvent}"
Id                   : 8233
Version              : 0
Qualifiers           : 16384
Level                : 3
Task                 : 0
Opcode               : 0
Keywords             : 36028797018963968
RecordId             : 550
ProviderName         : Microsoft-Windows-Security-SPP
ProviderId           : e23b33b0-c8c9-472c-a5f9-f2bdfea0f156
LogName              : Application
ProcessId            : 0
ThreadId             : 0
MachineName          : mica
UserId               :
TimeCreated          : 06/10/2017 09:27:36
ActivityId           :
RelatedActivityId    :
ContainerLog         : application
MatchedQueryIds      :
Bookmark             : System.Diagnostics.Eventing.Reader.EventBookmark
LevelDisplayName     : Warning
OpcodeDisplayName    :
TaskDisplayName      :
KeywordsDisplayNames : Classic
Properties           : System.Diagnostics.Eventing.Reader.EventProperty System.Diagnostics.Eventing.Reader.EventProperty System.Diagnostics.Eventing.Reader.EventProperty
                       System.Diagnostics.Eventing.Reader.EventProperty
Message              : The rules engine reported a failed VL activation attempt.
                       Reason:0x8007232B
                       AppId = 0ff1ce15-a989-479d-af46-f275c6370663, SkuId = aa2a7821-1827-4c2c-8f1d-4513a34dda97
                       Trigger=TimerEvent

>> ParameterBinding(Trace-SteroidsOutput): name="InputObject"; value="@{Id=8233; Version=0; Qualifiers=16384; Level=3; Task=0; Opcode=0; Keywords=36028797018963968; RecordId=541; ProviderName=Microsoft-Windows-Security-SPP; ProviderId=e23b33b0-c8c9-472c-a5f9-f2bdfea0f156; LogName=Application; ProcessId=0; ThreadId=0; MachineName=mica; UserId=; TimeCreated=06/10/2017 07:27:36; ActivityId=; RelatedActivityId=; ContainerLog=application; MatchedQueryIds=; Bookmark=System.Diagnostics.Eventing.Reader.EventBookmark; LevelDisplayName=Warning; OpcodeDisplayName=; TaskDisplayName=; KeywordsDisplayNames=Classic; Properties=System.Diagnostics.Eventing.Reader.EventProperty System.Diagnostics.Eventing.Reader.EventProperty System.Diagnostics.Eventing.Reader.EventProperty System.Diagnostics.Eventing.Reader.EventProperty; Message=The rules engine reported a failed VL activation attempt.
Reason:0x8007232B
AppId = 0ff1ce15-a989-479d-af46-f275c6370663, SkuId = aa2a7821-1827-4c2c-8f1d-4513a34dda97
Trigger=NetworkQuarantineRetry}"
Id                   : 8233
Version              : 0
Qualifiers           : 16384
Level                : 3
Task                 : 0
Opcode               : 0
Keywords             : 36028797018963968
RecordId             : 541
ProviderName         : Microsoft-Windows-Security-SPP
ProviderId           : e23b33b0-c8c9-472c-a5f9-f2bdfea0f156
LogName              : Application
ProcessId            : 0
ThreadId             : 0
MachineName          : mica
UserId               :
TimeCreated          : 06/10/2017 07:27:36
ActivityId           :
RelatedActivityId    :
ContainerLog         : application
MatchedQueryIds      :
Bookmark             : System.Diagnostics.Eventing.Reader.EventBookmark
LevelDisplayName     : Warning
OpcodeDisplayName    :
TaskDisplayName      :
KeywordsDisplayNames : Classic
Properties           : System.Diagnostics.Eventing.Reader.EventProperty System.Diagnostics.Eventing.Reader.EventProperty System.Diagnostics.Eventing.Reader.EventProperty
                       System.Diagnostics.Eventing.Reader.EventProperty
Message              : The rules engine reported a failed VL activation attempt.
                       Reason:0x8007232B
                       AppId = 0ff1ce15-a989-479d-af46-f275c6370663, SkuId = aa2a7821-1827-4c2c-8f1d-4513a34dda97
                       Trigger=NetworkQuarantineRetry

>> ParameterBinding(Trace-SteroidsOutput): name="InputObject"; value="@{Id=8233; Version=0; Qualifiers=16384; Level=3; Task=0; Opcode=0; Keywords=36028797018963968; RecordId=540; ProviderName=Microsoft-Windows-Security-SPP; ProviderId=e23b33b0-c8c9-472c-a5f9-f2bdfea0f156; LogName=Application; ProcessId=0; ThreadId=0; MachineName=mica; UserId=; TimeCreated=06/10/2017 07:22:36; ActivityId=; RelatedActivityId=; ContainerLog=application; MatchedQueryIds=; Bookmark=System.Diagnostics.Eventing.Reader.EventBookmark; LevelDisplayName=Warning; OpcodeDisplayName=; TaskDisplayName=; KeywordsDisplayNames=Classic; Properties=System.Diagnostics.Eventing.Reader.EventProperty System.Diagnostics.Eventing.Reader.EventProperty System.Diagnostics.Eventing.Reader.EventProperty System.Diagnostics.Eventing.Reader.EventProperty; Message=The rules engine reported a failed VL activation attempt.
Reason:0x8007232B
AppId = 0ff1ce15-a989-479d-af46-f275c6370663, SkuId = aa2a7821-1827-4c2c-8f1d-4513a34dda97
Trigger=NetworkAvailable}"
Id                   : 8233
Version              : 0
Qualifiers           : 16384
Level                : 3
Task                 : 0
Opcode               : 0
Keywords             : 36028797018963968
RecordId             : 540
ProviderName         : Microsoft-Windows-Security-SPP
ProviderId           : e23b33b0-c8c9-472c-a5f9-f2bdfea0f156
LogName              : Application
ProcessId            : 0
ThreadId             : 0
MachineName          : mica
UserId               :
TimeCreated          : 06/10/2017 07:22:36
ActivityId           :
RelatedActivityId    :
ContainerLog         : application
MatchedQueryIds      :
Bookmark             : System.Diagnostics.Eventing.Reader.EventBookmark
LevelDisplayName     : Warning
OpcodeDisplayName    :
TaskDisplayName      :
KeywordsDisplayNames : Classic
Properties           : System.Diagnostics.Eventing.Reader.EventProperty System.Diagnostics.Eventing.Reader.EventProperty System.Diagnostics.Eventing.Reader.EventProperty
                       System.Diagnostics.Eventing.Reader.EventProperty
Message              : The rules engine reported a failed VL activation attempt.
                       Reason:0x8007232B
                       AppId = 0ff1ce15-a989-479d-af46-f275c6370663, SkuId = aa2a7821-1827-4c2c-8f1d-4513a34dda97
                       Trigger=NetworkAvailable

>> ParameterBinding(Trace-SteroidsOutput): name="InputObject"; value="@{Id=8233; Version=0; Qualifiers=16384; Level=3; Task=0; Opcode=0; Keywords=36028797018963968; RecordId=526; ProviderName=Microsoft-Windows-Security-SPP; ProviderId=e23b33b0-c8c9-472c-a5f9-f2bdfea0f156; LogName=Application; ProcessId=0; ThreadId=0; MachineName=mica; UserId=; TimeCreated=06/10/2017 07:07:36; ActivityId=; RelatedActivityId=; ContainerLog=application; MatchedQueryIds=; Bookmark=System.Diagnostics.Eventing.Reader.EventBookmark; LevelDisplayName=Warning; OpcodeDisplayName=; TaskDisplayName=; KeywordsDisplayNames=Classic; Properties=System.Diagnostics.Eventing.Reader.EventProperty System.Diagnostics.Eventing.Reader.EventProperty System.Diagnostics.Eventing.Reader.EventProperty System.Diagnostics.Eventing.Reader.EventProperty; Message=The rules engine reported a failed VL activation attempt.
Reason:0x8007232B
AppId = 0ff1ce15-a989-479d-af46-f275c6370663, SkuId = aa2a7821-1827-4c2c-8f1d-4513a34dda97
Trigger=NetworkQuarantineRetry}"
Id                   : 8233
Version              : 0
Qualifiers           : 16384
Level                : 3
Task                 : 0
Opcode               : 0
Keywords             : 36028797018963968
RecordId             : 526
ProviderName         : Microsoft-Windows-Security-SPP
ProviderId           : e23b33b0-c8c9-472c-a5f9-f2bdfea0f156
LogName              : Application
ProcessId            : 0
ThreadId             : 0
MachineName          : mica
UserId               :
TimeCreated          : 06/10/2017 07:07:36
ActivityId           :
RelatedActivityId    :
ContainerLog         : application
MatchedQueryIds      :
Bookmark             : System.Diagnostics.Eventing.Reader.EventBookmark
LevelDisplayName     : Warning
OpcodeDisplayName    :
TaskDisplayName      :
KeywordsDisplayNames : Classic
Properties           : System.Diagnostics.Eventing.Reader.EventProperty System.Diagnostics.Eventing.Reader.EventProperty System.Diagnostics.Eventing.Reader.EventProperty
                       System.Diagnostics.Eventing.Reader.EventProperty
Message              : The rules engine reported a failed VL activation attempt.
                       Reason:0x8007232B
                       AppId = 0ff1ce15-a989-479d-af46-f275c6370663, SkuId = aa2a7821-1827-4c2c-8f1d-4513a34dda97
                       Trigger=NetworkQuarantineRetry

>> ParameterBinding(Trace-SteroidsOutput): name="InputObject"; value="@{Id=8233; Version=0; Qualifiers=16384; Level=3; Task=0; Opcode=0; Keywords=36028797018963968; RecordId=523; ProviderName=Microsoft-Windows-Security-SPP; ProviderId=e23b33b0-c8c9-472c-a5f9-f2bdfea0f156; LogName=Application; ProcessId=0; ThreadId=0; MachineName=mica; UserId=; TimeCreated=06/10/2017 07:02:36; ActivityId=; RelatedActivityId=; ContainerLog=application; MatchedQueryIds=; Bookmark=System.Diagnostics.Eventing.Reader.EventBookmark; LevelDisplayName=Warning; OpcodeDisplayName=; TaskDisplayName=; KeywordsDisplayNames=Classic; Properties=System.Diagnostics.Eventing.Reader.EventProperty System.Diagnostics.Eventing.Reader.EventProperty System.Diagnostics.Eventing.Reader.EventProperty System.Diagnostics.Eventing.Reader.EventProperty; Message=The rules engine reported a failed VL activation attempt.
Reason:0x8007232B
AppId = 0ff1ce15-a989-479d-af46-f275c6370663, SkuId = aa2a7821-1827-4c2c-8f1d-4513a34dda97
Trigger=NetworkAvailable}"
Id                   : 8233
Version              : 0
Qualifiers           : 16384
Level                : 3
Task                 : 0
Opcode               : 0
Keywords             : 36028797018963968
RecordId             : 523
ProviderName         : Microsoft-Windows-Security-SPP
ProviderId           : e23b33b0-c8c9-472c-a5f9-f2bdfea0f156
LogName              : Application
ProcessId            : 0
ThreadId             : 0
MachineName          : mica
UserId               :
TimeCreated          : 06/10/2017 07:02:36
ActivityId           :
RelatedActivityId    :
ContainerLog         : application
MatchedQueryIds      :
Bookmark             : System.Diagnostics.Eventing.Reader.EventBookmark
LevelDisplayName     : Warning
OpcodeDisplayName    :
TaskDisplayName      :
KeywordsDisplayNames : Classic
Properties           : System.Diagnostics.Eventing.Reader.EventProperty System.Diagnostics.Eventing.Reader.EventProperty System.Diagnostics.Eventing.Reader.EventProperty
                       System.Diagnostics.Eventing.Reader.EventProperty
Message              : The rules engine reported a failed VL activation attempt.
                       Reason:0x8007232B
                       AppId = 0ff1ce15-a989-479d-af46-f275c6370663, SkuId = aa2a7821-1827-4c2c-8f1d-4513a34dda97
                       Trigger=NetworkAvailable

>> ParameterBinding(Trace-SteroidsOutput): name="InputObject"; value="@{Id=3036; Version=0; Qualifiers=32768; Level=3; Task=3; Opcode=0; Keywords=36028797018963968; RecordId=521; ProviderName=Microsoft-Windows-Search; ProviderId=ca4e628d-8567-4896-ab6b-835b221f373f; LogName=Application; ProcessId=0; ThreadId=0; MachineName=mica; UserId=; TimeCreated=06/10/2017 07:02:16; ActivityId=; RelatedActivityId=; ContainerLog=application; MatchedQueryIds=; Bookmark=System.Diagnostics.Eventing.Reader.EventBookmark; LevelDisplayName=Warning; OpcodeDisplayName=; TaskDisplayName=Gatherer; KeywordsDisplayNames=Classic; Properties=System.Diagnostics.Eventing.Reader.EventProperty System.Diagnostics.Eventing.Reader.EventProperty; Message=Crawl could not be completed on content source <ONEINDEX16://{S-1-5-21-3406102236-820951214-3755595023-1001}/>.

Context:  Application, SystemIndex Catalog

Details:
	(HRESULT : 0x80004005) (0x80004005)
}"
Id                   : 3036
Version              : 0
Qualifiers           : 32768
Level                : 3
Task                 : 3
Opcode               : 0
Keywords             : 36028797018963968
RecordId             : 521
ProviderName         : Microsoft-Windows-Search
ProviderId           : ca4e628d-8567-4896-ab6b-835b221f373f
LogName              : Application
ProcessId            : 0
ThreadId             : 0
MachineName          : mica
UserId               :
TimeCreated          : 06/10/2017 07:02:16
ActivityId           :
RelatedActivityId    :
ContainerLog         : application
MatchedQueryIds      :
Bookmark             : System.Diagnostics.Eventing.Reader.EventBookmark
LevelDisplayName     : Warning
OpcodeDisplayName    :
TaskDisplayName      : Gatherer
KeywordsDisplayNames : Classic
Properties           : System.Diagnostics.Eventing.Reader.EventProperty System.Diagnostics.Eventing.Reader.EventProperty
Message              : Crawl could not be completed on content source <ONEINDEX16://{S-1-5-21-3406102236-820951214-3755595023-1001}/>.

                       Context:  Application, SystemIndex Catalog

                       Details:
                       	(HRESULT : 0x80004005) (0x80004005)


>> ParameterBinding(Trace-SteroidsOutput): name="InputObject"; value="@{Id=8233; Version=0; Qualifiers=16384; Level=3; Task=0; Opcode=0; Keywords=36028797018963968; RecordId=520; ProviderName=Microsoft-Windows-Security-SPP; ProviderId=e23b33b0-c8c9-472c-a5f9-f2bdfea0f156; LogName=Application; ProcessId=0; ThreadId=0; MachineName=mica; UserId=; TimeCreated=06/10/2017 07:01:46; ActivityId=; RelatedActivityId=; ContainerLog=application; MatchedQueryIds=; Bookmark=System.Diagnostics.Eventing.Reader.EventBookmark; LevelDisplayName=Warning; OpcodeDisplayName=; TaskDisplayName=; KeywordsDisplayNames=Classic; Properties=System.Diagnostics.Eventing.Reader.EventProperty System.Diagnostics.Eventing.Reader.EventProperty System.Diagnostics.Eventing.Reader.EventProperty System.Diagnostics.Eventing.Reader.EventProperty; Message=The rules engine reported a failed VL activation attempt.
Reason:0x8007232B
AppId = 0ff1ce15-a989-479d-af46-f275c6370663, SkuId = aa2a7821-1827-4c2c-8f1d-4513a34dda97
Trigger=NetworkAvailable}"
Id                   : 8233
Version              : 0
Qualifiers           : 16384
Level                : 3
Task                 : 0
Opcode               : 0
Keywords             : 36028797018963968
RecordId             : 520
ProviderName         : Microsoft-Windows-Security-SPP
ProviderId           : e23b33b0-c8c9-472c-a5f9-f2bdfea0f156
LogName              : Application
ProcessId            : 0
ThreadId             : 0
MachineName          : mica
UserId               :
TimeCreated          : 06/10/2017 07:01:46
ActivityId           :
RelatedActivityId    :
ContainerLog         : application
MatchedQueryIds      :
Bookmark             : System.Diagnostics.Eventing.Reader.EventBookmark
LevelDisplayName     : Warning
OpcodeDisplayName    :
TaskDisplayName      :
KeywordsDisplayNames : Classic
Properties           : System.Diagnostics.Eventing.Reader.EventProperty System.Diagnostics.Eventing.Reader.EventProperty System.Diagnostics.Eventing.Reader.EventProperty
                       System.Diagnostics.Eventing.Reader.EventProperty
Message              : The rules engine reported a failed VL activation attempt.
                       Reason:0x8007232B
                       AppId = 0ff1ce15-a989-479d-af46-f275c6370663, SkuId = aa2a7821-1827-4c2c-8f1d-4513a34dda97
                       Trigger=NetworkAvailable

>> ParameterBinding(Trace-SteroidsOutput): name="InputObject"; value="@{Id=8233; Version=0; Qualifiers=16384; Level=3; Task=0; Opcode=0; Keywords=36028797018963968; RecordId=519; ProviderName=Microsoft-Windows-Security-SPP; ProviderId=e23b33b0-c8c9-472c-a5f9-f2bdfea0f156; LogName=Application; ProcessId=0; ThreadId=0; MachineName=mica; UserId=; TimeCreated=06/10/2017 07:01:35; ActivityId=; RelatedActivityId=; ContainerLog=application; MatchedQueryIds=; Bookmark=System.Diagnostics.Eventing.Reader.EventBookmark; LevelDisplayName=Warning; OpcodeDisplayName=; TaskDisplayName=; KeywordsDisplayNames=Classic; Properties=System.Diagnostics.Eventing.Reader.EventProperty System.Diagnostics.Eventing.Reader.EventProperty System.Diagnostics.Eventing.Reader.EventProperty System.Diagnostics.Eventing.Reader.EventProperty; Message=The rules engine reported a failed VL activation attempt.
Reason:0x8007232B
AppId = 0ff1ce15-a989-479d-af46-f275c6370663, SkuId = aa2a7821-1827-4c2c-8f1d-4513a34dda97
Trigger=NetworkAvailable}"
Id                   : 8233
Version              : 0
Qualifiers           : 16384
Level                : 3
Task                 : 0
Opcode               : 0
Keywords             : 36028797018963968
RecordId             : 519
ProviderName         : Microsoft-Windows-Security-SPP
ProviderId           : e23b33b0-c8c9-472c-a5f9-f2bdfea0f156
LogName              : Application
ProcessId            : 0
ThreadId             : 0
MachineName          : mica
UserId               :
TimeCreated          : 06/10/2017 07:01:35
ActivityId           :
RelatedActivityId    :
ContainerLog         : application
MatchedQueryIds      :
Bookmark             : System.Diagnostics.Eventing.Reader.EventBookmark
LevelDisplayName     : Warning
OpcodeDisplayName    :
TaskDisplayName      :
KeywordsDisplayNames : Classic
Properties           : System.Diagnostics.Eventing.Reader.EventProperty System.Diagnostics.Eventing.Reader.EventProperty System.Diagnostics.Eventing.Reader.EventProperty
                       System.Diagnostics.Eventing.Reader.EventProperty
Message              : The rules engine reported a failed VL activation attempt.
                       Reason:0x8007232B
                       AppId = 0ff1ce15-a989-479d-af46-f275c6370663, SkuId = aa2a7821-1827-4c2c-8f1d-4513a34dda97
                       Trigger=NetworkAvailable

>> ParameterBinding(Trace-SteroidsOutput): name="InputObject"; value="@{Id=257; Version=0; Qualifiers=0; Level=2; Task=0; Opcode=0; Keywords=-9187343239835811840; RecordId=511; ProviderName=Microsoft-Windows-CAPI2; ProviderId=5bbca4a8-b209-48dc-a8c7-b23d3e5216fb; LogName=Application; ProcessId=3756; ThreadId=13664; MachineName=mica; UserId=; TimeCreated=05/10/2017 21:25:10; ActivityId=; RelatedActivityId=; ContainerLog=application; MatchedQueryIds=; Bookmark=System.Diagnostics.Eventing.Reader.EventBookmark; LevelDisplayName=Error; OpcodeDisplayName=Info; TaskDisplayName=; KeywordsDisplayNames=Classic; Properties=System.Diagnostics.Eventing.Reader.EventProperty; Message=The Cryptographic Services service failed to initialize the Catalog Database. The ESENT error was: -1032.}"
Id                   : 257
Version              : 0
Qualifiers           : 0
Level                : 2
Task                 : 0
Opcode               : 0
Keywords             : -9187343239835811840
RecordId             : 511
ProviderName         : Microsoft-Windows-CAPI2
ProviderId           : 5bbca4a8-b209-48dc-a8c7-b23d3e5216fb
LogName              : Application
ProcessId            : 3756
ThreadId             : 13664
MachineName          : mica
UserId               :
TimeCreated          : 05/10/2017 21:25:10
ActivityId           :
RelatedActivityId    :
ContainerLog         : application
MatchedQueryIds      :
Bookmark             : System.Diagnostics.Eventing.Reader.EventBookmark
LevelDisplayName     : Error
OpcodeDisplayName    : Info
TaskDisplayName      :
KeywordsDisplayNames : Classic
Properties           : System.Diagnostics.Eventing.Reader.EventProperty
Message              : The Cryptographic Services service failed to initialize the Catalog Database. The ESENT error was: -1032.

>> ParameterBinding(Trace-SteroidsOutput): name="InputObject"; value="@{Id=490; Version=; Qualifiers=0; Level=2; Task=1; Opcode=; Keywords=36028797018963968; RecordId=509; ProviderName=ESENT; ProviderId=; LogName=Application; ProcessId=; ThreadId=; MachineName=mica; UserId=; TimeCreated=05/10/2017 21:25:10; ActivityId=; RelatedActivityId=; ContainerLog=application; MatchedQueryIds=; Bookmark=System.Diagnostics.Eventing.Reader.EventBookmark; LevelDisplayName=Error; OpcodeDisplayName=Info; TaskDisplayName=General; KeywordsDisplayNames=Classic; Properties=System.Diagnostics.Eventing.Reader.EventProperty System.Diagnostics.Eventing.Reader.EventProperty System.Diagnostics.Eventing.Reader.EventProperty System.Diagnostics.Eventing.Reader.EventProperty System.Diagnostics.Eventing.Reader.EventProperty System.Diagnostics.Eventing.Reader.EventProperty System.Diagnostics.Eventing.Reader.EventProperty; Message=Catalog Database (3756,D,50) Catalog Database: An attempt to open the file "C:\WINDOWS\system32\CatRoot2\{127D0A1D-4EF2-11D1-8608-00C04FC295EE}\catdb" for read / write access failed with system error 32 (0x00000020): "The process cannot access the file because it is being used by another process. ".  The open file operation will fail with error -1032 (0xfffffbf8).}"
Id                   : 490
Version              :
Qualifiers           : 0
Level                : 2
Task                 : 1
Opcode               :
Keywords             : 36028797018963968
RecordId             : 509
ProviderName         : ESENT
ProviderId           :
LogName              : Application
ProcessId            :
ThreadId             :
MachineName          : mica
UserId               :
TimeCreated          : 05/10/2017 21:25:10
ActivityId           :
RelatedActivityId    :
ContainerLog         : application
MatchedQueryIds      :
Bookmark             : System.Diagnostics.Eventing.Reader.EventBookmark
LevelDisplayName     : Error
OpcodeDisplayName    : Info
TaskDisplayName      : General
KeywordsDisplayNames : Classic
Properties           : System.Diagnostics.Eventing.Reader.EventProperty System.Diagnostics.Eventing.Reader.EventProperty System.Diagnostics.Eventing.Reader.EventProperty
                       System.Diagnostics.Eventing.Reader.EventProperty System.Diagnostics.Eventing.Reader.EventProperty System.Diagnostics.Eventing.Reader.EventProperty
                       System.Diagnostics.Eventing.Reader.EventProperty
Message              : Catalog Database (3756,D,50) Catalog Database: An attempt to open the file "C:\WINDOWS\system32\CatRoot2\{127D0A1D-4EF2-11D1-8608-00C04FC295EE}\catdb" for read /
                       write access failed with system error 32 (0x00000020): "The process cannot access the file because it is being used by another process. ".  The open file operation
                       will fail with error -1032 (0xfffffbf8).

>> ParameterBinding(Trace-SteroidsOutput): name="InputObject"; value="@{Id=257; Version=0; Qualifiers=0; Level=2; Task=0; Opcode=0; Keywords=-9187343239835811840; RecordId=508; ProviderName=Microsoft-Windows-CAPI2; ProviderId=5bbca4a8-b209-48dc-a8c7-b23d3e5216fb; LogName=Application; ProcessId=3756; ThreadId=13664; MachineName=mica; UserId=; TimeCreated=05/10/2017 21:25:00; ActivityId=; RelatedActivityId=; ContainerLog=application; MatchedQueryIds=; Bookmark=System.Diagnostics.Eventing.Reader.EventBookmark; LevelDisplayName=Error; OpcodeDisplayName=Info; TaskDisplayName=; KeywordsDisplayNames=Classic; Properties=System.Diagnostics.Eventing.Reader.EventProperty; Message=The Cryptographic Services service failed to initialize the Catalog Database. The ESENT error was: -1032.}"
Id                   : 257
Version              : 0
Qualifiers           : 0
Level                : 2
Task                 : 0
Opcode               : 0
Keywords             : -9187343239835811840
RecordId             : 508
ProviderName         : Microsoft-Windows-CAPI2
ProviderId           : 5bbca4a8-b209-48dc-a8c7-b23d3e5216fb
LogName              : Application
ProcessId            : 3756
ThreadId             : 13664
MachineName          : mica
UserId               :
TimeCreated          : 05/10/2017 21:25:00
ActivityId           :
RelatedActivityId    :
ContainerLog         : application
MatchedQueryIds      :
Bookmark             : System.Diagnostics.Eventing.Reader.EventBookmark
LevelDisplayName     : Error
OpcodeDisplayName    : Info
TaskDisplayName      :
KeywordsDisplayNames : Classic
Properties           : System.Diagnostics.Eventing.Reader.EventProperty
Message              : The Cryptographic Services service failed to initialize the Catalog Database. The ESENT error was: -1032.

>> ParameterBinding(Trace-SteroidsOutput): name="InputObject"; value="@{Id=490; Version=; Qualifiers=0; Level=2; Task=1; Opcode=; Keywords=36028797018963968; RecordId=506; ProviderName=ESENT; ProviderId=; LogName=Application; ProcessId=; ThreadId=; MachineName=mica; UserId=; TimeCreated=05/10/2017 21:25:00; ActivityId=; RelatedActivityId=; ContainerLog=application; MatchedQueryIds=; Bookmark=System.Diagnostics.Eventing.Reader.EventBookmark; LevelDisplayName=Error; OpcodeDisplayName=Info; TaskDisplayName=General; KeywordsDisplayNames=Classic; Properties=System.Diagnostics.Eventing.Reader.EventProperty System.Diagnostics.Eventing.Reader.EventProperty System.Diagnostics.Eventing.Reader.EventProperty System.Diagnostics.Eventing.Reader.EventProperty System.Diagnostics.Eventing.Reader.EventProperty System.Diagnostics.Eventing.Reader.EventProperty System.Diagnostics.Eventing.Reader.EventProperty; Message=Catalog Database (3756,D,50) Catalog Database: An attempt to open the file "C:\WINDOWS\system32\CatRoot2\{127D0A1D-4EF2-11D1-8608-00C04FC295EE}\catdb" for read / write access failed with system error 32 (0x00000020): "The process cannot access the file because it is being used by another process. ".  The open file operation will fail with error -1032 (0xfffffbf8).}"
Id                   : 490
Version              :
Qualifiers           : 0
Level                : 2
Task                 : 1
Opcode               :
Keywords             : 36028797018963968
RecordId             : 506
ProviderName         : ESENT
ProviderId           :
LogName              : Application
ProcessId            :
ThreadId             :
MachineName          : mica
UserId               :
TimeCreated          : 05/10/2017 21:25:00
ActivityId           :
RelatedActivityId    :
ContainerLog         : application
MatchedQueryIds      :
Bookmark             : System.Diagnostics.Eventing.Reader.EventBookmark
LevelDisplayName     : Error
OpcodeDisplayName    : Info
TaskDisplayName      : General
KeywordsDisplayNames : Classic
Properties           : System.Diagnostics.Eventing.Reader.EventProperty System.Diagnostics.Eventing.Reader.EventProperty System.Diagnostics.Eventing.Reader.EventProperty
                       System.Diagnostics.Eventing.Reader.EventProperty System.Diagnostics.Eventing.Reader.EventProperty System.Diagnostics.Eventing.Reader.EventProperty
                       System.Diagnostics.Eventing.Reader.EventProperty
Message              : Catalog Database (3756,D,50) Catalog Database: An attempt to open the file "C:\WINDOWS\system32\CatRoot2\{127D0A1D-4EF2-11D1-8608-00C04FC295EE}\catdb" for read /
                       write access failed with system error 32 (0x00000020): "The process cannot access the file because it is being used by another process. ".  The open file operation
                       will fail with error -1032 (0xfffffbf8).

>> ParameterBinding(Trace-SteroidsOutput): name="InputObject"; value="@{Id=8233; Version=0; Qualifiers=16384; Level=3; Task=0; Opcode=0; Keywords=36028797018963968; RecordId=493; ProviderName=Microsoft-Windows-Security-SPP; ProviderId=e23b33b0-c8c9-472c-a5f9-f2bdfea0f156; LogName=Application; ProcessId=0; ThreadId=0; MachineName=mica; UserId=; TimeCreated=05/10/2017 19:51:53; ActivityId=; RelatedActivityId=; ContainerLog=application; MatchedQueryIds=; Bookmark=System.Diagnostics.Eventing.Reader.EventBookmark; LevelDisplayName=Warning; OpcodeDisplayName=; TaskDisplayName=; KeywordsDisplayNames=Classic; Properties=System.Diagnostics.Eventing.Reader.EventProperty System.Diagnostics.Eventing.Reader.EventProperty System.Diagnostics.Eventing.Reader.EventProperty System.Diagnostics.Eventing.Reader.EventProperty; Message=The rules engine reported a failed VL activation attempt.
Reason:0x8007232B
AppId = 0ff1ce15-a989-479d-af46-f275c6370663, SkuId = aa2a7821-1827-4c2c-8f1d-4513a34dda97
Trigger=NetworkQuarantineRetry}"
Id                   : 8233
Version              : 0
Qualifiers           : 16384
Level                : 3
Task                 : 0
Opcode               : 0
Keywords             : 36028797018963968
RecordId             : 493
ProviderName         : Microsoft-Windows-Security-SPP
ProviderId           : e23b33b0-c8c9-472c-a5f9-f2bdfea0f156
LogName              : Application
ProcessId            : 0
ThreadId             : 0
MachineName          : mica
UserId               :
TimeCreated          : 05/10/2017 19:51:53
ActivityId           :
RelatedActivityId    :
ContainerLog         : application
MatchedQueryIds      :
Bookmark             : System.Diagnostics.Eventing.Reader.EventBookmark
LevelDisplayName     : Warning
OpcodeDisplayName    :
TaskDisplayName      :
KeywordsDisplayNames : Classic
Properties           : System.Diagnostics.Eventing.Reader.EventProperty System.Diagnostics.Eventing.Reader.EventProperty System.Diagnostics.Eventing.Reader.EventProperty
                       System.Diagnostics.Eventing.Reader.EventProperty
Message              : The rules engine reported a failed VL activation attempt.
                       Reason:0x8007232B
                       AppId = 0ff1ce15-a989-479d-af46-f275c6370663, SkuId = aa2a7821-1827-4c2c-8f1d-4513a34dda97
                       Trigger=NetworkQuarantineRetry

>> ParameterBinding(Trace-SteroidsOutput): name="InputObject"; value="@{Id=8233; Version=0; Qualifiers=16384; Level=3; Task=0; Opcode=0; Keywords=36028797018963968; RecordId=490; ProviderName=Microsoft-Windows-Security-SPP; ProviderId=e23b33b0-c8c9-472c-a5f9-f2bdfea0f156; LogName=Application; ProcessId=0; ThreadId=0; MachineName=mica; UserId=; TimeCreated=05/10/2017 19:46:53; ActivityId=; RelatedActivityId=; ContainerLog=application; MatchedQueryIds=; Bookmark=System.Diagnostics.Eventing.Reader.EventBookmark; LevelDisplayName=Warning; OpcodeDisplayName=; TaskDisplayName=; KeywordsDisplayNames=Classic; Properties=System.Diagnostics.Eventing.Reader.EventProperty System.Diagnostics.Eventing.Reader.EventProperty System.Diagnostics.Eventing.Reader.EventProperty System.Diagnostics.Eventing.Reader.EventProperty; Message=The rules engine reported a failed VL activation attempt.
Reason:0x8007232B
AppId = 0ff1ce15-a989-479d-af46-f275c6370663, SkuId = aa2a7821-1827-4c2c-8f1d-4513a34dda97
Trigger=NetworkAvailable}"
Id                   : 8233
Version              : 0
Qualifiers           : 16384
Level                : 3
Task                 : 0
Opcode               : 0
Keywords             : 36028797018963968
RecordId             : 490
ProviderName         : Microsoft-Windows-Security-SPP
ProviderId           : e23b33b0-c8c9-472c-a5f9-f2bdfea0f156
LogName              : Application
ProcessId            : 0
ThreadId             : 0
MachineName          : mica
UserId               :
TimeCreated          : 05/10/2017 19:46:53
ActivityId           :
RelatedActivityId    :
ContainerLog         : application
MatchedQueryIds      :
Bookmark             : System.Diagnostics.Eventing.Reader.EventBookmark
LevelDisplayName     : Warning
OpcodeDisplayName    :
TaskDisplayName      :
KeywordsDisplayNames : Classic
Properties           : System.Diagnostics.Eventing.Reader.EventProperty System.Diagnostics.Eventing.Reader.EventProperty System.Diagnostics.Eventing.Reader.EventProperty
                       System.Diagnostics.Eventing.Reader.EventProperty
Message              : The rules engine reported a failed VL activation attempt.
                       Reason:0x8007232B
                       AppId = 0ff1ce15-a989-479d-af46-f275c6370663, SkuId = aa2a7821-1827-4c2c-8f1d-4513a34dda97
                       Trigger=NetworkAvailable

>> ParameterBinding(Trace-SteroidsOutput): name="InputObject"; value="@{Id=8233; Version=0; Qualifiers=16384; Level=3; Task=0; Opcode=0; Keywords=36028797018963968; RecordId=489; ProviderName=Microsoft-Windows-Security-SPP; ProviderId=e23b33b0-c8c9-472c-a5f9-f2bdfea0f156; LogName=Application; ProcessId=0; ThreadId=0; MachineName=mica; UserId=; TimeCreated=05/10/2017 19:40:54; ActivityId=; RelatedActivityId=; ContainerLog=application; MatchedQueryIds=; Bookmark=System.Diagnostics.Eventing.Reader.EventBookmark; LevelDisplayName=Warning; OpcodeDisplayName=; TaskDisplayName=; KeywordsDisplayNames=Classic; Properties=System.Diagnostics.Eventing.Reader.EventProperty System.Diagnostics.Eventing.Reader.EventProperty System.Diagnostics.Eventing.Reader.EventProperty System.Diagnostics.Eventing.Reader.EventProperty; Message=The rules engine reported a failed VL activation attempt.
Reason:0x8007007B
AppId = 0ff1ce15-a989-479d-af46-f275c6370663, SkuId = aa2a7821-1827-4c2c-8f1d-4513a34dda97
Trigger=NetworkQuarantineRetry}"
Id                   : 8233
Version              : 0
Qualifiers           : 16384
Level                : 3
Task                 : 0
Opcode               : 0
Keywords             : 36028797018963968
RecordId             : 489
ProviderName         : Microsoft-Windows-Security-SPP
ProviderId           : e23b33b0-c8c9-472c-a5f9-f2bdfea0f156
LogName              : Application
ProcessId            : 0
ThreadId             : 0
MachineName          : mica
UserId               :
TimeCreated          : 05/10/2017 19:40:54
ActivityId           :
RelatedActivityId    :
ContainerLog         : application
MatchedQueryIds      :
Bookmark             : System.Diagnostics.Eventing.Reader.EventBookmark
LevelDisplayName     : Warning
OpcodeDisplayName    :
TaskDisplayName      :
KeywordsDisplayNames : Classic
Properties           : System.Diagnostics.Eventing.Reader.EventProperty System.Diagnostics.Eventing.Reader.EventProperty System.Diagnostics.Eventing.Reader.EventProperty
                       System.Diagnostics.Eventing.Reader.EventProperty
Message              : The rules engine reported a failed VL activation attempt.
                       Reason:0x8007007B
                       AppId = 0ff1ce15-a989-479d-af46-f275c6370663, SkuId = aa2a7821-1827-4c2c-8f1d-4513a34dda97
                       Trigger=NetworkQuarantineRetry

>> ParameterBinding(Trace-SteroidsOutput): name="InputObject"; value="@{Id=8233; Version=0; Qualifiers=16384; Level=3; Task=0; Opcode=0; Keywords=36028797018963968; RecordId=484; ProviderName=Microsoft-Windows-Security-SPP; ProviderId=e23b33b0-c8c9-472c-a5f9-f2bdfea0f156; LogName=Application; ProcessId=0; ThreadId=0; MachineName=mica; UserId=; TimeCreated=05/10/2017 19:35:54; ActivityId=; RelatedActivityId=; ContainerLog=application; MatchedQueryIds=; Bookmark=System.Diagnostics.Eventing.Reader.EventBookmark; LevelDisplayName=Warning; OpcodeDisplayName=; TaskDisplayName=; KeywordsDisplayNames=Classic; Properties=System.Diagnostics.Eventing.Reader.EventProperty System.Diagnostics.Eventing.Reader.EventProperty System.Diagnostics.Eventing.Reader.EventProperty System.Diagnostics.Eventing.Reader.EventProperty; Message=The rules engine reported a failed VL activation attempt.
Reason:0x8007232B
AppId = 0ff1ce15-a989-479d-af46-f275c6370663, SkuId = aa2a7821-1827-4c2c-8f1d-4513a34dda97
Trigger=NetworkAvailable}"
Id                   : 8233
Version              : 0
Qualifiers           : 16384
Level                : 3
Task                 : 0
Opcode               : 0
Keywords             : 36028797018963968
RecordId             : 484
ProviderName         : Microsoft-Windows-Security-SPP
ProviderId           : e23b33b0-c8c9-472c-a5f9-f2bdfea0f156
LogName              : Application
ProcessId            : 0
ThreadId             : 0
MachineName          : mica
UserId               :
TimeCreated          : 05/10/2017 19:35:54
ActivityId           :
RelatedActivityId    :
ContainerLog         : application
MatchedQueryIds      :
Bookmark             : System.Diagnostics.Eventing.Reader.EventBookmark
LevelDisplayName     : Warning
OpcodeDisplayName    :
TaskDisplayName      :
KeywordsDisplayNames : Classic
Properties           : System.Diagnostics.Eventing.Reader.EventProperty System.Diagnostics.Eventing.Reader.EventProperty System.Diagnostics.Eventing.Reader.EventProperty
                       System.Diagnostics.Eventing.Reader.EventProperty
Message              : The rules engine reported a failed VL activation attempt.
                       Reason:0x8007232B
                       AppId = 0ff1ce15-a989-479d-af46-f275c6370663, SkuId = aa2a7821-1827-4c2c-8f1d-4513a34dda97
                       Trigger=NetworkAvailable

>> ParameterBinding(Trace-SteroidsOutput): name="InputObject"; value="@{Id=8233; Version=0; Qualifiers=16384; Level=3; Task=0; Opcode=0; Keywords=36028797018963968; RecordId=475; ProviderName=Microsoft-Windows-Security-SPP; ProviderId=e23b33b0-c8c9-472c-a5f9-f2bdfea0f156; LogName=Application; ProcessId=0; ThreadId=0; MachineName=mica; UserId=; TimeCreated=05/10/2017 19:30:47; ActivityId=; RelatedActivityId=; ContainerLog=application; MatchedQueryIds=; Bookmark=System.Diagnostics.Eventing.Reader.EventBookmark; LevelDisplayName=Warning; OpcodeDisplayName=; TaskDisplayName=; KeywordsDisplayNames=Classic; Properties=System.Diagnostics.Eventing.Reader.EventProperty System.Diagnostics.Eventing.Reader.EventProperty System.Diagnostics.Eventing.Reader.EventProperty System.Diagnostics.Eventing.Reader.EventProperty; Message=The rules engine reported a failed VL activation attempt.
Reason:0x8007232B
AppId = 0ff1ce15-a989-479d-af46-f275c6370663, SkuId = aa2a7821-1827-4c2c-8f1d-4513a34dda97
Trigger=NetworkQuarantineRetry}"
Id                   : 8233
Version              : 0
Qualifiers           : 16384
Level                : 3
Task                 : 0
Opcode               : 0
Keywords             : 36028797018963968
RecordId             : 475
ProviderName         : Microsoft-Windows-Security-SPP
ProviderId           : e23b33b0-c8c9-472c-a5f9-f2bdfea0f156
LogName              : Application
ProcessId            : 0
ThreadId             : 0
MachineName          : mica
UserId               :
TimeCreated          : 05/10/2017 19:30:47
ActivityId           :
RelatedActivityId    :
ContainerLog         : application
MatchedQueryIds      :
Bookmark             : System.Diagnostics.Eventing.Reader.EventBookmark
LevelDisplayName     : Warning
OpcodeDisplayName    :
TaskDisplayName      :
KeywordsDisplayNames : Classic
Properties           : System.Diagnostics.Eventing.Reader.EventProperty System.Diagnostics.Eventing.Reader.EventProperty System.Diagnostics.Eventing.Reader.EventProperty
                       System.Diagnostics.Eventing.Reader.EventProperty
Message              : The rules engine reported a failed VL activation attempt.
                       Reason:0x8007232B
                       AppId = 0ff1ce15-a989-479d-af46-f275c6370663, SkuId = aa2a7821-1827-4c2c-8f1d-4513a34dda97
                       Trigger=NetworkQuarantineRetry

>> ParameterBinding(Trace-SteroidsOutput): name="InputObject"; value="@{Id=8233; Version=0; Qualifiers=16384; Level=3; Task=0; Opcode=0; Keywords=36028797018963968; RecordId=465; ProviderName=Microsoft-Windows-Security-SPP; ProviderId=e23b33b0-c8c9-472c-a5f9-f2bdfea0f156; LogName=Application; ProcessId=0; ThreadId=0; MachineName=mica; UserId=; TimeCreated=05/10/2017 19:25:47; ActivityId=; RelatedActivityId=; ContainerLog=application; MatchedQueryIds=; Bookmark=System.Diagnostics.Eventing.Reader.EventBookmark; LevelDisplayName=Warning; OpcodeDisplayName=; TaskDisplayName=; KeywordsDisplayNames=Classic; Properties=System.Diagnostics.Eventing.Reader.EventProperty System.Diagnostics.Eventing.Reader.EventProperty System.Diagnostics.Eventing.Reader.EventProperty System.Diagnostics.Eventing.Reader.EventProperty; Message=The rules engine reported a failed VL activation attempt.
Reason:0x8007232B
AppId = 0ff1ce15-a989-479d-af46-f275c6370663, SkuId = aa2a7821-1827-4c2c-8f1d-4513a34dda97
Trigger=NetworkAvailable}"
Id                   : 8233
Version              : 0
Qualifiers           : 16384
Level                : 3
Task                 : 0
Opcode               : 0
Keywords             : 36028797018963968
RecordId             : 465
ProviderName         : Microsoft-Windows-Security-SPP
ProviderId           : e23b33b0-c8c9-472c-a5f9-f2bdfea0f156
LogName              : Application
ProcessId            : 0
ThreadId             : 0
MachineName          : mica
UserId               :
TimeCreated          : 05/10/2017 19:25:47
ActivityId           :
RelatedActivityId    :
ContainerLog         : application
MatchedQueryIds      :
Bookmark             : System.Diagnostics.Eventing.Reader.EventBookmark
LevelDisplayName     : Warning
OpcodeDisplayName    :
TaskDisplayName      :
KeywordsDisplayNames : Classic
Properties           : System.Diagnostics.Eventing.Reader.EventProperty System.Diagnostics.Eventing.Reader.EventProperty System.Diagnostics.Eventing.Reader.EventProperty
                       System.Diagnostics.Eventing.Reader.EventProperty
Message              : The rules engine reported a failed VL activation attempt.
                       Reason:0x8007232B
                       AppId = 0ff1ce15-a989-479d-af46-f275c6370663, SkuId = aa2a7821-1827-4c2c-8f1d-4513a34dda97
                       Trigger=NetworkAvailable

>> ParameterBinding(Trace-SteroidsOutput): name="InputObject"; value="@{Id=8233; Version=0; Qualifiers=16384; Level=3; Task=0; Opcode=0; Keywords=36028797018963968; RecordId=463; ProviderName=Microsoft-Windows-Security-SPP; ProviderId=e23b33b0-c8c9-472c-a5f9-f2bdfea0f156; LogName=Application; ProcessId=0; ThreadId=0; MachineName=mica; UserId=; TimeCreated=05/10/2017 19:25:33; ActivityId=; RelatedActivityId=; ContainerLog=application; MatchedQueryIds=; Bookmark=System.Diagnostics.Eventing.Reader.EventBookmark; LevelDisplayName=Warning; OpcodeDisplayName=; TaskDisplayName=; KeywordsDisplayNames=Classic; Properties=System.Diagnostics.Eventing.Reader.EventProperty System.Diagnostics.Eventing.Reader.EventProperty System.Diagnostics.Eventing.Reader.EventProperty System.Diagnostics.Eventing.Reader.EventProperty; Message=The rules engine reported a failed VL activation attempt.
Reason:0x8007232B
AppId = 0ff1ce15-a989-479d-af46-f275c6370663, SkuId = aa2a7821-1827-4c2c-8f1d-4513a34dda97
Trigger=NetworkAvailable}"
Id                   : 8233
Version              : 0
Qualifiers           : 16384
Level                : 3
Task                 : 0
Opcode               : 0
Keywords             : 36028797018963968
RecordId             : 463
ProviderName         : Microsoft-Windows-Security-SPP
ProviderId           : e23b33b0-c8c9-472c-a5f9-f2bdfea0f156
LogName              : Application
ProcessId            : 0
ThreadId             : 0
MachineName          : mica
UserId               :
TimeCreated          : 05/10/2017 19:25:33
ActivityId           :
RelatedActivityId    :
ContainerLog         : application
MatchedQueryIds      :
Bookmark             : System.Diagnostics.Eventing.Reader.EventBookmark
LevelDisplayName     : Warning
OpcodeDisplayName    :
TaskDisplayName      :
KeywordsDisplayNames : Classic
Properties           : System.Diagnostics.Eventing.Reader.EventProperty System.Diagnostics.Eventing.Reader.EventProperty System.Diagnostics.Eventing.Reader.EventProperty
                       System.Diagnostics.Eventing.Reader.EventProperty
Message              : The rules engine reported a failed VL activation attempt.
                       Reason:0x8007232B
                       AppId = 0ff1ce15-a989-479d-af46-f275c6370663, SkuId = aa2a7821-1827-4c2c-8f1d-4513a34dda97
                       Trigger=NetworkAvailable

